5
25
22
53
88
90
100
25 0
25 18
25 21
25 75
25 32
25 51
0 22
0 24
0 99
4 75
5 75
6 75
7 75
8 75
9 75
10 75
11 75
12 75
13 75
13 24
14 75
15 75
15 38
16 75
16 48
17 75
18 75
19 75
19 77
20 75
21 75
75 22
75 23
75 24
75 26
75 27
75 28
75 29
75 30
75 31
75 32
75 33
75 34
75 35
75 36
75 37
75 38
75 39
75 40
75 41
75 42
75 43
75 44
75 45
75 46
75 47
75 48
75 49
75 50
75 52
75 53
75 54
75 55
75 56
75 57
75 58
75 59
75 60
75 61
75 62
75 63
75 64
75 65
75 66
75 67
75 68
75 69
75 70
75 71
75 72
75 73
75 74
75 76
75 77
75 78
75 79
75 80
75 81
75 82
75 83
75 84
75 85
75 86
75 87
75 91
75 95
75 99
47 51
51 55
95 99
