5
16
95
34
47
61
100
0 1
0 2
0 6
0 14
0 16
0 18
0 22
0 23
0 25
0 48
0 57
0 62
0 64
0 80
0 81
0 88
0 89
0 91
0 93
0 95
2 4
4 5
4 9
4 14
4 22
4 29
4 34
4 35
4 37
4 52
4 53
4 54
4 62
4 63
4 67
4 74
4 75
4 86
4 87
4 99
6 42
6 99
16 34
16 92
23 27
23 28
23 34
23 43
23 57
23 61
23 68
23 79
23 81
23 85
23 93
64 99
80 99
81 47
88 42
93 90
19 42
19 75
19 79
30 47
30 99
44 99
63 42
63 92
17 92
17 99
34 99
55 42
98 42
3 42
13 42
28 68
42 8
42 11
42 50
42 60
42 65
42 66
42 74
42 75
42 87
42 99
51 99
52 92
76 92
76 99
79 99
35 21
99 21
99 71
73 92
71 92
11 92
21 90
92 26
92 85
