5
31
5
10
30
37
276
0 29
0 31
0 36
0 51
0 53
0 55
0 57
0 62
0 70
0 71
0 72
0 74
0 76
0 85
0 88
0 97
0 99
0 1
0 5
0 18
0 19
0 20
0 34
0 49
0 50
0 54
0 58
0 60
0 66
0 75
0 81
0 87
0 90
29 30
29 92
31 1
31 8
31 17
31 26
31 27
31 5
31 11
31 14
31 20
31 32
31 37
31 51
31 52
31 55
31 57
31 63
31 66
31 68
31 69
31 72
31 77
31 78
31 79
31 81
31 84
31 98
31 43
31 45
31 48
31 56
31 61
31 64
31 74
31 75
31 80
31 91
31 92
36 30
36 37
51 30
51 10
51 53
51 92
51 99
53 10
55 5
55 10
55 99
57 37
57 99
62 3
62 10
62 37
62 92
70 5
70 10
70 30
70 99
71 10
71 37
71 92
71 99
74 92
74 94
74 99
76 37
76 10
85 10
85 30
88 10
88 30
92 8
92 19
92 22
92 45
92 50
92 52
92 54
92 56
92 68
92 79
92 82
92 89
92 11
92 65
92 67
92 80
92 90
92 94
97 5
97 10
97 37
99 6
99 22
99 23
99 24
99 38
99 48
99 56
99 60
99 63
99 66
99 69
99 75
99 90
99 93
99 95
99 28
99 30
99 47
99 58
99 61
99 82
99 98
1 5
5 21
5 22
5 26
5 30
5 34
5 39
5 43
5 44
5 46
5 58
5 79
5 82
5 83
5 93
5 19
5 20
5 27
5 50
5 67
5 68
5 75
5 78
5 89
5 94
5 96
5 98
8 10
11 37
13 30
22 10
22 37
60 37
60 10
61 30
61 67
68 10
68 37
77 30
82 37
93 10
93 37
93 30
93 48
2 10
2 37
3 10
3 30
3 37
10 9
10 15
10 26
10 30
10 32
10 54
10 59
10 73
10 86
10 87
10 89
10 16
10 23
10 24
10 39
10 46
10 75
10 81
20 17
20 86
20 37
25 30
25 90
38 37
38 54
38 67
41 30
41 98
46 30
48 30
66 30
66 37
69 79
75 27
75 30
81 37
89 37
9 30
18 30
30 7
30 17
30 4
30 12
30 32
30 33
30 37
30 47
30 58
30 64
30 78
30 87
30 34
30 43
30 52
30 59
30 73
30 91
54 37
59 37
63 37
91 37
96 37
4 37
43 37
45 98
79 37
87 37
21 37
34 37
17 37
50 37
28 37
24 37
86 37
19 37
47 37
78 37
49 37
