5
70
58
75
2
85
100
0 23
0 19
0 50
0 57
0 79
0 92
0 9
0 10
0 13
0 28
0 34
0 53
0 56
0 69
0 80
0 82
0 88
0 90
0 94
23 98
64 76
17 98
37 98
37 76
70 36
70 76
70 98
57 98
39 98
39 76
24 98
33 76
54 98
92 98
27 76
55 98
5 98
40 98
66 76
15 98
13 94
14 76
14 98
26 76
26 98
28 98
29 98
34 76
35 98
35 76
45 98
46 98
47 98
49 76
56 98
58 98
58 76
65 98
73 76
75 98
80 76
82 98
87 76
87 98
88 76
88 98
90 76
93 76
93 98
36 76
2 98
32 76
32 98
85 98
52 44
52 76
52 98
89 76
89 98
38 76
38 98
42 98
18 98
96 98
81 76
22 98
22 76
16 98
67 76
67 98
72 76
91 98
78 98
76 3
76 74
95 98
98 3
98 61
98 63
98 74
