5
6
17
26
72
87
582
0 2
0 3
0 4
0 5
0 6
0 7
0 8
0 10
0 13
0 15
0 16
0 17
0 18
0 20
0 21
0 22
0 23
0 24
0 25
0 26
0 28
0 29
0 31
0 33
0 35
0 36
0 37
0 38
0 39
0 40
0 42
0 43
0 45
0 46
0 47
0 49
0 50
0 51
0 52
0 54
0 55
0 56
0 58
0 59
0 60
0 62
0 64
0 65
0 66
0 67
0 68
0 69
0 71
0 72
0 73
0 74
0 77
0 78
0 80
0 81
0 82
0 83
0 85
0 86
0 87
0 89
0 90
0 92
0 94
0 95
0 97
0 98
0 99
1 6
1 17
1 26
1 72
1 87
2 6
2 17
2 26
2 72
2 87
3 6
3 17
3 26
3 62
3 72
3 87
3 99
4 6
4 17
4 26
4 72
4 87
5 6
5 17
5 26
5 72
5 81
5 87
5 98
5 99
6 7
6 8
6 9
6 10
6 11
6 12
6 13
6 14
6 15
6 16
6 17
6 18
6 19
6 20
6 21
6 22
6 23
6 24
6 25
6 26
6 27
6 28
6 29
6 30
6 31
6 32
6 33
6 34
6 35
6 36
6 37
6 38
6 39
6 40
6 41
6 42
6 43
6 44
6 45
6 46
6 47
6 48
6 49
6 50
6 51
6 52
6 53
6 54
6 55
6 56
6 57
6 58
6 59
6 60
6 61
6 62
6 63
6 64
6 65
6 66
6 67
6 68
6 69
6 70
6 71
6 72
6 73
6 74
6 75
6 76
6 77
6 78
6 79
6 80
6 81
6 82
6 83
6 84
6 85
6 86
6 87
6 88
6 89
6 90
6 91
6 92
6 93
6 94
6 95
6 96
6 97
6 98
6 99
7 17
7 26
7 72
7 87
7 99
8 17
8 26
8 72
8 87
9 17
9 26
9 72
9 87
9 99
10 17
10 26
10 72
10 87
11 17
11 26
11 72
11 87
12 17
12 26
12 72
12 87
13 17
13 26
13 72
13 87
14 17
14 26
14 72
14 87
14 99
15 17
15 26
15 72
15 87
16 17
16 26
16 72
16 87
16 99
17 18
17 19
17 20
17 21
17 22
17 23
17 24
17 25
17 26
17 27
17 28
17 29
17 30
17 31
17 32
17 33
17 34
17 35
17 36
17 37
17 38
17 39
17 40
17 41
17 42
17 43
17 44
17 45
17 46
17 47
17 48
17 49
17 50
17 51
17 52
17 53
17 54
17 55
17 56
17 57
17 58
17 59
17 60
17 61
17 62
17 63
17 64
17 65
17 66
17 67
17 68
17 69
17 70
17 71
17 72
17 73
17 74
17 75
17 76
17 77
17 78
17 79
17 80
17 81
17 82
17 83
17 84
17 85
17 86
17 87
17 88
17 89
17 90
17 91
17 92
17 93
17 94
17 95
17 96
17 97
17 98
17 99
18 26
18 72
18 87
19 26
19 72
19 87
20 26
20 72
20 87
21 26
21 72
21 87
22 26
22 72
22 87
23 26
23 72
23 87
24 26
24 72
24 87
25 26
25 72
25 87
26 27
26 28
26 29
26 30
26 31
26 32
26 33
26 34
26 35
26 36
26 37
26 38
26 39
26 40
26 41
26 42
26 43
26 44
26 45
26 46
26 47
26 48
26 49
26 50
26 51
26 52
26 53
26 54
26 55
26 56
26 57
26 58
26 59
26 60
26 61
26 62
26 63
26 64
26 65
26 66
26 67
26 68
26 69
26 70
26 71
26 72
26 73
26 74
26 75
26 76
26 77
26 78
26 79
26 80
26 81
26 82
26 83
26 84
26 85
26 86
26 87
26 88
26 89
26 90
26 91
26 92
26 93
26 94
26 95
26 96
26 97
26 98
26 99
27 72
27 87
28 72
28 87
29 72
29 87
30 72
30 87
31 72
31 87
32 72
32 87
33 58
33 72
33 87
34 72
34 87
35 72
35 87
35 99
36 72
36 87
37 72
37 87
38 72
38 87
39 56
39 72
39 87
40 72
40 87
41 72
41 87
42 72
42 87
42 99
43 72
43 87
44 64
44 72
44 80
44 87
44 99
45 72
45 87
46 72
46 87
47 72
47 87
48 72
48 87
49 72
49 87
49 99
50 72
50 87
51 72
51 87
52 72
52 87
53 72
53 87
54 72
54 87
55 72
55 87
55 92
56 72
56 87
57 72
57 87
58 72
58 87
59 72
59 87
59 99
60 72
60 87
61 72
61 87
62 72
62 87
63 72
63 87
64 72
64 87
65 72
65 87
66 72
66 87
66 99
67 72
67 87
68 72
68 87
68 99
69 72
69 87
70 72
70 87
70 99
71 72
71 87
72 73
72 74
72 75
72 76
72 77
72 78
72 79
72 80
72 81
72 82
72 83
72 84
72 85
72 86
72 87
72 88
72 89
72 90
72 91
72 92
72 93
72 94
72 95
72 96
72 97
72 98
72 99
73 87
74 87
75 87
76 87
76 99
77 87
77 99
78 87
79 87
79 99
80 87
81 87
81 99
82 87
83 87
84 87
85 87
86 87
87 88
87 89
87 90
87 91
87 92
87 93
87 94
87 95
87 96
87 97
87 98
87 99
92 99
94 99
96 99
