5
5
38
14
16
47
100
0 41
0 24
0 27
0 49
0 13
0 42
0 2
0 3
0 5
0 6
0 7
0 10
0 11
0 12
0 16
0 19
0 20
0 22
0 23
0 28
0 29
0 30
0 31
0 32
0 33
0 35
0 37
0 38
0 40
0 44
0 45
0 46
0 50
24 8
27 8
49 3
49 15
49 51
49 8
13 33
13 8
13 51
42 8
42 51
2 8
1 51
6 8
18 8
18 51
7 51
5 51
40 8
40 51
9 3
9 8
9 51
22 51
22 8
22 28
50 51
50 8
51 10
51 16
51 20
51 21
51 25
51 28
51 29
51 31
51 33
51 35
51 38
51 39
51 44
51 32
36 8
28 8
29 19
29 8
30 3
48 8
3 8
3 15
3 31
3 38
37 8
20 8
11 33
33 8
33 35
34 8
8 44
8 15
8 10
8 19
8 31
8 32
8 43
19 21
12 21
