2
98
75
199
0 1
0 3
0 8
0 12
0 17
0 23
0 27
0 28
0 32
0 36
0 37
0 38
0 39
0 41
0 42
0 44
0 49
0 50
0 51
0 52
0 55
0 59
0 61
0 63
0 64
0 66
0 71
0 73
0 76
0 77
0 78
0 79
0 80
0 81
0 82
0 86
0 87
0 90
0 91
0 92
0 95
0 96
0 99
1 98
3 98
3 99
8 75
8 98
8 99
12 70
17 70
17 75
17 98
27 70
27 75
27 98
28 98
32 75
36 75
37 75
38 70
38 98
39 75
39 98
41 70
41 75
42 70
42 75
42 98
44 70
44 98
50 75
51 70
52 98
55 75
61 70
61 75
61 98
63 70
63 75
66 98
70 4
70 5
70 6
70 10
70 14
70 15
70 16
70 18
70 19
70 21
70 22
70 35
70 43
70 45
70 48
70 53
70 54
70 57
70 60
70 62
70 68
70 71
70 72
70 73
70 81
70 86
70 87
70 88
70 90
70 92
70 96
71 99
76 75
76 98
77 98
81 75
82 75
82 98
86 75
87 21
87 99
90 75
90 98
92 98
95 98
96 98
99 6
99 9
99 16
99 22
99 26
99 47
99 48
99 57
99 75
99 89
4 75
5 75
6 75
7 98
15 75
18 75
18 98
20 98
30 75
31 75
33 75
33 98
34 75
35 75
35 98
40 75
40 98
43 98
45 75
45 98
46 75
46 98
48 75
56 75
56 98
60 75
67 98
69 75
69 98
84 75
84 98
97 75
98 2
98 10
98 13
98 16
98 19
98 22
98 26
98 47
98 53
98 57
98 68
98 85
98 93
2 75
11 54
11 75
13 75
16 75
21 75
75 10
75 22
75 29
75 47
75 57
75 65
75 68
75 85
75 88
75 93
75 94
