5
33
41
73
14
27
221
26 89
26 73
26 27
26 45
21 33
59 94
36 89
36 93
36 27
53 73
53 27
53 0
53 41
70 89
70 73
70 93
68 93
68 41
16 0
16 33
84 0
84 94
90 33
90 89
90 32
90 73
90 27
90 41
33 20
33 38
33 1
33 37
33 25
33 47
33 66
33 4
33 9
33 88
33 50
33 12
33 74
33 92
33 42
33 64
33 82
33 45
33 3
33 2
33 32
33 77
33 71
33 60
33 34
33 61
79 73
42 41
42 73
18 0
18 94
19 0
19 41
19 65
0 23
0 87
0 38
0 9
0 71
0 46
0 28
0 77
0 39
0 80
0 17
0 82
0 91
0 86
0 29
0 58
0 43
0 32
0 73
0 25
0 15
0 1
8 93
8 94
8 71
8 73
9 93
9 45
40 41
40 89
41 24
41 37
41 23
41 13
41 92
41 77
41 60
41 69
41 50
41 82
41 72
41 91
41 64
41 39
41 25
41 76
41 83
41 56
41 34
41 75
41 89
60 73
60 14
60 89
5 73
83 14
83 27
50 27
23 47
24 45
24 27
61 27
91 27
87 27
87 94
87 89
13 14
52 73
52 89
81 73
78 73
78 93
78 89
73 74
73 51
73 32
73 64
73 77
73 65
73 57
73 49
73 3
73 94
73 39
73 43
73 47
73 72
73 45
73 4
73 29
74 14
74 54
38 89
38 27
34 94
34 89
34 47
12 89
10 93
54 32
14 15
14 32
14 44
14 64
14 82
14 25
14 11
14 72
14 62
14 48
14 43
14 49
15 93
15 27
22 45
28 27
2 93
4 94
51 94
43 89
89 11
89 44
89 80
89 88
89 64
89 86
89 27
89 71
89 82
85 27
93 88
93 62
93 30
93 94
93 7
93 1
93 32
93 92
88 27
7 46
45 80
45 17
45 65
47 94
48 27
17 32
62 94
62 27
29 27
27 46
27 58
27 76
27 31
27 32
27 65
49 94
6 94
94 11
82 58
