2
20
41
100
0 1
0 2
0 3
0 4
0 5
0 6
0 7
0 9
0 10
0 11
0 12
0 13
0 14
0 15
0 16
0 17
0 19
0 20
0 21
0 22
0 23
0 25
0 27
0 29
0 30
0 31
0 32
0 33
0 34
0 35
0 36
0 38
0 39
0 40
0 42
0 43
0 44
0 45
0 46
0 48
0 49
0 51
0 52
0 53
0 54
0 55
0 56
0 58
0 59
0 62
0 63
0 64
0 65
0 66
0 68
0 69
0 70
0 72
0 73
0 74
0 75
0 76
0 77
0 78
1 8
5 24
5 80
7 74
7 80
10 24
12 24
15 33
15 80
20 80
21 24
23 80
24 26
24 31
24 51
24 52
24 58
24 60
24 65
24 66
24 68
24 71
24 80
29 80
30 80
32 44
34 80
44 80
51 80
58 80
59 80
68 80
69 80
8 80
18 80
26 80
