5
20
47
52
56
71
583
0 1
0 2
0 3
0 4
0 5
0 6
0 7
0 8
0 9
0 10
0 11
0 13
0 14
0 17
0 18
0 19
0 20
0 22
0 23
0 24
0 25
0 26
0 28
0 31
0 32
0 33
0 34
0 35
0 36
0 37
0 41
0 42
0 44
0 45
0 46
0 47
0 48
0 49
0 50
0 51
0 52
0 53
0 54
0 55
0 56
0 58
0 59
0 60
0 61
0 64
0 65
0 67
0 69
0 70
0 71
0 72
0 74
0 76
0 77
0 78
0 79
0 80
0 81
0 82
0 84
0 85
0 86
0 87
0 90
0 91
0 93
0 94
0 96
0 97
0 98
0 99
1 20
1 47
1 52
1 56
1 71
2 20
2 47
2 52
2 56
2 71
2 99
3 20
3 28
3 47
3 52
3 56
3 71
4 20
4 47
4 52
4 56
4 71
5 20
5 47
5 52
5 56
5 71
6 20
6 47
6 52
6 56
6 71
7 20
7 47
7 52
7 56
7 71
8 20
8 47
8 52
8 56
8 71
9 20
9 47
9 52
9 56
9 71
10 20
10 47
10 52
10 56
10 71
11 20
11 47
11 52
11 56
11 62
11 71
12 20
12 47
12 52
12 56
12 71
13 20
13 47
13 52
13 56
13 71
14 20
14 47
14 52
14 56
14 71
15 20
15 47
15 52
15 56
15 71
16 20
16 47
16 52
16 56
16 71
17 20
17 47
17 52
17 56
17 71
18 20
18 47
18 52
18 56
18 71
19 20
19 47
19 52
19 56
19 71
19 99
20 21
20 22
20 23
20 24
20 25
20 26
20 27
20 28
20 29
20 30
20 31
20 32
20 33
20 34
20 35
20 36
20 37
20 38
20 39
20 40
20 41
20 42
20 43
20 44
20 45
20 46
20 47
20 48
20 49
20 50
20 51
20 52
20 53
20 54
20 55
20 56
20 57
20 58
20 59
20 60
20 61
20 62
20 63
20 64
20 65
20 66
20 67
20 68
20 69
20 70
20 71
20 72
20 73
20 74
20 75
20 76
20 77
20 78
20 79
20 80
20 81
20 82
20 83
20 84
20 85
20 86
20 87
20 88
20 89
20 90
20 91
20 92
20 93
20 94
20 95
20 96
20 97
20 98
20 99
21 47
21 52
21 56
21 71
22 47
22 52
22 56
22 71
22 72
22 99
23 47
23 52
23 56
23 71
24 47
24 52
24 56
24 71
25 47
25 52
25 56
25 71
26 47
26 52
26 56
26 71
27 47
27 52
27 56
27 71
28 47
28 52
28 56
28 71
29 47
29 52
29 56
29 71
29 99
30 47
30 52
30 56
30 71
31 47
31 52
31 56
31 71
31 99
32 47
32 52
32 56
32 71
33 47
33 52
33 56
33 71
34 47
34 52
34 56
34 71
35 47
35 52
35 56
35 71
36 47
36 52
36 56
36 71
37 47
37 52
37 56
37 71
37 99
38 47
38 52
38 56
38 71
39 47
39 52
39 56
39 71
39 99
40 47
40 52
40 56
40 71
41 47
41 52
41 56
41 71
41 99
42 47
42 52
42 56
42 71
43 47
43 52
43 56
43 71
44 47
44 52
44 56
44 71
45 47
45 52
45 56
45 71
46 47
46 52
46 56
46 71
47 48
47 49
47 50
47 51
47 52
47 53
47 54
47 55
47 56
47 57
47 58
47 59
47 60
47 61
47 62
47 63
47 64
47 65
47 66
47 67
47 68
47 69
47 70
47 71
47 72
47 73
47 74
47 75
47 76
47 77
47 78
47 79
47 80
47 81
47 82
47 83
47 84
47 85
47 86
47 87
47 88
47 89
47 90
47 91
47 92
47 93
47 94
47 95
47 96
47 97
47 98
47 99
48 52
48 56
48 71
49 52
49 56
49 71
49 99
50 52
50 54
50 56
50 71
51 52
51 56
51 71
52 53
52 54
52 55
52 56
52 57
52 58
52 59
52 60
52 61
52 62
52 63
52 64
52 65
52 66
52 67
52 68
52 69
52 70
52 71
52 72
52 73
52 74
52 75
52 76
52 77
52 78
52 79
52 80
52 81
52 82
52 83
52 84
52 85
52 86
52 87
52 88
52 89
52 90
52 91
52 92
52 93
52 94
52 95
52 96
52 97
52 98
52 99
53 56
53 71
54 56
54 71
55 56
55 71
56 57
56 58
56 59
56 60
56 61
56 62
56 63
56 64
56 65
56 66
56 67
56 68
56 69
56 70
56 71
56 72
56 73
56 74
56 75
56 76
56 77
56 78
56 79
56 80
56 81
56 82
56 83
56 84
56 85
56 86
56 87
56 88
56 89
56 90
56 91
56 92
56 93
56 94
56 95
56 96
56 97
56 98
56 99
57 71
57 99
58 71
59 71
59 99
60 71
60 99
61 71
61 77
61 87
62 71
62 99
63 71
64 71
65 71
66 71
66 99
67 71
68 71
68 99
69 71
69 99
70 71
71 72
71 73
71 74
71 75
71 76
71 77
71 78
71 79
71 80
71 81
71 82
71 83
71 84
71 85
71 86
71 87
71 88
71 89
71 90
71 91
71 92
71 93
71 94
71 95
71 96
71 97
71 98
71 99
73 99
74 99
77 99
90 99
91 99
