5
3
11
35
87
95
547
0 1
0 3
0 4
0 5
0 6
0 8
0 9
0 10
0 11
0 12
0 13
0 14
0 15
0 16
0 17
0 19
0 20
0 21
0 22
0 23
0 25
0 26
0 27
0 28
0 29
0 30
0 31
0 32
0 33
0 34
0 35
0 36
0 37
0 38
0 39
0 40
0 41
0 42
0 43
0 44
0 45
0 46
0 47
0 48
0 49
0 50
0 51
0 53
0 54
0 55
0 56
0 57
0 58
0 59
0 60
0 61
0 62
0 63
0 64
0 65
0 66
0 67
0 68
0 69
0 70
0 71
0 72
0 73
0 74
0 75
0 77
0 78
0 79
0 80
0 81
0 82
0 83
0 84
0 85
0 86
0 87
0 88
0 89
0 90
0 91
0 92
0 93
0 94
0 95
0 96
0 97
0 98
1 3
1 11
1 35
1 87
1 95
3 2
3 4
3 5
3 6
3 7
3 8
3 9
3 10
3 11
3 13
3 14
3 15
3 16
3 17
3 18
3 19
3 20
3 21
3 22
3 23
3 24
3 25
3 26
3 27
3 28
3 29
3 30
3 31
3 32
3 33
3 34
3 36
3 37
3 39
3 41
3 42
3 43
3 45
3 46
3 47
3 48
3 49
3 50
3 51
3 52
3 53
3 54
3 55
3 56
3 57
3 58
3 59
3 60
3 61
3 62
3 63
3 64
3 65
3 66
3 67
3 68
3 69
3 70
3 71
3 72
3 73
3 74
3 75
3 76
3 77
3 78
3 79
3 80
3 81
3 82
3 83
3 84
3 85
3 86
3 87
3 88
3 89
3 90
3 91
3 92
3 93
3 94
3 95
3 96
3 97
3 98
3 99
4 11
4 35
4 87
4 95
5 11
5 35
5 87
5 95
6 11
6 35
6 87
6 95
8 11
8 35
8 87
8 95
9 11
9 35
9 87
9 95
10 11
10 35
10 87
10 95
11 2
11 7
11 12
11 13
11 14
11 15
11 16
11 17
11 18
11 19
11 20
11 21
11 22
11 23
11 24
11 25
11 26
11 27
11 28
11 29
11 30
11 31
11 34
11 35
11 36
11 37
11 38
11 39
11 40
11 41
11 42
11 43
11 44
11 45
11 46
11 47
11 48
11 49
11 50
11 51
11 52
11 53
11 54
11 55
11 56
11 57
11 58
11 60
11 61
11 62
11 63
11 64
11 65
11 67
11 68
11 69
11 70
11 71
11 73
11 74
11 75
11 76
11 77
11 78
11 79
11 80
11 81
11 82
11 83
11 84
11 86
11 87
11 88
11 89
11 90
11 91
11 92
11 93
11 94
11 95
11 96
11 98
11 99
12 35
12 87
12 95
13 35
13 87
13 95
14 35
14 87
14 95
15 35
15 95
16 35
16 87
16 95
17 87
17 95
18 35
18 38
18 52
18 87
18 95
19 35
19 87
19 95
20 35
20 95
21 35
21 87
21 95
22 35
22 87
22 95
23 35
23 87
23 95
23 99
25 35
25 95
26 35
26 87
26 95
27 87
27 95
28 87
28 95
29 35
29 87
29 95
30 35
30 87
30 95
31 35
31 87
31 95
32 35
32 87
32 95
33 35
33 87
33 95
34 35
34 87
35 2
35 7
35 24
35 36
35 37
35 38
35 39
35 40
35 41
35 42
35 43
35 44
35 46
35 47
35 48
35 49
35 50
35 51
35 52
35 53
35 54
35 55
35 56
35 57
35 58
35 59
35 60
35 61
35 62
35 63
35 64
35 65
35 66
35 67
35 68
35 69
35 71
35 72
35 73
35 74
35 75
35 76
35 77
35 78
35 79
35 80
35 81
35 82
35 84
35 86
35 87
35 88
35 89
35 90
35 91
35 92
35 93
35 94
35 95
35 96
35 97
35 98
35 99
36 95
37 87
37 95
38 87
38 95
39 87
39 95
40 87
40 95
41 87
41 95
41 99
42 87
42 95
43 87
43 95
44 87
44 95
45 87
45 95
46 87
46 95
47 87
48 87
48 95
49 87
49 95
50 87
51 87
51 95
53 87
53 95
54 87
54 95
55 76
55 87
55 95
56 87
56 95
57 87
58 87
58 95
59 87
59 95
60 87
60 95
61 87
61 95
62 87
62 95
63 87
63 95
64 87
64 95
65 87
65 95
66 87
66 95
67 87
67 95
68 87
69 87
69 95
70 87
70 95
71 87
71 95
72 87
72 95
73 87
74 87
74 95
75 87
75 95
77 87
77 95
78 87
78 95
79 87
79 95
80 87
80 95
81 87
81 95
82 87
82 95
83 95
84 87
84 95
85 87
85 95
86 87
86 95
87 2
87 7
87 24
87 52
87 76
87 88
87 89
87 90
87 91
87 92
87 93
87 94
87 95
87 96
87 97
87 98
87 99
89 95
90 95
91 95
92 95
93 95
94 95
95 2
95 7
95 24
95 52
95 76
95 96
95 97
95 98
95 99
97 99
