5
2
5
26
40
23
188
0 2
0 3
0 4
0 5
0 6
0 7
0 9
0 19
0 24
0 29
0 39
0 49
0 59
0 69
0 74
0 89
2 6
2 9
2 12
2 15
2 18
2 21
2 16
2 25
2 33
2 35
2 37
2 41
2 50
2 62
2 66
2 75
2 83
2 85
2 87
2 91
4 30
4 26
5 12
5 18
5 24
5 30
5 36
5 42
5 10
5 14
5 20
5 34
5 40
5 50
5 60
5 64
5 70
5 80
5 84
5 90
6 42
6 88
7 32
7 40
9 30
9 40
19 40
19 30
24 30
29 40
29 30
39 26
39 30
39 40
49 32
59 30
59 40
69 30
69 40
79 10
79 20
79 40
89 30
89 40
8 45
8 26
10 64
10 84
12 26
12 30
12 65
14 30
14 45
14 40
14 65
14 90
16 32
42 45
15 32
15 30
18 26
18 45
18 23
21 32
25 30
25 32
33 32
35 26
35 30
37 26
37 40
41 26
62 26
75 30
75 32
85 30
87 26
87 40
91 26
20 26
20 23
28 45
28 88
78 45
30 17
30 43
30 36
30 44
30 45
30 54
30 55
30 64
30 94
30 95
17 40
17 26
26 31
26 43
26 45
26 67
26 68
26 70
26 93
26 95
58 45
67 40
71 32
36 48
34 40
34 45
34 88
40 23
40 27
40 32
40 46
40 44
40 47
40 57
40 64
40 77
40 84
40 94
40 97
64 45
84 45
90 23
90 46
38 23
38 45
57 32
88 23
32 31
32 48
32 43
32 46
32 82
32 93
32 96
48 23
48 45
48 65
48 98
68 45
45 22
43 98
22 23
44 23
44 98
65 46
46 23
46 98
47 98
