0
100
0 1
0 2
0 3
0 4
0 6
0 7
0 8
0 10
0 11
0 12
0 13
0 14
0 16
0 17
0 18
0 19
0 20
0 21
0 22
0 23
0 24
0 25
0 26
0 27
0 28
0 29
0 31
0 32
0 33
0 34
0 35
0 36
0 37
0 38
0 40
0 41
0 43
0 44
0 45
0 46
0 48
0 49
0 50
0 51
0 52
0 53
0 54
0 55
0 56
0 57
0 58
0 59
0 60
0 61
0 62
0 63
0 64
0 65
0 66
0 67
0 68
0 69
0 70
0 71
0 72
0 73
0 74
0 75
0 76
0 77
0 78
0 79
0 80
0 81
0 83
0 85
0 86
0 87
0 89
0 91
0 92
0 93
15 93
18 93
21 93
23 93
27 93
28 80
31 93
36 82
39 93
50 93
51 93
52 93
68 93
73 93
78 93
80 93
82 93
85 93
