5
52
14
48
51
23
217
0 43
0 12
0 54
0 7
0 8
0 1
0 74
0 34
0 62
0 29
0 72
0 38
0 55
0 10
0 4
0 13
0 15
0 21
0 79
43 74
43 14
43 23
43 47
43 51
12 51
12 52
12 74
54 51
54 57
54 82
54 37
54 14
7 47
7 74
7 48
7 51
7 57
8 23
8 51
1 67
1 47
1 23
1 48
74 10
74 33
74 36
74 38
74 41
74 46
74 52
74 69
74 71
74 35
74 51
74 6
74 13
74 50
74 44
74 32
74 3
74 37
74 16
74 55
34 48
34 52
62 48
62 51
62 47
62 82
72 37
72 52
72 47
72 36
72 82
38 23
38 52
55 14
55 48
10 52
10 47
10 23
81 48
81 47
81 14
47 20
47 39
47 41
47 42
47 57
47 21
47 37
47 26
47 75
47 15
47 64
47 69
47 79
42 48
42 51
42 52
16 48
79 14
79 11
79 48
40 51
41 52
32 52
11 48
11 52
2 52
2 14
2 57
52 20
52 24
52 33
52 45
52 77
52 19
52 50
52 82
52 70
52 15
52 13
52 65
52 68
52 5
52 56
52 57
52 59
52 63
26 82
14 66
14 45
14 24
14 82
14 15
14 20
14 30
14 59
14 61
14 70
14 71
14 78
14 80
78 48
5 23
5 48
5 57
66 3
66 57
66 48
70 48
70 82
46 48
46 51
36 51
57 18
57 28
57 48
57 53
57 75
57 25
57 82
57 6
57 19
57 61
57 63
71 51
71 23
61 48
15 82
15 48
25 51
25 48
60 23
60 82
76 48
76 51
73 51
73 23
73 82
4 82
4 48
82 17
82 23
82 37
82 51
82 35
82 18
48 9
48 24
48 18
48 6
48 19
48 59
48 63
44 23
30 51
6 51
6 23
77 19
22 23
17 51
17 23
51 24
51 35
51 37
51 23
51 27
51 49
51 53
49 23
65 23
9 23
35 23
37 23
24 23
