5
86
68
63
79
61
465
0 43
0 95
0 86
0 87
0 40
0 17
0 68
0 65
0 22
0 15
0 60
0 84
0 94
0 36
0 20
0 58
0 82
0 77
0 66
0 49
0 38
0 23
0 78
0 98
0 76
0 45
0 57
0 89
0 6
0 50
0 16
0 37
0 31
0 54
0 96
0 25
0 42
0 18
0 19
0 32
0 48
0 4
0 93
0 34
0 92
0 44
0 52
0 28
0 62
0 9
0 10
0 24
0 26
0 30
0 35
0 39
0 47
0 53
0 56
0 59
0 63
0 64
0 71
0 73
0 74
0 80
0 97
0 99
43 86
43 61
43 79
43 68
43 63
95 6
95 61
95 68
95 79
95 63
95 86
5 87
5 31
5 52
5 36
5 68
5 42
5 28
5 61
5 25
5 69
5 44
5 7
5 18
5 23
5 63
5 65
5 86
86 99
86 4
86 7
86 12
86 17
86 18
86 20
86 21
86 22
86 24
86 26
86 30
86 33
86 35
86 40
86 42
86 44
86 45
86 46
86 49
86 50
86 53
86 54
86 56
86 59
86 60
86 61
86 62
86 63
86 65
86 67
86 68
86 69
86 72
86 73
86 75
86 76
86 77
86 78
86 82
86 47
86 8
86 2
86 84
86 91
86 1
86 37
86 74
86 80
86 16
86 31
86 71
86 87
86 11
86 34
86 29
86 58
86 66
86 38
86 51
86 92
86 89
86 85
86 32
86 81
86 19
86 90
87 61
87 79
87 63
40 79
40 68
17 99
17 13
17 61
17 63
17 68
17 79
68 99
68 1
68 4
68 6
68 8
68 10
68 11
68 12
68 14
68 15
68 19
68 20
68 21
68 24
68 25
68 26
68 27
68 30
68 32
68 34
68 35
68 37
68 38
68 41
68 44
68 47
68 54
68 55
68 60
68 61
68 62
68 65
68 67
68 45
68 90
68 63
68 3
68 94
68 79
68 72
68 91
68 9
68 98
68 96
68 77
68 75
68 83
68 64
68 89
68 85
68 18
68 48
68 74
68 73
68 81
68 2
68 33
68 23
68 69
68 70
68 78
68 80
68 84
68 92
65 63
22 66
22 63
22 61
15 61
15 63
60 79
60 61
84 99
84 61
84 63
94 99
94 79
94 61
36 79
20 79
20 61
20 63
58 63
58 79
82 63
82 79
77 63
77 61
66 99
66 4
66 63
66 61
66 79
49 79
49 61
49 63
38 99
38 63
38 79
23 61
23 63
23 79
78 61
78 79
98 99
98 63
98 79
98 61
76 63
76 79
45 61
45 63
45 79
57 61
57 63
89 61
89 63
89 79
6 99
6 63
50 63
50 61
16 63
16 79
37 63
37 79
37 61
31 63
31 79
54 63
54 61
54 79
96 61
96 79
25 79
25 61
25 63
42 61
42 63
42 79
18 63
18 61
18 79
19 61
19 63
19 79
32 63
32 61
32 79
48 79
48 61
48 63
4 61
4 79
4 63
93 61
93 79
34 79
34 61
34 63
92 61
92 63
92 79
44 61
44 63
52 61
52 79
28 63
28 61
28 79
62 61
62 63
62 79
9 63
9 79
10 99
10 61
10 63
24 63
24 79
26 61
26 79
26 63
30 63
30 61
30 79
35 61
35 63
39 79
39 61
47 79
47 61
53 63
53 79
53 61
56 61
56 63
59 79
59 63
63 99
63 1
63 29
63 27
63 2
63 83
63 88
63 3
63 13
63 75
63 55
63 21
63 8
63 69
63 7
63 61
63 51
63 14
63 41
63 72
63 70
63 71
63 91
63 73
63 33
63 46
63 11
64 79
64 61
71 99
71 61
73 79
73 74
74 79
74 61
80 79
80 61
97 79
97 61
99 11
99 55
99 75
99 79
99 90
2 61
8 79
8 61
11 79
11 61
12 61
13 79
13 61
14 79
14 61
21 79
21 61
41 79
55 79
55 61
67 61
69 79
69 61
75 61
75 79
79 1
79 29
79 27
79 83
79 88
79 3
79 7
79 46
79 51
79 72
79 91
79 85
79 70
79 81
83 61
85 61
88 61
91 61
29 61
7 61
1 61
3 61
46 61
61 27
61 33
61 51
61 70
61 81
