0
90
0 1
0 99
0 2
0 98
1 2
1 99
99 4
99 97
98 96
23 3
23 21
23 24
23 50
3 5
21 19
4 62
6 8
6 12
6 34
62 30
62 61
62 63
7 9
7 82
8 10
12 13
12 14
34 35
9 11
9 56
82 81
82 89
10 11
10 70
56 54
56 90
13 14
13 15
38 36
38 75
38 85
19 96
19 43
20 93
20 29
54 52
96 94
93 91
93 92
93 95
29 27
29 28
29 78
24 25
24 57
50 76
25 59
25 95
26 27
26 28
35 33
35 87
78 80
87 86
37 39
75 74
75 77
85 86
41 42
42 44
44 46
47 48
47 49
48 49
51 53
76 74
76 77
53 71
71 69
71 73
90 92
58 60
63 64
63 65
66 68
72 73
79 80
81 83
83 84
89 88
