5
79
29
64
57
81
100
0 4
0 5
0 6
0 7
0 9
0 13
0 14
0 19
0 26
0 31
0 39
0 41
0 45
0 46
0 48
0 50
0 56
0 60
0 63
0 68
0 70
0 73
0 79
0 80
0 84
0 85
0 87
0 97
4 99
5 12
7 99
9 73
9 99
13 12
14 74
14 99
22 12
26 49
31 99
39 12
41 28
43 12
45 99
50 12
54 29
59 99
60 99
63 12
68 12
70 99
80 99
84 61
85 10
87 12
87 99
92 99
97 99
1 12
11 12
11 99
12 21
12 24
12 25
12 32
12 36
12 38
12 40
12 42
12 51
12 53
12 61
12 66
12 67
12 71
12 75
12 76
12 83
12 86
12 89
12 90
30 99
37 99
38 99
42 99
49 99
55 99
64 99
67 99
75 99
77 99
86 99
88 99
44 99
74 99
93 99
94 99
10 99
78 99
35 99
99 32
