4
30
84
81
4
100
0 11
0 14
0 24
0 30
0 33
0 34
0 36
0 46
0 53
0 54
0 56
0 61
0 63
0 67
0 82
0 84
0 86
0 89
0 94
14 26
24 88
24 96
33 88
34 88
34 94
54 94
54 96
56 94
61 96
63 70
63 87
67 88
82 66
82 88
86 88
86 96
88 6
88 13
88 15
88 21
88 31
88 43
88 44
88 48
88 55
88 74
88 78
88 81
88 91
88 92
88 95
94 1
94 2
94 4
94 6
94 12
94 17
94 22
94 29
94 31
94 38
94 39
94 45
94 48
94 49
94 60
94 70
94 75
94 79
94 80
94 85
94 92
94 93
94 95
26 6
26 9
26 13
26 17
26 23
26 38
26 47
26 52
26 69
26 70
26 71
26 96
58 96
66 96
72 96
3 96
35 96
50 96
31 70
31 96
32 96
65 70
96 8
96 48
96 52
96 78
