5
1
12
16
65
69
580
0 1
0 3
0 4
0 5
0 6
0 7
0 8
0 9
0 12
0 13
0 14
0 15
0 16
0 17
0 19
0 20
0 23
0 25
0 27
0 28
0 29
0 30
0 33
0 34
0 35
0 39
0 40
0 42
0 43
0 44
0 45
0 46
0 47
0 48
0 49
0 50
0 52
0 54
0 58
0 60
0 62
0 63
0 64
0 65
0 66
0 67
0 68
0 69
0 70
0 71
0 72
0 73
0 74
0 75
0 77
0 82
0 83
0 84
0 85
0 86
0 87
0 88
0 90
0 91
0 93
0 95
0 99
1 2
1 3
1 4
1 5
1 6
1 7
1 8
1 9
1 10
1 11
1 12
1 13
1 14
1 15
1 16
1 17
1 18
1 19
1 20
1 21
1 22
1 23
1 24
1 25
1 26
1 27
1 28
1 29
1 30
1 31
1 32
1 33
1 34
1 35
1 36
1 37
1 38
1 39
1 40
1 41
1 42
1 43
1 44
1 45
1 46
1 47
1 48
1 49
1 50
1 51
1 52
1 53
1 54
1 55
1 56
1 57
1 58
1 59
1 60
1 61
1 62
1 63
1 64
1 65
1 66
1 67
1 68
1 69
1 70
1 71
1 72
1 73
1 74
1 75
1 76
1 77
1 78
1 79
1 80
1 81
1 82
1 83
1 84
1 85
1 86
1 87
1 88
1 89
1 90
1 91
1 92
1 93
1 94
1 95
1 96
1 97
1 98
1 99
2 12
2 16
2 65
2 69
3 12
3 16
3 65
3 69
4 12
4 16
4 65
4 69
5 12
5 16
5 65
5 69
6 12
6 16
6 65
6 69
7 12
7 16
7 65
7 69
8 12
8 16
8 65
8 69
9 12
9 16
9 65
9 69
10 12
10 16
10 65
10 69
10 99
11 12
11 16
11 65
11 69
12 13
12 14
12 15
12 16
12 17
12 18
12 19
12 20
12 21
12 22
12 23
12 24
12 25
12 26
12 27
12 28
12 29
12 30
12 31
12 32
12 33
12 34
12 35
12 36
12 37
12 38
12 39
12 40
12 41
12 42
12 43
12 44
12 45
12 46
12 47
12 48
12 49
12 50
12 51
12 52
12 53
12 54
12 55
12 56
12 57
12 58
12 59
12 60
12 61
12 62
12 63
12 64
12 65
12 66
12 67
12 68
12 69
12 70
12 71
12 72
12 73
12 74
12 75
12 76
12 77
12 78
12 79
12 80
12 81
12 82
12 83
12 84
12 85
12 86
12 87
12 88
12 89
12 90
12 91
12 92
12 93
12 94
12 95
12 96
12 97
12 98
12 99
13 16
13 65
13 69
14 16
14 65
14 69
15 16
15 65
15 69
16 17
16 18
16 19
16 20
16 21
16 22
16 23
16 24
16 25
16 26
16 27
16 28
16 29
16 30
16 31
16 32
16 33
16 34
16 35
16 36
16 37
16 38
16 39
16 40
16 41
16 42
16 43
16 44
16 45
16 46
16 47
16 48
16 49
16 50
16 51
16 52
16 53
16 54
16 55
16 56
16 57
16 58
16 59
16 60
16 61
16 62
16 63
16 64
16 65
16 66
16 67
16 68
16 69
16 70
16 71
16 72
16 73
16 74
16 75
16 76
16 77
16 78
16 79
16 80
16 81
16 82
16 83
16 84
16 85
16 86
16 87
16 88
16 89
16 90
16 91
16 92
16 93
16 94
16 95
16 96
16 97
16 98
16 99
17 65
17 69
18 65
18 69
19 65
19 69
20 65
20 69
21 65
21 69
22 65
22 69
23 65
23 69
23 99
24 65
24 69
25 65
25 69
26 65
26 69
27 65
27 69
27 99
28 65
28 69
29 65
29 69
29 99
30 65
30 69
31 65
31 69
32 65
32 69
33 65
33 69
33 99
34 65
34 69
34 99
35 65
35 69
36 65
36 69
37 65
37 69
38 65
38 69
39 55
39 65
39 69
39 99
40 65
40 69
40 99
41 65
41 69
42 65
42 69
42 99
43 65
43 69
43 99
44 65
44 69
45 65
45 69
45 99
46 65
46 69
46 99
47 65
47 69
48 65
48 69
49 65
49 69
49 99
50 65
50 69
51 65
51 69
52 65
52 69
52 99
53 65
53 69
54 65
54 69
55 65
55 69
55 99
56 65
56 69
57 65
57 69
57 99
58 65
58 69
58 99
59 65
59 69
60 65
60 69
60 71
60 99
61 65
61 69
61 99
62 65
62 69
62 86
63 65
63 69
63 99
64 65
64 69
65 66
65 67
65 68
65 69
65 70
65 71
65 72
65 73
65 74
65 75
65 76
65 77
65 78
65 79
65 80
65 81
65 82
65 83
65 84
65 85
65 86
65 87
65 88
65 89
65 90
65 91
65 92
65 93
65 94
65 95
65 96
65 97
65 98
65 99
66 69
66 99
67 69
68 69
69 70
69 71
69 72
69 73
69 74
69 75
69 76
69 77
69 78
69 79
69 80
69 81
69 82
69 83
69 84
69 85
69 86
69 87
69 88
69 89
69 90
69 91
69 92
69 93
69 94
69 95
69 96
69 97
69 98
69 99
75 99
78 99
79 99
82 99
85 99
86 99
87 99
88 99
95 99
