5
61
88
48
58
80
204
0 4
0 6
0 7
0 18
0 21
0 22
0 24
0 37
0 40
0 43
0 50
0 60
0 61
0 63
0 66
0 71
0 75
0 78
0 79
0 86
0 88
4 88
6 13
6 80
6 88
7 58
7 73
13 9
13 10
13 12
13 15
13 27
13 34
13 42
13 44
13 53
13 55
13 58
13 65
13 67
13 75
13 82
13 85
13 87
13 88
18 48
18 61
22 14
22 88
37 48
40 14
40 48
40 58
40 88
40 89
43 14
43 44
43 48
43 61
43 89
50 39
50 61
50 73
50 80
60 58
60 73
60 80
60 86
61 5
61 8
61 9
61 11
61 12
61 15
61 27
61 28
61 31
61 32
61 34
61 35
61 38
61 45
61 51
61 71
61 72
61 76
61 79
61 88
63 58
63 80
66 14
66 73
66 88
71 14
71 89
75 48
75 58
75 80
75 88
79 80
86 48
86 64
86 88
86 89
88 1
88 10
88 11
88 17
88 26
88 32
88 33
88 42
88 47
88 54
88 59
88 69
88 73
88 76
88 82
1 48
1 89
10 48
10 73
28 89
29 80
42 14
48 23
48 31
48 33
48 35
48 49
48 52
48 53
48 57
48 68
48 70
48 72
48 81
59 89
70 33
70 58
70 89
72 58
72 73
82 58
87 89
89 16
89 19
89 27
89 32
89 35
89 44
89 54
89 62
89 64
89 81
2 58
11 73
23 73
23 80
32 73
36 14
44 39
58 3
58 15
58 27
58 33
58 35
58 39
58 62
58 65
58 67
58 68
58 73
58 77
58 80
58 83
67 14
69 14
31 14
31 80
39 73
47 14
56 73
62 14
77 25
27 14
27 80
30 80
35 14
35 80
68 73
68 80
83 14
83 73
41 80
54 73
54 80
76 14
80 49
80 73
80 81
45 73
65 14
