0
90
0 62
0 84
0 4
0 41
62 72
84 18
1 49
61 11
61 79
61 64
23 20
23 5
23 59
2 73
2 9
2 13
2 47
73 5
73 71
73 49
73 79
69 24
69 53
69 30
69 45
55 13
55 50
55 86
4 88
88 46
88 64
5 27
5 29
27 15
27 21
27 37
27 32
6 11
6 74
36 25
11 44
7 45
7 19
45 34
19 83
8 83
8 60
83 76
57 52
57 51
57 87
57 85
9 41
33 85
33 30
10 63
10 20
46 31
46 16
46 54
63 42
12 53
12 89
89 71
13 42
14 58
40 41
58 67
68 80
17 60
20 43
18 60
18 28
82 64
22 78
78 54
78 59
78 32
65 32
25 72
72 35
26 49
26 70
66 75
66 70
32 71
32 77
35 38
38 87
47 64
