5
1
4
17
29
41
100
0 2
0 5
0 11
0 15
0 18
0 21
0 32
0 38
0 45
0 46
0 48
0 51
0 52
0 55
0 57
0 58
0 60
0 61
0 62
0 63
0 64
0 67
0 68
0 71
0 72
0 76
0 83
0 87
0 91
0 93
0 99
2 99
4 61
4 99
5 99
6 99
8 99
9 99
12 99
13 99
14 99
15 99
16 29
16 99
17 99
18 30
20 99
21 99
22 99
23 99
26 99
27 99
29 98
29 99
30 99
32 99
33 99
34 99
36 99
37 99
38 99
39 99
40 99
42 99
43 99
45 99
47 99
49 99
51 68
51 89
51 99
54 99
55 99
56 99
58 99
59 99
60 99
61 99
64 99
68 99
69 99
71 99
72 83
72 99
75 99
76 99
78 99
80 99
82 99
83 99
84 99
86 99
87 99
90 99
91 99
92 99
93 99
95 99
96 99
97 99
