5
50
67
69
73
74
100
0 1
1 2
1 4
1 5
1 7
2 3
3 5
4 5
4 6
5 8
11 12
11 13
11 14
12 13
16 21
18 19
20 25
22 23
23 29
25 26
30 33
30 35
30 36
32 33
33 34
33 35
34 35
35 36
35 37
35 38
35 41
36 37
36 38
36 39
36 40
37 38
37 39
37 41
38 39
38 40
39 40
39 41
39 42
40 41
40 42
41 42
41 43
41 44
41 45
42 43
43 45
43 46
44 45
44 46
46 47
47 48
58 62
59 62
59 63
61 62
66 71
66 72
68 69
71 74
72 75
74 77
75 77
77 82
80 82
80 83
80 84
81 82
81 83
81 84
81 85
82 83
83 85
83 86
84 85
84 86
85 86
85 87
86 87
86 88
87 90
87 92
89 90
90 91
90 92
90 93
90 96
91 92
92 93
92 94
93 94
93 95
93 96
94 95
94 96
95 96
