2
27
54
279
0 1
0 2
0 3
0 4
0 5
0 6
0 7
0 8
0 9
0 10
0 11
0 12
0 13
0 14
0 15
0 16
0 17
0 18
0 19
0 20
0 21
0 22
0 23
0 24
0 25
0 26
0 27
0 28
0 29
0 30
0 31
0 32
0 33
0 34
0 35
0 36
0 37
0 38
0 39
0 41
0 42
0 43
0 44
0 45
0 46
0 47
0 48
0 49
0 50
0 51
0 52
0 53
0 54
0 55
0 56
0 57
0 58
0 59
0 60
0 61
0 62
0 63
0 64
0 65
0 66
0 67
0 68
0 69
0 70
0 71
0 72
0 73
0 74
0 75
0 76
0 77
0 78
0 79
0 80
0 81
0 82
0 83
0 84
0 85
0 86
0 87
0 88
0 89
0 90
0 91
1 27
1 54
2 27
2 34
2 54
3 27
3 54
4 27
4 54
5 27
5 54
6 27
6 54
7 27
7 54
8 27
8 54
9 13
9 27
9 54
10 27
10 54
11 27
11 54
12 27
12 54
13 27
13 54
13 91
14 27
14 54
15 27
15 54
16 27
16 54
17 27
17 54
18 27
18 54
19 27
19 54
20 27
20 54
21 27
21 54
22 27
22 54
23 27
23 54
24 27
24 54
25 27
25 54
26 27
26 54
27 28
27 29
27 30
27 31
27 32
27 33
27 34
27 35
27 36
27 37
27 38
27 39
27 40
27 41
27 42
27 43
27 44
27 45
27 46
27 47
27 48
27 49
27 50
27 51
27 52
27 53
27 54
27 55
27 56
27 57
27 58
27 59
27 60
27 61
27 62
27 63
27 64
27 65
27 66
27 67
27 68
27 69
27 70
27 71
27 72
27 73
27 74
27 75
27 76
27 77
27 78
27 79
27 80
27 81
27 82
27 83
27 84
27 85
27 86
27 87
27 88
27 89
27 90
27 91
28 54
29 54
29 91
30 54
31 54
32 54
33 54
34 54
34 91
35 54
36 54
37 54
38 54
39 54
40 54
41 54
42 54
42 91
43 54
44 54
45 54
46 54
46 91
47 54
48 54
49 54
50 54
51 54
52 54
53 54
54 55
54 56
54 57
54 58
54 59
54 60
54 61
54 62
54 63
54 64
54 65
54 66
54 67
54 68
54 69
54 70
54 71
54 72
54 73
54 74
54 75
54 76
54 77
54 78
54 79
54 80
54 81
54 82
54 83
54 84
54 85
54 86
54 87
54 88
54 89
54 90
54 91
65 81
74 91
82 91
