5
51
96
15
45
8
100
0 9
0 28
0 65
9 53
9 68
9 43
9 64
9 78
28 32
28 21
18 2
18 93
18 95
18 32
18 20
65 1
65 39
53 33
53 69
53 19
53 10
53 81
68 87
68 22
68 75
43 82
12 14
12 32
12 40
12 21
12 52
14 11
14 20
14 58
64 55
64 26
78 82
38 41
38 63
38 71
38 60
21 11
93 39
93 95
95 63
95 66
95 30
95 88
20 27
20 47
20 26
20 75
52 76
52 98
52 60
52 42
52 71
1 23
1 4
1 90
1 15
39 82
39 98
39 99
39 29
39 60
23 10
90 83
10 74
10 56
10 25
10 57
10 86
55 11
55 31
92 83
35 99
58 11
58 24
58 86
83 24
83 57
88 82
7 26
19 99
33 99
76 54
62 99
98 11
26 82
26 80
13 54
71 42
54 11
54 84
37 82
46 82
16 82
8 11
84 82
