1
11
100
0 58
42 94
42 19
42 54
58 25
58 64
58 69
58 71
1 54
1 6
1 45
74 26
74 41
54 96
2 68
2 50
68 38
68 30
31 84
31 20
46 34
46 23
46 85
4 89
4 39
4 70
89 12
89 81
89 53
39 61
5 93
93 27
25 27
12 24
12 57
7 69
69 20
69 26
69 48
79 52
79 13
79 86
8 49
49 19
49 20
49 66
49 10
49 63
97 96
97 76
88 77
88 45
44 73
10 27
10 73
10 99
59 99
27 48
11 91
11 18
11 47
11 64
18 16
18 29
18 41
18 67
13 40
13 33
48 65
40 30
40 33
71 52
35 28
35 78
35 37
15 98
45 28
84 28
84 37
84 75
92 17
17 52
17 30
29 99
21 80
22 64
22 99
64 26
37 94
23 43
23 65
23 95
24 87
99 57
30 75
32 38
34 61
78 90
85 53
50 60
