5
88
72
78
85
70
302
0 49
50 71
50 86
50 82
50 88
50 72
50 73
50 64
50 76
50 65
50 81
50 61
50 58
50 97
50 91
50 63
50 98
50 79
50 62
50 67
50 78
50 95
50 68
50 84
50 60
50 75
50 94
50 80
50 56
50 85
50 53
50 74
50 93
50 69
50 99
50 51
50 59
50 66
50 83
50 92
71 70
71 72
71 78
71 85
71 88
86 70
86 72
86 78
86 85
86 90
86 99
86 88
82 72
82 78
82 85
82 70
82 88
82 99
82 90
88 51
88 58
88 59
88 60
88 61
88 62
88 63
88 64
88 65
88 66
88 68
88 69
88 70
88 75
88 76
88 77
88 78
88 79
88 80
88 81
88 83
88 85
88 98
88 89
88 57
88 99
88 55
88 96
88 67
88 87
88 73
88 54
88 92
88 88
88 53
88 95
88 90
88 93
88 97
72 51
72 56
72 58
72 59
72 60
72 61
72 66
72 67
72 68
72 69
72 89
72 79
72 65
72 92
72 70
72 55
72 99
72 64
72 74
72 85
72 87
72 78
72 52
72 53
72 63
72 95
72 81
72 84
72 90
72 73
72 94
72 83
72 76
72 77
72 80
72 93
72 96
72 98
73 70
73 78
73 90
73 85
64 78
64 70
64 85
76 99
76 70
76 78
76 85
65 70
65 78
65 85
65 90
65 99
81 70
81 78
81 90
81 85
81 99
61 85
61 78
61 70
61 90
90 51
90 54
90 55
90 56
90 59
90 68
90 69
90 70
90 74
90 78
90 79
90 80
90 83
90 85
90 87
90 89
90 99
90 98
90 57
90 93
90 84
90 60
90 63
90 94
90 58
90 96
90 95
90 77
90 97
58 78
58 85
58 70
97 78
97 85
91 67
91 70
91 78
91 85
63 78
63 85
98 70
98 78
98 85
79 78
79 85
79 70
62 70
62 78
62 85
67 68
67 85
67 80
67 60
67 77
67 70
67 78
67 99
78 51
78 53
78 56
78 66
78 68
78 69
78 70
78 74
78 77
78 60
78 99
78 96
78 84
78 83
78 55
78 80
78 89
78 75
78 78
78 92
78 94
78 57
78 59
78 87
78 52
78 95
78 54
78 93
78 85
95 83
95 85
95 70
68 85
84 70
84 85
60 70
60 85
75 70
75 85
94 70
94 85
80 70
80 85
56 99
56 85
85 51
85 59
85 69
85 77
85 83
85 55
85 74
85 66
85 89
85 57
85 92
85 53
85 85
85 87
85 96
85 70
85 54
85 93
85 99
53 70
74 70
74 99
93 70
69 70
99 54
99 70
99 83
99 55
99 77
99 57
99 89
51 70
52 70
77 70
59 70
55 70
83 70
92 70
70 89
