5
1
3
61
92
20
542
0 1
0 2
0 3
0 4
0 5
0 6
0 8
0 9
0 10
0 11
0 12
0 13
0 14
0 15
0 16
0 17
0 18
0 21
0 22
0 23
0 24
0 25
0 26
0 28
0 29
0 31
0 32
0 33
0 34
0 36
0 38
0 39
0 40
0 41
0 42
0 43
0 44
0 45
0 46
0 47
0 48
0 49
0 50
0 51
0 52
0 53
0 54
0 55
0 56
0 57
0 58
0 59
0 60
0 61
0 62
0 64
0 65
0 66
0 67
0 68
0 69
0 71
0 72
0 73
0 74
0 75
0 76
0 77
0 78
0 79
0 80
0 82
0 83
0 85
0 86
0 87
0 88
0 89
0 90
0 91
0 92
0 93
0 94
0 95
1 2
1 3
1 4
1 5
1 6
1 7
1 8
1 9
1 10
1 11
1 12
1 13
1 14
1 15
1 16
1 17
1 18
1 19
1 20
1 21
1 22
1 23
1 24
1 25
1 26
1 27
1 28
1 29
1 31
1 32
1 33
1 34
1 35
1 36
1 37
1 38
1 39
1 40
1 41
1 42
1 43
1 44
1 45
1 46
1 47
1 48
1 49
1 50
1 51
1 52
1 53
1 54
1 55
1 56
1 57
1 58
1 59
1 60
1 61
1 62
1 63
1 64
1 65
1 67
1 68
1 69
1 70
1 71
1 72
1 73
1 74
1 75
1 76
1 77
1 78
1 79
1 80
1 81
1 82
1 83
1 84
1 85
1 86
1 87
1 88
1 89
1 90
1 91
1 92
1 93
1 94
1 95
2 3
2 20
2 61
2 92
3 4
3 5
3 7
3 8
3 9
3 10
3 11
3 12
3 13
3 14
3 15
3 16
3 17
3 18
3 19
3 20
3 21
3 22
3 23
3 24
3 25
3 26
3 27
3 28
3 29
3 30
3 31
3 32
3 33
3 34
3 35
3 36
3 37
3 38
3 39
3 40
3 41
3 42
3 43
3 44
3 45
3 46
3 47
3 48
3 49
3 50
3 51
3 52
3 53
3 54
3 55
3 56
3 57
3 58
3 59
3 60
3 61
3 62
3 63
3 64
3 66
3 67
3 68
3 69
3 70
3 71
3 72
3 73
3 74
3 75
3 76
3 77
3 78
3 79
3 80
3 81
3 82
3 84
3 86
3 87
3 88
3 89
3 90
3 91
3 92
3 93
3 94
3 95
4 20
4 61
4 92
5 20
5 61
5 92
6 20
6 61
6 92
7 20
7 61
7 92
8 20
8 61
8 92
9 20
9 61
9 92
10 20
10 61
10 92
11 20
11 61
11 92
12 20
12 61
12 92
13 20
13 61
13 92
14 61
14 92
15 20
15 61
15 92
16 20
16 61
16 92
16 95
17 20
17 61
17 92
18 61
18 92
21 20
21 61
21 92
22 20
22 61
22 92
23 20
23 61
23 92
24 20
24 61
24 92
25 20
25 61
25 92
26 20
26 61
26 92
28 20
28 61
28 92
29 20
29 61
29 92
30 20
30 45
30 61
30 92
30 95
31 20
31 61
31 92
31 95
32 20
32 92
33 20
33 61
33 92
34 20
34 57
34 61
34 92
35 20
35 61
35 92
36 20
36 61
36 92
36 95
38 20
38 61
38 92
39 20
39 61
39 84
39 92
40 20
40 92
41 61
41 92
42 20
42 61
42 92
43 20
43 61
43 92
44 20
44 61
44 92
44 95
45 20
45 61
45 92
46 20
46 61
46 92
47 20
47 92
48 20
48 61
48 92
49 20
49 61
49 92
49 95
50 20
50 61
50 92
51 20
51 61
51 92
52 20
52 61
52 92
53 20
53 61
53 92
54 20
54 61
54 92
55 20
55 61
55 92
56 20
56 61
56 92
57 20
57 61
57 92
58 20
58 61
58 92
59 20
59 61
59 92
59 95
60 20
60 61
60 78
60 92
61 20
61 27
61 37
61 62
61 63
61 65
61 66
61 67
61 68
61 69
61 71
61 72
61 73
61 74
61 75
61 76
61 77
61 78
61 79
61 80
61 81
61 82
61 84
61 85
61 86
61 88
61 89
61 90
61 91
61 92
61 93
61 94
61 95
62 20
62 92
64 20
64 92
65 20
65 92
66 20
66 92
67 20
67 92
68 20
68 92
69 20
69 92
71 20
71 92
71 95
72 20
72 92
73 20
73 92
73 95
74 20
74 92
74 95
75 20
75 92
76 20
76 92
76 95
77 20
77 92
78 20
79 20
79 92
80 20
80 92
82 20
82 92
82 95
83 20
83 92
83 95
84 20
84 92
84 95
85 20
85 92
86 92
87 20
87 92
88 20
88 92
89 20
89 92
90 20
90 92
91 20
91 92
92 19
92 20
92 27
92 37
92 63
92 70
92 81
92 93
92 94
92 95
93 20
94 20
95 20
19 20
20 37
20 63
20 70
20 81
