5
5
59
12
35
81
100
0 63
0 30
0 44
0 2
0 26
0 47
0 56
0 67
63 48
30 33
44 36
44 48
44 46
44 66
1 29
1 80
1 37
1 53
1 66
1 71
1 54
1 79
1 51
1 8
29 46
29 45
66 48
54 33
54 94
99 33
99 78
99 13
99 94
99 65
99 39
99 23
99 20
99 5
2 64
38 49
38 33
38 45
38 68
43 48
74 45
74 96
40 33
22 45
13 45
93 33
93 45
23 49
25 45
90 48
90 49
6 94
86 94
58 91
94 52
94 61
94 76
94 9
94 70
7 33
9 48
84 91
67 91
41 36
41 45
52 36
52 91
34 48
12 48
12 49
75 48
48 95
48 87
48 49
69 45
55 33
45 68
45 73
45 98
19 33
19 36
64 91
35 33
28 91
17 46
46 68
46 96
98 72
65 33
33 77
33 60
61 49
61 91
81 91
32 91
83 91
