5
4
11
17
20
66
582
0 1
0 2
0 3
0 4
0 6
0 7
0 9
0 10
0 11
0 12
0 13
0 14
0 15
0 16
0 17
0 18
0 20
0 21
0 22
0 23
0 25
0 27
0 28
0 29
0 30
0 31
0 34
0 35
0 36
0 37
0 40
0 41
0 43
0 44
0 46
0 47
0 48
0 50
0 51
0 52
0 53
0 54
0 55
0 56
0 57
0 59
0 61
0 62
0 63
0 64
0 65
0 66
0 67
0 68
0 69
0 71
0 73
0 74
0 76
0 77
0 78
0 80
0 82
0 83
0 85
0 86
0 88
0 90
0 92
0 93
0 94
0 95
0 97
0 98
0 99
1 4
1 11
1 17
1 20
1 66
1 96
2 4
2 11
2 17
2 20
2 66
2 99
3 4
3 11
3 17
3 20
3 66
3 86
4 5
4 6
4 7
4 8
4 9
4 10
4 11
4 12
4 13
4 14
4 15
4 16
4 17
4 18
4 19
4 20
4 21
4 22
4 23
4 24
4 25
4 26
4 27
4 28
4 29
4 30
4 31
4 32
4 33
4 34
4 35
4 36
4 37
4 38
4 39
4 40
4 41
4 42
4 43
4 44
4 45
4 46
4 47
4 48
4 49
4 50
4 51
4 52
4 53
4 54
4 55
4 56
4 57
4 58
4 59
4 60
4 61
4 62
4 63
4 64
4 65
4 66
4 67
4 68
4 69
4 70
4 71
4 72
4 73
4 74
4 75
4 76
4 77
4 78
4 79
4 80
4 81
4 82
4 83
4 84
4 85
4 86
4 87
4 88
4 89
4 90
4 91
4 92
4 93
4 94
4 95
4 96
4 97
4 98
4 99
5 11
5 17
5 20
5 66
6 11
6 17
6 20
6 66
7 11
7 17
7 20
7 66
7 99
8 11
8 17
8 20
8 66
9 11
9 17
9 20
9 66
10 11
10 17
10 20
10 66
11 12
11 13
11 14
11 15
11 16
11 17
11 18
11 19
11 20
11 21
11 22
11 23
11 24
11 25
11 26
11 27
11 28
11 29
11 30
11 31
11 32
11 33
11 34
11 35
11 36
11 37
11 38
11 39
11 40
11 41
11 42
11 43
11 44
11 45
11 46
11 47
11 48
11 49
11 50
11 51
11 52
11 53
11 54
11 55
11 56
11 57
11 58
11 59
11 60
11 61
11 62
11 63
11 64
11 65
11 66
11 67
11 68
11 69
11 70
11 71
11 72
11 73
11 74
11 75
11 76
11 77
11 78
11 79
11 80
11 81
11 82
11 83
11 84
11 85
11 86
11 87
11 88
11 89
11 90
11 91
11 92
11 93
11 94
11 95
11 96
11 97
11 98
11 99
12 17
12 20
12 66
13 17
13 20
13 66
14 17
14 20
14 66
15 17
15 20
15 66
16 17
16 20
16 66
17 18
17 19
17 20
17 21
17 22
17 23
17 24
17 25
17 26
17 27
17 28
17 29
17 30
17 31
17 32
17 33
17 34
17 35
17 36
17 37
17 38
17 39
17 40
17 41
17 42
17 43
17 44
17 45
17 46
17 47
17 48
17 49
17 50
17 51
17 52
17 53
17 54
17 55
17 56
17 57
17 58
17 59
17 60
17 61
17 62
17 63
17 64
17 65
17 66
17 67
17 68
17 69
17 70
17 71
17 72
17 73
17 74
17 75
17 76
17 77
17 78
17 79
17 80
17 81
17 82
17 83
17 84
17 85
17 86
17 87
17 88
17 89
17 90
17 91
17 92
17 93
17 94
17 95
17 96
17 97
17 98
17 99
18 20
18 66
19 20
19 66
20 21
20 22
20 23
20 24
20 25
20 26
20 27
20 28
20 29
20 30
20 31
20 32
20 33
20 34
20 35
20 36
20 37
20 38
20 39
20 40
20 41
20 42
20 43
20 44
20 45
20 46
20 47
20 48
20 49
20 50
20 51
20 52
20 53
20 54
20 55
20 56
20 57
20 58
20 59
20 60
20 61
20 62
20 63
20 64
20 65
20 66
20 67
20 68
20 69
20 70
20 71
20 72
20 73
20 74
20 75
20 76
20 77
20 78
20 79
20 80
20 81
20 82
20 83
20 84
20 85
20 86
20 87
20 88
20 89
20 90
20 91
20 92
20 93
20 94
20 95
20 96
20 97
20 98
20 99
21 66
22 66
23 46
23 66
24 66
25 66
25 99
26 66
26 83
26 99
27 66
28 66
28 99
29 66
29 88
30 66
31 66
32 66
33 66
34 66
35 66
36 66
37 66
38 66
39 66
39 99
40 66
40 99
41 66
42 66
43 66
44 66
45 66
46 66
47 66
47 99
48 66
49 66
50 66
50 99
51 66
52 66
53 66
54 66
55 66
55 99
56 66
57 66
57 99
58 66
59 66
59 84
59 99
60 66
60 99
61 66
62 66
63 66
64 66
65 66
66 67
66 68
66 69
66 70
66 71
66 72
66 73
66 74
66 75
66 76
66 77
66 78
66 79
66 80
66 81
66 82
66 83
66 84
66 85
66 86
66 87
66 88
66 89
66 90
66 91
66 92
66 93
66 94
66 95
66 96
66 97
66 98
66 99
77 87
78 99
83 84
84 99
86 99
89 99
93 99
94 99
