0
93
0 2
0 3
2 1
2 3
2 4
2 5
2 7
2 8
2 11
2 14
2 15
2 21
2 48
2 58
2 59
2 62
2 74
2 94
2 97
3 24
3 56
3 90
75 13
1 4
1 10
1 21
4 5
4 6
4 7
4 9
4 54
10 7
10 17
10 66
11 16
12 5
20 19
21 31
21 85
23 14
33 7
5 61
7 13
7 16
7 18
7 19
7 28
7 32
7 34
7 35
7 52
7 60
7 68
7 69
7 71
7 80
7 91
9 14
13 17
13 53
14 22
14 25
14 26
14 30
14 78
18 37
18 39
29 24
34 51
40 42
59 87
86 46
24 17
24 32
49 26
54 17
54 80
54 82
54 96
44 19
19 17
19 57
19 67
19 70
19 73
91 99
17 27
17 38
17 46
17 72
30 98
53 93
42 83
