5
17
63
64
76
57
100
0 20
0 23
0 25
0 29
0 33
0 36
0 41
0 49
0 56
0 62
20 61
23 24
24 2
24 4
24 5
24 12
24 38
24 53
24 54
24 63
24 66
24 67
25 1
25 11
25 81
33 72
41 1
41 26
49 5
49 26
1 2
1 11
1 30
1 37
1 44
1 52
1 61
1 67
1 68
1 74
1 78
1 79
2 18
11 43
26 30
26 40
26 44
26 67
31 9
31 19
31 48
31 50
31 55
31 64
31 69
31 70
37 61
44 81
52 43
52 72
61 5
61 8
61 18
61 21
61 54
61 66
61 75
61 76
67 81
78 81
79 81
3 43
12 72
14 72
17 81
55 81
59 43
63 72
64 43
16 72
43 21
43 27
43 34
43 45
43 46
43 60
43 72
43 75
43 77
48 81
66 38
77 50
77 65
21 81
45 72
27 72
34 72
65 81
75 81
42 72
