5
52
84
27
12
56
516
0 96
0 54
0 52
0 8
0 35
0 72
0 84
0 19
0 3
0 42
0 33
0 45
0 25
0 81
0 53
0 85
0 91
0 73
0 5
0 65
0 27
0 62
0 37
0 7
0 69
0 66
0 21
0 1
0 6
0 9
0 12
0 15
0 17
0 18
0 23
0 28
0 29
0 30
0 32
0 34
0 36
0 40
0 43
0 44
0 46
0 47
0 48
0 49
0 50
0 56
0 57
0 58
0 59
0 60
0 64
0 71
0 76
0 77
0 80
0 82
0 83
0 86
0 87
0 88
0 89
0 95
0 97
0 98
96 12
96 27
96 52
96 56
96 84
54 12
54 52
54 56
54 84
52 1
52 3
52 4
52 5
52 6
52 7
52 8
52 9
52 11
52 12
52 13
52 14
52 15
52 16
52 18
52 19
52 20
52 21
52 22
52 23
52 24
52 25
52 26
52 27
52 28
52 29
52 30
52 31
52 32
52 33
52 34
52 35
52 36
52 37
52 39
52 41
52 42
52 43
52 44
52 45
52 46
52 47
52 48
52 49
52 50
52 78
52 76
52 67
52 88
52 79
52 56
52 74
52 73
52 61
52 69
52 84
52 66
52 87
52 86
52 98
52 58
52 71
52 62
52 70
52 60
52 90
52 64
52 65
52 83
52 57
52 63
52 68
52 72
52 75
52 77
52 81
52 82
52 89
52 95
52 97
8 84
8 12
8 27
35 12
35 27
35 84
35 56
72 12
72 13
72 27
72 56
72 84
84 1
84 3
84 4
84 5
84 7
84 9
84 10
84 12
84 13
84 14
84 15
84 16
84 17
84 18
84 19
84 20
84 21
84 22
84 23
84 24
84 27
84 28
84 29
84 30
84 31
84 32
84 33
84 34
84 36
84 41
84 42
84 43
84 44
84 45
84 46
84 47
84 48
84 49
84 50
84 51
84 55
84 56
84 57
84 58
84 60
84 62
84 64
84 65
84 68
84 69
84 71
84 76
84 77
84 79
84 80
84 81
84 82
84 83
84 91
84 99
84 90
84 89
84 94
84 95
84 97
84 87
84 88
84 92
84 98
19 12
19 13
19 56
19 27
19 99
3 27
3 12
42 12
42 27
42 56
33 27
33 56
45 12
45 27
45 56
25 12
25 27
25 56
81 12
81 27
81 56
53 12
53 26
53 27
53 99
53 56
85 12
85 27
85 56
91 12
91 27
91 56
73 12
73 27
73 56
5 27
5 12
5 56
65 12
65 27
65 56
27 1
27 2
27 4
27 7
27 9
27 10
27 12
27 13
27 14
27 15
27 17
27 18
27 20
27 21
27 22
27 23
27 24
27 26
27 41
27 75
27 37
27 48
27 76
27 90
27 47
27 66
27 68
27 31
27 67
27 86
27 44
27 80
27 70
27 98
27 46
27 43
27 38
27 87
27 61
27 40
27 79
27 59
27 62
27 32
27 57
27 60
27 89
27 69
27 88
27 36
27 58
27 50
27 99
27 95
27 28
27 34
27 56
27 63
27 71
27 55
27 97
27 49
27 82
27 93
27 64
27 29
27 30
27 74
27 77
27 78
27 83
27 92
27 94
62 12
62 56
62 99
37 56
7 56
7 12
69 12
69 56
69 99
66 12
66 56
21 56
1 12
1 56
1 99
6 99
6 12
9 56
9 12
12 2
12 4
12 10
12 68
12 77
12 74
12 61
12 88
12 36
12 46
12 40
12 87
12 71
12 92
12 55
12 60
12 17
12 44
12 89
12 29
12 16
12 23
12 94
12 76
12 64
12 24
12 78
12 58
12 32
12 15
12 20
12 49
12 47
12 31
12 80
12 30
12 83
12 39
12 18
12 26
12 97
12 70
12 56
12 43
12 13
12 93
12 41
12 67
12 48
12 22
12 28
12 34
12 38
12 50
12 57
12 79
12 82
12 86
12 95
12 98
13 99
13 56
15 56
17 56
18 56
23 56
23 99
28 56
29 56
30 99
30 56
32 56
34 56
36 56
40 56
43 56
44 56
46 56
46 99
47 56
48 56
49 26
49 56
49 99
50 99
50 56
56 2
56 4
56 10
56 11
56 14
56 16
56 20
56 22
56 24
56 26
56 31
56 38
56 39
56 41
56 51
56 55
56 64
56 68
56 86
56 99
56 98
56 71
56 60
56 61
56 59
56 76
56 94
56 75
56 77
56 88
56 95
56 58
56 78
56 89
56 80
56 57
56 82
56 87
56 79
56 67
56 83
56 63
56 70
56 97
57 99
58 99
64 99
77 99
82 99
88 99
11 99
22 99
63 99
68 99
90 99
75 99
79 99
99 26
99 93
