0
100
0 1
0 2
0 3
0 5
0 7
0 8
0 9
0 10
0 11
0 12
0 13
0 14
0 16
0 17
0 18
0 19
0 20
0 22
0 24
0 25
0 26
0 27
0 28
0 30
0 32
0 35
0 36
0 37
0 38
0 39
0 41
0 42
0 44
0 45
0 48
0 49
0 50
0 51
0 52
0 53
0 54
0 55
0 56
0 57
0 59
0 60
0 61
0 62
0 63
0 64
0 66
0 68
0 69
0 70
0 71
0 72
0 73
0 75
0 76
0 77
0 79
0 80
0 81
0 82
0 84
0 85
0 86
0 87
0 90
0 92
0 93
0 95
0 96
7 55
7 96
8 96
10 89
14 96
20 96
23 49
27 96
29 96
33 96
34 96
41 96
45 83
45 96
47 96
49 96
50 96
52 60
54 96
57 96
60 94
63 96
66 96
69 96
70 96
77 96
89 96
