5
3
86
89
63
90
100
0 1
0 3
0 4
1 70
2 52
2 83
2 29
2 41
2 45
2 46
2 55
2 59
2 60
2 62
2 65
2 71
2 86
2 92
2 93
2 98
3 97
27 97
50 34
50 97
53 97
53 70
61 70
67 97
70 52
70 84
70 44
70 55
70 8
70 60
70 90
70 98
70 57
70 45
70 94
70 82
70 71
70 17
70 19
70 85
70 23
70 24
70 47
70 86
70 75
70 95
75 97
81 97
89 97
93 97
95 34
95 99
29 97
55 34
60 97
62 97
65 97
88 97
92 34
92 97
98 34
98 99
84 34
25 97
90 97
91 34
94 34
97 18
97 9
97 78
97 49
97 10
97 31
97 87
97 64
97 96
97 17
97 48
97 74
97 35
97 23
97 19
97 85
97 54
72 34
76 34
96 99
17 34
85 34
54 34
34 12
34 13
34 64
34 20
34 58
34 66
