5
4
6
8
15
27
100
0 1
0 2
0 3
0 4
0 5
0 6
0 7
0 8
0 9
0 10
0 11
0 12
0 13
0 14
0 15
0 16
0 17
0 18
0 19
0 20
0 21
0 22
0 24
0 25
0 26
0 27
0 28
0 29
0 30
0 31
0 32
0 33
0 34
0 35
0 36
0 37
0 38
0 39
0 40
0 41
0 42
0 43
0 44
0 45
0 46
0 47
0 48
0 49
0 50
1 23
5 23
6 50
7 13
7 23
7 24
7 33
9 23
11 23
16 23
17 50
18 23
18 50
19 23
19 50
20 23
20 50
21 23
21 50
23 24
23 25
23 26
23 28
23 29
23 31
23 32
23 34
23 37
23 39
23 42
23 43
23 44
23 45
23 46
23 49
23 50
25 50
27 50
28 50
29 50
32 50
33 50
36 50
37 50
38 50
39 50
43 50
45 46
45 50
46 50
48 50
