5
55
82
87
90
30
100
0 1
0 11
0 12
0 14
0 20
0 21
0 28
0 34
0 57
0 62
0 69
0 72
0 74
0 82
0 83
0 88
6 99
11 29
11 51
12 99
14 29
15 29
17 29
17 67
19 74
19 99
20 29
20 99
21 29
21 67
21 99
22 99
24 29
33 29
33 99
34 96
36 29
36 99
47 99
51 29
51 99
53 99
57 29
62 29
65 99
68 99
69 29
74 99
75 29
83 45
83 99
85 29
88 29
90 29
92 29
92 99
97 99
8 46
9 99
13 29
23 99
35 99
39 29
40 99
59 99
60 29
60 99
66 29
66 99
79 16
81 29
81 99
84 29
91 29
91 99
95 99
96 16
96 29
5 99
7 29
46 29
52 99
61 29
76 29
76 99
77 29
77 99
16 29
49 99
89 99
93 29
98 99
78 99
37 99
63 29
63 99
99 45
99 71
29 45
29 86
