5
18
39
54
86
92
541
0 1
0 2
0 3
0 6
0 7
0 8
0 10
0 11
0 12
0 13
0 14
0 16
0 17
0 18
0 19
0 21
0 22
0 23
0 25
0 26
0 27
0 28
0 29
0 30
0 31
0 32
0 33
0 34
0 35
0 36
0 37
0 39
0 40
0 41
0 42
0 43
0 44
0 45
0 46
0 47
0 48
0 49
0 54
0 56
0 57
0 58
0 62
0 63
0 64
0 65
0 66
0 67
0 68
0 69
0 70
0 71
0 72
0 73
0 74
0 75
0 76
0 77
0 78
0 81
0 82
0 83
0 84
0 86
0 88
0 89
0 90
0 91
0 92
0 93
0 96
0 98
0 99
1 18
1 39
1 54
1 81
1 86
1 92
1 99
2 18
2 54
2 86
2 92
3 18
3 39
3 54
3 86
3 92
3 99
6 18
6 39
6 54
6 86
6 92
7 18
7 39
7 54
7 86
7 92
8 18
8 39
8 46
8 54
8 86
8 92
9 18
9 33
9 54
9 86
9 92
10 18
10 39
10 54
10 86
10 92
11 18
11 39
11 54
11 86
11 92
12 18
12 39
12 54
12 86
12 92
13 18
13 39
13 54
13 86
13 92
14 18
14 39
14 54
14 86
14 92
15 18
15 39
15 86
15 92
16 18
16 39
16 54
16 86
16 92
17 18
17 39
17 54
17 86
17 92
18 5
18 19
18 20
18 21
18 22
18 23
18 25
18 26
18 27
18 28
18 29
18 30
18 32
18 33
18 34
18 35
18 36
18 37
18 38
18 39
18 40
18 41
18 42
18 43
18 44
18 45
18 46
18 49
18 51
18 52
18 53
18 54
18 55
18 56
18 58
18 59
18 60
18 61
18 62
18 63
18 64
18 65
18 66
18 67
18 68
18 69
18 70
18 72
18 73
18 74
18 75
18 76
18 77
18 78
18 79
18 80
18 81
18 82
18 83
18 84
18 86
18 87
18 88
18 89
18 90
18 91
18 92
18 93
18 94
18 96
18 97
18 98
18 99
19 39
19 54
19 86
21 39
21 49
21 54
21 86
21 92
22 39
22 54
22 86
22 92
23 39
23 54
23 86
23 92
25 39
25 54
25 92
26 39
26 54
26 86
26 92
27 39
27 54
27 86
27 92
28 39
28 54
28 86
28 92
28 99
29 39
29 54
29 86
29 92
30 39
30 86
31 39
31 54
31 86
31 92
31 99
32 39
32 54
32 86
32 92
33 39
33 54
33 86
33 92
34 39
34 54
34 86
34 92
35 39
35 54
35 86
35 92
36 39
36 54
36 85
36 86
36 92
37 54
37 86
37 92
39 4
39 5
39 24
39 38
39 40
39 41
39 42
39 43
39 44
39 45
39 46
39 47
39 48
39 50
39 51
39 53
39 54
39 55
39 56
39 57
39 58
39 60
39 61
39 62
39 63
39 64
39 65
39 66
39 67
39 68
39 69
39 70
39 71
39 72
39 73
39 74
39 75
39 76
39 77
39 78
39 79
39 80
39 81
39 82
39 83
39 84
39 85
39 86
39 87
39 88
39 89
39 90
39 91
39 92
39 93
39 94
39 95
39 96
39 97
39 98
39 99
40 54
40 55
40 86
40 92
41 54
41 86
41 92
41 99
42 54
42 92
43 54
43 86
43 92
44 54
44 86
44 92
45 54
45 86
45 92
45 99
46 54
46 86
46 92
46 99
47 86
48 54
48 86
48 92
48 99
49 54
49 86
49 92
50 54
50 92
52 54
52 86
52 92
54 4
54 5
54 20
54 24
54 38
54 53
54 55
54 56
54 57
54 58
54 59
54 60
54 61
54 62
54 63
54 64
54 65
54 66
54 67
54 68
54 69
54 70
54 71
54 72
54 73
54 74
54 75
54 76
54 77
54 78
54 79
54 80
54 81
54 82
54 83
54 84
54 85
54 86
54 87
54 88
54 89
54 90
54 91
54 93
54 94
54 95
54 96
54 97
54 98
54 99
55 86
55 92
55 99
56 86
57 86
57 92
58 86
58 92
58 99
59 86
60 92
62 86
62 92
63 86
63 92
64 86
64 99
65 86
65 92
65 99
66 86
66 92
67 86
67 99
68 92
69 86
69 92
69 99
71 86
71 92
72 86
72 92
73 86
73 92
74 86
74 92
75 86
75 92
76 86
76 92
77 86
78 86
78 92
79 92
81 86
81 92
82 86
82 92
83 86
83 92
84 86
84 92
85 86
86 4
86 5
86 20
86 24
86 38
86 51
86 53
86 61
86 80
86 87
86 88
86 89
86 90
86 91
86 92
86 93
86 94
86 95
86 96
86 97
86 98
88 92
88 95
89 92
89 99
90 92
91 92
92 4
92 5
92 20
92 24
92 38
92 51
92 53
92 61
92 80
92 87
92 93
92 94
92 95
92 96
92 97
92 98
92 99
99 38
99 80
