5
5
31
32
40
73
557
0 1
0 2
0 3
0 5
0 7
0 8
0 9
0 10
0 11
0 12
0 13
0 14
0 15
0 17
0 18
0 19
0 20
0 21
0 22
0 23
0 24
0 25
0 26
0 29
0 30
0 31
0 32
0 33
0 34
0 36
0 37
0 38
0 39
0 40
0 41
0 42
0 43
0 44
0 45
0 46
0 47
0 48
0 49
0 50
0 51
0 52
0 53
0 55
0 56
0 57
0 58
0 59
0 60
0 61
0 62
0 63
0 64
0 65
0 66
0 67
0 68
0 70
0 71
0 72
0 73
0 74
0 76
0 77
0 79
0 80
0 81
0 82
0 84
0 85
0 86
0 87
0 89
0 90
0 91
0 92
0 93
0 94
1 5
1 31
1 32
1 40
1 73
1 94
2 5
2 31
2 32
2 40
2 73
3 5
3 31
3 32
3 40
3 73
3 94
4 5
4 31
4 32
4 40
4 73
5 6
5 7
5 8
5 9
5 10
5 11
5 12
5 13
5 14
5 15
5 16
5 17
5 18
5 19
5 20
5 21
5 22
5 23
5 24
5 25
5 26
5 27
5 28
5 29
5 30
5 31
5 32
5 33
5 34
5 35
5 36
5 37
5 38
5 39
5 40
5 41
5 42
5 43
5 44
5 45
5 46
5 47
5 48
5 49
5 50
5 51
5 52
5 53
5 54
5 55
5 56
5 57
5 58
5 59
5 60
5 61
5 62
5 63
5 64
5 65
5 66
5 67
5 68
5 69
5 70
5 71
5 72
5 73
5 74
5 75
5 76
5 77
5 78
5 79
5 80
5 81
5 82
5 83
5 84
5 85
5 86
5 87
5 88
5 89
5 90
5 91
5 92
5 93
5 94
6 31
6 32
6 40
6 73
6 94
7 31
7 32
7 40
7 73
8 31
8 32
8 40
8 73
9 31
9 32
9 40
9 73
9 94
10 31
10 32
10 40
10 73
11 31
11 32
11 40
11 73
12 31
12 32
12 40
12 73
13 31
13 32
13 40
13 73
13 94
14 31
14 32
14 40
14 73
15 31
15 32
15 40
15 73
15 94
16 31
16 32
16 40
16 73
17 31
17 32
17 40
17 73
17 94
18 31
18 32
18 40
18 73
19 31
19 32
19 40
19 73
20 31
20 32
20 40
20 73
21 31
21 32
21 40
21 73
22 31
22 32
22 40
22 73
23 31
23 32
23 40
23 73
24 31
24 32
24 40
24 73
25 31
25 32
25 40
25 73
25 94
26 31
26 32
26 40
26 73
27 31
27 32
27 40
27 73
28 31
28 32
28 40
28 73
29 31
29 32
29 40
29 73
29 94
30 31
30 32
30 40
30 73
31 32
31 33
31 34
31 35
31 36
31 37
31 38
31 39
31 40
31 41
31 42
31 43
31 44
31 45
31 46
31 47
31 48
31 49
31 50
31 51
31 52
31 53
31 54
31 55
31 56
31 57
31 58
31 59
31 60
31 61
31 62
31 63
31 64
31 65
31 66
31 67
31 68
31 69
31 70
31 71
31 72
31 73
31 74
31 75
31 76
31 77
31 78
31 79
31 80
31 81
31 82
31 83
31 84
31 85
31 86
31 87
31 88
31 89
31 90
31 91
31 92
31 93
31 94
32 33
32 34
32 35
32 36
32 37
32 38
32 39
32 40
32 41
32 42
32 43
32 44
32 45
32 46
32 47
32 48
32 49
32 50
32 51
32 52
32 53
32 54
32 55
32 56
32 57
32 58
32 59
32 60
32 61
32 62
32 63
32 64
32 65
32 66
32 67
32 68
32 69
32 70
32 71
32 72
32 73
32 74
32 75
32 76
32 77
32 78
32 79
32 80
32 81
32 82
32 83
32 84
32 85
32 86
32 87
32 88
32 89
32 90
32 91
32 92
32 93
32 94
33 40
33 73
34 40
34 73
35 40
35 73
36 40
36 73
37 40
37 73
38 40
38 73
38 94
39 40
39 73
39 94
40 41
40 42
40 43
40 44
40 45
40 46
40 47
40 48
40 49
40 50
40 51
40 52
40 53
40 54
40 55
40 56
40 57
40 58
40 59
40 60
40 61
40 62
40 63
40 64
40 65
40 66
40 67
40 68
40 69
40 70
40 71
40 72
40 73
40 74
40 75
40 76
40 77
40 78
40 79
40 80
40 81
40 82
40 83
40 84
40 85
40 86
40 87
40 88
40 89
40 90
40 91
40 92
40 93
40 94
41 73
41 94
42 73
43 73
44 73
45 73
46 73
47 73
48 73
49 73
50 73
51 73
52 73
53 73
54 73
55 73
56 73
57 73
58 73
59 73
60 73
61 73
62 73
62 94
63 73
64 73
65 73
66 73
67 73
67 94
68 73
69 73
69 94
70 73
70 94
71 73
71 94
72 73
73 74
73 75
73 76
73 77
73 78
73 79
73 80
73 81
73 82
73 83
73 84
73 85
73 86
73 87
73 88
73 89
73 90
73 91
73 92
73 93
73 94
74 94
84 94
86 94
