1
86
96
0 89
0 27
89 1
27 38
32 67
32 38
32 71
69 6
69 4
1 95
8 75
8 49
26 37
38 35
34 2
70 4
70 64
70 91
95 6
84 2
84 3
84 65
84 88
2 65
4 60
4 40
4 98
58 20
58 10
91 35
91 53
91 81
85 18
85 20
85 60
85 63
6 99
6 7
6 16
6 19
6 49
65 9
65 18
18 48
18 57
18 36
60 78
60 13
63 30
53 39
99 11
99 62
7 48
7 77
16 82
19 14
49 80
49 87
97 83
3 78
78 55
78 45
61 12
88 36
45 46
45 59
83 33
96 10
96 23
96 25
96 48
44 42
94 57
98 5
98 71
5 42
72 67
86 39
11 33
11 66
62 73
62 21
51 50
92 50
92 82
28 17
28 22
12 66
75 50
75 82
82 90
10 67
52 21
81 46
56 43
30 76
