0
100
0 1
0 2
0 3
0 5
0 6
0 7
0 8
0 10
0 11
0 13
0 15
0 18
0 19
0 20
0 21
0 23
0 24
0 26
0 27
0 29
0 30
0 31
0 32
0 33
0 34
0 35
0 36
0 37
0 38
0 40
0 41
0 42
0 44
0 47
0 48
0 50
0 51
0 52
0 53
0 56
0 57
0 59
0 60
0 61
0 62
0 64
0 65
0 66
0 67
0 68
0 69
0 71
0 72
0 73
0 74
0 75
0 76
0 77
0 78
0 79
0 80
0 81
0 82
0 83
0 84
0 85
0 87
0 88
0 89
0 91
0 93
0 94
0 95
0 96
0 97
0 98
0 99
17 92
19 75
19 99
20 99
21 99
29 99
36 99
50 99
51 99
52 99
53 99
63 66
63 99
70 99
71 74
73 80
75 99
76 99
82 99
83 99
87 99
89 99
98 99
