5
12
13
23
34
55
583
0 1
0 2
0 3
0 4
0 5
0 6
0 8
0 10
0 11
0 12
0 13
0 14
0 15
0 17
0 18
0 19
0 20
0 22
0 23
0 24
0 27
0 28
0 29
0 30
0 32
0 33
0 34
0 35
0 36
0 39
0 41
0 42
0 44
0 45
0 46
0 47
0 50
0 51
0 53
0 55
0 57
0 60
0 62
0 63
0 64
0 65
0 66
0 67
0 68
0 72
0 74
0 75
0 76
0 77
0 79
0 82
0 83
0 84
0 85
0 86
0 87
0 88
0 90
0 92
0 93
0 94
0 95
0 96
0 97
0 98
0 99
1 12
1 13
1 23
1 34
1 55
2 12
2 13
2 23
2 34
2 55
3 12
3 13
3 23
3 34
3 55
3 99
4 12
4 13
4 23
4 34
4 55
5 12
5 13
5 23
5 34
5 55
6 12
6 13
6 23
6 34
6 55
7 12
7 13
7 23
7 34
7 55
8 12
8 13
8 23
8 34
8 55
9 12
9 13
9 23
9 34
9 55
10 12
10 13
10 23
10 34
10 55
10 67
11 12
11 13
11 23
11 34
11 55
11 97
12 12
12 13
12 14
12 15
12 16
12 17
12 18
12 19
12 20
12 21
12 22
12 23
12 24
12 25
12 26
12 27
12 28
12 29
12 30
12 31
12 32
12 33
12 34
12 35
12 36
12 37
12 38
12 39
12 40
12 41
12 42
12 43
12 44
12 45
12 46
12 47
12 48
12 49
12 50
12 51
12 52
12 53
12 54
12 55
12 56
12 57
12 58
12 59
12 60
12 61
12 62
12 63
12 64
12 65
12 66
12 67
12 68
12 69
12 70
12 71
12 72
12 73
12 74
12 75
12 76
12 77
12 78
12 79
12 80
12 81
12 82
12 83
12 84
12 85
12 86
12 87
12 88
12 89
12 90
12 91
12 92
12 93
12 94
12 95
12 96
12 97
12 98
12 99
13 13
13 14
13 15
13 16
13 17
13 18
13 19
13 20
13 21
13 22
13 23
13 24
13 25
13 26
13 27
13 28
13 29
13 30
13 31
13 32
13 33
13 34
13 35
13 36
13 37
13 38
13 39
13 40
13 41
13 42
13 43
13 44
13 45
13 46
13 47
13 48
13 49
13 50
13 51
13 52
13 53
13 54
13 55
13 56
13 57
13 58
13 59
13 60
13 61
13 62
13 63
13 64
13 65
13 66
13 67
13 68
13 69
13 70
13 71
13 72
13 73
13 74
13 75
13 76
13 77
13 78
13 79
13 80
13 81
13 82
13 83
13 84
13 85
13 86
13 87
13 88
13 89
13 90
13 91
13 92
13 93
13 94
13 95
13 96
13 97
13 98
13 99
14 23
14 34
14 55
15 23
15 34
15 55
16 23
16 34
16 55
17 23
17 34
17 55
18 23
18 34
18 55
19 23
19 34
19 55
20 23
20 34
20 55
20 60
20 99
21 23
21 34
21 55
22 23
22 34
22 55
22 99
23 23
23 24
23 25
23 26
23 27
23 28
23 29
23 30
23 31
23 32
23 33
23 34
23 35
23 36
23 37
23 38
23 39
23 40
23 41
23 42
23 43
23 44
23 45
23 46
23 47
23 48
23 49
23 50
23 51
23 52
23 53
23 54
23 55
23 56
23 57
23 58
23 59
23 60
23 61
23 62
23 63
23 64
23 65
23 66
23 67
23 68
23 69
23 70
23 71
23 72
23 73
23 74
23 75
23 76
23 77
23 78
23 79
23 80
23 81
23 82
23 83
23 84
23 85
23 86
23 87
23 88
23 89
23 90
23 91
23 92
23 93
23 94
23 95
23 96
23 97
23 98
23 99
24 34
24 54
24 55
25 34
25 55
26 34
26 55
27 34
27 55
28 34
28 55
29 34
29 55
30 34
30 55
31 34
31 55
32 34
32 55
32 65
33 34
33 55
33 57
34 34
34 35
34 36
34 37
34 38
34 39
34 40
34 41
34 42
34 43
34 44
34 45
34 46
34 47
34 48
34 49
34 50
34 51
34 52
34 53
34 54
34 55
34 56
34 57
34 58
34 59
34 60
34 61
34 62
34 63
34 64
34 65
34 66
34 67
34 68
34 69
34 70
34 71
34 72
34 73
34 74
34 75
34 76
34 77
34 78
34 79
34 80
34 81
34 82
34 83
34 84
34 85
34 86
34 87
34 88
34 89
34 90
34 91
34 92
34 93
34 94
34 95
34 96
34 97
34 98
34 99
35 55
35 99
36 55
36 82
36 99
37 55
37 99
38 55
39 55
40 55
40 67
41 55
42 55
42 99
43 55
43 99
44 54
44 55
45 55
46 55
47 55
48 55
49 55
50 55
51 55
52 55
53 55
54 55
55 55
55 56
55 57
55 58
55 59
55 60
55 61
55 62
55 63
55 64
55 65
55 66
55 67
55 68
55 69
55 70
55 71
55 72
55 73
55 74
55 75
55 76
55 77
55 78
55 79
55 80
55 81
55 82
55 83
55 84
55 85
55 86
55 87
55 88
55 89
55 90
55 91
55 92
55 93
55 94
55 95
55 96
55 97
55 98
55 99
57 99
61 99
67 99
69 84
69 99
71 85
72 99
74 99
77 99
92 99
