5
3
73
91
7
41
100
0 1
0 2
0 3
0 4
0 5
0 6
0 8
0 9
0 10
0 11
0 13
0 14
0 15
0 16
0 17
0 18
0 19
0 20
0 21
0 22
0 24
0 25
0 26
0 27
0 29
0 30
0 31
0 33
0 34
0 35
0 36
0 37
0 39
0 40
0 42
0 44
0 45
0 46
0 47
0 49
0 50
0 51
0 52
0 53
0 54
0 55
0 56
0 58
0 59
0 60
0 62
0 63
0 64
0 65
0 66
0 69
0 70
0 71
0 72
0 73
0 74
0 75
0 76
0 77
0 79
0 81
0 83
0 84
0 85
0 86
0 89
0 90
0 91
0 92
0 93
0 94
0 97
0 98
0 99
2 62
2 97
2 99
4 99
9 99
21 34
21 99
34 99
36 66
37 99
39 74
49 52
49 99
56 99
58 92
67 43
70 99
74 99
81 99
97 99
99 41
