5
89
45
1
47
67
100
0 14
0 89
0 68
0 66
0 45
0 59
0 5
0 11
0 17
0 42
0 58
14 70
89 55
89 40
68 85
66 13
66 61
66 19
66 52
66 29
66 93
45 22
59 25
1 85
1 22
1 70
32 42
32 62
32 47
32 88
92 80
24 25
10 70
85 31
85 83
85 4
85 56
85 48
85 33
85 98
2 5
2 91
2 6
2 41
2 47
2 96
6 80
6 36
41 22
25 12
25 96
25 74
25 79
25 63
25 43
25 98
3 70
70 33
70 35
70 37
70 97
70 50
70 95
70 96
7 99
35 36
4 22
86 55
22 75
22 46
22 57
22 29
22 90
65 99
40 80
80 20
80 31
80 28
80 97
99 30
99 36
99 87
99 15
99 9
99 88
99 26
8 88
30 96
51 36
9 55
90 36
31 72
23 36
87 55
60 36
60 55
73 55
48 55
37 36
38 55
