4
5
79
82
93
352
0 2
0 3
0 4
0 5
0 6
0 7
0 8
0 9
0 10
0 11
0 12
0 13
0 14
0 15
0 16
0 17
0 18
0 19
0 20
0 21
0 22
0 23
0 24
0 25
0 26
0 27
0 28
0 29
0 30
0 31
0 32
0 33
0 34
0 67
0 68
0 69
0 70
0 71
0 72
0 73
0 74
0 75
0 76
0 77
0 78
0 79
0 80
0 81
0 82
0 83
0 84
0 85
0 86
0 87
0 88
0 89
0 90
0 91
0 92
0 93
0 94
0 95
0 96
0 97
0 98
2 5
2 79
2 82
2 93
3 5
3 79
3 82
3 93
4 79
4 82
4 93
5 1
5 7
5 8
5 9
5 10
5 11
5 12
5 13
5 14
5 15
5 16
5 17
5 18
5 19
5 20
5 21
5 22
5 23
5 24
5 25
5 26
5 27
5 28
5 29
5 30
5 31
5 32
5 33
5 34
5 35
5 36
5 37
5 38
5 39
5 71
5 72
5 73
5 74
5 75
5 76
5 77
5 78
5 79
5 80
5 81
5 82
5 83
5 84
5 85
5 86
5 87
5 88
5 89
5 90
5 91
5 92
5 93
5 94
5 95
5 96
5 97
5 98
5 99
6 79
6 82
6 93
7 79
7 82
7 93
7 99
8 79
8 82
8 93
9 79
9 82
9 93
10 79
10 82
10 93
11 79
11 82
11 93
12 79
12 82
12 93
13 79
13 82
13 93
13 99
14 20
14 82
14 93
15 82
15 93
15 99
16 82
16 93
17 93
18 93
18 99
19 93
20 93
21 93
21 99
22 93
22 99
23 93
24 93
25 93
25 99
26 93
27 93
28 99
31 99
33 66
1 79
1 82
1 93
44 66
45 79
46 79
47 66
47 79
48 79
48 82
49 79
49 82
50 79
50 82
51 79
51 82
52 79
52 82
53 79
53 82
54 79
54 82
55 66
55 79
55 82
56 66
56 70
56 79
56 82
57 79
57 82
58 79
58 82
59 79
59 82
59 93
60 66
60 79
60 82
60 93
61 66
61 79
61 82
61 93
62 66
62 79
62 82
62 93
63 79
63 82
63 93
64 79
64 82
64 93
65 79
65 82
65 93
66 68
66 72
66 75
66 78
66 79
66 82
66 83
66 88
66 93
66 99
67 79
67 82
67 93
68 79
68 82
68 93
69 79
69 82
69 93
70 79
70 82
70 93
71 79
71 82
71 93
72 79
72 82
72 93
73 79
73 82
73 93
73 99
74 79
74 82
74 93
74 99
75 79
75 82
75 93
76 78
76 79
76 82
76 93
77 79
77 82
77 93
77 99
78 82
78 93
79 81
79 82
79 83
79 84
79 85
79 86
79 87
79 88
79 89
79 90
79 91
79 92
79 93
79 94
79 95
79 96
79 97
79 98
79 99
80 82
80 93
81 93
82 84
82 85
82 86
82 87
82 88
82 89
82 90
82 91
82 92
82 93
82 94
82 95
82 96
82 97
82 98
82 99
83 93
84 93
85 93
86 93
87 93
88 93
89 93
90 93
91 93
91 99
93 95
93 96
93 97
93 98
93 99
95 99
96 99
