5
53
3
57
67
33
130
0 43
0 67
0 88
48 7
48 46
48 71
43 88
43 67
1 53
1 40
46 25
46 26
46 34
46 59
46 85
4 57
4 40
53 18
53 35
53 50
53 52
53 17
53 30
53 84
2 13
2 62
51 38
51 61
13 12
13 10
13 26
13 29
13 55
70 62
70 67
70 75
70 89
49 57
49 40
3 16
3 83
3 35
16 87
16 67
16 37
16 52
83 33
83 38
83 89
35 27
35 88
57 36
57 14
57 80
57 18
57 42
57 65
57 85
19 34
40 17
40 32
40 12
40 81
5 74
9 20
6 72
25 20
72 11
72 44
72 27
72 80
72 88
52 59
7 56
7 79
7 89
41 81
56 8
55 33
20 54
20 79
20 80
30 10
30 34
10 18
58 44
34 27
11 66
11 27
75 47
75 76
66 15
27 21
27 64
27 39
12 61
12 64
61 59
61 88
26 15
26 78
26 36
15 23
23 33
67 45
67 63
67 76
17 42
42 37
42 71
18 33
78 28
78 79
54 33
54 62
79 38
79 33
21 39
85 45
85 82
38 33
22 28
84 33
64 37
28 37
71 74
31 33
31 47
88 76
89 82
