5
17
65
95
64
35
246
0 4
0 6
0 10
0 15
0 16
0 17
0 19
0 20
0 23
0 28
0 40
0 45
0 46
0 47
0 51
0 57
0 65
0 69
0 71
0 75
0 79
0 82
0 84
0 95
4 64
4 95
10 17
10 44
10 65
10 69
10 95
15 68
15 95
16 64
16 95
17 7
17 8
17 9
17 12
17 14
17 18
17 22
17 26
17 30
17 40
17 42
17 43
17 46
17 47
17 48
17 51
17 52
17 55
17 56
17 67
17 70
17 71
17 72
17 73
17 77
17 81
17 82
17 85
17 88
17 90
17 91
17 95
19 69
20 65
20 95
23 34
23 95
23 97
28 65
40 69
40 95
45 26
45 65
45 93
46 64
47 65
47 69
51 64
51 95
57 35
57 68
57 95
65 3
65 8
65 11
65 13
65 14
65 21
65 22
65 27
65 33
65 37
65 41
65 50
65 54
65 56
65 58
65 61
65 64
65 67
65 69
65 70
65 73
65 76
65 80
65 84
65 85
65 88
65 91
68 3
68 5
68 18
68 21
68 26
68 27
68 31
68 34
68 35
68 36
68 41
68 48
68 49
68 50
68 52
68 53
68 54
68 62
68 71
68 78
68 81
68 86
68 90
68 96
69 7
69 9
69 18
69 21
69 24
69 36
69 42
69 43
69 44
69 56
69 60
69 61
69 63
69 73
69 74
69 75
69 76
69 81
69 82
69 87
69 90
69 91
69 95
69 97
79 35
79 95
82 35
84 64
84 95
95 3
95 5
95 7
95 8
95 33
95 34
95 36
95 38
95 41
95 49
95 50
95 54
95 59
95 61
95 66
95 74
95 77
95 78
95 81
95 83
95 86
95 88
95 92
1 64
18 35
18 97
24 97
29 35
32 64
32 97
42 64
42 97
54 64
62 35
64 7
64 22
64 26
64 35
64 37
64 53
64 58
64 60
64 61
64 72
64 73
64 74
64 88
64 90
64 93
64 94
64 96
93 13
93 35
2 97
13 35
37 35
41 35
44 35
59 97
90 35
97 9
97 14
97 30
97 38
97 87
3 35
33 60
35 9
35 12
35 55
35 74
35 76
35 81
35 83
35 87
35 89
35 94
94 91
39 60
