5
26
83
86
59
85
150
0 6
0 25
0 26
0 37
0 52
0 53
0 58
0 76
0 83
0 91
6 66
26 5
26 12
26 20
26 37
26 68
26 69
26 76
26 80
37 11
37 14
37 19
37 20
37 53
37 63
37 64
37 65
37 70
37 71
37 78
37 91
52 85
52 99
53 99
58 31
75 21
75 36
83 3
83 7
83 8
83 14
83 32
83 36
83 38
83 41
83 55
83 60
83 63
83 69
83 98
91 40
1 12
1 45
1 66
1 86
1 88
1 94
12 85
42 4
42 11
42 13
42 47
42 55
42 78
42 80
45 86
66 56
72 23
72 35
72 65
72 68
72 81
72 86
86 17
86 24
86 34
86 44
86 47
86 55
86 61
86 63
86 65
86 73
86 95
86 97
88 30
88 60
88 68
88 73
88 92
94 9
94 81
2 56
40 30
43 96
56 7
56 20
56 54
56 59
65 59
95 59
95 85
3 59
3 99
15 10
15 18
15 99
16 96
59 9
59 22
59 24
59 46
59 68
59 71
59 73
59 84
59 99
99 4
99 7
99 29
99 38
99 50
99 62
99 90
4 9
5 29
9 44
9 79
18 85
61 85
13 96
22 85
29 17
29 81
35 81
46 17
21 17
33 17
7 81
73 81
81 63
81 82
49 85
10 44
17 78
17 85
36 96
85 39
85 84
96 64
