5
17
62
69
65
32
100
0 24
0 35
0 46
0 47
0 57
0 74
0 94
0 95
0 96
0 9
0 15
0 28
0 41
0 43
0 50
0 51
0 61
0 72
0 75
0 81
0 91
46 76
46 99
47 76
94 66
94 11
94 18
94 19
94 25
94 34
94 50
94 76
94 97
96 53
15 53
28 53
28 99
43 53
43 99
50 72
61 53
61 76
72 18
72 29
72 44
72 55
72 38
72 23
72 8
72 17
72 56
72 30
72 87
72 20
72 34
75 53
76 2
76 81
76 8
76 22
76 56
76 83
76 89
81 53
18 53
31 38
83 92
88 29
88 99
26 53
34 20
66 99
66 70
78 92
78 42
69 92
98 92
98 59
77 53
16 99
97 99
99 70
99 6
99 42
99 87
99 20
99 49
99 80
84 53
59 53
59 87
70 92
49 87
4 53
73 53
11 53
90 53
53 13
53 60
53 89
