0
93
24 21
24 22
24 34
24 39
24 37
20 23
20 36
20 34
23 22
23 27
23 37
32 31
32 33
36 38
28 26
28 39
21 31
25 33
25 27
31 30
22 29
22 27
26 39
26 38
39 38
45 42
45 59
40 43
40 54
40 52
40 46
40 48
43 51
43 49
54 42
52 49
52 53
46 47
46 48
48 49
48 50
41 58
72 60
72 61
72 62
72 65
72 66
72 78
72 75
72 76
49 44
49 56
60 79
60 71
60 78
60 64
60 61
79 61
79 63
79 64
79 66
79 69
79 71
79 78
71 65
71 66
71 74
62 61
62 64
62 78
62 77
62 74
78 76
64 70
64 77
64 76
64 69
77 63
77 65
77 66
77 69
61 67
66 76
66 70
67 69
67 74
75 65
70 76
70 73
70 74
74 69
63 73
63 76
