5
14
46
50
71
75
100
0 3
1 39
1 85
1 46
2 3
2 61
2 23
2 71
3 4
3 34
3 10
4 5
4 6
4 10
4 70
5 6
7 8
7 78
8 9
9 10
9 53
9 56
9 87
10 11
10 86
11 12
13 87
16 17
17 18
17 40
18 55
18 31
19 20
20 95
20 24
21 87
22 23
23 70
23 38
23 37
24 74
25 89
25 48
27 66
27 64
27 77
28 64
29 65
29 68
29 69
29 78
29 92
30 31
30 60
31 65
31 64
33 84
33 38
36 37
38 39
38 43
39 77
39 56
44 60
46 59
48 81
51 99
55 56
57 69
57 61
59 60
60 61
61 62
62 74
63 64
63 97
67 99
68 69
69 70
70 94
73 77
73 98
74 92
74 99
75 76
75 87
77 78
78 99
79 80
82 83
82 85
82 87
86 87
87 88
87 99
87 97
91 92
91 95
94 95
97 98
