5
19
21
62
64
79
364
2 0
2 19
2 21
2 23
2 59
2 79
1 21
1 79
0 3
0 4
0 5
0 6
0 7
0 9
0 10
0 11
0 13
0 14
0 15
0 16
0 17
0 18
0 19
0 20
0 21
0 22
0 26
0 27
0 30
0 33
0 34
0 35
0 39
0 40
0 43
0 44
0 45
0 46
0 49
0 50
0 53
0 57
0 59
0 60
0 61
0 64
0 65
0 66
0 67
0 71
0 72
0 73
0 76
0 78
0 79
0 80
0 88
0 90
0 91
0 92
0 97
0 99
3 21
3 64
4 19
4 62
5 19
5 21
5 23
5 62
5 64
6 19
6 21
6 79
7 19
7 23
7 79
8 21
8 23
8 79
9 19
9 21
9 23
9 79
10 19
10 21
10 23
11 21
11 64
11 99
12 19
12 21
12 64
13 19
13 21
13 79
14 19
14 21
14 79
15 19
15 21
15 64
15 79
16 19
16 21
16 23
16 62
16 79
17 19
17 21
17 79
18 19
18 21
18 99
19 21
19 23
19 24
19 26
19 28
19 30
19 31
19 33
19 34
19 38
19 40
19 42
19 44
19 46
19 49
19 51
19 53
19 58
19 59
19 61
19 63
19 64
19 65
19 66
19 67
19 68
19 72
19 76
19 77
19 78
19 80
19 82
19 83
19 85
19 89
19 90
19 91
19 92
19 96
19 97
20 21
20 23
20 62
20 64
20 79
21 23
21 26
21 27
21 28
21 30
21 31
21 33
21 34
21 35
21 37
21 38
21 39
21 41
21 44
21 46
21 53
21 56
21 57
21 59
21 61
21 62
21 65
21 67
21 71
21 72
21 76
21 79
21 80
21 81
21 82
21 83
21 84
21 85
21 88
21 89
21 90
21 91
21 92
21 95
21 96
21 97
21 98
21 99
22 64
22 79
23 27
23 28
23 36
23 40
23 49
23 52
23 64
23 65
23 76
23 79
23 82
23 85
23 86
23 89
23 91
23 98
23 99
24 79
25 79
25 99
26 64
26 79
27 79
28 64
28 99
29 64
30 64
30 79
31 64
31 79
31 99
32 64
32 79
32 96
33 79
34 99
35 79
36 64
37 79
38 62
38 64
38 79
39 62
40 64
40 79
41 79
42 62
42 64
42 79
42 99
43 64
44 62
44 79
46 64
46 79
47 64
47 79
47 91
47 99
48 79
49 79
50 64
51 62
51 64
51 79
52 64
52 79
53 62
53 64
53 79
54 64
54 79
55 79
56 64
57 64
57 79
57 99
58 79
58 99
59 62
59 79
59 99
61 62
61 99
62 63
62 64
62 65
62 66
62 67
62 70
62 71
62 72
62 73
62 76
62 79
62 80
62 81
62 82
62 83
62 85
62 89
62 90
62 91
62 94
62 96
62 97
62 98
62 99
63 64
63 79
64 66
64 69
64 71
64 76
64 79
64 80
64 81
64 82
64 83
64 85
64 86
64 87
64 88
64 90
64 91
64 92
64 96
64 99
65 79
66 79
67 79
67 99
68 79
68 99
70 79
71 79
72 79
73 79
75 79
75 99
76 79
77 79
78 79
79 80
79 81
79 82
79 83
79 86
79 87
79 88
79 89
79 90
79 91
79 92
79 94
79 96
79 97
79 99
80 99
84 99
