5
58
11
13
69
82
100
0 93
0 89
0 17
0 66
0 81
93 25
93 14
93 87
89 14
89 46
89 48
89 77
89 41
89 44
89 4
17 10
38 21
38 56
38 87
38 70
38 3
38 99
2 85
30 15
30 7
3 29
71 39
71 95
4 72
4 19
72 59
72 62
72 97
77 24
98 34
88 31
88 19
88 60
6 31
31 69
58 91
58 46
8 19
8 18
18 13
18 28
10 66
66 78
66 15
51 26
51 94
51 75
64 57
64 76
12 63
12 20
79 43
13 54
13 37
37 44
15 99
99 26
99 35
99 73
99 96
99 80
99 44
16 60
60 73
46 55
52 82
52 23
52 91
75 23
75 43
20 27
44 23
21 23
28 62
22 39
39 90
53 35
53 62
53 68
24 25
26 81
78 80
78 95
62 83
62 70
62 96
32 86
32 73
50 33
34 56
36 97
41 57
57 47
47 83
70 74
