5
10
86
51
43
48
100
0 57
0 56
0 98
0 1
0 77
0 67
57 4
57 38
57 40
57 41
57 47
57 64
57 60
56 54
98 1
98 13
98 62
98 78
98 80
98 95
1 79
1 10
1 32
1 54
77 4
77 80
60 12
60 19
60 38
60 94
60 82
60 95
60 65
67 99
67 71
71 24
71 29
71 32
71 34
71 39
71 43
71 48
71 76
93 2
93 8
93 15
93 23
93 24
93 37
93 83
93 87
93 95
54 38
54 46
54 47
54 91
54 84
54 59
68 6
18 99
42 92
86 74
4 41
4 83
4 62
4 61
4 99
4 34
4 36
83 99
80 36
80 61
80 66
80 90
80 95
80 91
99 6
99 8
99 12
99 43
99 65
34 22
34 74
17 22
31 92
7 74
74 14
74 33
74 39
74 51
74 96
74 92
73 90
22 59
22 44
22 43
19 91
25 91
70 92
52 92
