0
92
80 77
80 96
77 86
82 17
82 87
17 20
91 56
91 49
56 18
99 55
99 83
99 19
55 12
55 51
31 90
31 33
90 57
35 9
35 44
9 15
24 15
24 36
29 88
29 54
11 50
40 50
40 61
85 1
18 0
97 76
97 14
89 59
89 88
43 36
43 30
0 42
79 52
79 48
52 2
3 19
3 20
38 28
38 62
60 10
60 39
14 93
14 33
93 94
42 23
59 75
44 7
76 28
76 41
2 1
1 86
67 32
57 45
45 47
78 7
78 34
69 65
65 46
94 21
21 8
70 88
70 68
23 75
34 95
95 54
51 13
25 58
25 6
73 6
73 72
58 81
26 8
61 63
49 12
13 81
13 27
62 32
62 53
46 27
8 84
10 74
92 30
92 47
72 63
16 83
41 37
22 37
74 53
