5
33
44
15
88
94
100
13 33
13 55
33 37
33 39
33 46
66 30
66 47
66 46
66 49
99 79
99 70
99 53
55 47
55 29
73 61
37 79
37 62
69 50
39 92
39 19
54 83
54 36
46 80
46 61
20 84
20 45
84 42
84 44
84 93
81 5
81 4
81 8
45 43
45 58
90 11
90 82
38 62
38 94
38 49
42 89
42 87
44 92
93 58
48 40
48 32
48 68
48 96
48 58
48 27
62 82
62 58
17 12
17 95
92 6
87 2
28 82
28 96
82 12
82 86
96 68
19 5
19 56
15 80
43 12
43 4
5 40
5 11
4 64
4 78
4 27
11 83
56 10
56 30
56 61
35 8
35 50
35 0
35 89
21 47
72 0
50 14
0 26
89 2
22 77
9 47
12 36
53 75
88 47
26 32
32 77
32 41
18 25
77 30
77 65
25 91
91 49
94 60
51 64
30 29
47 63
