2
53
64
290
0 1
0 2
0 3
0 5
0 6
0 7
0 8
0 9
0 10
0 11
0 12
0 13
0 15
0 16
0 17
0 18
0 19
0 20
0 21
0 22
0 23
0 24
0 25
0 26
0 27
0 28
0 29
0 30
0 31
0 32
0 33
0 34
0 35
0 36
0 38
0 39
0 40
0 41
0 42
0 44
0 45
0 46
0 47
0 49
0 50
0 51
0 52
0 53
0 54
0 55
0 56
0 57
0 58
0 59
0 60
0 61
0 62
0 63
0 64
0 65
0 68
0 70
0 72
0 73
0 74
0 75
0 76
0 77
0 78
0 79
0 80
0 81
0 82
0 83
0 84
0 85
0 86
0 87
0 88
0 89
0 90
0 91
0 92
0 93
0 94
0 95
0 96
1 53
1 64
2 53
2 64
3 53
3 64
4 53
4 64
5 53
5 64
5 90
5 96
6 53
6 64
7 53
7 64
8 53
8 64
9 53
9 64
9 96
10 53
10 64
11 53
11 64
11 96
12 53
12 64
13 53
13 64
14 53
14 64
15 46
15 53
15 64
16 53
16 64
17 53
17 64
18 53
18 64
18 96
19 53
19 64
20 53
20 64
21 53
21 64
22 53
22 64
23 53
23 64
24 53
24 64
25 53
25 64
26 53
26 64
27 47
27 53
27 64
28 53
28 64
29 53
29 64
29 96
30 53
30 64
31 53
31 64
32 53
32 64
32 96
33 53
33 64
34 53
34 64
35 53
35 64
36 53
36 64
37 53
37 64
38 53
38 64
39 53
39 64
40 53
40 64
40 96
41 53
41 64
42 53
42 64
43 53
43 64
44 53
44 64
45 53
45 64
46 53
46 64
47 53
47 64
48 53
48 64
49 53
49 64
50 53
50 64
51 53
51 64
52 53
52 64
53 54
53 55
53 56
53 57
53 58
53 59
53 60
53 61
53 62
53 63
53 64
53 65
53 66
53 67
53 68
53 69
53 70
53 71
53 72
53 73
53 74
53 75
53 76
53 77
53 78
53 79
53 80
53 81
53 82
53 83
53 84
53 85
53 86
53 87
53 88
53 89
53 90
53 91
53 92
53 93
53 94
53 95
53 96
54 64
55 64
56 64
57 64
58 64
58 96
59 64
60 64
61 64
61 86
62 64
63 64
64 65
64 66
64 67
64 68
64 69
64 70
64 71
64 72
64 73
64 74
64 75
64 76
64 77
64 78
64 79
64 80
64 81
64 82
64 83
64 84
64 85
64 86
64 87
64 88
64 89
64 90
64 91
64 92
64 93
64 94
64 95
64 96
74 96
78 96
