0
96
0 31
0 70
0 15
0 34
0 49
0 85
31 63
70 22
70 28
70 36
70 59
70 65
70 7
70 88
70 91
15 41
34 48
34 47
34 60
34 65
34 71
2 83
2 43
11 3
63 98
20 79
22 30
22 96
36 66
48 42
59 3
59 98
59 27
7 64
7 43
7 67
7 80
91 10
1 25
1 60
25 12
33 62
33 24
33 53
51 83
51 17
51 93
51 76
30 56
12 24
87 41
87 56
87 27
44 50
83 21
5 4
5 40
21 45
21 56
38 3
54 8
54 29
76 32
74 57
74 95
75 97
57 18
6 78
40 68
40 69
4 89
89 17
16 62
78 90
99 55
50 23
9 62
82 79
82 68
56 79
56 73
19 66
93 94
72 39
72 23
69 27
61 47
13 39
13 32
45 77
23 97
32 97
32 26
77 35
26 53
37 90
