5
11
38
78
64
86
100
0 7
0 17
0 18
0 38
0 43
0 56
0 68
0 79
5 32
7 97
13 32
16 97
18 20
18 97
24 97
26 20
26 32
27 32
31 97
36 32
38 32
41 79
43 56
46 20
46 32
53 20
53 32
53 97
56 39
56 84
58 32
58 78
62 32
62 97
69 20
74 29
74 32
75 20
91 97
92 20
96 97
1 32
1 97
25 32
25 97
28 32
32 2
32 3
32 6
32 10
32 14
32 23
32 37
32 40
32 42
32 45
32 47
32 49
32 50
32 52
32 54
32 57
32 71
32 73
32 77
32 82
32 83
32 84
37 10
37 97
39 20
44 97
59 97
66 97
82 97
83 20
97 3
97 9
97 10
97 15
97 21
97 33
97 40
97 42
97 47
97 48
97 51
97 61
97 76
97 88
97 90
2 20
6 20
20 23
20 57
20 60
20 72
61 71
81 84
90 10
