1
4
100
88 7
88 90
88 97
88 50
7 32
62 20
62 19
62 56
62 3
20 74
50 98
50 84
99 73
99 78
99 63
99 52
17 76
17 81
17 38
17 24
17 92
17 46
78 86
25 6
25 18
35 43
35 16
37 84
94 66
94 75
94 71
33 15
12 97
31 52
31 11
97 41
97 9
97 11
97 22
97 92
75 69
75 23
75 86
69 16
72 73
73 28
28 55
28 90
93 45
93 71
93 23
93 24
0 21
0 76
90 55
90 61
16 98
16 14
32 64
32 22
32 26
32 56
64 76
64 5
22 38
22 61
56 10
91 95
96 38
96 8
98 45
98 86
80 87
95 40
95 15
95 21
39 77
39 60
39 47
45 8
86 58
10 58
10 46
57 40
52 77
52 34
54 55
77 1
77 24
63 49
55 42
18 79
49 3
58 87
21 70
40 44
40 15
87 81
8 11
60 89
