2
20
36
297
0 2
0 5
0 6
0 7
0 8
0 9
0 12
0 13
0 14
0 15
0 16
0 18
0 20
0 21
0 22
0 23
0 24
0 25
0 27
0 28
0 29
0 30
0 31
0 33
0 34
0 35
0 36
0 37
0 39
0 40
0 41
0 42
0 43
0 46
0 47
0 49
0 50
0 51
0 52
0 53
0 55
0 56
0 58
0 59
0 60
0 61
0 62
0 63
0 64
0 65
0 67
0 68
0 69
0 71
0 72
0 73
0 74
0 75
0 78
0 79
0 80
0 81
0 83
0 86
0 88
0 89
0 90
0 92
0 93
0 95
0 96
0 98
0 99
1 20
1 36
2 20
2 36
2 99
3 20
3 36
3 99
4 20
4 36
5 20
5 36
5 97
6 20
6 36
7 20
7 36
8 20
8 36
9 20
9 36
10 20
10 36
11 20
11 36
11 99
12 20
12 36
13 20
13 36
14 20
14 36
15 20
15 36
16 20
16 36
17 20
17 36
18 20
18 36
19 20
19 36
20 21
20 22
20 23
20 24
20 25
20 26
20 27
20 28
20 29
20 30
20 31
20 32
20 33
20 34
20 35
20 36
20 37
20 38
20 39
20 40
20 41
20 42
20 43
20 44
20 45
20 46
20 47
20 48
20 49
20 50
20 51
20 52
20 53
20 54
20 55
20 56
20 57
20 58
20 59
20 60
20 61
20 62
20 63
20 64
20 65
20 66
20 67
20 68
20 69
20 70
20 71
20 72
20 73
20 74
20 75
20 76
20 77
20 78
20 79
20 80
20 81
20 82
20 83
20 84
20 85
20 86
20 87
20 88
20 89
20 90
20 91
20 92
20 93
20 94
20 95
20 96
20 97
20 98
20 99
21 36
21 99
22 36
22 99
23 26
23 36
24 36
25 36
25 99
26 36
26 85
27 36
28 36
29 36
30 36
31 36
32 36
33 36
34 36
34 99
35 36
36 37
36 38
36 39
36 40
36 41
36 42
36 43
36 44
36 45
36 46
36 47
36 48
36 49
36 50
36 51
36 52
36 53
36 54
36 55
36 56
36 57
36 58
36 59
36 60
36 61
36 62
36 63
36 64
36 65
36 66
36 67
36 68
36 69
36 70
36 71
36 72
36 73
36 74
36 75
36 76
36 77
36 78
36 79
36 80
36 81
36 82
36 83
36 84
36 85
36 86
36 87
36 88
36 89
36 90
36 91
36 92
36 93
36 94
36 95
36 96
36 97
36 98
36 99
42 99
53 99
54 99
60 99
61 99
64 99
65 66
66 99
70 76
76 82
76 99
79 99
80 99
82 99
83 99
86 96
86 99
92 99
93 99
