5
13
32
41
60
76
433
0 1
0 2
0 3
0 4
0 6
0 7
0 11
0 12
0 13
0 15
0 16
0 17
0 18
0 20
0 24
0 28
0 29
0 33
0 36
0 38
0 39
0 43
0 45
0 48
0 49
0 50
0 51
0 53
0 54
0 55
0 56
0 57
0 58
0 59
0 60
0 63
0 64
0 65
0 66
0 67
0 68
0 70
0 72
0 74
0 75
0 76
0 77
0 78
0 79
0 81
0 82
0 83
0 84
0 85
0 86
0 87
0 88
0 89
0 90
0 91
0 94
0 97
0 98
0 99
1 41
2 13
2 32
2 41
2 76
2 99
3 13
3 32
3 41
3 76
3 99
4 13
4 32
4 41
4 76
5 13
5 32
5 41
5 76
5 99
6 13
6 32
6 60
6 76
7 13
7 32
7 41
7 60
7 61
7 76
8 13
8 60
8 61
8 76
9 32
9 41
9 60
9 76
9 99
10 13
10 32
10 41
10 76
10 99
11 13
11 32
11 41
11 49
11 76
12 13
12 32
12 41
12 60
12 61
12 76
12 80
13 14
13 15
13 16
13 17
13 18
13 19
13 20
13 21
13 23
13 25
13 26
13 27
13 28
13 30
13 31
13 32
13 33
13 34
13 35
13 36
13 39
13 42
13 43
13 44
13 51
13 52
13 53
13 54
13 56
13 57
13 59
13 60
13 61
13 62
13 63
13 66
13 67
13 68
13 69
13 71
13 73
13 74
13 75
13 77
13 78
13 80
13 82
13 83
13 87
13 88
13 89
13 90
13 93
13 94
13 96
13 97
13 98
13 99
14 32
14 41
14 60
14 76
14 99
15 32
15 60
15 76
16 32
16 60
16 76
17 32
17 60
17 76
17 99
18 41
18 60
19 32
19 41
19 60
19 76
21 32
21 60
21 76
21 99
22 32
22 41
22 60
23 32
23 41
23 60
24 32
24 41
25 60
25 76
26 32
26 60
26 76
27 32
27 60
27 76
28 32
28 33
28 41
28 76
29 41
29 76
29 99
30 32
30 41
30 60
30 76
31 32
31 41
31 60
31 76
32 33
32 34
32 37
32 38
32 39
32 40
32 41
32 42
32 43
32 45
32 47
32 48
32 52
32 53
32 54
32 55
32 56
32 57
32 58
32 61
32 62
32 63
32 64
32 66
32 68
32 69
32 70
32 72
32 73
32 74
32 75
32 78
32 79
32 80
32 81
32 82
32 83
32 84
32 85
32 88
32 89
32 90
32 91
32 92
32 93
32 94
32 95
32 97
32 98
32 99
33 41
33 60
33 76
34 41
34 87
34 99
35 41
35 60
35 76
36 41
36 61
36 76
37 60
37 76
38 41
38 60
38 76
39 41
39 60
39 76
40 41
40 76
41 42
41 43
41 44
41 47
41 48
41 51
41 53
41 56
41 58
41 59
41 61
41 62
41 63
41 65
41 67
41 68
41 69
41 72
41 74
41 75
41 76
41 78
41 79
41 82
41 83
41 84
41 85
41 87
41 90
41 91
41 92
41 93
41 94
41 95
41 96
41 97
41 99
42 60
42 61
42 76
43 60
43 76
44 76
45 60
46 60
46 61
46 76
47 60
47 61
48 60
49 60
49 76
49 99
50 60
50 76
51 60
51 76
52 76
53 60
53 76
54 60
56 60
57 61
59 60
59 76
60 61
60 62
60 63
60 64
60 66
60 69
60 70
60 71
60 73
60 76
60 77
60 78
60 80
60 83
60 85
60 86
60 88
60 90
60 91
60 92
60 94
60 96
60 98
60 99
61 64
61 66
61 75
61 76
61 79
61 80
61 85
61 98
63 76
64 76
64 99
65 76
66 76
67 76
67 99
70 76
71 76
72 99
73 76
74 76
75 76
76 77
76 78
76 79
76 83
76 85
76 87
76 89
76 90
76 91
76 92
76 93
76 94
76 95
76 96
76 98
76 99
80 99
