5
43
94
96
59
61
100
0 33
0 75
0 77
0 63
0 49
0 73
0 36
0 30
0 21
33 77
33 75
33 49
33 63
33 36
33 76
33 96
75 36
75 49
75 73
75 78
75 96
75 92
77 30
77 36
77 49
77 63
77 73
77 95
63 21
63 49
63 78
63 76
63 95
63 98
49 21
49 73
49 78
73 21
73 30
73 78
36 3
36 30
36 96
36 92
30 3
30 21
30 78
30 98
78 8
78 21
78 40
82 32
11 26
81 58
41 83
41 99
28 83
43 83
12 83
86 53
86 83
94 32
65 56
3 68
96 85
74 56
22 80
5 99
46 99
20 99
91 99
91 95
14 99
62 99
99 6
99 39
59 56
59 93
61 56
61 93
40 95
48 76
55 76
83 35
83 89
83 85
35 89
35 56
35 93
17 76
66 76
71 76
76 95
29 93
45 93
45 56
93 56
93 85
93 89
56 85
