5
67
89
55
32
36
100
0 10
0 12
0 14
0 17
0 23
0 26
0 35
0 43
0 53
0 54
0 57
0 64
0 65
0 66
0 67
0 80
0 85
0 89
0 98
10 34
12 4
17 9
17 81
26 4
34 3
34 8
34 9
34 16
34 24
34 25
34 28
34 30
34 32
34 64
34 65
34 68
34 71
34 79
34 80
34 88
34 36
34 56
34 58
35 4
53 81
54 81
54 99
66 85
66 99
67 24
80 99
85 29
85 32
85 46
85 87
98 9
3 4
5 4
15 9
15 81
22 4
22 81
42 81
69 4
70 9
83 81
2 81
75 4
75 81
81 7
81 16
81 18
81 19
81 27
81 49
81 73
81 74
81 90
81 96
19 4
88 99
93 99
4 6
4 58
4 44
4 46
4 20
4 95
11 99
49 99
72 9
46 9
21 99
33 48
40 9
32 9
48 9
48 99
24 9
60 9
