5
5
12
23
50
61
449
0 1
0 2
0 3
0 4
0 5
0 7
0 10
0 12
0 13
0 14
0 15
0 16
0 17
0 18
0 21
0 23
0 24
0 25
0 26
0 27
0 28
0 30
0 35
0 36
0 37
0 38
0 40
0 41
0 43
0 45
0 46
0 47
0 48
0 49
0 50
0 52
0 53
0 54
0 55
0 56
0 57
0 59
0 60
0 61
0 62
0 63
0 65
0 66
0 67
0 68
0 69
0 70
0 71
0 72
0 73
0 74
0 76
0 77
0 78
0 79
0 80
0 81
0 82
0 83
0 84
0 86
0 87
0 88
0 89
0 90
0 91
0 92
0 93
0 94
0 97
0 98
0 99
1 5
1 12
1 38
1 50
2 5
2 12
2 23
2 50
2 61
3 5
3 12
3 23
3 50
3 75
4 5
4 12
4 61
5 6
5 9
5 10
5 12
5 13
5 14
5 15
5 17
5 18
5 19
5 20
5 21
5 24
5 25
5 26
5 27
5 29
5 30
5 32
5 33
5 34
5 35
5 36
5 37
5 39
5 41
5 42
5 44
5 46
5 47
5 49
5 50
5 52
5 53
5 54
5 56
5 58
5 60
5 62
5 65
5 66
5 67
5 68
5 69
5 70
5 71
5 72
5 74
5 75
5 76
5 77
5 78
5 80
5 84
5 85
5 86
5 87
5 90
5 91
5 93
5 94
5 95
5 97
5 98
5 99
7 12
7 61
7 89
10 12
10 23
10 61
12 8
12 11
12 13
12 14
12 16
12 17
12 18
12 21
12 22
12 24
12 26
12 27
12 28
12 29
12 30
12 31
12 33
12 34
12 35
12 37
12 38
12 39
12 40
12 42
12 43
12 44
12 45
12 48
12 49
12 50
12 51
12 52
12 53
12 54
12 56
12 57
12 58
12 59
12 61
12 62
12 63
12 65
12 66
12 67
12 68
12 69
12 72
12 73
12 74
12 77
12 79
12 80
12 81
12 82
12 83
12 85
12 86
12 87
12 88
12 91
12 92
12 93
12 94
12 97
12 99
13 23
13 50
13 61
14 50
14 61
15 23
15 50
15 61
15 84
15 99
16 61
17 23
17 50
18 50
18 61
21 23
21 50
21 61
23 6
23 8
23 11
23 19
23 22
23 24
23 25
23 26
23 27
23 28
23 29
23 30
23 31
23 33
23 34
23 36
23 38
23 39
23 40
23 41
23 43
23 44
23 45
23 46
23 47
23 50
23 51
23 53
23 54
23 55
23 56
23 57
23 59
23 60
23 61
23 64
23 65
23 66
23 67
23 68
23 69
23 70
23 71
23 74
23 75
23 77
23 78
23 79
23 82
23 83
23 85
23 86
23 87
23 88
23 89
23 90
23 91
23 92
23 96
23 97
23 98
24 50
24 61
25 33
25 50
25 61
26 50
26 61
27 50
27 61
28 61
30 61
33 50
33 61
33 87
35 50
35 61
36 50
37 61
38 50
38 61
38 99
40 50
41 50
41 61
43 50
43 61
45 50
45 61
45 99
46 50
46 61
47 50
48 61
49 50
49 61
50 6
50 9
50 19
50 29
50 31
50 32
50 34
50 44
50 51
50 52
50 53
50 54
50 55
50 57
50 59
50 61
50 62
50 63
50 64
50 65
50 66
50 68
50 69
50 70
50 72
50 73
50 74
50 77
50 78
50 80
50 81
50 82
50 83
50 84
50 86
50 87
50 89
50 90
50 91
50 92
50 93
50 94
50 95
50 96
50 97
50 98
52 61
53 61
54 61
55 61
56 99
57 61
57 99
59 61
59 99
60 61
61 8
61 9
61 22
61 29
61 31
61 32
61 34
61 39
61 42
61 44
61 51
61 58
61 62
61 63
61 64
61 65
61 68
61 69
61 70
61 71
61 72
61 75
61 76
61 77
61 78
61 79
61 80
61 81
61 83
61 84
61 86
61 87
61 88
61 89
61 92
61 95
61 97
61 98
61 99
73 99
76 99
80 99
87 99
89 99
98 32
98 44
99 8
99 44
99 58
