5
6
72
81
58
78
234
0 1
0 47
0 21
0 57
0 13
0 23
0 31
0 33
0 36
0 37
0 53
0 61
0 69
0 71
0 74
0 76
0 78
0 82
1 6
1 72
1 34
47 78
47 14
21 34
21 58
21 81
21 68
57 58
57 14
2 14
2 58
2 78
2 81
46 78
46 6
7 6
18 6
18 14
18 58
17 14
17 6
17 81
17 72
17 58
17 78
82 29
82 38
82 44
82 50
82 53
82 56
82 78
82 81
82 41
82 72
82 74
82 23
82 16
82 80
82 24
28 6
28 68
54 23
54 14
54 58
3 81
71 6
71 72
40 58
6 4
6 5
6 64
6 41
6 45
6 52
6 79
6 49
6 13
6 23
6 56
6 34
6 15
6 22
6 26
6 33
6 38
6 48
6 50
6 60
6 63
6 65
6 75
30 14
30 31
30 68
50 72
50 68
50 34
72 22
72 29
72 45
72 49
72 55
72 73
72 78
72 74
72 72
72 58
72 76
72 77
12 13
12 58
12 81
12 78
35 81
35 58
34 23
34 78
34 58
11 14
75 78
75 81
8 68
65 14
65 68
65 81
37 78
37 68
23 78
23 44
23 81
4 68
4 58
4 78
4 81
70 14
70 78
74 14
74 58
53 52
53 81
53 68
81 5
81 10
81 20
81 26
81 31
81 32
81 60
81 62
81 80
81 59
81 9
81 63
81 58
81 29
77 68
77 78
59 14
59 58
44 41
44 58
5 14
5 78
68 29
68 42
68 55
68 62
68 67
68 69
68 43
68 27
68 61
68 48
68 52
68 73
58 9
58 25
58 26
58 41
58 42
58 52
58 60
58 20
58 19
58 76
58 79
58 29
58 14
58 48
58 63
58 64
58 67
58 69
56 78
78 9
78 13
78 20
78 29
78 48
78 55
78 61
78 73
78 79
78 49
78 10
78 39
78 43
78 78
78 80
78 15
78 62
62 10
62 14
62 13
64 14
14 13
14 15
14 29
14 26
14 48
14 9
14 24
14 80
14 79
14 61
14 32
14 41
14 51
14 52
14 73
10 26
10 66
80 61
