0
100
0 4
0 5
0 6
0 7
0 8
0 9
0 10
0 11
0 12
0 13
0 15
0 16
0 17
0 18
0 19
0 20
0 22
0 23
0 25
0 27
0 28
0 29
0 30
0 31
0 32
0 33
0 34
0 35
0 36
0 37
0 38
0 39
0 40
0 41
0 42
0 43
0 46
0 47
0 48
0 52
0 55
0 56
0 57
0 58
0 60
0 61
0 62
0 64
0 65
0 66
0 69
0 70
0 72
0 73
0 74
0 75
0 77
0 78
0 82
0 86
0 87
0 89
0 90
0 91
0 92
0 93
0 94
0 95
0 96
0 97
0 98
3 4
3 12
3 13
3 18
3 19
3 22
3 25
3 26
3 33
3 48
3 55
3 56
3 57
3 58
3 60
3 71
3 73
3 74
3 77
3 83
3 88
3 89
3 91
3 92
3 97
10 99
62 99
75 99
85 99
