5
4
23
24
25
3
350
0 14
0 40
0 1
0 2
0 4
0 5
0 7
0 8
0 9
0 10
0 11
0 13
0 15
0 16
0 17
0 19
0 20
0 22
0 23
0 24
0 25
0 26
0 27
0 28
0 30
0 31
0 32
0 33
0 36
0 37
0 39
0 43
0 44
0 46
0 47
0 49
0 50
0 52
0 53
0 55
0 57
0 58
0 59
0 60
0 62
0 63
0 64
0 65
0 66
0 67
0 68
14 3
14 4
14 23
14 24
14 25
14 71
40 3
40 23
40 24
40 25
40 71
1 3
1 23
1 25
2 71
4 19
4 5
4 6
4 7
4 8
4 9
4 10
4 11
4 13
4 15
4 16
4 17
4 18
4 20
4 22
4 23
4 24
4 25
4 26
4 27
4 28
4 29
4 30
4 32
4 33
4 34
4 35
4 37
4 39
4 43
4 45
4 46
4 48
4 49
4 51
4 52
4 54
4 57
4 58
4 59
4 60
4 62
4 63
4 64
4 65
4 66
4 69
4 71
5 3
5 23
5 24
5 25
5 71
7 3
7 25
7 39
7 71
8 24
8 71
9 3
9 23
9 24
9 25
9 71
10 3
10 25
10 71
11 3
11 23
11 24
11 25
13 17
13 23
13 24
13 25
13 71
15 23
15 24
15 25
16 3
16 23
16 24
16 25
17 3
17 23
17 24
17 25
19 23
19 24
19 25
19 50
19 71
20 3
20 23
20 24
20 25
20 61
22 3
22 24
22 25
22 56
23 6
23 12
23 18
23 21
23 24
23 25
23 26
23 27
23 28
23 29
23 30
23 32
23 33
23 34
23 35
23 36
23 39
23 45
23 47
23 49
23 50
23 51
23 54
23 56
23 57
23 58
23 59
23 60
23 61
23 62
23 63
23 64
23 65
23 66
23 67
23 71
24 3
24 6
24 18
24 21
24 25
24 26
24 27
24 28
24 29
24 30
24 31
24 32
24 34
24 36
24 37
24 38
24 39
24 41
24 42
24 43
24 45
24 46
24 50
24 51
24 52
24 53
24 55
24 57
24 58
24 60
24 62
24 63
24 64
24 65
24 66
24 67
24 68
24 70
24 71
25 12
25 21
25 26
25 27
25 28
25 29
25 30
25 31
25 32
25 33
25 34
25 35
25 37
25 41
25 42
25 43
25 44
25 46
25 49
25 50
25 51
25 52
25 53
25 54
25 55
25 56
25 57
25 58
25 59
25 60
25 61
25 63
25 65
25 66
25 67
25 68
25 70
26 3
26 71
27 3
27 42
28 3
28 71
30 3
30 61
30 71
31 3
31 61
32 3
32 71
36 3
37 3
39 3
43 3
44 71
46 3
46 56
46 71
47 71
49 3
49 71
50 3
52 3
53 3
55 71
57 3
57 71
58 3
58 71
59 3
60 3
60 71
61 3
61 68
62 3
63 3
64 3
64 71
65 3
66 3
67 3
67 71
68 3
68 71
3 56
3 6
3 12
3 18
3 29
3 34
3 35
3 38
3 41
3 42
3 45
3 48
3 51
3 54
3 70
3 71
29 71
34 71
42 71
54 71
70 71
45 71
48 71
51 71
