5
40
77
87
96
44
100
0 1
0 3
0 5
0 9
0 10
0 12
0 15
0 17
0 18
0 23
0 25
0 26
0 27
0 30
0 31
0 33
0 35
0 39
0 40
0 41
0 46
0 47
0 49
0 51
0 53
0 56
0 66
0 67
0 69
0 70
0 72
0 77
0 80
0 82
0 83
0 86
0 87
0 88
0 89
0 91
0 93
0 95
0 96
0 98
0 99
0 21
0 32
0 37
0 43
0 48
0 52
0 54
0 58
0 59
0 60
0 61
0 75
3 28
3 99
5 28
12 28
12 99
15 99
18 99
28 14
28 16
28 21
28 33
28 34
28 37
28 41
28 49
28 50
28 53
28 54
28 61
28 65
28 70
28 82
28 83
28 93
28 98
31 99
33 99
35 99
82 99
83 99
93 99
99 16
99 54
99 58
99 60
99 65
99 79
99 7
99 50
99 52
99 68
20 7
34 8
