5
18
34
40
93
94
582
0 2
0 3
0 4
0 5
0 6
0 7
0 8
0 11
0 14
0 16
0 17
0 18
0 19
0 20
0 21
0 23
0 24
0 25
0 26
0 29
0 30
0 31
0 32
0 33
0 34
0 35
0 36
0 38
0 40
0 41
0 42
0 43
0 44
0 45
0 46
0 48
0 54
0 57
0 61
0 62
0 63
0 64
0 65
0 67
0 68
0 69
0 70
0 72
0 73
0 76
0 77
0 78
0 79
0 80
0 81
0 82
0 83
0 84
0 85
0 86
0 89
0 90
0 92
0 93
0 94
0 95
0 96
0 97
0 98
0 99
1 18
1 34
1 40
1 93
1 94
1 99
2 7
2 18
2 34
2 40
2 93
2 94
3 18
3 34
3 40
3 93
3 94
4 7
4 18
4 34
4 40
4 93
4 94
5 18
5 34
5 40
5 93
5 94
6 18
6 34
6 40
6 93
6 94
7 18
7 34
7 40
7 93
7 94
7 99
8 18
8 34
8 40
8 93
8 94
9 18
9 34
9 40
9 93
9 94
9 99
10 18
10 34
10 40
10 93
10 94
11 18
11 34
11 40
11 93
11 94
12 18
12 34
12 40
12 93
12 94
12 99
13 18
13 34
13 40
13 93
13 94
13 99
14 18
14 34
14 40
14 93
14 94
15 18
15 34
15 40
15 93
15 94
15 99
16 18
16 34
16 40
16 93
16 94
17 18
17 34
17 40
17 93
17 94
18 19
18 20
18 21
18 22
18 23
18 24
18 25
18 26
18 27
18 28
18 29
18 30
18 31
18 32
18 33
18 34
18 35
18 36
18 37
18 38
18 39
18 40
18 41
18 42
18 43
18 44
18 45
18 46
18 47
18 48
18 49
18 50
18 51
18 52
18 53
18 54
18 55
18 56
18 57
18 58
18 59
18 60
18 61
18 62
18 63
18 64
18 65
18 66
18 67
18 68
18 69
18 70
18 71
18 72
18 73
18 74
18 75
18 76
18 77
18 78
18 79
18 80
18 81
18 82
18 83
18 84
18 85
18 86
18 87
18 88
18 89
18 90
18 91
18 92
18 93
18 94
18 95
18 96
18 97
18 98
18 99
19 34
19 40
19 93
19 94
20 34
20 40
20 93
20 94
20 99
21 34
21 40
21 93
21 94
22 34
22 40
22 93
22 94
23 34
23 40
23 93
23 94
24 34
24 40
24 41
24 93
24 94
24 96
24 99
25 34
25 40
25 93
25 94
25 99
26 34
26 40
26 41
26 93
26 94
26 99
27 34
27 40
27 93
27 94
28 34
28 40
28 93
28 94
29 34
29 40
29 93
29 94
30 34
30 40
30 93
30 94
31 34
31 40
31 93
31 94
31 99
32 34
32 40
32 93
32 94
33 34
33 40
33 93
33 94
34 35
34 36
34 37
34 38
34 39
34 40
34 41
34 42
34 43
34 44
34 45
34 46
34 47
34 48
34 49
34 50
34 51
34 52
34 53
34 54
34 55
34 56
34 57
34 58
34 59
34 60
34 61
34 62
34 63
34 64
34 65
34 66
34 67
34 68
34 69
34 70
34 71
34 72
34 73
34 74
34 75
34 76
34 77
34 78
34 79
34 80
34 81
34 82
34 83
34 84
34 85
34 86
34 87
34 88
34 89
34 90
34 91
34 92
34 93
34 94
34 95
34 96
34 97
34 98
34 99
35 40
35 93
35 94
36 40
36 93
36 94
37 40
37 93
37 94
38 40
38 93
38 94
39 40
39 93
39 94
40 41
40 42
40 43
40 44
40 45
40 46
40 47
40 48
40 49
40 50
40 51
40 52
40 53
40 54
40 55
40 56
40 57
40 58
40 59
40 60
40 61
40 62
40 63
40 64
40 65
40 66
40 67
40 68
40 69
40 70
40 71
40 72
40 73
40 74
40 75
40 76
40 77
40 78
40 79
40 80
40 81
40 82
40 83
40 84
40 85
40 86
40 87
40 88
40 89
40 90
40 91
40 92
40 93
40 94
40 95
40 96
40 97
40 98
40 99
41 93
41 94
41 99
42 93
42 94
43 93
43 94
44 93
44 94
45 93
45 94
45 99
46 93
46 94
46 99
47 93
47 94
48 93
48 94
49 93
49 94
50 93
50 94
51 93
51 94
52 93
52 94
53 93
53 94
53 99
54 93
54 94
54 99
55 93
55 94
56 93
56 94
57 93
57 94
58 93
58 94
59 93
59 94
60 91
60 93
60 94
60 99
61 93
61 94
62 93
62 94
62 99
63 93
63 94
63 99
64 93
64 94
65 93
65 94
65 99
66 93
66 94
67 93
67 94
68 93
68 94
68 99
69 93
69 94
70 93
70 94
71 93
71 94
72 93
72 94
73 93
73 94
74 93
74 94
75 93
75 94
76 93
76 94
77 93
77 94
78 93
78 94
79 93
79 94
80 93
80 94
81 93
81 94
82 93
82 94
82 99
83 93
83 94
84 93
84 94
84 99
85 93
85 94
86 93
86 94
87 93
87 94
87 99
88 93
88 94
89 93
89 94
89 99
90 93
90 94
91 93
91 94
92 93
92 94
93 94
93 95
93 96
93 97
93 98
93 99
94 95
94 96
94 97
94 98
94 99
98 99
