5
27
55
88
89
17
100
0 43
0 29
0 63
0 16
0 10
0 30
0 59
0 74
0 6
0 32
0 54
64 1
64 5
64 28
64 48
64 68
64 82
64 90
29 96
29 71
63 6
63 28
63 34
63 41
63 44
63 89
63 91
63 70
63 75
16 71
30 18
30 72
59 1
59 5
59 13
59 17
59 35
59 49
59 58
59 81
59 69
59 86
54 1
1 28
1 11
1 15
1 45
1 91
1 58
1 20
1 39
1 56
28 18
28 19
19 51
19 49
19 80
19 72
19 39
19 47
19 22
19 82
19 86
71 3
71 60
71 72
91 86
58 21
39 42
2 98
98 57
98 86
98 99
34 31
88 81
88 99
38 36
48 18
9 72
4 96
53 31
5 18
93 21
94 96
96 69
14 21
83 99
18 40
40 72
40 99
87 99
80 85
7 31
31 42
31 72
62 81
72 36
72 86
72 76
99 85
