5
45
26
17
37
38
100
0 1
1 11
10 11
10 20
11 12
11 21
20 21
21 22
21 31
30 31
30 40
31 32
31 41
40 50
41 50
41 51
71 72
71 81
80 81
80 90
81 72
81 91
91 82
2 3
2 12
12 13
12 22
22 23
22 32
32 33
42 52
62 72
72 63
82 83
82 73
82 92
92 93
3 13
13 14
13 23
63 64
63 73
73 74
73 83
83 84
83 93
4 5
4 14
34 35
44 45
54 55
54 64
64 65
64 74
74 75
74 84
84 85
84 94
94 95
35 36
35 45
55 46
55 65
65 56
65 75
75 76
75 85
85 86
85 76
95 96
56 66
66 67
66 57
66 76
76 86
86 87
86 96
57 58
57 67
67 68
67 77
77 78
77 68
77 87
87 78
87 97
97 88
48 49
48 58
58 59
58 68
68 69
78 79
78 88
88 89
88 98
98 99
39 49
59 69
79 89
