2
58
3
100
0 2
0 9
0 12
0 15
0 25
0 33
0 44
0 52
0 64
2 1
2 5
2 7
2 15
2 28
2 39
2 47
2 56
2 62
9 4
9 11
9 13
9 48
9 60
12 1
15 4
15 16
15 19
25 7
25 14
25 57
33 4
33 34
33 41
42 5
42 7
42 60
44 49
52 1
52 26
52 61
64 4
64 7
64 65
64 66
1 4
1 14
1 22
1 34
1 45
1 58
4 23
4 67
14 13
14 34
34 21
41 36
45 16
45 17
45 30
45 56
58 37
58 47
66 61
5 3
5 10
5 37
5 68
7 11
7 59
7 68
28 17
35 3
39 10
56 6
62 6
62 16
3 8
3 46
3 67
38 6
46 13
46 69
67 10
67 11
68 43
10 27
24 16
24 69
37 49
6 29
6 54
29 20
57 50
57 69
59 49
13 51
16 30
16 49
19 20
30 53
