5
41
42
37
51
22
448
0 45
0 82
0 70
0 24
0 65
0 18
0 41
0 81
0 40
0 47
0 19
0 80
0 46
0 26
0 3
0 66
0 42
0 14
0 5
0 62
0 32
0 30
0 49
0 72
0 27
0 13
0 68
0 85
0 63
0 34
0 25
0 98
0 7
0 92
0 2
0 59
0 36
0 84
0 87
0 75
0 17
0 79
0 10
0 52
0 97
0 28
0 77
0 54
0 39
0 38
0 21
0 50
0 58
0 99
0 20
0 9
0 44
0 16
0 37
0 51
0 74
0 69
0 1
0 83
0 64
0 67
0 31
0 43
0 4
0 6
0 23
0 29
0 53
0 55
0 60
0 71
0 86
0 89
0 96
45 37
45 41
45 42
45 51
82 37
82 41
82 42
70 37
70 41
70 42
70 51
24 22
24 37
24 41
24 42
24 51
65 37
65 42
18 22
18 95
18 37
18 51
41 4
41 5
41 6
41 10
41 15
41 17
41 19
41 20
41 35
41 37
41 38
41 30
41 71
41 93
41 98
41 85
41 99
41 42
41 36
41 2
41 51
41 63
41 39
41 91
41 87
41 49
41 62
41 78
41 33
41 80
41 1
41 52
41 61
41 90
41 83
41 94
41 56
41 11
41 69
41 9
41 8
41 77
41 95
41 43
41 21
41 32
41 12
41 64
41 96
41 92
41 84
41 72
41 86
41 47
41 40
41 25
41 14
41 89
41 31
41 48
41 53
41 55
41 67
41 76
41 88
81 42
81 51
40 37
40 42
40 51
47 37
47 42
47 51
19 22
19 99
19 51
19 42
19 37
80 37
80 22
80 42
46 37
46 42
46 51
26 37
26 42
3 42
3 37
66 37
66 42
42 5
42 6
42 14
42 20
42 28
42 30
42 32
42 33
42 37
42 38
42 96
42 43
42 2
42 39
42 52
42 56
42 78
42 88
42 62
42 92
42 54
42 10
42 31
42 60
42 86
42 48
42 83
42 34
42 4
42 49
42 73
42 21
42 77
42 55
42 69
42 12
42 58
42 1
42 9
42 63
42 67
42 13
42 44
42 61
42 15
42 7
42 27
42 11
42 51
42 98
42 36
42 95
42 8
42 75
42 74
42 53
42 17
42 91
42 76
42 84
42 68
42 71
14 37
14 51
5 37
5 22
5 95
5 51
62 37
32 22
32 37
32 51
30 37
30 51
49 37
49 51
72 37
72 51
27 37
13 22
13 51
13 37
68 22
68 37
85 22
85 51
85 99
63 37
63 51
34 51
34 37
25 22
25 37
98 37
98 51
98 22
7 51
7 37
95 17
95 22
95 33
95 37
95 38
95 48
95 51
95 67
95 93
92 22
92 37
2 37
2 99
59 37
36 22
36 37
84 37
87 51
87 22
87 37
87 99
75 37
75 51
17 22
17 51
17 37
79 37
79 51
10 22
10 37
10 51
52 37
52 51
52 22
97 37
97 51
28 37
28 22
28 51
77 37
77 51
77 22
54 51
39 37
39 51
38 37
38 22
38 99
38 51
21 37
50 37
50 51
58 37
58 51
58 22
99 4
99 23
99 31
99 37
99 44
99 51
99 53
99 57
99 90
99 71
20 37
20 22
20 51
9 51
44 37
44 51
44 22
16 37
16 51
37 1
37 6
37 11
37 15
37 23
37 29
37 33
37 35
37 69
37 90
37 93
37 56
37 86
37 73
37 57
37 88
37 78
37 76
37 67
37 74
37 61
37 43
37 71
37 89
37 31
37 60
37 4
37 83
37 64
37 55
37 48
37 96
37 12
37 8
37 22
37 94
37 51
37 53
51 1
51 4
51 6
51 15
51 48
51 89
51 31
51 76
51 23
51 33
51 88
51 73
51 67
51 91
51 43
51 86
51 61
51 60
51 83
51 57
51 8
51 94
51 29
51 96
51 12
51 53
51 55
51 56
51 71
51 78
51 93
74 22
1 22
83 22
88 22
8 22
48 22
78 22
94 22
71 22
55 22
23 22
6 22
73 22
53 22
57 22
96 22
