5
51
57
77
43
94
100
0 92
0 95
0 48
92 10
92 24
92 85
92 98
95 20
48 36
48 85
1 40
1 11
1 82
87 69
87 78
87 86
40 4
40 14
40 77
40 93
11 85
11 39
82 38
82 41
82 64
82 86
2 34
2 52
2 29
2 41
2 26
2 75
2 7
2 4
36 3
36 12
36 29
36 32
36 56
36 37
36 58
36 90
34 50
29 38
41 20
41 90
88 65
88 83
88 86
75 73
7 38
7 32
3 38
22 99
79 32
38 54
60 50
60 99
8 21
80 20
80 24
80 67
80 71
51 20
51 65
51 96
17 65
17 76
5 72
5 55
5 39
5 57
55 56
39 69
57 10
57 15
57 65
57 96
37 21
68 65
84 65
77 24
32 19
32 50
90 46
90 58
86 58
85 46
85 69
85 81
19 20
25 20
15 54
50 66
16 69
91 65
69 20
69 81
76 35
35 96
