5
43
56
61
62
77
100
0 1
0 2
0 3
0 4
0 5
0 6
0 8
0 9
0 10
0 11
0 12
0 14
0 17
0 19
0 20
0 21
0 23
0 24
0 25
0 26
0 29
0 30
0 33
0 34
0 35
0 36
0 37
0 38
0 39
0 40
0 41
0 42
0 44
0 45
0 46
0 47
0 50
0 51
0 53
0 54
0 55
0 56
0 57
0 58
0 59
0 63
0 65
0 66
0 68
0 69
0 70
0 71
0 72
0 73
0 74
0 79
0 80
0 81
0 82
0 84
0 85
0 86
0 87
0 89
0 90
0 91
0 92
0 93
0 94
0 95
0 96
0 99
1 4
1 99
2 99
5 99
12 55
13 99
19 23
23 99
25 99
36 99
38 99
40 75
41 99
42 99
49 99
50 99
61 66
61 99
67 99
71 99
72 89
75 99
76 99
78 99
80 99
85 99
87 99
97 99
