5
7
70
73
85
95
338
0 1
0 2
0 3
0 4
0 5
0 6
0 7
0 8
0 9
0 10
0 11
0 12
0 13
0 14
0 15
0 16
0 17
0 18
0 19
0 20
0 21
0 22
0 23
0 24
0 25
0 26
0 27
0 28
0 29
0 30
0 31
0 33
0 34
0 35
0 36
0 37
0 38
0 39
0 40
0 41
0 42
0 43
0 44
0 45
0 46
0 47
0 48
1 70
1 73
1 85
1 95
2 70
2 73
2 85
2 95
3 70
3 73
3 85
3 95
4 70
4 73
4 85
4 95
5 70
5 73
5 77
5 85
5 95
6 70
6 73
6 85
6 95
7 49
7 50
7 51
7 52
7 53
7 54
7 55
7 56
7 57
7 58
7 59
7 60
7 61
7 62
7 63
7 64
7 65
7 66
7 67
7 68
7 69
7 70
7 71
7 72
7 73
7 74
7 75
7 76
7 77
7 78
7 79
7 80
7 81
7 82
7 83
7 84
7 85
7 86
7 87
7 88
7 89
7 90
7 91
7 92
7 93
7 94
7 95
7 96
8 70
8 73
8 85
8 95
9 70
9 73
9 85
9 95
10 70
10 73
10 85
10 95
11 70
11 73
11 85
11 95
12 70
12 73
12 85
12 95
13 70
13 73
13 85
13 95
14 70
14 73
14 85
14 95
15 70
15 73
15 85
15 95
16 70
16 73
16 85
16 95
17 70
17 73
17 85
17 95
18 70
18 73
18 85
18 95
19 70
19 73
19 85
19 95
20 70
20 73
20 85
20 95
21 70
21 73
21 85
21 95
22 50
22 70
22 73
22 85
22 95
23 70
23 73
23 85
23 95
24 70
24 73
24 85
24 95
25 70
25 73
25 85
25 95
26 70
26 73
26 85
26 95
27 70
27 73
27 85
27 95
28 70
28 73
28 85
28 95
29 70
29 73
29 85
29 95
30 70
30 73
30 85
30 95
31 70
31 73
31 85
31 95
32 50
32 51
32 53
32 54
32 55
32 56
32 57
32 59
32 60
32 61
32 62
32 63
32 64
32 65
32 66
32 67
32 68
32 69
32 70
32 71
32 73
32 74
32 75
32 76
32 77
32 78
32 79
32 82
32 83
32 84
32 85
32 86
32 87
32 88
32 89
32 90
32 91
32 92
32 93
32 94
32 95
32 96
33 70
33 73
33 85
33 95
34 70
34 73
34 85
34 95
35 70
35 73
35 85
35 95
36 70
36 73
36 85
36 95
37 70
37 73
37 85
37 95
38 70
38 73
38 85
38 95
39 70
39 73
39 85
39 95
40 70
40 73
40 85
40 95
41 70
41 73
41 85
41 95
42 70
42 73
42 85
42 91
42 95
43 70
43 73
43 85
43 95
44 70
44 73
44 85
44 95
45 70
45 73
45 85
45 95
46 70
46 73
46 85
46 95
47 70
47 73
47 85
47 95
48 70
48 73
48 85
48 95
49 97
50 97
52 97
60 97
61 97
68 97
69 97
70 97
73 97
76 97
77 97
85 97
91 97
95 97
