5
88
86
66
14
21
100
54 88
54 75
54 0
54 9
54 38
54 34
54 55
54 16
54 22
54 45
54 96
4 99
47 17
47 57
47 69
47 66
47 44
47 67
47 97
68 65
68 17
68 84
68 34
68 70
68 71
68 38
68 35
68 67
68 91
68 14
68 27
68 53
68 58
39 53
86 0
86 57
79 57
73 12
66 0
6 57
50 99
50 53
36 53
53 82
53 57
53 69
53 27
53 74
53 98
53 22
53 1
53 44
53 48
45 11
45 57
71 11
32 94
32 11
94 74
94 37
94 77
94 11
82 91
5 0
2 99
8 99
70 37
84 57
57 13
57 3
57 35
57 55
34 0
48 91
48 0
48 11
48 99
93 91
93 37
96 0
7 0
51 99
99 20
99 26
99 23
69 0
69 87
31 0
31 91
13 0
26 0
3 91
90 91
90 11
91 83
91 28
0 44
0 62
0 37
37 11
