5
14
57
15
30
69
301
0 1
0 3
0 7
0 8
0 9
0 11
0 14
0 17
0 20
0 21
0 22
0 23
0 25
0 26
0 28
0 32
0 37
0 38
0 40
0 43
0 46
0 47
0 48
0 49
0 53
0 54
0 55
0 57
0 58
0 60
0 61
0 62
0 65
0 66
0 67
0 68
0 70
1 15
1 30
1 57
1 69
3 14
3 30
3 57
7 15
7 57
8 14
8 30
8 57
9 15
9 57
11 15
11 30
11 34
11 57
11 69
14 2
14 4
14 5
14 6
14 13
14 15
14 16
14 17
14 18
14 20
14 22
14 23
14 24
14 25
14 27
14 29
14 30
14 31
14 32
14 34
14 36
14 41
14 42
14 44
14 47
14 49
14 54
14 55
14 57
14 58
14 59
14 60
14 61
14 63
14 64
14 65
14 67
14 69
14 70
17 15
17 30
17 34
17 57
20 22
20 34
20 57
20 69
21 15
21 30
21 57
21 70
22 15
22 30
22 33
22 70
23 15
23 34
25 15
25 24
25 30
25 57
26 15
26 24
26 34
26 69
26 70
28 15
28 24
28 30
28 34
28 44
28 57
32 15
32 30
32 34
32 69
34 4
34 5
34 6
34 10
34 12
34 16
34 30
34 31
34 33
34 39
34 40
34 41
34 42
34 43
34 44
34 45
34 46
34 48
34 49
34 50
34 51
34 54
34 55
34 56
34 58
34 59
34 60
34 61
34 65
34 67
34 69
34 70
37 15
37 57
37 69
38 24
38 57
40 15
40 69
43 30
43 57
43 69
43 70
46 15
46 30
46 57
46 69
47 15
47 30
47 57
47 69
48 15
49 15
49 69
49 70
53 15
53 69
54 57
54 69
55 15
55 30
55 69
57 2
57 4
57 5
57 6
57 10
57 15
57 16
57 24
57 27
57 29
57 30
57 33
57 35
57 36
57 39
57 41
57 42
57 45
57 50
57 58
57 59
57 60
57 63
57 65
57 66
57 67
57 70
60 30
61 30
61 65
61 69
61 70
62 30
62 69
65 15
65 69
66 15
67 15
68 15
68 30
68 69
70 15
70 18
70 24
70 30
70 44
70 45
70 51
70 63
70 64
70 69
2 15
2 30
2 69
4 24
4 30
4 69
5 15
5 30
5 69
6 30
10 15
10 69
15 12
15 16
15 19
15 27
15 29
15 30
15 31
15 33
15 35
15 41
15 45
15 50
15 51
15 52
15 59
15 64
15 69
19 69
30 18
30 24
30 33
30 36
30 39
30 41
30 42
30 44
30 45
30 51
30 64
35 69
41 69
44 69
52 69
69 12
69 13
69 16
69 24
69 27
69 29
69 31
69 39
69 45
69 51
69 63
