2
11
85
290
0 1
0 2
0 3
0 4
0 5
0 6
0 7
0 8
0 9
0 11
0 12
0 13
0 14
0 15
0 16
0 17
0 18
0 19
0 20
0 21
0 22
0 23
0 24
0 25
0 26
0 27
0 28
0 29
0 30
0 31
0 32
0 33
0 34
0 35
0 36
0 37
0 38
0 39
0 40
0 41
0 42
0 43
0 44
0 45
0 46
0 47
0 48
0 49
0 50
0 51
0 52
0 53
0 54
0 55
0 56
0 57
0 59
0 60
0 61
0 62
0 63
0 64
0 65
0 66
0 67
0 68
0 69
0 70
0 71
0 72
0 74
0 75
0 76
0 78
0 79
0 81
0 82
0 83
0 85
0 86
0 87
0 88
0 90
0 91
0 92
0 93
0 94
0 95
0 96
1 11
1 85
2 11
2 85
3 11
3 85
4 11
4 85
5 11
5 85
6 11
6 85
7 11
7 85
8 11
8 85
9 11
9 85
10 11
10 85
11 12
11 13
11 14
11 15
11 16
11 17
11 18
11 19
11 20
11 21
11 22
11 23
11 24
11 25
11 26
11 27
11 28
11 29
11 30
11 31
11 32
11 33
11 34
11 35
11 36
11 37
11 38
11 39
11 40
11 41
11 42
11 43
11 44
11 45
11 46
11 47
11 48
11 49
11 50
11 51
11 52
11 53
11 54
11 55
11 56
11 57
11 58
11 59
11 60
11 61
11 62
11 63
11 64
11 65
11 66
11 67
11 68
11 69
11 70
11 71
11 72
11 73
11 74
11 75
11 76
11 77
11 78
11 79
11 80
11 81
11 82
11 83
11 84
11 85
11 86
11 87
11 88
11 89
11 90
11 91
11 92
11 93
11 94
11 95
11 96
12 85
13 85
14 85
15 85
16 85
16 96
17 61
17 85
18 85
19 85
19 96
20 85
21 85
21 86
22 85
23 85
24 85
25 85
26 85
27 85
28 85
29 85
30 85
31 85
32 85
33 85
34 85
35 85
36 85
37 85
38 85
39 85
40 85
41 85
42 85
43 85
44 85
45 85
46 85
47 85
47 96
48 85
49 85
50 85
51 85
52 85
53 85
54 85
55 85
56 62
56 85
56 96
57 85
58 85
59 85
60 85
60 96
61 85
61 96
62 85
63 85
64 85
65 85
66 85
67 85
68 85
69 85
70 85
71 85
71 96
72 85
73 85
74 85
75 85
76 85
77 85
78 85
79 85
80 85
80 96
81 85
82 85
83 85
84 85
85 86
85 87
85 88
85 89
85 90
85 91
85 92
85 93
85 94
85 95
85 96
86 96
