5
12
13
27
3
4
184
0 6
0 7
0 9
0 10
0 12
0 13
0 14
0 15
0 17
0 18
0 20
0 21
0 22
0 23
0 24
0 25
0 26
0 28
0 29
0 31
0 41
0 45
0 46
0 62
0 65
0 66
0 67
0 69
0 70
0 72
0 83
0 98
6 3
6 4
6 12
6 13
6 24
6 37
6 57
6 59
7 3
7 4
7 12
7 17
9 4
9 13
10 3
10 4
10 13
10 27
10 37
10 83
12 2
12 4
12 5
12 13
12 14
12 23
12 25
12 26
12 29
12 31
12 46
12 51
12 52
12 67
12 80
12 82
12 89
12 92
12 95
13 2
13 24
13 34
13 37
13 38
13 42
13 45
13 55
13 67
13 70
13 83
13 92
13 94
14 4
14 25
14 37
15 3
17 3
17 25
17 59
17 99
18 3
18 4
20 3
20 4
20 63
21 99
22 3
22 25
22 27
22 86
23 8
23 24
24 4
24 8
24 33
24 58
24 87
25 4
25 30
25 31
25 94
26 3
26 27
26 57
28 3
28 4
28 29
28 59
29 3
29 16
62 8
63 40
63 43
63 48
66 27
67 2
67 8
67 85
70 8
72 3
72 4
83 8
1 27
1 57
1 86
11 4
27 3
27 4
27 30
27 38
27 44
27 50
33 4
39 37
50 4
57 43
57 53
57 86
58 3
60 4
82 3
86 19
87 4
8 3
8 4
8 59
54 4
54 37
85 4
97 4
3 16
3 30
3 32
3 47
3 51
3 53
3 59
3 64
3 81
3 91
3 99
16 4
16 81
16 99
32 99
51 4
91 4
4 37
37 49
37 52
37 77
37 92
