0
99
0 51
0 65
0 37
45 42
45 84
65 11
65 33
37 88
42 98
84 99
78 7
78 75
54 50
54 20
54 55
62 32
62 39
11 43
33 64
69 10
28 2
28 83
46 58
46 40
88 48
1 22
1 58
50 79
22 24
22 99
25 20
25 68
79 99
79 35
92 16
92 52
39 34
68 56
87 57
87 41
19 14
19 36
80 75
80 71
2 13
13 91
13 90
77 32
77 95
91 17
90 53
94 27
67 47
67 97
95 72
93 47
93 6
83 23
53 14
3 85
3 59
59 6
36 16
82 29
82 8
61 49
61 73
75 9
4 57
47 18
18 15
5 12
5 89
12 17
89 17
43 23
29 44
9 23
71 10
7 31
44 41
63 48
63 60
31 76
26 86
26 70
60 64
49 72
98 52
76 96
8 27
27 55
56 81
81 34
70 40
30 96
74 86
66 38
66 73
