5
11
32
55
67
27
442
0 2
0 3
0 4
0 5
0 6
0 9
0 11
0 12
0 13
0 14
0 17
0 18
0 19
0 20
0 21
0 23
0 24
0 25
0 26
0 28
0 29
0 30
0 31
0 32
0 34
0 35
0 36
0 38
0 39
0 42
0 43
0 44
0 45
0 46
0 47
0 49
0 51
0 53
0 54
0 55
0 56
0 57
0 58
0 59
0 61
0 62
0 63
0 64
0 65
0 66
0 67
0 68
0 69
0 70
0 73
0 74
0 75
0 76
0 77
0 78
0 79
0 80
0 81
0 82
0 83
0 85
0 86
0 87
0 89
0 90
2 11
2 27
2 55
2 67
3 11
3 32
3 55
3 67
4 11
4 27
4 32
4 55
5 11
5 27
5 32
5 67
6 11
6 27
6 32
6 55
6 67
6 90
9 27
9 32
9 55
11 1
11 7
11 8
11 10
11 12
11 15
11 16
11 17
11 18
11 19
11 20
11 21
11 22
11 24
11 25
11 26
11 28
11 29
11 30
11 33
11 34
11 35
11 36
11 37
11 39
11 40
11 41
11 42
11 43
11 44
11 45
11 46
11 47
11 48
11 51
11 52
11 53
11 56
11 57
11 58
11 59
11 60
11 61
11 62
11 63
11 64
11 65
11 66
11 67
11 70
11 71
11 72
11 74
11 78
11 79
11 80
11 81
11 82
11 83
11 84
11 86
11 87
11 88
11 90
12 55
12 90
13 27
13 67
14 27
14 32
14 67
17 27
17 32
17 55
18 27
18 32
18 55
18 67
19 27
19 32
19 67
20 27
20 32
20 55
21 27
21 32
21 55
21 67
21 90
23 27
23 32
23 55
23 67
23 84
24 27
24 55
24 67
25 27
25 55
26 27
26 32
26 55
26 67
28 27
28 32
28 55
28 67
28 90
29 32
29 55
30 27
30 32
30 55
30 67
30 90
31 27
31 67
32 1
32 7
32 8
32 10
32 16
32 22
32 33
32 34
32 35
32 36
32 37
32 39
32 40
32 42
32 43
32 44
32 46
32 47
32 48
32 49
32 50
32 53
32 54
32 55
32 56
32 57
32 58
32 59
32 60
32 61
32 63
32 64
32 65
32 66
32 67
32 69
32 71
32 72
32 73
32 74
32 75
32 76
32 78
32 79
32 80
32 81
32 82
32 83
32 84
32 85
32 86
32 87
32 88
32 89
32 90
34 27
34 55
34 67
34 90
35 55
35 67
35 90
36 27
36 55
36 67
38 27
38 55
38 67
38 90
39 27
39 55
39 67
42 55
42 67
43 27
43 55
43 67
44 27
44 55
44 67
45 27
46 27
46 55
46 67
46 90
47 27
47 55
47 84
49 27
49 67
49 85
51 27
51 55
51 61
53 27
53 55
53 67
54 55
54 67
54 90
55 1
55 7
55 8
55 15
55 16
55 22
55 33
55 40
55 41
55 48
55 50
55 56
55 57
55 58
55 59
55 60
55 61
55 62
55 63
55 64
55 65
55 67
55 68
55 69
55 70
55 72
55 74
55 75
55 76
55 77
55 78
55 79
55 80
55 81
55 82
55 84
55 85
55 86
55 89
56 27
56 67
57 27
57 67
58 27
58 67
58 76
58 78
58 90
59 67
61 27
61 67
61 90
62 27
62 67
63 27
63 67
64 27
64 67
65 67
65 90
66 27
66 67
67 1
67 7
67 15
67 22
67 27
67 33
67 37
67 40
67 41
67 52
67 60
67 68
67 70
67 71
67 72
67 74
67 75
67 76
67 78
67 81
67 82
67 84
67 86
67 87
67 88
67 89
67 90
68 27
69 27
69 90
70 90
74 27
74 90
75 27
76 27
78 84
79 27
80 27
80 84
81 27
81 90
82 27
83 27
84 27
85 27
86 27
87 27
87 90
89 27
90 8
90 16
90 27
90 71
90 72
1 27
10 27
22 27
27 7
27 8
27 15
27 16
27 33
27 37
27 41
27 48
27 71
27 72
27 88
