5
5
16
19
26
27
310
0 1
0 2
0 3
0 4
0 5
0 7
0 8
0 9
0 10
0 11
0 13
0 14
0 16
0 17
0 18
0 19
0 20
0 23
0 25
0 26
0 27
0 28
0 29
0 31
0 32
0 34
0 37
0 38
0 41
0 43
1 5
1 6
1 16
1 19
1 26
1 27
2 5
2 6
2 16
2 19
2 26
2 27
3 5
3 6
3 16
3 19
3 26
3 27
4 5
4 6
4 16
4 19
4 27
5 6
5 7
5 8
5 9
5 10
5 11
5 12
5 13
5 14
5 16
5 17
5 18
5 19
5 21
5 24
5 25
5 28
5 30
5 31
5 32
5 33
5 34
5 40
5 41
5 42
5 44
5 45
5 46
5 47
5 51
5 54
6 7
6 8
6 10
6 11
6 12
6 13
6 14
6 15
6 16
6 17
6 18
6 19
6 21
6 22
6 24
6 25
6 26
6 29
6 30
6 32
6 33
6 34
6 35
6 37
6 38
6 39
6 42
6 50
6 53
7 16
7 19
7 26
8 16
8 19
9 15
9 16
9 19
9 21
9 22
9 23
9 26
9 27
9 28
9 29
9 30
9 31
9 32
9 34
9 35
9 36
9 38
9 39
9 40
9 42
9 45
9 46
9 47
9 52
9 53
9 54
10 16
10 19
10 26
10 27
11 16
11 19
11 27
13 16
13 19
13 26
14 16
14 19
14 26
14 27
16 12
16 15
16 17
16 18
16 19
16 20
16 21
16 22
16 23
16 24
16 27
16 28
16 30
16 31
16 32
16 33
16 34
16 35
16 40
16 44
16 45
16 47
16 49
16 50
16 51
16 52
16 54
16 55
16 62
16 65
17 19
17 26
17 27
18 19
18 26
18 27
19 12
19 20
19 21
19 22
19 23
19 24
19 25
19 26
19 27
19 28
19 29
19 30
19 31
19 32
19 34
19 35
19 36
19 38
19 40
19 43
19 46
19 49
19 52
19 55
19 56
19 58
19 60
19 61
19 63
19 64
20 26
20 27
23 26
23 27
25 26
26 12
26 15
26 21
26 22
26 24
26 27
26 29
26 31
26 32
26 33
26 34
26 35
26 37
26 38
26 40
26 41
26 45
26 46
26 47
26 48
26 50
26 51
26 52
26 53
26 54
26 55
26 56
26 60
26 64
26 65
26 66
26 70
26 74
27 15
27 21
27 24
27 28
27 29
27 30
27 31
27 32
27 35
27 38
27 39
27 40
27 41
27 42
27 43
27 44
27 45
27 46
27 47
27 49
27 51
27 52
27 53
27 54
27 55
27 56
27 57
27 59
27 61
27 63
27 66
27 69
27 70
27 73
54 90
53 99
58 99
60 99
62 99
65 99
61 99
66 99
64 99
68 99
73 99
79 99
86 99
97 99
