2
44
61
289
0 1
0 2
0 3
0 4
0 5
0 6
0 7
0 8
0 10
0 11
0 12
0 13
0 15
0 16
0 17
0 18
0 19
0 21
0 23
0 24
0 25
0 26
0 28
0 29
0 30
0 31
0 32
0 33
0 34
0 35
0 36
0 37
0 38
0 39
0 40
0 41
0 42
0 43
0 44
0 45
0 46
0 48
0 49
0 50
0 51
0 52
0 55
0 56
0 57
0 58
0 59
0 60
0 61
0 63
0 64
0 65
0 66
0 67
0 68
0 69
0 70
0 71
0 73
0 74
0 75
0 77
0 78
0 79
0 80
0 81
0 85
0 87
0 89
0 90
0 91
0 94
0 95
1 44
1 61
2 44
2 61
2 95
3 44
3 61
4 44
4 61
5 44
5 61
6 44
6 61
7 44
7 61
8 44
8 61
9 27
9 30
9 44
9 61
9 94
9 95
10 44
10 61
11 44
11 61
12 44
12 61
13 44
13 61
14 44
14 61
15 44
15 61
16 44
16 49
16 61
17 44
17 61
18 44
18 61
18 95
19 44
19 61
19 95
20 44
20 61
20 62
20 95
21 44
21 61
22 44
22 61
22 95
23 44
23 61
24 32
24 44
24 61
25 44
25 61
26 44
26 61
27 44
27 61
28 44
28 61
29 44
29 61
30 44
30 61
30 74
30 95
31 44
31 61
32 44
32 61
32 95
33 44
33 61
34 44
34 61
35 44
35 61
36 44
36 61
37 44
37 61
37 95
38 44
38 61
39 44
39 61
40 44
40 61
41 44
41 61
41 87
42 44
42 61
43 44
43 61
44 45
44 46
44 47
44 48
44 49
44 50
44 51
44 52
44 53
44 54
44 55
44 56
44 57
44 58
44 59
44 60
44 61
44 62
44 63
44 64
44 65
44 66
44 67
44 68
44 69
44 70
44 71
44 72
44 73
44 74
44 75
44 76
44 77
44 78
44 79
44 80
44 81
44 82
44 83
44 84
44 85
44 86
44 87
44 88
44 89
44 90
44 91
44 92
44 93
44 94
44 95
45 61
46 61
47 61
48 61
48 95
49 61
50 61
51 61
52 61
53 61
54 61
55 61
56 61
56 95
57 61
58 61
59 61
60 61
61 62
61 63
61 64
61 65
61 66
61 67
61 68
61 69
61 70
61 71
61 72
61 73
61 74
61 75
61 76
61 77
61 78
61 79
61 80
61 81
61 82
61 83
61 84
61 85
61 86
61 87
61 88
61 89
61 90
61 91
61 92
61 93
61 94
61 95
62 95
74 95
77 95
79 95
84 95
92 95
