5
7
10
21
27
47
169
0 1
0 2
0 3
0 4
0 6
0 7
0 8
0 9
0 10
1 17
1 19
1 20
2 17
2 19
3 17
3 19
4 11
4 12
4 13
4 14
4 15
4 16
4 17
4 18
5 11
5 12
5 13
5 14
5 15
5 16
5 18
5 19
5 20
6 11
6 12
6 13
6 14
6 15
6 16
6 18
6 20
7 11
7 12
7 13
7 14
7 15
7 16
7 17
7 18
7 19
7 20
8 17
8 19
8 20
9 17
9 19
9 20
10 11
10 12
10 13
10 14
10 15
10 16
10 17
10 18
10 19
10 20
11 21
11 27
12 21
12 27
13 21
13 27
14 21
14 27
15 21
15 27
16 21
16 27
17 21
17 22
17 23
17 24
17 25
17 26
17 27
17 28
17 29
17 30
18 21
18 27
19 21
19 22
19 23
19 24
19 25
19 26
19 27
19 28
19 29
19 30
20 21
20 22
20 23
20 24
20 25
20 26
20 27
20 28
20 29
20 30
21 31
21 32
21 33
21 34
21 35
21 36
21 37
21 38
21 39
21 40
24 35
27 31
27 32
27 33
27 34
27 35
27 36
27 37
27 38
27 39
27 40
31 47
32 47
33 47
34 47
35 47
36 46
36 47
37 47
38 47
38 49
39 47
40 47
42 56
47 51
47 52
47 53
47 54
47 55
47 56
47 57
47 58
47 59
47 60
48 54
50 56
51 63
55 69
63 73
65 77
67 79
69 76
72 87
74 89
76 84
80 84
80 87
83 91
