5
48
24
76
68
81
100
0 66
0 3
0 4
0 19
0 74
0 87
0 45
0 29
0 99
0 91
0 96
0 86
0 20
0 92
0 54
0 8
0 49
0 65
78 96
14 4
2 99
42 70
40 57
4 20
4 86
4 75
4 98
4 28
4 72
4 21
4 9
4 65
20 45
45 31
45 36
45 57
45 76
45 47
45 13
45 88
45 22
51 96
8 54
63 57
63 11
63 73
63 81
9 57
10 99
41 54
41 99
41 70
11 70
90 57
12 54
15 54
54 22
54 35
54 31
54 69
54 67
54 44
54 25
54 81
54 60
54 36
54 19
83 96
80 70
80 96
80 57
22 57
22 96
23 99
99 75
99 76
99 79
99 91
99 70
99 98
61 57
61 70
39 57
46 57
30 96
30 57
96 33
96 76
96 32
96 36
96 58
96 59
57 56
57 55
57 62
57 32
57 67
34 70
47 75
70 75
