5
16
20
24
50
67
100
0 1
0 2
0 3
0 6
0 9
0 10
0 11
0 16
0 20
0 22
0 23
0 24
0 27
0 35
0 37
0 39
0 41
0 45
0 47
0 49
0 50
0 52
0 53
0 54
0 57
0 59
0 60
0 61
0 68
0 69
0 73
0 74
0 76
0 79
0 81
0 82
0 83
0 84
0 85
0 87
0 88
0 89
0 91
0 93
0 95
0 96
0 98
0 99
2 71
2 99
10 71
11 71
11 99
16 99
22 99
23 99
39 99
52 99
59 99
60 71
61 71
61 99
68 99
69 70
69 99
71 7
71 17
71 19
71 31
71 62
71 70
71 73
71 77
71 90
71 92
71 94
71 95
71 99
73 99
76 99
87 99
91 99
98 77
98 99
99 12
99 17
99 21
99 25
99 34
99 43
99 44
99 55
99 62
99 65
99 70
99 77
99 78
99 92
14 90
33 80
