5
10
18
23
45
56
511
0 1
0 2
0 3
0 4
0 5
0 6
0 7
0 8
0 9
0 10
0 11
0 12
0 13
0 16
0 17
0 18
0 19
0 20
0 21
0 23
0 24
0 25
0 26
0 27
0 28
0 30
0 31
0 32
0 33
0 34
0 35
0 36
0 37
0 38
0 39
0 40
0 41
0 42
0 43
0 45
0 46
0 47
0 48
0 49
0 50
0 51
0 52
0 53
0 54
0 55
0 56
0 57
0 58
0 59
0 60
0 61
0 62
0 63
0 64
0 65
0 66
0 67
0 68
0 69
0 70
0 71
0 72
0 73
0 74
0 75
0 76
0 78
0 80
0 81
0 83
0 84
0 85
0 86
0 87
0 88
0 89
0 91
0 93
0 94
0 95
0 96
0 97
0 98
0 99
1 10
1 18
1 23
1 45
1 56
2 10
2 34
2 45
2 56
2 99
3 10
3 18
3 56
3 99
4 10
4 18
4 23
4 45
4 56
5 10
5 18
5 23
5 45
5 56
6 10
6 18
6 23
6 45
6 56
6 99
7 10
7 18
7 23
7 45
8 10
8 18
8 45
8 56
9 10
9 18
9 23
9 45
9 56
10 11
10 13
10 14
10 15
10 16
10 17
10 18
10 19
10 20
10 21
10 22
10 23
10 24
10 25
10 26
10 27
10 28
10 29
10 30
10 31
10 32
10 33
10 34
10 35
10 36
10 37
10 38
10 39
10 41
10 42
10 43
10 44
10 45
10 46
10 47
10 48
10 49
10 50
10 51
10 52
10 53
10 54
10 55
10 56
10 59
10 60
10 62
10 64
10 65
10 66
10 67
10 68
10 69
10 70
10 71
10 72
10 73
10 75
10 77
10 78
10 79
10 80
10 81
10 82
10 83
10 84
10 85
10 86
10 87
10 88
10 89
10 91
10 92
10 93
10 94
10 95
10 96
10 97
10 98
10 99
11 23
11 45
11 56
11 99
12 18
12 23
12 45
12 56
12 99
13 18
13 23
13 45
13 56
16 23
16 45
16 56
17 18
17 23
17 45
17 99
18 14
18 15
18 19
18 21
18 22
18 24
18 25
18 26
18 27
18 29
18 30
18 31
18 32
18 33
18 34
18 35
18 36
18 37
18 38
18 39
18 40
18 41
18 42
18 43
18 45
18 46
18 49
18 50
18 51
18 52
18 53
18 54
18 55
18 57
18 58
18 59
18 60
18 61
18 63
18 64
18 65
18 67
18 68
18 69
18 70
18 72
18 73
18 74
18 75
18 76
18 77
18 78
18 80
18 81
18 82
18 83
18 84
18 85
18 86
18 87
18 88
18 89
18 90
18 91
18 92
18 93
18 94
18 96
18 97
18 98
18 99
19 23
19 45
19 56
20 56
21 23
21 45
21 56
23 14
23 22
23 24
23 25
23 26
23 27
23 29
23 30
23 31
23 32
23 33
23 34
23 37
23 38
23 39
23 40
23 41
23 42
23 43
23 44
23 45
23 46
23 47
23 48
23 49
23 50
23 51
23 52
23 53
23 54
23 55
23 56
23 57
23 58
23 59
23 60
23 61
23 62
23 63
23 64
23 65
23 66
23 67
23 68
23 69
23 70
23 72
23 73
23 75
23 76
23 77
23 78
23 79
23 80
23 81
23 82
23 84
23 85
23 86
23 87
23 88
23 89
23 90
23 91
23 92
23 94
23 95
23 96
23 97
23 98
23 99
24 45
24 56
25 45
25 56
26 45
26 56
27 45
27 56
28 56
30 45
30 56
31 45
31 56
32 45
32 56
33 56
34 45
34 99
35 45
35 56
36 45
36 56
37 45
37 56
38 56
39 45
39 56
40 45
40 56
41 45
41 56
42 45
42 56
43 45
43 56
44 45
44 56
45 14
45 15
45 29
45 47
45 48
45 50
45 53
45 56
45 57
45 59
45 60
45 62
45 63
45 64
45 65
45 66
45 67
45 68
45 69
45 72
45 73
45 76
45 77
45 78
45 79
45 80
45 81
45 82
45 83
45 84
45 85
45 86
45 87
45 88
45 89
45 90
45 91
45 92
45 93
45 94
45 97
45 98
45 99
46 56
46 99
47 56
48 52
48 56
49 56
50 56
51 56
52 56
53 56
55 56
56 14
56 22
56 29
56 57
56 58
56 59
56 60
56 61
56 62
56 63
56 64
56 65
56 66
56 67
56 68
56 69
56 70
56 71
56 72
56 73
56 74
56 75
56 76
56 79
56 80
56 81
56 84
56 85
56 86
56 87
56 88
56 90
56 92
56 94
56 95
56 97
56 99
63 99
68 99
