5
19
43
9
60
62
164
0 4
0 14
0 19
0 24
0 26
0 43
0 46
0 61
0 88
0 91
0 94
0 95
4 30
14 30
14 81
19 10
19 17
19 22
19 29
19 38
19 45
19 52
19 53
19 74
19 83
19 84
19 90
19 97
24 27
24 82
27 6
27 7
27 10
27 28
27 31
27 35
27 40
27 50
27 58
27 61
27 63
27 72
27 76
27 77
27 79
43 5
43 7
43 12
43 15
43 35
43 37
43 60
43 61
43 62
43 63
43 81
43 83
43 90
43 91
43 92
46 30
46 60
46 62
46 99
61 1
91 1
91 9
1 3
1 9
1 10
1 12
1 17
1 28
1 31
1 64
1 66
1 69
1 71
1 85
1 93
9 13
9 17
9 33
9 34
9 37
9 40
9 52
9 60
9 66
9 74
9 80
9 81
10 30
12 99
17 62
30 7
30 13
30 15
30 36
30 40
30 48
30 51
30 58
30 63
30 64
30 65
30 66
30 69
30 72
30 79
30 89
30 93
30 98
30 99
31 77
55 60
64 62
66 60
66 99
69 81
71 60
83 60
83 99
96 99
82 60
92 99
98 62
98 81
13 62
21 99
23 81
63 59
11 60
29 81
29 99
35 62
77 60
77 99
89 62
89 81
15 49
70 60
79 81
59 60
59 99
68 62
75 60
75 99
40 81
52 60
52 99
60 67
81 16
81 22
81 44
81 62
54 62
86 99
99 42
99 53
99 56
47 62
62 53
62 56
