5
96
64
34
14
68
100
0 1
0 76
0 55
0 41
0 58
0 78
0 17
0 57
0 60
0 35
0 54
0 61
0 18
0 43
0 49
0 4
0 84
0 46
0 66
0 33
0 89
0 83
0 32
0 10
0 37
0 69
0 86
0 20
0 29
0 38
0 39
0 48
0 25
0 64
0 79
0 77
0 21
0 99
0 40
0 31
0 50
0 2
0 26
0 6
0 34
0 93
0 9
0 23
0 95
0 92
0 44
0 82
0 51
0 90
0 59
0 52
0 42
0 88
0 75
0 80
0 74
0 22
0 36
0 5
0 13
0 27
0 98
0 72
0 91
0 16
0 19
0 45
0 30
0 70
0 71
0 53
0 11
0 97
0 67
0 81
0 85
0 62
0 12
0 24
0 3
0 8
0 94
0 28
0 56
78 99
66 64
99 6
99 36
99 44
99 45
99 52
99 92
99 95
6 44
9 90
