5
8
12
6
37
26
100
8 13
8 45
8 23
12 15
12 59
12 32
12 53
15 37
15 31
15 11
2 46
52 10
52 56
52 41
25 50
25 5
25 48
3 32
3 46
3 0
3 56
3 34
32 30
32 0
32 40
32 34
32 17
32 51
32 57
32 4
32 27
32 53
14 21
14 36
14 10
14 42
14 45
19 41
19 58
27 58
27 59
27 0
27 53
30 1
30 13
30 47
30 21
30 42
44 36
44 40
44 58
13 23
13 1
13 20
13 59
13 26
46 56
0 45
22 38
22 29
6 38
6 42
5 40
49 50
49 36
50 31
50 20
58 53
58 40
35 36
21 29
21 41
21 43
21 56
45 17
48 18
48 34
31 59
18 16
40 26
56 53
56 51
56 9
56 17
28 7
23 24
36 53
36 51
36 34
59 47
59 29
34 10
34 43
34 11
34 20
11 33
9 55
9 47
26 10
33 20
