0
100
0 4
0 5
0 6
0 7
0 9
0 11
0 13
0 14
0 17
0 18
0 19
0 21
0 22
0 24
0 30
0 32
0 37
0 40
0 41
0 42
0 45
0 46
0 47
0 49
0 50
0 51
0 52
0 57
0 60
0 61
0 66
0 67
0 72
0 75
0 77
0 80
0 82
0 84
0 85
0 86
0 88
0 89
0 95
0 96
0 98
4 34
6 34
14 34
22 34
34 1
34 8
34 16
34 20
34 23
34 26
34 29
34 31
34 35
34 36
34 37
34 40
34 41
34 43
34 44
34 45
34 47
34 48
34 53
34 55
34 56
34 61
34 62
34 64
34 67
34 68
34 72
34 73
34 74
34 75
34 76
34 77
34 81
34 82
34 83
34 84
34 85
34 88
34 92
34 94
34 95
34 96
34 97
34 98
34 99
45 99
60 99
85 99
98 99
28 99
33 99
