5
74
15
98
87
82
100
32 88
14 99
14 88
74 99
21 99
28 0
28 99
8 88
8 99
63 99
63 88
29 99
29 88
44 99
92 99
92 88
2 99
41 99
57 99
57 0
30 99
17 0
17 99
42 99
88 97
88 84
88 1
88 67
88 7
88 72
88 6
88 18
88 45
88 33
88 13
88 53
88 93
88 51
88 86
88 52
88 81
88 39
88 19
88 20
88 94
88 50
88 96
98 99
98 83
98 0
97 99
0 95
0 75
0 80
0 31
0 67
0 38
0 61
0 11
0 23
0 33
0 99
55 99
60 99
81 99
23 99
45 99
77 99
94 99
53 99
35 99
38 37
22 99
37 99
89 99
66 99
93 99
96 99
11 99
84 99
33 99
72 83
9 99
49 99
52 99
86 99
85 99
65 99
16 99
79 99
31 99
82 99
18 99
51 99
80 99
56 99
61 99
99 39
99 58
99 19
