2
69
85
294
0 1
0 2
0 3
0 4
0 7
0 8
0 9
0 11
0 12
0 13
0 14
0 15
0 16
0 17
0 18
0 19
0 21
0 24
0 25
0 26
0 27
0 28
0 29
0 32
0 34
0 35
0 36
0 37
0 39
0 40
0 41
0 42
0 43
0 48
0 49
0 50
0 51
0 52
0 53
0 54
0 55
0 56
0 57
0 58
0 59
0 60
0 62
0 63
0 64
0 65
0 66
0 68
0 69
0 70
0 71
0 72
0 73
0 74
0 75
0 76
0 77
0 79
0 81
0 82
0 83
0 84
0 85
0 86
0 87
0 89
0 90
0 92
0 93
0 94
0 95
0 97
0 99
1 69
1 85
2 69
2 85
3 69
3 85
4 69
4 85
5 69
5 85
6 69
6 85
7 69
7 85
8 69
8 85
8 99
9 69
9 85
10 69
10 85
10 99
11 69
11 85
12 69
12 85
13 69
13 85
13 99
14 69
14 85
15 69
15 85
16 68
16 69
16 85
17 69
17 85
18 22
18 27
18 69
18 85
18 99
19 69
19 85
20 69
20 85
21 69
21 85
22 69
22 85
23 68
23 69
23 85
23 99
24 69
24 85
25 69
25 85
26 69
26 85
27 69
27 85
28 69
28 85
29 69
29 85
30 69
30 85
31 69
31 85
32 66
32 69
32 85
33 69
33 85
34 69
34 85
35 69
35 85
36 69
36 85
37 69
37 85
37 99
38 69
38 85
39 69
39 85
40 69
40 85
41 69
41 85
42 69
42 85
43 69
43 85
44 69
44 85
45 69
45 85
46 69
46 85
46 99
47 69
47 85
48 69
48 85
49 69
49 85
50 69
50 85
50 86
50 99
51 69
51 85
52 69
52 85
53 69
53 85
54 69
54 85
55 69
55 85
56 69
56 85
56 99
57 69
57 85
58 69
58 85
59 69
59 85
60 69
60 85
60 99
61 69
61 85
62 69
62 85
63 69
63 85
64 69
64 85
64 99
65 69
65 85
66 69
66 85
66 99
67 69
67 85
68 69
68 85
69 70
69 71
69 72
69 73
69 74
69 75
69 76
69 77
69 78
69 79
69 80
69 81
69 82
69 83
69 84
69 85
69 86
69 87
69 88
69 89
69 90
69 91
69 92
69 93
69 94
69 95
69 96
69 97
69 98
69 99
70 85
71 85
72 85
73 79
73 85
74 85
75 85
76 85
77 85
78 85
79 85
80 85
81 85
82 85
83 85
84 85
85 86
85 87
85 88
85 89
85 90
85 91
85 92
85 93
85 94
85 95
85 96
85 97
85 98
85 99
86 99
88 99
95 99
