5
33
83
49
8
69
100
0 70
0 37
0 33
0 16
0 81
0 23
0 59
0 74
0 42
0 77
0 82
0 47
0 91
0 45
0 7
0 17
0 32
0 11
0 44
0 97
0 56
0 48
0 22
0 88
0 43
0 83
0 31
0 63
0 76
0 6
0 19
0 73
0 55
0 89
0 62
0 30
0 49
0 80
0 34
0 53
0 24
0 98
0 10
0 36
0 78
0 39
0 95
0 21
0 65
0 52
0 38
0 79
0 57
0 1
0 20
0 12
0 90
0 26
0 87
0 61
0 96
0 60
0 94
0 68
0 15
0 35
0 84
0 86
0 66
0 93
0 5
0 2
0 54
0 72
0 51
0 50
0 71
47 58
7 99
17 58
22 99
43 58
76 58
55 15
55 20
30 58
39 58
95 99
20 99
20 58
90 99
58 67
58 64
58 66
58 75
15 99
84 99
71 99
99 9
99 40
