5
11
17
18
19
33
100
0 5
0 7
0 8
0 9
0 10
0 11
0 12
0 13
0 14
0 15
0 16
0 17
0 18
0 19
0 20
0 21
0 22
0 23
0 24
0 25
0 33
0 34
0 35
0 36
0 39
0 40
0 41
0 42
0 43
0 44
0 45
0 46
0 47
0 48
7 8
8 2
8 6
8 15
8 16
8 17
8 18
8 19
8 21
8 23
8 35
8 37
8 48
8 50
8 54
9 49
10 49
11 49
12 23
12 49
16 49
17 54
19 41
20 22
20 49
20 54
21 49
22 49
23 49
24 49
33 49
34 4
34 49
34 54
35 49
40 49
40 50
40 54
41 49
42 49
43 49
44 49
45 49
47 49
48 49
49 1
49 2
49 3
49 4
49 6
49 26
49 27
49 29
49 30
49 32
49 37
49 38
49 50
49 51
49 52
49 53
49 54
6 30
26 54
38 54
52 54
