5
21
43
58
83
84
100
0 2
0 6
0 7
0 8
0 11
0 13
0 14
0 22
0 26
0 27
0 31
0 32
0 33
0 34
0 37
0 39
0 40
0 43
0 44
0 46
0 58
0 59
0 68
0 69
0 70
0 72
0 75
0 77
0 79
0 80
0 82
0 85
0 87
0 92
0 94
0 95
0 96
0 98
0 99
1 99
2 99
3 99
4 44
6 99
7 99
10 99
14 99
16 99
17 99
23 99
25 99
26 99
27 99
30 33
30 99
34 99
35 99
36 99
38 99
40 99
41 99
42 45
44 99
46 99
48 99
49 99
51 99
54 99
55 99
56 99
57 99
59 87
59 99
61 99
62 99
65 99
66 99
68 99
70 99
71 99
72 99
73 99
74 99
75 99
76 99
77 99
78 99
79 99
80 99
82 99
85 99
87 99
88 99
89 99
91 99
93 99
95 99
96 99
97 99
98 99
