5
26
67
36
61
48
100
0 7
0 8
0 23
0 24
0 26
0 39
0 42
0 44
0 69
7 27
8 60
23 39
24 36
24 53
24 58
26 5
26 34
26 60
39 55
42 9
42 45
44 73
69 31
1 54
1 64
1 67
1 83
5 27
5 32
5 36
5 50
5 52
5 65
5 67
5 70
5 84
58 2
58 3
58 9
58 30
58 40
58 45
58 52
58 73
58 81
64 9
64 45
67 88
83 9
83 88
2 31
3 31
4 34
4 88
16 31
17 45
29 31
29 45
31 48
31 80
37 9
37 14
79 14
79 32
11 59
12 14
12 61
34 28
34 53
34 63
34 78
27 6
27 30
27 41
27 52
27 74
27 80
55 18
55 75
70 59
6 43
43 9
10 59
18 60
46 45
82 59
9 51
9 87
63 25
63 30
63 76
59 62
59 76
40 45
61 45
61 62
53 25
53 48
53 73
45 62
