5
3
13
16
27
88
580
0 1
0 2
0 3
0 4
0 5
0 6
0 7
0 8
0 9
0 10
0 11
0 12
0 13
0 14
0 15
0 16
0 18
0 20
0 21
0 22
0 23
0 24
0 25
0 27
0 29
0 30
0 31
0 32
0 33
0 34
0 43
0 44
0 46
0 47
0 49
0 51
0 53
0 54
0 55
0 56
0 57
0 59
0 61
0 62
0 63
0 65
0 66
0 67
0 69
0 70
0 72
0 73
0 74
0 75
0 76
0 77
0 78
0 80
0 81
0 82
0 84
0 87
0 88
0 89
0 92
0 93
0 94
0 95
0 96
0 98
0 99
1 3
1 13
1 16
1 27
1 88
2 3
2 13
2 16
2 27
2 88
2 99
3 4
3 5
3 6
3 7
3 8
3 9
3 10
3 11
3 12
3 13
3 14
3 15
3 16
3 17
3 18
3 19
3 20
3 21
3 22
3 23
3 24
3 25
3 26
3 27
3 28
3 29
3 30
3 31
3 32
3 33
3 34
3 35
3 36
3 37
3 38
3 39
3 40
3 41
3 42
3 43
3 44
3 45
3 46
3 47
3 48
3 49
3 50
3 51
3 52
3 53
3 54
3 55
3 56
3 57
3 58
3 59
3 60
3 61
3 62
3 63
3 64
3 65
3 66
3 67
3 68
3 69
3 70
3 71
3 72
3 73
3 74
3 75
3 76
3 77
3 78
3 79
3 80
3 81
3 82
3 83
3 84
3 85
3 86
3 87
3 88
3 89
3 90
3 91
3 92
3 93
3 94
3 95
3 96
3 97
3 98
3 99
4 13
4 16
4 27
4 88
5 13
5 16
5 27
5 88
6 13
6 16
6 27
6 88
6 99
7 13
7 16
7 27
7 88
8 13
8 16
8 27
8 88
9 13
9 16
9 27
9 88
10 13
10 16
10 27
10 88
11 13
11 16
11 27
11 88
12 13
12 16
12 27
12 88
13 14
13 15
13 16
13 17
13 18
13 19
13 20
13 21
13 22
13 23
13 24
13 25
13 26
13 27
13 28
13 29
13 30
13 31
13 32
13 33
13 34
13 35
13 36
13 37
13 38
13 39
13 40
13 41
13 42
13 43
13 44
13 45
13 46
13 47
13 48
13 49
13 50
13 51
13 52
13 53
13 54
13 55
13 56
13 57
13 58
13 59
13 60
13 61
13 62
13 63
13 64
13 65
13 66
13 67
13 68
13 69
13 70
13 71
13 72
13 73
13 74
13 75
13 76
13 77
13 78
13 79
13 80
13 81
13 82
13 83
13 84
13 85
13 86
13 87
13 88
13 89
13 90
13 91
13 92
13 93
13 94
13 95
13 96
13 97
13 98
13 99
14 16
14 27
14 88
15 16
15 27
15 78
15 88
15 99
16 17
16 18
16 19
16 20
16 21
16 22
16 23
16 24
16 25
16 26
16 27
16 28
16 29
16 30
16 31
16 32
16 33
16 34
16 35
16 36
16 37
16 38
16 39
16 40
16 41
16 42
16 43
16 44
16 45
16 46
16 47
16 48
16 49
16 50
16 51
16 52
16 53
16 54
16 55
16 56
16 57
16 58
16 59
16 60
16 61
16 62
16 63
16 64
16 65
16 66
16 67
16 68
16 69
16 70
16 71
16 72
16 73
16 74
16 75
16 76
16 77
16 78
16 79
16 80
16 81
16 82
16 83
16 84
16 85
16 86
16 87
16 88
16 89
16 90
16 91
16 92
16 93
16 94
16 95
16 96
16 97
16 98
16 99
17 27
17 88
18 27
18 88
19 27
19 88
19 97
19 99
20 27
20 38
20 88
20 99
21 27
21 88
22 27
22 88
23 27
23 88
24 27
24 88
24 99
25 27
25 88
26 27
26 88
27 28
27 29
27 30
27 31
27 32
27 33
27 34
27 35
27 36
27 37
27 38
27 39
27 40
27 41
27 42
27 43
27 44
27 45
27 46
27 47
27 48
27 49
27 50
27 51
27 52
27 53
27 54
27 55
27 56
27 57
27 58
27 59
27 60
27 61
27 62
27 63
27 64
27 65
27 66
27 67
27 68
27 69
27 70
27 71
27 72
27 73
27 74
27 75
27 76
27 77
27 78
27 79
27 80
27 81
27 82
27 83
27 84
27 85
27 86
27 87
27 88
27 89
27 90
27 91
27 92
27 93
27 94
27 95
27 96
27 97
27 98
27 99
28 88
29 88
30 52
30 88
31 88
32 86
32 88
33 88
34 88
35 88
36 88
37 88
38 88
38 96
38 99
39 88
40 88
40 99
41 88
41 99
42 66
42 88
42 99
43 88
44 88
44 99
45 88
46 88
46 99
47 88
48 88
49 88
50 88
51 88
52 88
53 88
54 88
54 99
55 88
56 88
57 88
57 96
58 88
59 88
60 88
61 88
61 99
62 88
62 99
63 88
64 88
64 99
65 88
66 88
67 88
68 88
68 99
69 88
70 88
71 88
72 88
73 88
74 88
75 88
76 88
77 88
78 88
78 99
79 88
80 88
81 88
81 99
82 88
83 88
84 88
85 88
86 88
87 88
88 89
88 90
88 91
88 92
88 93
88 94
88 95
88 96
88 97
88 98
88 99
93 99
94 99
