5
12
24
40
76
61
392
0 1
0 2
0 6
0 7
0 8
0 10
0 11
0 12
0 16
0 17
0 18
0 19
0 20
0 21
0 22
0 24
0 25
0 27
0 28
0 29
0 31
0 34
0 35
0 36
0 37
0 38
0 39
0 40
0 41
0 42
0 43
0 44
0 48
0 55
0 57
0 62
0 65
0 66
0 67
0 69
0 72
0 76
0 77
0 82
0 83
0 84
0 85
0 87
0 88
0 89
0 91
0 93
0 96
0 99
1 12
1 24
1 40
1 61
1 76
1 77
2 12
2 23
2 40
2 76
2 99
6 24
6 40
6 61
6 76
7 12
7 24
7 40
7 59
7 76
8 12
8 24
8 76
10 24
10 40
11 12
11 24
11 40
11 59
11 61
11 76
12 3
12 4
12 9
12 13
12 15
12 16
12 17
12 18
12 19
12 21
12 22
12 24
12 26
12 27
12 28
12 30
12 31
12 32
12 34
12 35
12 37
12 38
12 41
12 45
12 46
12 47
12 51
12 52
12 54
12 56
12 57
12 59
12 60
12 61
12 62
12 63
12 65
12 66
12 68
12 72
12 73
12 75
12 78
12 81
12 82
12 84
12 85
12 86
12 88
12 91
12 92
12 93
12 94
12 95
12 97
16 61
16 76
17 24
17 40
17 61
17 76
17 91
17 99
18 24
18 40
18 76
19 24
19 40
19 61
19 76
20 24
20 61
21 61
21 76
22 40
22 61
22 76
24 4
24 9
24 13
24 23
24 25
24 26
24 27
24 28
24 31
24 32
24 34
24 37
24 38
24 39
24 40
24 43
24 44
24 45
24 46
24 47
24 48
24 49
24 51
24 52
24 53
24 55
24 57
24 58
24 60
24 61
24 62
24 66
24 67
24 68
24 70
24 75
24 76
24 77
24 79
24 80
24 85
24 86
24 87
24 88
24 89
24 90
24 92
24 94
24 96
24 97
25 38
25 40
25 61
28 76
29 40
29 59
29 61
29 99
31 40
34 40
35 76
37 59
37 61
38 40
38 44
38 61
38 76
38 99
39 40
39 76
40 4
40 9
40 13
40 15
40 23
40 26
40 30
40 32
40 41
40 42
40 43
40 46
40 47
40 49
40 52
40 54
40 56
40 57
40 58
40 59
40 63
40 65
40 66
40 67
40 68
40 69
40 71
40 73
40 74
40 75
40 76
40 77
40 78
40 79
40 80
40 81
40 83
40 85
40 89
40 92
40 93
40 94
40 95
40 98
40 99
41 59
41 76
42 61
43 61
43 99
48 76
55 59
55 76
57 61
57 76
59 4
59 26
59 32
59 58
59 60
59 63
59 68
59 71
59 75
59 84
59 91
59 99
62 61
65 61
69 61
72 61
72 99
76 4
76 13
76 14
76 15
76 45
76 46
76 47
76 49
76 50
76 51
76 52
76 53
76 56
76 58
76 60
76 61
76 64
76 68
76 70
76 73
76 75
76 77
76 79
76 81
76 83
76 84
76 86
76 87
76 88
76 89
76 90
76 92
76 93
76 94
76 95
76 96
76 97
77 61
77 99
82 61
84 61
85 61
85 99
87 61
88 99
89 61
91 99
99 3
99 5
99 9
99 26
99 45
99 53
99 56
99 60
99 61
99 94
99 98
3 53
5 61
14 61
26 61
30 61
32 61
33 61
45 95
46 61
49 61
50 61
52 61
53 61
58 61
60 61
61 4
61 9
61 47
61 63
61 68
61 71
61 73
61 74
61 75
61 80
61 81
61 86
61 95
61 97
61 98
