5
5
63
11
75
98
117
1 2
1 4
1 5
1 22
1 26
1 63
0 3
0 37
0 36
0 22
2 88
4 14
4 16
5 8
5 12
5 13
5 23
22 18
22 19
22 31
22 94
22 81
77 96
63 21
63 28
63 47
63 62
63 80
3 92
36 46
36 50
30 43
30 53
88 87
7 9
7 99
7 81
20 51
20 80
92 14
92 46
92 50
6 10
6 29
6 33
6 19
14 18
8 11
8 67
12 75
13 24
13 28
13 68
10 75
33 57
69 93
19 56
19 39
86 18
99 89
81 56
11 17
11 98
27 35
67 48
67 97
75 80
75 89
49 44
49 96
98 21
98 50
98 72
98 82
34 50
82 56
82 64
82 84
57 70
57 85
28 72
42 40
42 76
42 44
53 21
53 40
53 50
15 21
15 25
15 45
55 45
55 84
55 65
45 70
45 76
58 32
41 48
56 35
56 40
56 76
56 93
56 74
51 89
80 85
31 96
50 79
93 46
84 79
72 46
72 87
44 91
60 89
46 47
46 85
46 89
97 85
78 95
