0
92
0 1
0 2
0 20
0 76
1 2
1 4
1 3
1 39
2 3
2 4
2 6
2 18
2 41
4 11
4 22
4 92
3 29
3 69
3 81
3 84
3 91
10 5
10 7
10 22
5 20
5 25
20 42
20 77
6 17
6 29
7 18
7 35
8 21
8 37
8 78
9 12
9 27
9 42
12 30
13 15
14 22
22 17
22 21
22 30
22 97
18 19
18 46
18 82
16 17
17 24
17 67
29 25
29 26
29 28
29 49
23 24
23 32
24 53
24 62
24 70
24 71
24 87
25 45
27 81
32 45
45 50
33 39
39 34
39 40
34 55
40 44
44 99
38 99
42 89
54 88
52 55
53 65
65 75
65 87
56 68
68 66
57 73
82 72
82 94
71 66
59 73
61 62
63 74
78 85
79 80
90 97
92 95
