5
1
90
25
43
15
100
0 12
0 17
0 26
0 28
0 47
0 48
0 49
0 52
0 56
0 78
0 89
0 92
0 99
0 3
0 9
0 13
0 44
0 69
0 81
0 95
1 99
2 99
4 99
6 99
12 99
12 39
22 99
26 99
26 78
27 99
28 99
29 31
29 36
29 99
35 99
36 99
37 99
38 99
45 66
49 99
51 99
52 99
56 99
58 99
60 99
62 46
62 99
65 99
66 99
71 99
71 89
73 99
75 99
78 99
82 99
86 99
89 99
91 46
91 99
92 46
93 99
99 3
99 5
99 7
99 10
99 13
99 15
99 23
99 25
99 33
99 40
99 42
99 44
99 50
99 55
99 74
99 76
99 77
99 83
99 88
99 90
99 97
99 8
99 11
99 18
99 20
99 24
99 57
99 61
99 68
99 69
99 95
99 96
23 46
24 88
46 21
46 11
46 53
46 59
46 76
