2
23
33
298
0 1
0 2
0 3
0 4
0 5
0 6
0 7
0 8
0 9
0 10
0 11
0 12
0 13
0 14
0 15
0 16
0 17
0 18
0 19
0 20
0 22
0 23
0 24
0 25
0 26
0 27
0 28
0 29
0 30
0 31
0 32
0 33
0 34
0 35
0 36
0 37
0 38
0 39
0 40
0 41
0 42
0 43
0 45
0 47
0 48
0 49
0 50
0 51
0 53
0 54
0 55
0 56
0 57
0 58
0 59
0 60
0 61
0 62
0 64
0 65
0 67
0 68
0 69
0 71
0 72
0 73
0 75
0 76
0 77
0 78
0 80
0 81
0 82
0 83
0 84
0 85
0 86
0 87
0 88
0 89
0 90
0 93
0 94
0 95
0 96
0 97
0 98
0 99
1 10
1 23
1 33
2 23
2 33
3 23
3 33
4 23
4 33
5 23
5 33
6 23
6 33
7 23
7 33
8 23
8 33
9 23
9 33
9 99
10 23
10 33
11 23
11 28
11 33
12 23
12 33
13 23
13 33
13 99
14 23
14 33
15 23
15 33
16 23
16 33
17 23
17 33
18 23
18 33
19 23
19 33
20 23
20 33
21 23
21 33
22 23
22 33
22 91
23 23
23 24
23 25
23 26
23 27
23 28
23 29
23 30
23 31
23 32
23 33
23 34
23 35
23 36
23 37
23 38
23 39
23 40
23 41
23 42
23 43
23 44
23 45
23 46
23 47
23 48
23 49
23 50
23 51
23 52
23 53
23 54
23 55
23 56
23 57
23 58
23 59
23 60
23 61
23 62
23 63
23 64
23 65
23 66
23 67
23 68
23 69
23 70
23 71
23 72
23 73
23 74
23 75
23 76
23 77
23 78
23 79
23 80
23 81
23 82
23 83
23 84
23 85
23 86
23 87
23 88
23 89
23 90
23 91
23 92
23 93
23 94
23 95
23 96
23 97
23 98
23 99
24 33
25 33
26 33
27 33
28 33
29 33
29 59
30 33
31 33
32 33
33 33
33 34
33 35
33 36
33 37
33 38
33 39
33 40
33 41
33 42
33 43
33 44
33 45
33 46
33 47
33 48
33 49
33 50
33 51
33 52
33 53
33 54
33 55
33 56
33 57
33 58
33 59
33 60
33 61
33 62
33 63
33 64
33 65
33 66
33 67
33 68
33 69
33 70
33 71
33 72
33 73
33 74
33 75
33 76
33 77
33 78
33 79
33 80
33 81
33 82
33 83
33 84
33 85
33 86
33 87
33 88
33 89
33 90
33 91
33 92
33 93
33 94
33 95
33 96
33 97
33 98
33 99
36 99
38 99
59 99
71 99
82 99
85 99
92 99
