2
75
16
165
0 41
0 75
0 37
0 86
0 9
0 14
0 17
0 21
0 53
0 56
0 7
0 60
0 65
0 16
0 26
0 77
0 83
0 38
0 88
0 24
0 57
0 13
0 97
0 62
0 54
0 87
0 43
0 82
0 20
0 12
0 84
0 46
0 64
0 78
0 55
0 22
0 94
0 40
0 71
0 42
0 35
0 3
0 61
0 89
0 59
0 49
0 66
0 39
0 96
0 69
0 18
0 98
0 31
0 72
0 50
0 45
0 76
0 92
0 48
0 67
0 52
0 99
0 30
0 70
0 19
0 2
0 28
0 15
0 47
0 34
0 10
0 27
0 25
0 4
0 79
0 58
0 8
0 23
0 95
0 80
0 6
0 1
0 36
0 85
0 68
0 44
75 98
75 19
75 60
75 37
75 52
75 24
75 11
75 8
75 38
75 92
75 26
75 63
75 69
75 48
75 16
75 10
75 18
75 43
75 55
75 17
75 74
75 81
75 61
75 99
75 35
75 57
75 6
75 76
75 86
75 28
75 93
75 67
86 99
9 16
17 16
53 54
56 16
60 16
65 16
16 98
16 2
16 4
16 43
16 27
16 94
16 24
16 6
16 12
16 10
16 11
16 23
16 85
16 76
16 35
16 83
16 22
16 63
16 49
16 39
16 62
16 99
16 87
16 19
16 38
16 55
16 74
38 99
32 99
46 22
55 99
61 99
89 99
51 67
31 99
45 99
99 30
99 10
99 29
30 58
