0
88
0 10
0 11
1 10
11 12
11 23
2 7
2 9
2 30
3 6
30 26
30 31
30 33
22 23
23 28
28 31
28 36
13 14
14 15
15 16
16 17
17 24
17 25
24 29
24 36
36 35
36 37
31 35
37 39
37 40
32 41
32 42
33 34
35 48
42 43
42 47
43 48
44 48
48 49
40 45
40 52
50 49
50 51
39 45
45 54
45 61
52 51
46 58
47 58
47 69
54 55
54 56
54 62
55 56
61 53
61 70
58 65
69 68
63 74
68 67
68 76
71 70
71 72
70 76
72 73
73 79
64 66
67 66
67 75
75 80
80 81
76 77
76 83
77 78
77 85
79 98
83 82
83 88
78 85
78 98
85 97
81 82
82 86
88 89
90 89
92 91
92 93
94 93
95 96
