1
19
121
0 3
0 6
0 7
0 10
0 11
0 18
0 28
0 31
0 34
0 35
0 37
0 38
0 41
0 45
0 47
0 52
0 57
0 58
0 60
0 65
0 69
0 71
0 73
6 13
6 19
6 20
6 21
6 25
6 32
6 42
6 48
6 55
6 58
6 62
6 66
6 72
6 73
7 90
10 19
11 48
18 67
34 19
35 19
41 27
41 32
41 48
45 48
45 67
45 90
48 9
48 13
48 15
48 16
48 24
48 29
48 36
48 46
48 53
48 54
48 60
48 69
48 78
48 85
48 89
48 91
52 19
57 67
58 19
58 82
60 19
60 90
69 19
69 67
1 19
1 90
2 90
4 67
19 13
19 15
19 23
19 25
19 32
19 36
19 39
19 40
19 49
19 50
19 56
19 80
19 93
74 90
82 90
90 8
90 9
90 21
90 29
90 50
90 53
90 59
90 63
90 68
90 76
90 77
90 86
90 89
90 92
91 67
16 67
24 67
39 93
40 67
20 67
27 93
62 46
63 67
67 43
67 44
67 53
67 66
67 75
67 78
