0
94
0 3
0 98
0 15
0 29
3 37
98 69
98 84
98 89
15 37
15 8
29 97
91 23
5 53
37 82
37 38
37 56
37 57
37 65
18 9
18 13
77 66
19 42
19 28
19 82
69 61
84 75
84 30
89 10
78 72
78 68
1 7
1 49
72 87
23 34
23 36
23 62
7 4
49 47
68 25
87 8
87 56
88 82
88 51
34 53
62 81
62 54
62 67
42 17
42 58
42 43
42 96
17 21
58 39
58 59
63 8
63 33
63 70
96 71
96 52
53 25
35 8
38 9
38 46
56 12
65 74
4 22
26 66
26 30
44 81
66 83
30 14
30 61
90 61
6 24
6 46
50 99
50 76
8 11
21 27
83 93
83 20
11 93
11 75
75 45
10 85
95 73
45 76
45 86
28 40
28 97
97 54
86 99
20 31
99 94
