5
36
77
57
23
84
450
0 11
0 36
0 54
0 63
0 5
0 71
0 77
0 31
0 26
0 8
0 46
0 88
0 91
0 2
0 57
0 61
0 12
0 32
0 96
0 13
0 39
0 95
0 27
0 45
0 66
0 62
0 75
0 24
0 92
0 29
0 44
0 41
0 82
0 20
0 98
0 99
0 58
0 49
0 23
0 43
0 72
0 67
0 48
0 83
0 90
0 10
0 17
0 16
0 33
0 18
0 37
0 50
0 30
0 3
0 78
0 94
0 87
0 38
0 70
0 34
0 80
0 84
0 85
0 42
0 51
0 53
0 25
0 73
0 76
0 59
0 89
0 56
0 22
0 65
0 79
0 21
0 55
0 28
0 93
0 40
0 19
0 7
0 9
0 35
0 74
0 86
11 84
11 77
11 23
11 36
11 57
11 99
36 3
36 4
36 7
36 8
36 9
36 10
36 13
36 16
36 18
36 22
36 24
36 26
36 27
36 28
36 29
36 31
36 33
36 35
36 45
36 79
36 80
36 85
36 52
36 87
36 53
36 14
36 43
36 92
36 2
36 59
36 6
36 61
36 23
36 72
36 55
36 76
36 60
36 97
36 1
36 49
36 89
36 69
36 94
36 74
36 65
36 58
36 81
36 44
36 37
36 41
36 32
36 19
36 50
36 63
36 88
36 57
36 95
36 47
36 64
36 99
36 56
36 20
36 84
36 21
36 51
36 15
36 71
36 40
36 38
36 83
36 66
36 96
36 39
36 54
36 62
36 67
36 68
36 70
36 73
36 86
36 90
36 93
54 57
54 23
54 77
54 84
63 57
63 77
63 84
5 77
5 23
5 57
4 34
4 84
4 23
4 57
4 93
71 23
71 57
77 2
77 3
77 7
77 8
77 9
77 15
77 16
77 17
77 18
77 23
77 24
77 26
77 27
77 29
77 33
77 35
77 39
77 40
77 41
77 44
77 45
77 50
77 55
77 56
77 57
77 59
77 61
77 62
77 65
77 66
77 67
77 72
77 73
77 74
77 52
77 70
77 31
77 6
77 80
77 85
77 86
77 92
77 93
77 95
77 99
31 57
31 23
26 23
26 84
8 84
8 23
8 57
46 57
88 23
88 57
88 84
91 23
91 57
2 23
2 57
57 3
57 6
57 7
57 9
57 10
57 15
57 18
57 19
57 21
57 22
57 24
57 29
57 35
57 39
57 40
57 41
57 44
57 50
57 52
57 70
57 20
57 76
57 1
57 67
57 30
57 56
57 60
57 16
57 87
57 78
57 73
57 94
57 62
57 25
57 33
57 82
57 34
57 83
57 53
57 72
57 99
57 28
57 14
57 17
57 84
57 98
57 13
57 85
57 69
57 59
57 95
57 68
57 80
57 49
57 12
57 48
57 65
57 64
57 43
57 97
57 32
57 89
57 55
57 75
57 86
57 38
57 61
57 42
57 81
57 47
57 23
57 51
57 27
57 58
57 66
57 74
57 90
57 93
57 96
61 23
61 99
12 99
32 23
96 23
96 84
13 84
13 23
39 23
39 84
95 84
27 23
27 84
66 23
62 84
62 23
75 23
24 23
24 84
92 23
29 23
29 84
44 23
44 84
41 84
41 23
82 23
20 23
98 23
98 84
99 17
99 18
99 23
99 51
99 68
99 43
99 84
99 6
99 76
58 84
49 23
23 1
23 3
23 6
23 9
23 10
23 14
23 15
23 17
23 19
23 68
23 78
23 22
23 67
23 72
23 53
23 94
23 83
23 48
23 28
23 84
23 51
23 65
23 16
23 40
23 69
23 43
23 81
23 42
23 70
23 79
23 7
23 37
23 30
23 33
23 35
23 52
23 55
23 59
23 73
23 74
23 80
23 85
23 86
23 93
72 84
67 84
10 84
17 70
33 84
18 3
18 84
50 84
30 84
3 84
94 84
38 84
70 84
84 1
84 7
84 9
84 15
84 19
84 21
84 28
84 35
84 40
84 42
84 55
84 56
84 59
84 65
84 68
84 73
84 74
84 69
84 53
84 86
84 85
84 93
