5
50
87
15
49
78
338
0 1
0 3
0 4
0 6
0 8
0 11
0 12
0 13
0 17
0 28
0 29
0 30
0 31
0 32
0 33
0 40
0 41
0 43
0 44
0 45
0 50
0 51
0 54
0 55
0 58
0 59
0 61
0 64
0 65
0 67
0 68
0 69
0 71
0 79
0 80
0 83
0 87
0 88
0 89
0 90
0 91
0 92
0 94
0 95
0 98
1 15
1 49
1 50
1 78
3 15
3 50
3 93
4 15
4 49
4 50
6 34
6 49
6 93
6 99
8 15
8 87
8 93
11 50
11 87
11 93
12 15
12 49
12 78
12 87
12 93
13 49
13 87
17 50
17 87
17 93
28 15
28 78
28 93
29 49
30 15
30 50
30 78
30 93
31 15
31 49
31 50
31 87
32 15
32 78
33 25
33 50
33 87
40 50
40 78
40 87
40 93
41 15
41 49
41 50
41 78
41 87
43 49
43 78
43 87
44 50
44 93
45 15
45 78
45 87
45 93
50 10
50 15
50 19
50 20
50 22
50 23
50 24
50 26
50 27
50 35
50 36
50 37
50 38
50 39
50 42
50 48
50 49
50 51
50 52
50 54
50 59
50 62
50 63
50 64
50 65
50 66
50 67
50 69
50 72
50 73
50 77
50 79
50 83
50 87
50 89
50 91
50 92
50 94
50 96
50 97
50 99
51 49
51 78
51 87
54 15
55 49
55 78
55 87
55 93
58 87
58 93
59 15
59 49
61 78
64 78
64 87
65 78
67 15
67 87
68 15
68 87
69 15
80 49
80 78
80 87
80 93
80 99
83 49
83 78
83 93
87 7
87 9
87 10
87 15
87 16
87 18
87 20
87 22
87 37
87 39
87 42
87 48
87 49
87 52
87 56
87 57
87 63
87 66
87 72
87 73
87 74
87 76
87 78
87 82
87 84
87 85
87 86
87 88
87 92
87 93
87 94
87 95
87 97
87 99
88 49
88 78
88 93
88 99
89 78
90 49
90 93
91 49
91 78
91 93
92 93
93 7
93 9
93 10
93 19
93 22
93 23
93 24
93 37
93 39
93 47
93 52
93 62
93 63
93 74
93 76
93 78
93 81
93 82
93 96
93 98
94 15
94 49
94 78
98 49
98 78
5 15
9 15
9 34
9 49
9 78
9 99
10 15
10 49
14 15
14 78
15 22
15 23
15 24
15 26
15 36
15 46
15 49
15 56
15 62
15 66
15 72
15 73
15 74
15 75
15 77
15 78
15 81
15 85
15 96
15 97
15 99
16 49
16 78
18 78
19 49
21 78
22 49
22 78
23 49
24 49
35 49
35 78
42 49
42 78
42 99
47 78
48 78
49 2
49 34
49 39
49 46
49 52
49 53
49 56
49 63
49 66
49 70
49 74
49 75
49 76
49 78
49 81
49 82
49 85
49 86
49 99
53 99
70 78
72 99
73 78
73 99
78 34
78 36
78 46
78 52
78 66
78 74
78 75
78 76
78 81
78 84
78 86
78 96
82 99
99 2
99 25
99 75
38 66
