5
7
23
60
58
80
100
0 3
0 6
0 7
0 9
0 10
0 12
0 13
0 14
0 15
0 20
0 23
0 26
0 29
0 30
0 33
0 34
0 36
0 38
0 41
0 42
0 44
0 45
0 46
0 47
0 50
0 51
0 52
0 54
0 56
0 59
0 60
0 62
0 63
0 65
0 66
0 67
0 68
0 69
0 70
0 71
0 72
0 74
0 77
0 79
0 81
0 83
0 84
0 86
0 87
0 89
0 91
0 96
0 97
6 8
7 40
8 4
8 9
8 10
8 11
8 20
8 23
8 25
8 26
8 27
8 28
8 29
8 30
8 31
8 33
8 35
8 42
8 43
8 44
8 47
8 48
8 52
8 54
8 55
8 61
8 70
8 72
8 73
8 76
8 77
8 82
8 83
8 84
8 88
8 90
8 93
8 96
8 99
23 32
72 99
4 99
55 99
24 99
99 25
99 53
99 78
