2
65
96
100
0 84
0 18
0 98
0 7
84 19
84 39
18 3
18 58
18 27
98 14
1 17
1 19
1 35
17 12
17 86
19 57
22 20
22 63
2 62
2 15
62 6
62 16
90 71
90 29
3 51
3 32
51 44
51 61
4 25
25 14
25 40
5 87
5 80
39 74
39 94
64 33
64 32
70 53
70 31
70 28
70 83
70 88
8 83
8 91
8 44
8 97
83 53
91 69
91 45
29 74
78 52
78 69
78 57
78 99
10 32
34 13
11 48
11 72
65 21
12 61
12 54
12 76
61 71
14 41
43 45
24 96
24 42
16 96
58 99
41 95
41 99
30 31
63 68
63 56
73 38
73 56
23 45
45 74
45 68
50 27
50 54
28 55
59 97
74 32
56 37
31 36
33 80
38 97
38 92
38 67
97 60
97 92
92 79
92 42
44 85
46 85
46 81
68 77
47 76
49 71
