5
30
13
33
45
51
100
0 35
0 59
0 54
0 46
0 30
0 58
0 32
0 27
0 14
0 44
0 2
0 8
0 43
0 24
0 49
0 7
0 48
0 52
0 21
0 34
0 18
0 19
0 12
0 15
0 28
0 39
0 16
0 29
0 5
0 4
0 26
0 13
0 17
0 50
0 20
0 47
0 31
0 33
0 45
0 9
0 22
0 6
0 56
0 41
0 38
0 36
0 23
0 3
0 55
0 51
0 40
0 37
59 52
59 44
59 40
59 49
59 26
59 33
59 6
59 48
59 5
59 9
59 28
59 16
59 4
59 8
59 42
59 55
59 37
59 41
59 57
59 56
30 42
58 10
32 7
32 42
44 42
24 42
49 42
7 5
48 42
52 42
52 26
34 42
19 42
15 42
28 42
13 42
50 42
47 42
45 42
45 41
9 25
6 42
41 42
42 40
42 23
42 53
42 10
42 37
