0
94
0 5
2 7
1 6
4 9
5 7
6 11
8 10
8 13
9 14
10 15
11 16
12 14
12 17
13 18
15 20
16 21
17 22
18 23
19 21
19 24
20 25
22 27
23 28
24 29
25 27
26 28
26 31
29 34
30 32
30 35
31 36
32 37
33 35
33 38
34 39
35 40
36 41
38 43
39 44
40 45
41 46
42 44
42 47
43 48
45 50
46 51
47 49
48 53
49 54
50 55
51 53
52 54
52 57
54 56
55 60
56 61
57 62
58 60
58 63
59 61
60 62
63 68
64 66
64 69
65 70
66 71
67 69
67 72
68 70
70 75
71 76
73 75
73 78
74 76
74 79
75 77
76 81
77 82
79 81
80 85
82 87
83 85
83 88
84 86
84 89
85 87
86 88
89 94
90 92
91 93
91 96
92 97
93 95
94 99
