5
26
72
84
11
60
100
0 4
0 6
0 8
0 9
0 13
0 14
0 18
0 19
0 20
0 21
0 26
0 27
0 29
0 35
0 48
0 49
0 50
0 53
0 54
0 56
0 57
0 61
0 64
0 67
0 68
0 69
0 70
0 72
0 73
0 75
0 80
0 83
0 84
0 86
0 88
0 91
0 95
6 52
8 45
13 52
13 55
14 55
19 55
21 52
21 55
21 98
26 55
29 52
35 52
35 55
48 52
49 55
54 52
54 55
55 1
55 3
55 5
55 12
55 30
55 32
55 39
55 40
55 41
55 43
55 57
55 58
55 63
55 65
55 67
55 69
55 77
55 78
55 84
55 95
67 60
67 75
70 52
73 52
10 98
31 52
36 52
47 98
62 52
66 52
66 60
74 71
96 60
2 52
2 98
3 98
22 98
40 52
44 52
52 23
52 38
52 39
52 85
52 93
52 94
98 71
