5
3
60
75
16
46
100
0 3
0 37
0 56
0 57
0 60
0 69
0 73
0 75
0 82
0 86
0 95
3 92
37 80
56 1
56 99
57 42
57 87
57 92
60 99
86 95
92 5
92 7
92 13
92 17
92 24
92 33
92 36
92 53
92 67
92 72
92 79
92 84
92 88
92 95
92 96
95 1
95 5
95 8
95 16
95 26
95 29
95 51
95 53
95 58
95 59
95 80
95 89
95 96
1 6
1 8
1 13
1 30
1 71
1 77
1 78
1 97
42 10
42 12
42 22
42 23
42 24
42 27
42 31
42 39
42 40
42 44
42 58
42 72
42 80
42 85
77 84
97 28
97 84
10 46
10 84
46 52
46 62
62 84
63 48
64 99
74 84
74 99
36 52
66 87
81 52
17 52
21 99
49 52
79 52
59 99
7 99
99 48
99 58
99 96
80 52
84 32
48 52
19 52
29 52
52 41
