1
51
100
0 4
0 15
0 18
0 21
0 28
0 35
0 36
0 41
0 48
0 50
0 58
0 62
0 70
0 73
0 74
0 80
0 87
0 88
0 89
1 5
1 6
1 12
1 14
1 15
1 23
1 37
1 41
1 49
1 50
1 55
1 57
1 58
1 60
1 66
1 68
1 71
1 75
1 78
1 80
4 23
4 58
15 79
18 23
21 23
36 23
36 84
41 23
41 84
41 93
48 45
58 93
70 79
87 23
87 60
87 79
88 79
5 84
6 23
6 79
12 84
14 79
23 17
23 24
23 27
23 32
23 33
23 46
23 67
23 72
23 81
23 85
23 92
60 11
60 30
60 53
60 65
60 71
60 82
60 84
66 84
78 84
84 22
84 34
84 56
84 83
84 86
84 90
33 79
33 93
85 79
83 79
90 93
93 7
38 79
42 17
43 79
54 79
79 26
79 45
79 52
