5
16
43
58
3
65
317
0 4
0 6
0 7
0 9
0 11
0 12
0 13
0 14
0 16
0 17
0 19
0 20
0 22
0 23
0 24
0 25
0 26
0 28
0 29
0 31
0 32
0 33
0 37
0 38
0 39
0 40
0 41
0 43
0 44
0 48
0 51
0 52
0 55
0 58
0 64
0 67
0 68
0 71
0 72
0 75
0 76
0 77
0 78
0 82
0 83
0 85
0 86
0 87
0 89
0 91
0 92
0 94
0 98
0 99
4 16
4 43
4 65
6 3
6 65
7 16
7 58
7 65
9 3
9 11
9 16
11 16
11 75
12 3
12 99
13 43
13 58
13 99
14 16
14 99
16 1
16 3
16 8
16 10
16 15
16 18
16 19
16 20
16 24
16 26
16 28
16 29
16 31
16 32
16 33
16 37
16 40
16 41
16 42
16 45
16 48
16 50
16 51
16 53
16 55
16 56
16 57
16 59
16 60
16 63
16 64
16 65
16 68
16 71
16 76
16 78
16 80
16 82
16 84
16 85
16 92
16 93
16 95
16 96
16 97
17 3
17 58
17 99
19 43
20 65
20 99
23 3
23 43
23 58
24 3
24 65
24 99
25 3
25 58
25 99
26 3
26 58
28 3
28 43
28 65
28 99
29 3
29 43
29 58
31 43
32 43
32 57
32 65
32 99
33 3
33 99
37 3
37 43
37 65
38 43
38 58
39 3
39 43
40 43
40 58
40 65
41 3
41 57
43 1
43 2
43 8
43 18
43 21
43 30
43 44
43 45
43 51
43 53
43 58
43 59
43 65
43 66
43 68
43 69
43 70
43 71
43 72
43 76
43 78
43 81
43 92
43 93
43 95
43 97
43 99
44 58
48 58
48 65
48 99
51 65
51 99
52 58
52 65
55 57
55 65
55 99
57 3
57 8
57 36
57 58
57 65
57 68
57 74
57 82
57 86
57 91
57 98
57 99
58 2
58 8
58 15
58 30
58 35
58 49
58 65
58 66
58 67
58 68
58 69
58 70
58 71
58 73
58 74
58 79
58 82
58 85
58 87
58 88
58 89
58 91
58 92
58 94
58 96
67 3
68 65
71 65
72 3
75 65
76 3
77 3
77 65
78 65
82 3
82 45
82 99
83 65
85 3
85 65
86 3
86 65
86 66
86 99
87 3
89 3
89 65
89 99
91 3
92 3
98 3
98 99
99 3
99 35
99 46
99 47
99 49
99 50
99 60
99 65
99 66
99 73
99 81
1 3
1 65
3 21
3 35
3 36
3 42
3 46
3 49
3 50
3 53
3 56
3 60
3 61
3 62
3 63
3 65
3 69
3 73
3 74
3 79
3 81
3 96
3 97
21 65
27 65
42 65
50 74
53 65
65 2
65 5
65 18
65 30
65 36
65 45
65 49
65 61
65 63
65 70
65 74
65 79
65 81
65 96
