1
11
134
0 8
0 9
0 10
0 11
0 14
0 16
0 20
0 21
0 22
0 24
0 25
0 26
0 27
0 28
0 31
0 37
0 38
0 42
0 43
0 45
0 51
0 52
0 54
0 59
0 64
0 68
0 75
0 76
0 87
0 93
8 3
8 11
8 90
10 92
11 1
11 5
11 6
11 7
11 14
11 23
11 26
11 28
11 37
11 44
11 45
11 46
11 53
11 54
11 55
11 56
11 58
11 59
11 60
11 67
11 68
11 73
11 74
11 75
11 76
11 78
11 81
11 82
11 83
11 87
11 88
11 89
11 94
11 95
11 97
14 92
16 90
22 92
24 92
26 90
28 90
31 55
31 92
37 92
38 90
42 92
51 12
52 35
52 90
52 97
54 92
64 97
68 97
75 92
76 12
76 92
92 1
92 12
92 18
92 32
92 44
92 49
92 50
92 55
92 58
92 60
92 67
92 69
92 70
92 73
92 78
92 81
92 88
92 93
92 94
92 95
92 97
93 90
5 41
19 97
57 90
63 90
63 97
79 90
79 97
3 97
17 97
35 90
49 30
49 97
86 90
12 90
12 97
32 90
80 97
97 30
97 55
97 81
94 90
6 90
