5
10
14
15
16
17
100
6 10
16 17
17 21
17 22
17 24
18 21
18 22
18 23
18 24
19 21
19 22
19 24
20 21
20 22
20 23
20 24
21 27
21 28
22 25
22 27
23 25
23 26
23 28
24 25
24 26
25 29
25 30
25 31
26 29
26 30
26 31
26 32
27 29
27 30
27 31
27 32
28 29
28 30
28 31
28 32
29 35
29 36
30 33
30 34
31 33
31 35
32 34
32 35
32 36
33 37
33 38
33 39
33 40
34 37
34 38
34 39
34 40
35 37
35 38
35 40
36 37
36 38
36 39
36 40
37 42
37 44
38 41
38 43
39 41
39 42
39 43
40 43
40 44
41 45
41 46
41 47
41 48
42 45
42 46
42 47
42 48
43 45
43 46
43 47
44 45
44 46
44 47
44 48
45 50
45 52
46 49
46 50
47 51
47 52
48 49
48 51
48 52
49 53
50 53
51 53
