5
10
11
19
72
80
100
0 3
0 4
0 5
0 6
0 7
0 9
0 12
0 13
0 15
0 17
0 18
0 19
0 21
0 22
0 23
0 24
0 25
0 26
0 29
0 32
0 33
0 34
0 38
0 39
0 40
0 41
0 44
0 45
0 46
0 47
0 48
0 49
0 50
0 51
0 52
0 53
0 54
0 55
0 60
0 62
0 63
0 65
0 66
0 67
0 68
0 69
0 70
0 73
0 76
0 77
0 78
0 80
0 81
0 83
0 84
0 86
0 87
0 88
0 90
0 92
0 94
0 95
0 96
0 98
0 99
2 14
2 23
2 99
7 41
7 99
11 79
13 99
16 28
17 99
20 99
25 52
28 99
31 99
36 79
36 80
38 99
39 66
41 99
42 99
48 99
52 99
54 99
57 99
65 99
66 99
68 99
69 99
77 99
83 99
84 99
87 99
89 99
90 99
92 99
96 99
