5
90
54
43
92
75
100
0 4
0 85
0 32
0 14
0 95
0 48
4 3
4 89
4 40
4 42
85 37
85 54
85 81
14 89
14 70
95 23
95 57
48 22
48 55
3 47
1 68
1 70
10 79
10 89
87 16
87 35
68 17
68 45
68 88
68 73
70 26
70 31
65 50
2 50
2 99
50 29
77 16
99 40
99 49
47 88
89 40
89 59
16 12
16 38
16 35
16 76
16 54
5 34
94 23
94 76
46 91
33 28
33 45
34 59
34 56
34 61
93 35
6 72
72 17
72 67
72 78
44 13
44 24
11 53
90 38
7 9
7 49
57 79
57 96
38 23
38 80
38 96
49 26
51 62
25 91
67 66
67 91
62 18
62 22
62 53
62 73
91 31
91 88
79 12
79 81
13 64
13 58
13 71
88 23
61 66
81 83
28 45
28 39
28 83
60 66
43 83
23 86
55 29
45 31
73 97
