5
81
78
96
40
53
100
0 6
0 21
0 37
0 61
0 68
0 90
6 39
21 89
37 88
68 59
76 16
76 25
76 58
76 59
76 70
90 29
90 41
90 69
90 98
1 57
9 57
52 89
57 13
57 28
57 40
57 44
57 53
57 67
57 84
57 99
62 59
81 30
84 5
84 66
84 83
84 89
2 51
2 75
2 82
7 34
7 56
7 66
23 89
49 5
49 82
51 15
51 18
51 56
51 78
51 80
60 99
63 30
75 26
75 69
82 12
3 59
58 5
59 50
59 71
59 74
59 77
78 66
4 89
18 27
33 29
33 87
71 30
71 66
71 89
89 32
89 40
89 54
89 85
5 29
5 41
5 69
5 70
5 87
5 91
29 99
87 16
87 25
77 30
27 8
27 48
27 66
27 74
27 99
34 30
66 8
66 26
66 72
66 88
12 13
13 30
28 99
30 22
30 95
72 99
99 64
