5
13
53
69
55
67
100
0 1
0 9
0 10
0 13
0 14
0 15
0 17
0 20
0 26
0 27
0 35
0 36
0 37
0 38
0 43
0 44
0 51
0 53
0 60
0 64
0 69
0 72
0 73
1 5
1 21
1 36
1 42
1 72
9 62
9 66
13 52
13 79
14 79
15 66
17 66
26 52
27 79
36 50
36 51
36 56
36 71
37 52
37 66
37 79
43 66
51 79
60 52
64 29
64 52
64 66
66 2
66 11
66 12
66 21
66 23
66 24
66 30
66 42
66 45
66 63
66 72
66 74
66 78
66 79
72 12
73 52
4 52
4 79
7 79
21 58
30 79
52 3
52 16
52 23
52 25
52 29
52 41
52 46
52 47
52 59
52 65
52 78
65 79
11 24
11 78
11 79
63 79
23 12
28 79
33 79
41 79
47 79
54 79
12 61
24 79
79 8
79 34
79 62
79 71
79 78
