5
9
55
5
35
69
100
0 1
0 4
0 6
0 11
0 15
0 30
0 36
0 40
0 45
0 47
0 48
0 49
0 56
0 57
0 58
0 60
0 62
0 63
0 68
0 75
0 80
0 81
0 91
0 93
1 83
4 63
6 63
6 95
11 83
15 83
31 63
36 58
36 63
40 95
45 95
47 95
48 78
49 63
49 75
49 83
56 63
56 83
57 83
57 92
63 3
63 9
63 16
63 18
63 22
63 23
63 26
63 27
63 35
63 37
63 38
63 42
63 44
63 46
63 53
63 74
63 81
63 82
63 85
63 88
63 93
63 94
68 78
68 91
75 83
81 95
7 88
24 95
33 95
39 95
41 95
77 50
83 16
83 21
83 23
83 32
83 35
83 42
83 50
83 51
83 54
83 66
83 74
83 95
90 95
14 95
16 78
16 95
23 95
54 95
64 95
3 95
32 95
95 20
95 38
95 42
