0
100
0 8
0 11
0 14
0 17
0 22
0 23
0 24
0 25
0 35
0 40
0 41
0 42
0 43
0 46
0 48
0 52
0 54
0 57
0 61
0 64
0 65
0 70
0 71
0 76
0 78
0 80
0 83
0 85
0 90
0 93
11 36
14 36
22 36
35 93
36 2
36 3
36 4
36 9
36 15
36 19
36 21
36 26
36 29
36 30
36 31
36 32
36 33
36 34
36 38
36 41
36 42
36 48
36 49
36 51
36 55
36 56
36 57
36 59
36 60
36 61
36 65
36 66
36 72
36 73
36 74
36 79
36 80
36 83
36 85
36 86
36 91
41 93
42 27
43 27
46 27
46 93
52 89
57 51
65 93
78 18
93 1
93 2
93 4
93 18
93 20
93 26
93 32
93 51
93 53
93 56
93 62
93 81
93 86
93 89
18 79
19 27
81 9
27 12
27 73
27 92
