5
4
6
38
75
91
583
0 1
0 4
0 5
0 6
0 7
0 9
0 11
0 12
0 15
0 17
0 18
0 19
0 20
0 23
0 24
0 25
0 26
0 27
0 28
0 29
0 34
0 36
0 38
0 39
0 41
0 43
0 44
0 48
0 49
0 50
0 51
0 56
0 57
0 59
0 60
0 61
0 62
0 63
0 65
0 68
0 69
0 70
0 71
0 72
0 75
0 76
0 77
0 78
0 79
0 80
0 81
0 82
0 85
0 86
0 89
0 90
0 91
0 92
0 93
0 95
0 99
1 4
1 6
1 38
1 75
1 91
2 4
2 6
2 38
2 75
2 91
3 4
3 6
3 38
3 75
3 91
4 5
4 6
4 7
4 8
4 9
4 10
4 11
4 12
4 13
4 14
4 15
4 16
4 17
4 18
4 19
4 20
4 21
4 22
4 23
4 24
4 25
4 26
4 27
4 28
4 29
4 30
4 31
4 32
4 33
4 34
4 35
4 36
4 37
4 38
4 39
4 40
4 41
4 42
4 43
4 44
4 45
4 46
4 47
4 48
4 49
4 50
4 51
4 52
4 53
4 54
4 55
4 56
4 57
4 58
4 59
4 60
4 61
4 62
4 63
4 64
4 65
4 66
4 67
4 68
4 69
4 70
4 71
4 72
4 73
4 74
4 75
4 76
4 77
4 78
4 79
4 80
4 81
4 82
4 83
4 84
4 85
4 86
4 87
4 88
4 89
4 90
4 91
4 92
4 93
4 94
4 95
4 96
4 97
4 98
4 99
5 6
5 38
5 75
5 91
6 7
6 8
6 9
6 10
6 11
6 12
6 13
6 14
6 15
6 16
6 17
6 18
6 19
6 20
6 21
6 22
6 23
6 24
6 25
6 26
6 27
6 28
6 29
6 30
6 31
6 32
6 33
6 34
6 35
6 36
6 37
6 38
6 39
6 40
6 41
6 42
6 43
6 44
6 45
6 46
6 47
6 48
6 49
6 50
6 51
6 52
6 53
6 54
6 55
6 56
6 57
6 58
6 59
6 60
6 61
6 62
6 63
6 64
6 65
6 66
6 67
6 68
6 69
6 70
6 71
6 72
6 73
6 74
6 75
6 76
6 77
6 78
6 79
6 80
6 81
6 82
6 83
6 84
6 85
6 86
6 87
6 88
6 89
6 90
6 91
6 92
6 93
6 94
6 95
6 96
6 97
6 98
6 99
7 38
7 75
7 91
7 99
8 15
8 38
8 75
8 91
9 38
9 75
9 91
10 38
10 75
10 91
10 99
11 25
11 38
11 75
11 91
12 38
12 75
12 91
13 38
13 75
13 91
14 38
14 75
14 91
15 38
15 75
15 91
15 99
16 38
16 75
16 91
17 38
17 75
17 91
18 38
18 75
18 91
19 38
19 75
19 91
20 38
20 75
20 91
20 99
21 38
21 75
21 91
21 99
22 38
22 75
22 90
22 91
22 99
23 38
23 75
23 91
24 38
24 75
24 91
24 99
25 38
25 75
25 91
25 99
26 38
26 75
26 91
27 38
27 75
27 91
27 99
28 38
28 46
28 75
28 91
28 99
29 38
29 75
29 91
29 99
30 38
30 75
30 91
31 38
31 75
31 91
32 38
32 75
32 91
32 99
33 38
33 75
33 91
33 99
34 38
34 75
34 91
35 38
35 75
35 91
35 99
36 38
36 75
36 91
36 99
37 38
37 75
37 91
38 39
38 40
38 41
38 42
38 43
38 44
38 45
38 46
38 47
38 48
38 49
38 50
38 51
38 52
38 53
38 54
38 55
38 56
38 57
38 58
38 59
38 60
38 61
38 62
38 63
38 64
38 65
38 66
38 67
38 68
38 69
38 70
38 71
38 72
38 73
38 74
38 75
38 76
38 77
38 78
38 79
38 80
38 81
38 82
38 83
38 84
38 85
38 86
38 87
38 88
38 89
38 90
38 91
38 92
38 93
38 94
38 95
38 96
38 97
38 98
38 99
39 75
39 91
39 99
40 75
40 91
40 99
41 75
41 91
42 48
42 75
42 91
42 99
43 75
43 91
44 75
44 91
45 75
45 91
45 99
46 75
46 91
46 99
47 75
47 91
47 99
48 75
48 91
49 75
49 91
50 75
50 91
50 99
51 65
51 75
51 91
51 99
52 75
52 91
53 75
53 91
54 75
54 91
54 99
55 75
55 91
56 75
56 91
56 99
57 75
57 91
57 99
58 75
58 91
59 75
59 91
60 75
60 91
61 75
61 91
61 99
62 75
62 91
63 75
63 91
64 75
64 91
64 99
65 75
65 91
65 99
66 75
66 91
67 75
67 91
68 75
68 91
69 75
69 91
70 75
70 91
71 75
71 91
71 99
72 75
72 91
73 75
73 91
73 99
74 75
74 91
75 76
75 77
75 78
75 79
75 80
75 81
75 82
75 83
75 84
75 85
75 86
75 87
75 88
75 89
75 90
75 91
75 92
75 93
75 94
75 95
75 96
75 97
75 98
75 99
76 91
77 91
77 99
78 91
79 91
79 99
80 91
81 91
82 91
83 91
84 91
85 91
86 91
87 91
88 91
89 91
90 91
91 92
91 93
91 94
91 95
91 96
91 97
91 98
91 99
92 99
97 99
98 99
