5
83
97
60
92
45
100
7 83
7 30
7 35
7 75
7 9
7 82
7 45
83 54
39 99
39 95
98 77
64 99
64 37
89 95
97 99
19 63
19 54
86 13
86 66
86 54
59 82
16 3
47 70
8 0
8 66
30 54
68 76
68 3
68 99
65 12
65 54
84 99
84 66
84 70
60 3
60 12
96 66
96 17
29 28
29 54
28 66
28 48
28 11
28 10
28 22
28 90
28 82
66 56
66 63
0 25
0 95
0 6
0 1
0 73
0 99
44 3
3 51
3 79
3 14
3 11
3 37
82 12
82 21
82 1
12 51
12 14
12 34
12 72
12 35
12 50
12 10
75 25
75 37
25 69
34 71
34 79
34 54
38 37
1 37
1 71
49 77
13 2
13 45
13 73
71 32
36 70
70 41
70 79
76 67
76 53
76 14
67 99
26 54
92 99
14 73
94 99
99 10
99 15
79 45
37 21
