5
27
1
7
10
37
100
0 25
0 27
0 28
0 35
0 40
0 66
0 73
0 80
0 82
0 85
0 86
0 89
25 8
28 5
28 69
35 56
40 78
40 81
66 89
73 8
78 1
78 20
78 31
78 55
78 56
78 57
78 58
78 83
82 19
85 1
85 10
85 11
85 31
85 33
85 36
85 69
85 71
85 77
86 48
86 81
89 4
89 42
89 65
1 51
1 59
2 55
2 56
36 48
36 87
49 19
49 63
49 81
51 19
51 26
51 42
51 54
51 60
59 19
68 5
68 63
76 47
76 87
14 53
52 5
52 48
55 4
55 16
55 60
55 71
56 67
3 87
20 38
24 87
34 23
62 47
67 8
87 23
87 38
87 43
4 38
38 31
38 48
38 53
38 57
38 75
38 77
74 8
74 48
79 5
5 13
5 48
8 16
8 48
8 81
48 44
83 47
81 9
81 37
9 46
26 63
