5
1
11
32
39
40
375
0 36
0 44
0 2
0 9
0 21
0 22
0 50
0 16
36 1
36 11
36 13
36 32
36 39
36 40
44 1
44 11
44 13
44 20
44 32
44 39
44 40
2 1
2 11
2 13
2 20
2 32
2 39
2 40
9 1
9 11
9 13
9 20
9 32
9 39
9 40
21 1
21 11
21 13
21 32
21 39
21 40
13 1
13 3
13 4
13 5
13 6
13 7
13 8
13 10
13 11
13 12
13 14
13 15
13 16
13 17
13 18
13 19
13 22
13 23
13 24
13 25
13 26
13 27
13 28
13 29
13 30
13 31
13 32
13 33
13 34
13 35
13 37
13 38
13 39
13 40
13 41
13 42
13 43
13 45
13 46
13 47
13 48
13 49
13 50
13 51
13 52
13 53
13 54
13 55
13 56
13 57
13 58
13 59
13 60
22 1
22 11
22 32
22 39
22 40
50 1
50 11
50 20
50 32
50 39
50 40
16 1
16 11
16 20
16 32
16 39
16 40
1 3
1 4
1 5
1 6
1 7
1 8
1 10
1 11
1 12
1 14
1 15
1 17
1 18
1 19
1 20
1 23
1 24
1 25
1 26
1 27
1 28
1 29
1 30
1 31
1 32
1 33
1 34
1 35
1 37
1 38
1 39
1 40
1 41
1 42
1 43
1 45
1 46
1 47
1 48
1 49
1 51
1 52
1 53
1 54
1 55
1 56
1 57
1 58
1 59
3 11
3 20
3 32
3 39
3 40
4 11
4 32
4 39
4 40
5 11
5 32
5 39
5 40
6 11
6 32
6 39
6 40
7 11
7 20
7 32
7 39
7 40
8 11
8 32
8 39
8 40
10 11
10 20
10 32
10 39
10 40
11 12
11 14
11 15
11 17
11 18
11 19
11 20
11 23
11 24
11 25
11 26
11 27
11 28
11 29
11 30
11 31
11 32
11 33
11 34
11 35
11 37
11 38
11 39
11 40
11 41
11 42
11 43
11 45
11 46
11 47
11 48
11 49
11 51
11 52
11 53
11 54
11 55
11 56
11 57
11 58
11 59
11 60
12 32
12 39
12 40
14 20
14 32
14 39
14 40
14 60
15 20
15 32
15 39
15 40
17 20
17 32
17 39
17 40
18 20
18 32
18 39
18 40
19 32
19 39
19 40
20 23
20 25
20 31
20 32
20 33
20 34
20 35
20 37
20 39
20 40
20 41
20 42
20 43
20 45
20 46
20 48
20 52
20 55
20 58
23 32
23 39
23 40
24 32
24 39
24 40
25 32
25 39
25 40
26 32
26 39
26 40
27 32
27 39
27 40
28 32
28 39
28 40
29 32
29 39
29 40
30 32
30 39
30 40
31 32
31 39
31 40
32 33
32 34
32 35
32 37
32 38
32 39
32 40
32 41
32 42
32 43
32 45
32 46
32 47
32 48
32 49
32 51
32 52
32 53
32 54
32 55
32 56
32 57
32 58
32 59
33 39
33 40
34 39
34 40
35 39
35 40
35 60
37 39
37 40
38 39
38 40
39 40
39 41
39 42
39 43
39 45
39 46
39 47
39 48
39 49
39 51
39 52
39 53
39 54
39 55
39 56
39 57
39 58
39 59
40 41
40 42
40 43
40 45
40 46
40 47
40 48
40 49
40 51
40 52
40 53
40 54
40 55
40 56
40 57
40 58
40 59
40 60
57 60
59 60
