5
62
51
55
31
71
100
7 65
7 3
7 41
65 81
65 1
3 90
3 5
41 52
41 94
22 62
22 68
22 52
93 66
93 49
93 24
81 53
83 8
83 24
40 43
55 29
55 14
60 91
44 91
9 69
9 89
9 67
28 74
34 24
31 94
16 19
16 94
19 64
19 2
15 6
74 6
74 97
68 67
52 39
52 27
67 46
20 21
12 0
12 14
76 30
76 32
59 53
59 99
75 29
75 2
30 50
30 82
64 99
36 89
36 17
36 21
32 90
32 10
42 4
6 98
56 95
11 95
11 96
87 21
91 37
77 53
77 10
13 57
13 72
13 27
98 27
98 35
86 80
78 10
78 29
82 0
33 89
33 99
33 0
80 88
80 96
45 39
54 96
47 39
47 17
47 4
79 38
69 72
69 58
72 88
58 2
58 38
35 4
2 95
61 97
61 14
37 49
97 0
99 46
17 38
88 84
