5
2
4
11
31
37
100
0 1
0 2
0 4
0 5
0 6
0 7
0 8
0 9
0 10
0 11
0 12
0 13
0 14
0 15
0 16
0 17
0 18
0 19
0 20
0 21
0 22
0 23
0 24
0 25
0 26
0 27
0 28
0 29
0 30
0 31
0 32
0 33
0 34
0 35
0 36
0 37
0 38
0 39
0 40
0 41
0 42
0 43
0 44
0 45
0 46
0 47
0 48
0 49
1 3
3 4
3 5
3 6
3 7
3 8
3 11
3 12
3 17
3 20
3 23
3 24
3 25
3 27
3 28
3 29
3 30
3 31
3 35
3 36
3 40
3 41
3 42
3 43
3 44
3 45
3 47
3 49
6 49
7 49
8 49
9 40
9 49
12 23
14 49
16 49
18 38
20 44
20 49
22 38
22 49
27 49
28 42
28 49
33 36
33 49
38 49
41 49
42 49
50 51
50 53
51 54
