5
69
70
90
46
62
100
67 4
67 93
67 99
61 4
61 56
64 8
49 42
49 0
49 4
36 75
36 93
36 52
36 30
36 50
36 70
36 46
36 81
75 8
50 37
15 99
11 8
11 94
79 60
79 94
60 66
60 88
60 52
60 38
60 86
60 82
60 10
60 62
60 25
60 97
60 22
60 30
60 87
97 8
38 89
38 58
38 2
38 74
38 25
38 84
38 51
38 48
38 17
89 0
77 4
77 8
16 37
85 81
85 66
85 39
85 51
85 30
85 31
85 5
26 94
82 94
94 3
94 72
94 87
94 5
94 0
66 56
32 4
32 8
0 86
0 39
0 28
0 74
0 40
86 4
86 56
46 99
23 4
42 87
83 93
83 37
44 4
44 99
99 45
99 17
99 80
21 37
81 4
55 8
93 48
93 80
95 56
4 35
71 56
14 56
1 56
74 56
2 8
56 30
47 8
30 8
