4
55
66
88
6
186
0 7
0 9
0 10
0 12
0 15
0 16
0 20
0 28
0 42
0 53
0 55
0 57
0 60
0 67
0 68
0 71
0 76
0 80
0 82
0 91
0 93
7 55
9 63
10 55
10 63
10 88
12 66
12 88
16 6
16 55
16 63
16 66
20 63
20 85
28 66
28 85
28 88
28 95
53 55
53 73
55 1
55 4
55 6
55 13
55 18
55 23
55 24
55 30
55 36
55 41
55 49
55 61
55 65
55 66
55 72
55 78
55 84
55 87
55 95
57 66
60 66
60 85
60 88
67 66
68 6
68 95
71 6
71 63
73 1
73 2
73 17
73 31
73 34
73 37
73 40
73 41
73 45
73 51
73 62
73 64
73 75
73 76
73 77
73 78
73 80
73 81
73 83
73 89
76 4
76 6
76 63
76 66
80 63
82 66
82 85
93 88
14 6
14 66
17 85
17 88
33 37
35 95
51 63
65 85
65 95
72 66
83 63
87 85
92 63
2 66
2 88
8 6
8 63
21 66
25 6
25 66
25 85
25 95
27 66
27 85
41 66
45 66
49 6
49 88
56 88
66 3
66 11
66 19
66 22
66 26
66 31
66 36
66 39
66 44
66 47
66 48
66 52
66 61
66 62
66 70
66 75
66 79
66 89
66 95
69 6
69 85
88 30
88 34
88 44
88 46
88 74
88 77
88 78
88 90
88 95
3 63
13 95
23 85
26 6
26 63
52 63
52 85
52 95
62 63
62 95
63 29
63 30
63 44
63 74
63 77
63 90
30 6
50 95
79 95
6 39
6 74
6 85
39 74
85 34
85 61
85 86
85 89
85 94
11 95
89 34
89 95
