5
20
7
8
58
77
100
0 51
0 4
0 73
0 69
0 2
0 45
0 25
4 24
4 20
4 8
4 37
73 2
73 56
73 71
73 76
69 79
2 65
2 48
45 30
45 47
25 6
25 16
25 21
25 44
1 5
1 29
1 64
1 48
1 38
5 42
5 32
5 53
5 64
5 47
29 13
29 79
29 32
29 42
29 48
64 65
48 19
48 77
48 58
19 67
19 36
65 12
65 27
65 43
53 16
17 42
17 55
52 60
52 67
9 34
9 67
9 16
20 57
7 68
18 68
13 32
24 10
24 57
8 42
37 15
37 22
37 23
37 30
76 6
42 43
32 70
47 79
6 60
75 43
10 55
30 56
30 62
60 12
60 36
60 77
59 16
59 67
58 62
67 16
67 22
67 26
67 62
16 43
16 27
55 43
55 49
12 27
12 28
12 46
31 21
43 35
36 79
57 63
21 79
79 62
62 41
