5
82
76
78
81
80
100
4 21
7 21
21 14
21 18
21 20
21 23
21 24
21 25
12 13
22 26
22 28
29 35
29 36
31 36
34 42
35 42
36 40
37 42
38 43
39 43
40 43
41 43
47 64
50 64
64 57
64 61
64 63
55 56
68 66
68 67
68 69
68 79
68 82
65 75
65 79
71 77
71 84
74 84
75 80
79 67
79 70
79 72
79 78
79 83
82 77
76 69
76 77
78 84
83 77
83 84
67 70
67 77
67 84
70 73
77 69
77 81
81 84
84 72
84 80
84 85
84 87
84 88
85 91
85 92
85 93
85 94
86 89
86 90
86 91
86 93
86 94
87 89
87 91
87 92
87 94
88 89
88 90
88 91
88 92
88 93
89 96
89 97
89 98
90 95
90 96
90 97
90 98
91 96
91 97
92 95
92 97
92 98
93 95
93 96
93 98
94 95
94 98
95 99
96 99
97 99
