2
44
93
288
0 2
0 3
0 4
0 5
0 6
0 7
0 8
0 9
0 11
0 12
0 13
0 14
0 15
0 16
0 17
0 18
0 19
0 20
0 21
0 22
0 23
0 24
0 25
0 26
0 27
0 28
0 29
0 30
0 31
0 32
0 33
0 34
0 35
0 36
0 37
0 38
0 39
0 40
0 41
0 43
0 44
0 45
0 46
0 47
0 48
0 49
0 50
0 52
0 53
0 54
0 55
0 56
0 57
0 58
0 59
0 60
0 62
0 63
0 65
0 66
0 67
0 68
0 69
0 70
0 71
0 72
0 73
0 74
0 75
0 76
0 77
0 78
0 79
0 80
0 81
0 82
0 83
0 84
0 85
0 86
0 87
0 88
0 89
0 90
0 91
0 92
0 93
0 94
0 95
1 44
1 93
2 44
2 93
3 44
3 93
3 95
4 44
4 93
5 44
5 93
6 44
6 93
7 44
7 93
8 44
8 93
9 44
9 93
10 44
10 93
11 44
11 93
11 95
12 44
12 93
13 44
13 93
14 44
14 93
15 44
15 93
16 44
16 93
16 95
17 44
17 93
18 44
18 93
19 44
19 93
20 44
20 93
21 44
21 93
22 44
22 93
23 44
23 93
24 44
24 93
25 44
25 93
26 44
26 93
27 44
27 93
28 44
28 93
29 44
29 93
30 44
30 93
31 44
31 93
31 95
32 44
32 93
33 44
33 93
34 44
34 93
35 44
35 93
36 44
36 93
37 44
37 93
38 44
38 93
39 44
39 93
40 44
40 93
41 44
41 93
42 44
42 93
43 44
43 93
44 45
44 46
44 47
44 48
44 49
44 50
44 51
44 52
44 53
44 54
44 55
44 56
44 57
44 58
44 59
44 60
44 61
44 62
44 63
44 64
44 65
44 66
44 67
44 68
44 69
44 70
44 71
44 72
44 73
44 74
44 75
44 76
44 77
44 78
44 79
44 80
44 81
44 82
44 83
44 84
44 85
44 86
44 87
44 88
44 89
44 90
44 91
44 92
44 93
44 94
44 95
45 93
46 93
47 93
48 93
49 93
50 93
51 93
52 93
52 95
53 93
54 93
55 93
56 93
57 93
57 95
58 93
59 93
60 93
61 75
61 93
61 95
62 93
62 95
63 93
64 93
64 95
65 93
66 93
67 93
68 93
69 93
70 93
70 95
71 93
72 93
73 93
74 93
74 95
75 93
76 93
77 93
78 93
79 93
80 93
81 93
82 93
83 93
84 93
85 93
86 93
87 93
88 93
89 93
90 93
91 93
92 93
93 94
93 95
