5
40
1
17
5
37
100
0 59
0 26
0 35
0 22
0 40
59 20
59 38
59 49
59 52
26 28
35 11
35 25
22 4
22 11
22 18
22 51
22 50
22 55
22 29
22 25
22 41
22 47
22 58
22 39
25 32
25 29
25 56
25 44
40 10
40 50
23 15
23 16
23 58
23 31
17 58
17 32
43 10
43 48
49 16
49 28
33 46
33 58
2 55
30 10
55 9
55 58
56 16
56 18
56 46
3 27
7 8
7 28
7 37
34 16
34 45
34 52
52 21
52 28
52 36
52 45
5 47
13 28
13 31
57 16
57 31
57 53
57 58
41 24
41 46
47 6
47 11
47 16
47 54
45 6
45 11
45 31
6 18
42 21
42 36
42 58
8 15
10 29
10 36
10 20
37 24
15 58
15 16
15 20
51 12
51 58
29 58
36 58
11 19
11 38
19 38
19 58
19 48
16 24
46 54
21 50
