5
5
73
69
20
57
100
0 12
0 61
0 11
0 13
0 86
0 94
0 97
71 44
71 54
71 64
71 15
71 79
12 2
12 58
12 67
12 97
12 16
12 26
12 37
12 69
61 34
1 56
1 10
1 72
1 27
56 49
56 21
56 17
56 74
56 99
10 62
58 5
58 22
58 62
99 31
99 34
99 78
99 17
99 81
99 38
99 76
72 23
2 25
62 26
62 27
62 17
62 4
25 90
36 33
36 21
36 66
36 63
36 74
36 92
3 6
3 18
65 17
65 45
65 78
65 86
65 19
5 43
21 88
21 46
96 52
96 63
66 34
66 87
7 23
7 86
7 14
7 44
7 80
7 90
7 92
43 24
43 34
43 95
43 40
43 81
13 46
13 90
15 18
75 34
97 87
97 90
76 46
18 16
18 68
17 34
34 92
34 68
22 46
81 45
88 40
88 52
24 90
27 28
30 90
70 87
