5
60
65
75
82
87
100
0 1
0 2
0 4
0 5
3 55
55 59
55 62
55 70
55 73
55 75
55 81
55 83
55 85
55 94
55 95
55 96
55 97
55 98
56 59
56 94
57 59
57 94
58 59
58 94
59 61
59 62
59 63
59 64
59 66
59 67
59 68
59 69
59 70
59 71
59 72
59 73
59 74
59 76
59 77
59 78
59 79
59 80
59 81
59 83
59 84
59 85
59 86
59 88
59 90
59 91
59 92
59 93
59 95
59 96
59 97
59 98
60 94
61 94
62 94
63 94
64 94
65 94
66 94
67 94
68 94
69 94
70 94
71 94
72 87
72 94
73 94
74 94
75 94
76 94
77 94
78 94
79 94
80 94
80 97
81 94
82 94
83 94
84 94
85 94
86 94
87 94
88 94
89 94
90 94
91 94
92 94
93 94
94 95
94 96
94 97
94 98
95 99
96 99
97 99
98 99
