0
98
0 1
0 27
0 6
0 24
1 67
27 28
2 3
2 21
67 54
67 68
67 84
3 4
3 18
3 63
44 45
44 46
4 61
55 54
55 70
5 6
61 30
61 62
61 32
71 15
71 43
71 70
71 72
71 94
7 8
7 34
34 35
9 10
10 11
10 13
47 46
47 20
47 81
12 59
59 58
59 60
59 73
14 73
73 26
73 74
16 17
16 48
17 18
48 49
19 20
19 52
76 75
76 77
76 94
22 23
22 33
57 56
57 63
95 74
95 99
25 26
25 29
29 30
31 36
32 56
52 53
43 42
37 38
38 85
39 82
85 86
40 41
82 83
41 97
49 86
97 96
97 98
97 99
45 78
74 88
50 51
89 88
89 94
62 79
79 80
64 81
65 66
77 78
84 69
69 94
87 88
87 91
94 93
98 96
88 91
91 90
91 92
91 96
93 99
