0
100
0 1
0 3
0 4
0 9
0 10
0 11
0 16
0 20
0 22
0 23
0 31
0 33
0 35
0 40
0 41
0 44
0 45
0 46
0 47
0 50
3 14
3 19
4 19
4 25
4 39
4 48
9 25
9 48
10 39
10 48
11 19
11 25
11 48
20 14
20 21
20 25
20 48
22 21
22 25
22 39
23 14
23 39
33 14
33 25
33 39
35 39
35 48
40 14
40 19
41 19
41 21
41 39
44 21
44 25
44 39
44 48
45 19
45 25
45 48
47 21
47 25
47 48
48 2
48 5
48 19
48 21
48 29
48 30
48 34
48 36
48 42
6 19
13 19
13 21
17 19
26 19
26 21
26 25
29 19
37 21
37 39
49 19
49 25
49 39
15 25
18 21
27 21
28 25
28 39
32 19
7 25
12 25
12 39
14 39
19 43
38 39
42 21
42 25
30 21
39 43
