5
19
53
61
62
67
567
0 1
0 2
0 3
0 4
0 5
0 6
0 7
0 8
0 9
0 10
0 12
0 13
0 14
0 15
0 16
0 17
0 18
0 19
0 20
0 21
0 22
0 23
0 24
0 25
0 26
0 27
0 28
0 29
0 30
0 31
0 32
0 33
0 34
0 35
0 36
0 37
0 38
0 39
0 40
0 41
0 42
0 43
0 44
0 45
0 46
0 47
0 48
0 49
0 50
0 51
0 52
0 53
0 54
0 55
0 56
0 57
0 58
0 59
0 60
0 61
0 62
0 63
0 65
0 66
0 67
0 68
0 69
0 70
0 71
0 72
0 73
0 74
0 75
0 76
0 77
0 78
0 79
0 80
0 81
0 82
0 83
0 84
0 85
0 86
0 87
0 88
0 89
0 90
0 91
0 92
0 93
0 94
0 95
0 96
1 19
1 53
1 61
1 62
1 67
2 19
2 53
2 61
2 62
2 67
3 19
3 53
3 61
3 62
3 67
4 19
4 53
4 61
4 62
4 67
5 19
5 53
5 61
5 62
5 67
5 92
6 19
6 53
6 61
6 62
6 67
7 19
7 53
7 61
7 62
7 67
8 19
8 53
8 61
8 62
8 67
9 19
9 53
9 61
9 62
9 67
10 19
10 53
10 61
10 62
10 67
10 96
11 19
11 53
11 61
11 62
11 67
12 19
12 53
12 61
12 62
12 67
13 19
13 53
13 61
13 62
13 67
14 19
14 53
14 61
14 62
14 67
15 19
15 53
15 61
15 62
15 67
16 19
16 53
16 61
16 62
16 67
17 19
17 53
17 61
17 62
17 67
18 19
18 53
18 61
18 62
18 67
19 20
19 21
19 22
19 23
19 24
19 25
19 26
19 27
19 28
19 29
19 30
19 31
19 32
19 33
19 34
19 35
19 36
19 37
19 38
19 39
19 40
19 41
19 42
19 43
19 44
19 45
19 46
19 47
19 48
19 49
19 50
19 51
19 52
19 53
19 54
19 55
19 56
19 57
19 58
19 59
19 60
19 61
19 62
19 63
19 64
19 65
19 66
19 67
19 68
19 69
19 70
19 71
19 72
19 73
19 74
19 75
19 76
19 77
19 78
19 79
19 80
19 81
19 82
19 83
19 84
19 85
19 86
19 87
19 88
19 89
19 90
19 91
19 92
19 93
19 94
19 95
19 96
20 53
20 61
20 62
20 67
21 53
21 61
21 62
21 67
22 53
22 61
22 62
22 67
23 53
23 61
23 62
23 67
24 53
24 61
24 62
24 67
25 53
25 61
25 62
25 67
25 81
26 53
26 61
26 62
26 67
27 53
27 61
27 62
27 67
28 53
28 61
28 62
28 67
29 53
29 61
29 62
29 67
30 53
30 61
30 62
30 67
30 96
31 53
31 61
31 62
31 67
32 53
32 61
32 62
32 67
33 53
33 61
33 62
33 67
34 53
34 61
34 62
34 67
35 53
35 61
35 62
35 67
36 53
36 61
36 62
36 67
37 53
37 61
37 62
37 67
38 53
38 61
38 62
38 67
39 53
39 61
39 62
39 67
40 53
40 61
40 62
40 67
41 53
41 61
41 62
41 67
42 53
42 61
42 62
42 67
43 53
43 61
43 62
43 67
44 53
44 61
44 62
44 67
45 53
45 61
45 62
45 67
45 96
46 53
46 61
46 62
46 67
47 53
47 61
47 62
47 67
48 53
48 61
48 62
48 67
49 53
49 61
49 62
49 67
50 53
50 61
50 62
50 67
51 53
51 61
51 62
51 67
52 53
52 61
52 62
52 67
53 54
53 55
53 56
53 57
53 58
53 59
53 60
53 61
53 62
53 63
53 64
53 65
53 66
53 67
53 68
53 69
53 70
53 71
53 72
53 73
53 74
53 75
53 76
53 77
53 78
53 79
53 80
53 81
53 82
53 83
53 84
53 85
53 86
53 87
53 88
53 89
53 90
53 91
53 92
53 93
53 94
53 95
53 96
54 61
54 62
54 67
55 61
55 62
55 67
56 61
56 62
56 67
57 61
57 62
57 67
58 61
58 62
58 67
59 61
59 62
59 67
60 61
60 62
60 67
61 62
61 63
61 64
61 65
61 66
61 67
61 68
61 69
61 70
61 71
61 72
61 73
61 74
61 75
61 76
61 77
61 78
61 79
61 80
61 81
61 82
61 83
61 84
61 85
61 86
61 87
61 88
61 89
61 90
61 91
61 92
61 93
61 94
61 95
61 96
62 63
62 64
62 65
62 66
62 67
62 68
62 69
62 70
62 71
62 72
62 73
62 74
62 75
62 76
62 77
62 78
62 79
62 80
62 81
62 82
62 83
62 84
62 85
62 86
62 87
62 88
62 89
62 90
62 91
62 92
62 93
62 94
62 95
62 96
63 67
64 67
65 67
66 67
67 68
67 69
67 70
67 71
67 72
67 73
67 74
67 75
67 76
67 77
67 78
67 79
67 80
67 81
67 82
67 83
67 84
67 85
67 86
67 87
67 88
67 89
67 90
67 91
67 92
67 93
67 94
67 95
67 96
76 92
83 96
92 96
