5
34
41
76
4
30
263
0 6
0 2
0 3
0 5
0 8
0 10
0 16
0 20
0 23
0 26
0 34
0 35
0 40
0 41
0 43
0 44
0 46
0 48
0 49
0 52
0 56
0 60
0 62
0 63
0 64
0 65
0 76
0 79
0 81
0 85
6 30
2 24
3 1
3 34
3 41
3 88
5 4
5 24
5 30
5 41
8 4
8 24
8 34
8 76
10 30
10 34
10 88
16 24
16 34
16 76
20 24
20 34
20 41
23 24
23 88
24 4
24 7
24 9
24 11
24 12
24 13
24 15
24 21
24 68
24 25
24 27
24 29
24 31
24 33
24 34
24 45
24 46
24 47
24 50
24 54
24 56
24 72
24 75
24 77
24 78
24 79
24 81
24 83
24 85
26 4
26 39
34 1
34 13
34 14
34 18
34 22
34 28
34 30
34 31
34 42
34 35
34 37
34 38
34 40
34 44
34 46
34 51
34 53
34 54
34 58
34 59
34 65
34 66
34 67
34 68
34 70
34 73
34 74
34 76
34 78
34 84
34 85
34 87
34 88
35 1
35 30
35 88
40 15
40 30
40 41
40 88
41 1
41 11
41 12
41 13
41 18
41 19
41 21
41 25
41 27
41 28
41 30
41 32
41 38
41 39
41 50
41 43
41 46
41 49
41 53
41 54
41 57
41 59
41 61
41 62
41 64
41 65
41 71
41 73
41 75
41 81
41 82
44 4
44 30
44 76
48 4
49 76
52 4
56 30
56 39
60 4
60 39
60 76
62 4
62 76
63 4
63 76
64 4
64 30
64 88
65 4
65 76
76 4
76 7
76 9
76 15
76 33
76 39
76 42
76 45
76 47
76 51
76 57
76 66
76 69
76 74
76 84
76 77
76 80
76 82
76 86
76 88
79 30
79 39
81 30
85 30
85 39
1 39
12 4
19 4
19 39
31 4
31 30
31 39
36 4
37 4
39 4
39 9
39 61
39 66
39 70
39 80
39 84
39 86
39 88
42 4
42 30
51 4
66 30
67 30
68 30
72 4
72 30
74 4
74 88
83 4
83 30
83 88
21 4
21 30
22 30
29 4
29 30
38 4
45 30
53 4
53 88
59 4
78 30
80 4
88 15
88 28
88 30
88 75
88 84
88 87
11 4
11 30
28 30
70 4
70 30
71 30
86 30
4 30
4 50
30 27
30 47
30 57
