5
20
36
72
81
82
580
0 1
0 2
0 3
0 6
0 7
0 8
0 10
0 11
0 12
0 13
0 14
0 15
0 16
0 17
0 18
0 19
0 20
0 22
0 23
0 24
0 26
0 27
0 28
0 29
0 30
0 31
0 32
0 35
0 36
0 37
0 38
0 39
0 40
0 41
0 42
0 43
0 46
0 47
0 48
0 49
0 51
0 54
0 55
0 56
0 57
0 59
0 61
0 62
0 64
0 66
0 67
0 68
0 69
0 71
0 72
0 73
0 74
0 75
0 76
0 77
0 78
0 79
0 81
0 82
0 84
0 85
0 86
0 87
0 88
0 90
0 92
0 93
0 94
0 95
0 96
0 97
0 98
0 99
1 20
1 36
1 72
1 81
1 82
2 20
2 36
2 72
2 81
2 82
3 20
3 36
3 72
3 81
3 82
4 20
4 22
4 36
4 72
4 81
4 82
5 20
5 36
5 72
5 81
5 82
6 20
6 36
6 72
6 81
6 82
6 99
7 16
7 20
7 36
7 72
7 81
7 82
8 20
8 36
8 72
8 81
8 82
9 20
9 36
9 72
9 81
9 82
10 20
10 36
10 72
10 81
10 82
11 20
11 36
11 72
11 81
11 82
12 20
12 36
12 56
12 72
12 75
12 81
12 82
13 20
13 36
13 72
13 81
13 82
14 20
14 36
14 37
14 72
14 81
14 82
14 99
15 20
15 36
15 72
15 81
15 82
16 20
16 36
16 72
16 81
16 82
16 99
17 20
17 36
17 72
17 81
17 82
18 20
18 36
18 72
18 81
18 82
19 20
19 36
19 72
19 81
19 82
20 21
20 22
20 23
20 24
20 25
20 26
20 27
20 28
20 29
20 30
20 31
20 32
20 33
20 34
20 35
20 36
20 37
20 38
20 39
20 40
20 41
20 42
20 43
20 44
20 45
20 46
20 47
20 48
20 49
20 50
20 51
20 52
20 53
20 54
20 55
20 56
20 57
20 58
20 59
20 60
20 61
20 62
20 63
20 64
20 65
20 66
20 67
20 68
20 69
20 70
20 71
20 72
20 73
20 74
20 75
20 76
20 77
20 78
20 79
20 80
20 81
20 82
20 83
20 84
20 85
20 86
20 87
20 88
20 89
20 90
20 91
20 92
20 93
20 94
20 95
20 96
20 97
20 98
20 99
21 36
21 48
21 72
21 81
21 82
22 36
22 72
22 81
22 82
22 99
23 36
23 72
23 81
23 82
24 36
24 72
24 81
24 82
25 36
25 72
25 81
25 82
26 36
26 72
26 81
26 82
27 36
27 72
27 81
27 82
27 99
28 36
28 72
28 81
28 82
29 36
29 72
29 81
29 82
30 36
30 72
30 81
30 82
31 36
31 72
31 81
31 82
32 36
32 72
32 81
32 82
33 36
33 72
33 81
33 82
34 36
34 72
34 81
34 82
35 36
35 72
35 81
35 82
36 37
36 38
36 39
36 40
36 41
36 42
36 43
36 44
36 45
36 46
36 47
36 48
36 49
36 50
36 51
36 52
36 53
36 54
36 55
36 56
36 57
36 58
36 59
36 60
36 61
36 62
36 63
36 64
36 65
36 66
36 67
36 68
36 69
36 70
36 71
36 72
36 73
36 74
36 75
36 76
36 77
36 78
36 79
36 80
36 81
36 82
36 83
36 84
36 85
36 86
36 87
36 88
36 89
36 90
36 91
36 92
36 93
36 94
36 95
36 96
36 97
36 98
36 99
37 72
37 81
37 82
38 72
38 81
38 82
39 43
39 72
39 81
39 82
39 99
40 72
40 81
40 82
41 72
41 81
41 82
42 72
42 81
42 82
43 72
43 81
43 82
44 72
44 81
44 82
45 72
45 81
45 82
46 72
46 81
46 82
47 72
47 81
47 82
48 55
48 72
48 81
48 82
48 99
49 72
49 81
49 82
50 72
50 81
50 82
51 72
51 81
51 82
52 72
52 81
52 82
53 72
53 81
53 82
54 72
54 81
54 82
55 72
55 81
55 82
56 72
56 81
56 82
56 98
57 72
57 81
57 82
58 72
58 81
58 82
59 72
59 81
59 82
60 72
60 81
60 82
61 72
61 81
61 82
61 99
62 72
62 81
62 82
63 72
63 81
63 82
64 72
64 81
64 82
65 72
65 81
65 82
66 72
66 81
66 82
66 99
67 72
67 81
67 82
68 72
68 81
68 82
69 72
69 81
69 82
70 72
70 81
70 82
71 72
71 81
71 82
72 73
72 74
72 75
72 76
72 77
72 78
72 79
72 80
72 81
72 82
72 83
72 84
72 85
72 86
72 87
72 88
72 89
72 90
72 91
72 92
72 93
72 94
72 95
72 96
72 97
72 98
72 99
73 81
73 82
74 81
74 82
75 81
75 82
75 99
76 81
76 82
77 81
77 82
78 81
78 82
78 99
79 81
79 82
79 99
80 81
80 82
80 99
81 82
81 83
81 84
81 85
81 86
81 87
81 88
81 89
81 90
81 91
81 92
81 93
81 94
81 95
81 96
81 97
81 98
81 99
82 83
82 84
82 85
82 86
82 87
82 88
82 89
82 90
82 91
82 92
82 93
82 94
82 95
82 96
82 97
82 98
82 99
