5
35
37
67
72
78
100
0 1
0 2
0 3
0 4
0 7
0 9
0 10
0 11
0 12
0 13
0 14
0 15
0 18
0 19
0 20
0 22
0 23
0 24
0 27
0 29
0 30
0 32
0 33
0 34
0 36
0 37
0 41
0 42
0 44
0 45
0 46
0 47
0 48
0 49
0 50
0 51
0 52
0 53
0 54
0 55
0 56
0 59
0 60
0 61
0 62
0 63
0 64
0 65
0 66
0 67
0 68
0 69
0 70
0 71
0 72
0 73
0 74
0 75
0 77
0 80
0 81
0 83
0 85
0 86
0 87
0 88
0 89
0 90
0 92
0 93
0 95
0 96
0 97
0 98
0 99
5 99
9 99
11 99
14 99
15 99
16 99
17 99
32 99
38 99
40 99
41 99
47 99
48 99
50 99
52 97
53 99
57 99
59 99
60 99
65 99
70 99
75 99
79 99
81 99
91 99
