5
1
10
19
44
69
100
0 2
0 3
0 4
0 6
0 8
0 9
0 10
0 12
0 13
0 14
0 15
0 16
0 17
0 18
0 20
0 21
0 22
0 24
0 25
0 28
0 30
0 31
0 34
0 35
0 36
0 37
0 38
0 39
0 40
0 42
0 43
0 44
0 45
0 46
0 48
0 49
0 51
0 52
0 53
0 55
0 57
0 58
0 59
0 60
0 62
0 63
0 64
0 65
0 67
0 68
0 71
0 73
0 74
0 76
0 77
0 80
0 81
0 82
0 84
0 87
0 88
0 89
0 90
0 91
0 92
0 94
0 95
0 96
0 97
0 99
4 21
9 99
11 99
12 20
13 99
14 99
16 87
43 64
43 99
46 99
48 56
48 80
56 65
57 99
58 65
58 99
62 96
62 99
65 99
69 99
70 99
77 99
79 99
81 89
81 99
83 92
83 99
86 99
87 99
96 99
