5
13
24
27
36
92
579
0 1
0 2
0 3
0 7
0 8
0 10
0 11
0 13
0 14
0 15
0 16
0 17
0 18
0 19
0 21
0 23
0 24
0 26
0 27
0 28
0 29
0 30
0 31
0 32
0 33
0 34
0 35
0 36
0 37
0 38
0 39
0 40
0 41
0 42
0 43
0 44
0 46
0 47
0 49
0 50
0 51
0 52
0 53
0 54
0 56
0 57
0 58
0 59
0 61
0 62
0 63
0 64
0 65
0 66
0 67
0 68
0 69
0 70
0 71
0 72
0 74
0 75
0 77
0 78
0 79
0 80
0 81
0 83
0 84
0 86
0 87
0 88
0 89
0 90
0 91
0 92
0 93
0 94
0 95
0 96
0 97
0 98
0 99
1 13
1 24
1 27
1 36
1 92
2 13
2 24
2 27
2 36
2 56
2 92
2 99
3 13
3 24
3 27
3 36
3 92
3 99
4 13
4 24
4 27
4 36
4 92
5 13
5 24
5 27
5 36
5 92
5 99
6 13
6 24
6 27
6 36
6 92
7 13
7 24
7 27
7 36
7 92
8 13
8 24
8 27
8 36
8 92
9 13
9 24
9 27
9 36
9 92
10 13
10 24
10 27
10 36
10 92
11 13
11 24
11 27
11 36
11 92
12 13
12 24
12 27
12 36
12 92
13 14
13 15
13 16
13 17
13 18
13 19
13 20
13 21
13 22
13 23
13 24
13 25
13 26
13 27
13 28
13 29
13 30
13 31
13 32
13 33
13 34
13 35
13 36
13 37
13 38
13 39
13 40
13 41
13 42
13 43
13 44
13 45
13 46
13 47
13 48
13 49
13 50
13 51
13 52
13 53
13 54
13 55
13 56
13 57
13 58
13 59
13 60
13 61
13 62
13 63
13 64
13 65
13 66
13 67
13 68
13 69
13 70
13 71
13 72
13 73
13 74
13 75
13 76
13 77
13 78
13 79
13 80
13 81
13 82
13 83
13 84
13 85
13 86
13 87
13 88
13 89
13 90
13 91
13 92
13 93
13 94
13 95
13 96
13 97
13 98
13 99
14 24
14 27
14 36
14 92
14 99
15 24
15 27
15 36
15 92
15 99
16 24
16 27
16 36
16 92
17 24
17 27
17 36
17 92
17 99
18 24
18 27
18 36
18 92
18 99
19 24
19 27
19 36
19 92
20 24
20 27
20 36
20 92
21 24
21 27
21 36
21 92
22 24
22 27
22 31
22 36
22 92
22 99
23 24
23 27
23 36
23 92
24 25
24 26
24 27
24 28
24 29
24 30
24 31
24 32
24 33
24 34
24 35
24 36
24 37
24 38
24 39
24 40
24 41
24 42
24 43
24 44
24 45
24 46
24 47
24 48
24 49
24 50
24 51
24 52
24 53
24 54
24 55
24 56
24 57
24 58
24 59
24 60
24 61
24 62
24 63
24 64
24 65
24 66
24 67
24 68
24 69
24 70
24 71
24 72
24 73
24 74
24 75
24 76
24 77
24 78
24 79
24 80
24 81
24 82
24 83
24 84
24 85
24 86
24 87
24 88
24 89
24 90
24 91
24 92
24 93
24 94
24 95
24 96
24 97
24 98
24 99
25 27
25 36
25 92
26 27
26 36
26 92
27 28
27 29
27 30
27 31
27 32
27 33
27 34
27 35
27 36
27 37
27 38
27 39
27 40
27 41
27 42
27 43
27 44
27 45
27 46
27 47
27 48
27 49
27 50
27 51
27 52
27 53
27 54
27 55
27 56
27 57
27 58
27 59
27 60
27 61
27 62
27 63
27 64
27 65
27 66
27 67
27 68
27 69
27 70
27 71
27 72
27 73
27 74
27 75
27 76
27 77
27 78
27 79
27 80
27 81
27 82
27 83
27 84
27 85
27 86
27 87
27 88
27 89
27 90
27 91
27 92
27 93
27 94
27 95
27 96
27 97
27 98
27 99
28 36
28 92
29 36
29 92
30 36
30 92
31 36
31 92
32 36
32 92
33 36
33 92
34 36
34 92
35 36
35 92
36 37
36 38
36 39
36 40
36 41
36 42
36 43
36 44
36 45
36 46
36 47
36 48
36 49
36 50
36 51
36 52
36 53
36 54
36 55
36 56
36 57
36 58
36 59
36 60
36 61
36 62
36 63
36 64
36 65
36 66
36 67
36 68
36 69
36 70
36 71
36 72
36 73
36 74
36 75
36 76
36 77
36 78
36 79
36 80
36 81
36 82
36 83
36 84
36 85
36 86
36 87
36 88
36 89
36 90
36 91
36 92
36 93
36 94
36 95
36 96
36 97
36 98
36 99
37 92
38 92
39 92
40 92
40 99
41 92
42 92
43 92
44 92
45 92
46 92
47 92
48 92
49 92
50 92
51 92
52 83
52 92
53 92
54 92
55 92
56 92
57 92
58 92
58 99
59 92
60 92
61 92
62 92
63 92
64 92
65 92
66 92
66 99
67 92
68 92
69 92
70 92
71 92
72 92
73 92
74 92
75 92
76 92
77 92
78 92
79 92
80 92
81 92
82 92
83 92
83 99
84 92
85 92
86 92
87 92
88 92
89 92
90 92
91 92
92 93
92 94
92 95
92 96
92 97
92 98
92 99
97 99
