5
76
69
27
65
91
404
0 62
0 45
0 76
0 56
0 96
0 67
0 75
0 25
0 29
0 72
0 88
0 36
0 48
0 61
0 71
0 17
0 32
0 63
0 69
0 27
0 89
0 12
0 50
0 22
0 21
0 28
0 33
0 31
0 80
0 77
0 97
0 93
0 64
0 37
0 23
0 2
0 99
0 3
0 42
0 41
0 59
0 34
0 65
0 73
0 46
0 13
0 53
0 79
0 19
0 44
0 54
0 20
0 74
0 7
0 91
0 83
0 39
0 70
47 27
47 99
47 76
62 76
62 91
62 69
45 27
45 99
45 76
45 69
45 65
76 2
76 3
76 4
76 5
76 9
76 11
76 13
76 15
76 17
76 18
76 20
76 21
76 22
76 23
76 24
76 26
76 27
76 30
76 32
76 33
76 34
76 35
76 36
76 37
76 38
76 39
76 42
76 43
76 46
76 48
76 49
76 50
76 51
76 52
76 53
76 54
76 56
76 57
76 58
76 59
76 60
76 61
76 63
76 65
76 68
76 69
76 71
76 72
76 73
76 74
76 82
76 94
76 93
76 87
76 76
76 80
76 95
76 81
76 88
76 79
76 99
76 90
76 83
76 92
76 77
56 65
56 69
96 27
96 65
96 69
96 91
35 27
35 69
67 99
67 69
75 27
75 69
75 91
25 5
25 65
25 27
25 69
25 91
25 74
29 65
29 69
29 91
94 69
72 65
72 69
72 99
72 91
72 98
88 27
88 65
88 69
88 91
36 27
36 97
36 69
1 65
1 27
1 99
9 99
9 69
48 65
48 91
48 69
86 65
86 69
86 99
86 91
15 69
15 99
15 91
15 27
38 91
38 69
38 65
43 91
43 65
61 69
71 27
71 69
17 27
17 91
32 27
32 91
32 69
90 27
90 99
81 27
81 65
63 65
69 2
69 4
69 5
69 11
69 12
69 13
69 16
69 19
69 21
69 22
69 23
69 26
69 27
69 33
69 34
69 37
69 39
69 40
69 41
69 44
69 50
69 51
69 52
69 54
69 55
69 57
69 58
69 59
69 64
69 65
69 68
69 91
69 92
69 77
69 79
69 97
69 83
69 85
69 73
69 82
69 99
69 98
69 89
69 87
69 74
52 27
52 65
52 99
95 26
95 27
95 65
27 2
27 4
27 5
27 6
27 7
27 8
27 10
27 13
27 16
27 18
27 19
27 20
27 22
27 23
27 26
27 92
27 64
27 70
27 80
27 84
27 74
27 98
27 66
27 85
27 59
27 44
27 91
27 60
27 83
27 99
27 97
27 57
27 55
27 93
27 46
27 89
27 87
27 42
27 53
27 30
27 40
27 41
27 33
27 51
27 58
78 65
78 91
89 65
89 91
89 99
11 99
11 85
12 99
12 91
50 65
22 65
22 98
21 91
21 65
28 91
33 99
33 65
31 99
31 91
80 91
77 55
77 65
77 99
8 91
93 65
64 5
64 99
64 91
64 65
37 65
37 91
23 91
23 65
2 91
99 5
99 10
99 13
99 14
99 20
99 26
99 44
99 53
99 55
99 66
99 73
99 83
99 84
99 91
58 65
14 65
14 91
3 91
3 65
42 91
59 91
59 65
87 65
87 91
65 7
65 10
65 16
65 18
65 19
65 26
65 30
65 39
65 46
65 51
65 54
65 60
65 98
65 73
65 79
65 85
65 74
65 83
65 70
65 92
65 68
73 91
46 26
5 91
13 91
53 91
79 91
19 91
44 10
44 91
57 91
54 91
60 91
68 91
20 91
16 91
26 91
51 91
74 91
7 91
10 91
91 18
91 39
91 70
91 83
91 85
91 91
