1
18
148
0 8
0 10
0 11
0 12
0 13
0 14
0 16
0 18
0 22
0 23
0 24
0 29
0 33
0 34
0 35
0 36
0 40
0 42
0 51
0 53
0 55
0 56
0 59
0 62
0 64
0 73
0 74
0 79
0 80
4 2
4 3
4 6
4 10
4 11
4 12
4 14
4 19
4 20
4 21
4 26
4 27
4 29
4 30
4 35
4 37
4 38
4 39
4 40
4 41
4 43
4 44
4 47
4 49
4 51
4 53
4 56
4 57
4 59
4 60
4 61
4 65
4 68
4 72
4 74
4 75
4 76
4 77
4 78
4 82
4 83
8 18
8 58
11 84
13 18
14 18
16 18
18 1
18 2
18 3
18 5
18 7
18 15
18 20
18 21
18 22
18 24
18 31
18 32
18 34
18 37
18 38
18 39
18 40
18 43
18 44
18 46
18 47
18 48
18 50
18 51
18 53
18 54
18 55
18 56
18 58
18 59
18 60
18 62
18 64
18 65
18 67
18 69
18 70
18 72
18 75
18 77
18 78
18 79
18 80
18 82
18 83
22 58
23 84
56 58
62 58
1 58
1 84
7 58
15 84
25 84
45 58
48 58
48 84
49 58
57 58
58 30
58 50
58 63
58 66
58 78
83 84
84 17
84 21
84 31
84 43
84 61
84 71
61 31
