5
8
96
52
58
84
451
0 1
0 2
0 3
0 6
0 8
0 9
0 12
0 14
0 15
0 16
0 18
0 19
0 20
0 21
0 22
0 23
0 26
0 27
0 30
0 31
0 32
0 33
0 34
0 35
0 36
0 38
0 39
0 40
0 41
0 43
0 44
0 45
0 46
0 47
0 48
0 49
0 50
0 51
0 54
0 55
0 57
0 59
0 60
0 61
0 62
0 63
0 64
0 65
0 66
0 67
0 68
0 69
0 70
0 71
0 72
0 73
0 76
0 77
0 80
0 81
0 82
0 85
0 86
0 89
0 90
0 91
0 94
0 96
0 98
0 99
1 52
1 58
2 8
2 52
2 58
2 84
3 5
3 8
3 52
3 58
3 84
3 96
5 8
5 10
5 11
5 14
5 16
5 18
5 21
5 27
5 28
5 32
5 34
5 37
5 39
5 41
5 45
5 46
5 48
5 51
5 52
5 56
5 58
5 63
5 67
5 68
5 79
5 80
5 84
5 90
5 91
5 94
5 96
6 8
6 52
6 84
8 4
8 7
8 9
8 10
8 11
8 13
8 16
8 17
8 18
8 19
8 20
8 21
8 22
8 23
8 25
8 26
8 28
8 29
8 30
8 31
8 32
8 33
8 36
8 37
8 38
8 39
8 41
8 42
8 43
8 44
8 45
8 47
8 48
8 49
8 50
8 52
8 54
8 55
8 56
8 58
8 59
8 60
8 61
8 62
8 66
8 67
8 68
8 69
8 70
8 71
8 72
8 73
8 74
8 75
8 76
8 77
8 79
8 80
8 81
8 82
8 83
8 84
8 85
8 86
8 87
8 90
8 91
8 93
8 96
8 97
8 98
8 99
9 52
9 84
9 96
12 52
12 58
12 84
12 96
14 52
14 58
14 84
14 96
15 58
15 84
16 52
16 58
16 84
16 96
18 58
18 84
18 96
19 52
19 58
19 84
19 96
20 52
20 58
20 84
21 58
22 58
22 96
23 52
23 58
23 84
23 96
26 58
26 84
26 96
27 52
30 84
30 96
31 52
31 58
31 84
32 52
32 58
32 84
32 96
33 58
33 84
34 58
34 84
35 52
35 58
35 84
35 96
36 52
36 58
36 84
38 52
38 84
38 96
39 58
39 96
40 52
41 52
41 96
43 84
44 58
44 96
45 52
45 58
46 84
46 96
47 52
47 58
47 96
48 52
48 58
48 84
48 96
49 52
49 58
49 84
49 96
50 52
50 58
50 84
50 96
51 52
51 58
51 96
54 52
54 58
54 84
55 52
55 96
57 52
57 58
57 84
57 96
59 52
59 58
59 84
59 96
59 99
60 52
60 84
60 96
61 58
61 84
62 52
62 58
62 84
62 96
63 52
63 84
63 96
65 84
65 96
65 99
66 52
66 96
67 52
67 58
67 84
67 96
68 52
68 58
68 84
68 96
69 52
69 58
69 96
70 52
70 58
70 84
70 96
71 52
71 58
72 52
72 58
72 96
73 52
73 58
73 84
76 52
76 58
76 84
76 96
77 52
77 58
77 84
80 84
80 96
81 52
81 84
81 96
82 52
82 58
82 84
82 96
85 52
85 58
85 84
86 52
86 84
86 96
89 52
89 84
90 52
90 84
91 52
91 58
91 84
91 96
94 52
94 58
94 84
94 96
96 4
96 10
96 13
96 17
96 28
96 37
96 42
96 52
96 53
96 56
96 74
96 75
96 78
96 79
96 83
96 84
96 88
96 92
96 93
96 95
96 97
96 98
96 99
98 52
98 84
99 52
99 58
99 84
99 87
4 58
4 84
7 52
7 58
7 84
11 52
11 58
11 84
17 52
17 58
24 52
25 84
28 52
28 58
28 84
29 58
37 52
37 58
37 84
42 52
42 58
42 84
52 10
52 13
52 53
52 56
52 78
52 79
52 83
52 84
52 88
52 92
52 93
52 97
58 10
58 13
58 74
58 78
58 79
58 84
58 88
58 92
58 93
58 95
74 84
75 84
78 84
79 84
87 84
92 84
10 84
53 84
56 84
84 13
84 83
