0
100
0 49
0 10
0 26
46 27
46 34
46 50
46 97
49 56
49 75
1 86
1 24
1 47
44 36
44 45
44 86
44 94
86 45
2 6
77 54
77 70
77 13
6 11
6 34
3 5
3 95
5 73
5 43
65 73
65 76
4 13
21 35
21 40
13 64
73 61
43 30
37 35
37 19
11 98
11 28
7 32
7 78
8 95
8 45
15 10
95 51
95 67
95 80
9 91
82 29
82 93
10 79
10 39
79 12
98 58
98 99
12 41
64 69
64 85
88 23
88 53
28 63
28 47
30 63
16 48
48 54
94 23
87 90
18 76
76 19
76 81
19 72
53 22
53 74
53 27
20 57
57 93
57 58
57 84
35 42
35 59
35 68
22 85
85 25
47 69
25 67
25 62
93 55
26 75
75 52
63 96
33 59
66 45
55 56
39 89
40 69
40 70
78 83
54 99
74 71
74 62
