1
32
178
0 1
0 67
0 91
0 3
0 10
0 11
0 12
0 13
0 15
0 16
0 17
0 18
0 20
0 22
0 24
0 26
0 29
0 30
0 32
0 35
0 38
0 39
0 40
0 41
0 46
0 47
0 48
0 50
0 51
0 53
0 59
0 61
0 64
0 65
0 66
0 68
0 69
0 70
0 71
0 72
0 74
0 75
0 76
0 81
0 82
0 84
0 89
0 90
0 93
0 94
0 95
0 97
0 2
0 4
0 6
0 9
0 14
0 21
0 23
0 25
0 27
0 33
0 36
0 37
0 44
0 45
0 55
0 56
0 57
0 58
0 60
0 73
0 79
0 80
0 85
0 86
0 87
0 98
0 99
1 32
67 32
91 32
91 88
10 32
11 32
12 32
13 32
17 32
18 32
18 88
20 32
22 32
24 32
24 88
26 32
29 32
30 32
32 7
32 9
32 25
32 27
32 28
32 31
32 33
32 81
32 57
32 4
32 6
32 8
32 14
32 23
32 36
32 38
32 39
32 41
32 42
32 43
32 44
32 45
32 46
32 49
32 50
32 51
32 52
32 54
32 58
32 59
32 60
32 66
32 68
32 69
32 70
32 74
32 75
32 76
32 77
32 79
32 83
32 87
32 89
32 90
32 93
32 96
32 97
32 98
32 99
32 34
32 35
32 37
32 47
32 55
32 56
32 63
32 64
32 72
32 73
32 86
32 92
32 94
32 95
41 99
41 88
47 99
69 99
70 99
74 88
89 88
94 88
97 88
23 88
34 88
44 88
80 99
80 88
86 88
88 49
88 27
88 99
