5
15
21
22
41
44
100
0 1
0 3
0 4
0 5
0 7
0 8
0 10
0 12
0 17
0 18
0 19
0 20
0 21
0 22
0 24
0 25
0 26
0 27
0 28
0 30
0 31
0 32
0 33
0 34
0 35
0 36
0 37
0 39
0 40
0 41
0 42
0 43
0 46
0 48
0 49
0 50
0 51
0 54
0 55
0 56
0 57
0 58
0 59
0 60
0 61
0 62
0 63
0 64
0 68
0 69
0 70
0 71
0 72
0 73
0 74
0 75
0 77
0 78
0 79
0 80
0 81
0 82
0 83
0 86
0 87
0 89
0 91
0 92
0 94
0 95
0 96
0 99
4 99
5 99
6 99
10 99
20 89
20 99
24 99
25 99
32 34
33 57
34 99
39 99
41 83
42 99
43 99
45 54
45 99
51 99
53 99
55 99
59 99
73 99
75 99
79 99
83 99
87 99
89 99
96 99
