5
8
12
26
27
69
583
0 2
0 3
0 4
0 6
0 8
0 9
0 10
0 11
0 12
0 13
0 14
0 15
0 16
0 17
0 18
0 19
0 20
0 21
0 22
0 23
0 24
0 26
0 27
0 28
0 29
0 30
0 32
0 33
0 34
0 35
0 36
0 38
0 39
0 42
0 43
0 45
0 46
0 47
0 48
0 49
0 50
0 51
0 53
0 55
0 56
0 57
0 58
0 59
0 61
0 62
0 63
0 64
0 65
0 66
0 67
0 68
0 69
0 71
0 72
0 73
0 74
0 75
0 78
0 79
0 80
0 81
0 82
0 85
0 87
0 88
0 89
0 90
0 91
0 92
0 93
0 94
0 95
0 96
0 99
1 8
1 12
1 26
1 27
1 69
1 99
2 8
2 12
2 26
2 27
2 69
3 8
3 12
3 26
3 27
3 69
4 8
4 12
4 26
4 27
4 69
4 99
5 8
5 12
5 26
5 27
5 69
6 8
6 12
6 26
6 27
6 69
7 8
7 12
7 26
7 27
7 69
8 9
8 10
8 11
8 12
8 13
8 14
8 15
8 16
8 17
8 18
8 19
8 20
8 21
8 22
8 23
8 24
8 25
8 26
8 27
8 28
8 29
8 30
8 31
8 32
8 33
8 34
8 35
8 36
8 37
8 38
8 39
8 40
8 41
8 42
8 43
8 44
8 45
8 46
8 47
8 48
8 49
8 50
8 51
8 52
8 53
8 54
8 55
8 56
8 57
8 58
8 59
8 60
8 61
8 62
8 63
8 64
8 65
8 66
8 67
8 68
8 69
8 70
8 71
8 72
8 73
8 74
8 75
8 76
8 77
8 78
8 79
8 80
8 81
8 82
8 83
8 84
8 85
8 86
8 87
8 88
8 89
8 90
8 91
8 92
8 93
8 94
8 95
8 96
8 97
8 98
8 99
9 12
9 14
9 26
9 27
9 45
9 69
9 99
10 12
10 26
10 27
10 62
10 69
11 12
11 26
11 27
11 69
11 99
12 13
12 14
12 15
12 16
12 17
12 18
12 19
12 20
12 21
12 22
12 23
12 24
12 25
12 26
12 27
12 28
12 29
12 30
12 31
12 32
12 33
12 34
12 35
12 36
12 37
12 38
12 39
12 40
12 41
12 42
12 43
12 44
12 45
12 46
12 47
12 48
12 49
12 50
12 51
12 52
12 53
12 54
12 55
12 56
12 57
12 58
12 59
12 60
12 61
12 62
12 63
12 64
12 65
12 66
12 67
12 68
12 69
12 70
12 71
12 72
12 73
12 74
12 75
12 76
12 77
12 78
12 79
12 80
12 81
12 82
12 83
12 84
12 85
12 86
12 87
12 88
12 89
12 90
12 91
12 92
12 93
12 94
12 95
12 96
12 97
12 98
12 99
13 26
13 27
13 69
13 99
14 26
14 27
14 69
15 26
15 27
15 69
16 26
16 27
16 69
17 26
17 27
17 69
18 26
18 27
18 69
18 99
19 26
19 27
19 69
20 26
20 27
20 69
21 26
21 27
21 69
22 26
22 27
22 69
23 26
23 27
23 69
24 26
24 27
24 69
24 99
25 26
25 27
25 69
25 99
26 27
26 28
26 29
26 30
26 31
26 32
26 33
26 34
26 35
26 36
26 37
26 38
26 39
26 40
26 41
26 42
26 43
26 44
26 45
26 46
26 47
26 48
26 49
26 50
26 51
26 52
26 53
26 54
26 55
26 56
26 57
26 58
26 59
26 60
26 61
26 62
26 63
26 64
26 65
26 66
26 67
26 68
26 69
26 70
26 71
26 72
26 73
26 74
26 75
26 76
26 77
26 78
26 79
26 80
26 81
26 82
26 83
26 84
26 85
26 86
26 87
26 88
26 89
26 90
26 91
26 92
26 93
26 94
26 95
26 96
26 97
26 98
26 99
27 28
27 29
27 30
27 31
27 32
27 33
27 34
27 35
27 36
27 37
27 38
27 39
27 40
27 41
27 42
27 43
27 44
27 45
27 46
27 47
27 48
27 49
27 50
27 51
27 52
27 53
27 54
27 55
27 56
27 57
27 58
27 59
27 60
27 61
27 62
27 63
27 64
27 65
27 66
27 67
27 68
27 69
27 70
27 71
27 72
27 73
27 74
27 75
27 76
27 77
27 78
27 79
27 80
27 81
27 82
27 83
27 84
27 85
27 86
27 87
27 88
27 89
27 90
27 91
27 92
27 93
27 94
27 95
27 96
27 97
27 98
27 99
28 69
29 69
30 69
31 69
31 99
32 69
33 69
34 69
35 69
36 69
36 99
37 69
38 69
39 69
40 69
41 69
41 99
42 69
43 69
44 69
45 69
46 69
47 69
48 69
49 69
50 69
50 99
51 69
52 69
53 69
54 69
54 99
55 69
56 69
57 69
58 69
59 69
59 74
59 99
60 69
61 69
62 69
62 99
63 69
64 69
64 99
65 69
66 69
67 69
68 69
69 70
69 71
69 72
69 73
69 74
69 75
69 76
69 77
69 78
69 79
69 80
69 81
69 82
69 83
69 84
69 85
69 86
69 87
69 88
69 89
69 90
69 91
69 92
69 93
69 94
69 95
69 96
69 97
69 98
69 99
75 99
77 99
85 99
93 99
