0
100
0 42
42 69
42 83
11 23
11 18
11 75
1 27
1 99
27 33
27 67
37 12
37 55
2 4
29 15
29 71
29 53
4 39
4 3
3 35
3 43
3 90
92 34
92 18
34 33
34 41
34 89
39 99
39 97
5 55
5 77
5 82
64 7
64 81
64 91
46 30
46 60
46 52
6 8
6 67
24 55
8 53
8 66
8 68
93 54
93 72
93 73
93 23
53 81
66 84
9 14
14 65
14 94
10 26
10 56
94 60
91 26
40 38
23 48
12 81
58 41
58 36
58 81
13 80
13 62
13 75
80 28
80 32
95 68
95 71
65 63
15 99
15 50
99 62
99 63
99 86
16 97
17 84
68 88
55 44
19 72
21 70
70 78
43 31
43 98
25 62
25 50
25 51
50 61
28 69
71 87
31 73
32 45
45 49
60 72
52 86
44 51
44 49
51 79
72 96
86 74
