5
5
4
91
90
23
100
69 43
69 93
24 19
5 19
5 2
73 19
54 93
55 93
55 19
80 19
80 0
46 19
4 58
4 93
4 26
4 0
14 93
14 19
6 19
76 93
76 0
76 19
3 19
1 0
9 59
45 19
45 0
78 11
78 0
12 81
12 0
26 81
26 93
62 93
16 19
2 93
2 0
18 43
43 93
27 19
93 82
93 92
93 81
93 23
93 42
93 70
93 59
93 11
93 52
93 8
93 28
93 84
93 22
93 57
93 41
93 21
93 66
93 77
93 86
93 90
93 39
93 25
70 19
0 49
0 92
0 30
0 52
0 13
0 90
0 31
0 41
0 53
0 25
0 84
0 51
38 19
67 19
19 49
19 92
19 13
19 8
19 85
19 63
19 22
19 17
19 66
19 41
19 15
19 33
19 83
19 25
19 72
19 39
19 84
19 28
19 29
81 49
81 92
81 30
29 41
