1
9
104
0 1
0 2
0 3
0 5
0 6
0 7
0 8
1 3
1 4
1 5
1 28
1 29
2 3
2 4
2 5
2 6
2 28
3 6
3 7
3 29
4 5
4 6
4 7
4 8
5 6
5 7
5 9
6 8
6 9
7 8
7 9
8 9
8 11
8 12
9 10
9 11
9 12
9 13
10 11
10 12
10 13
10 14
11 13
11 14
11 15
12 14
12 15
12 16
12 30
13 15
13 16
13 17
13 30
18 30
20 24
21 24
21 25
22 25
22 26
23 24
23 25
23 26
23 27
24 26
24 27
24 28
25 26
25 27
25 28
26 27
26 29
27 29
27 30
28 29
28 30
29 30
29 35
32 33
32 36
32 37
32 40
33 38
33 39
36 39
37 42
40 39
40 41
40 46
39 42
39 43
38 43
38 44
42 43
42 47
47 46
47 48
47 50
46 52
44 49
49 54
50 53
48 51
51 53
54 60
