5
3
4
10
58
60
122
0 1
0 3
0 4
0 61
0 62
0 63
1 2
1 63
2 3
2 61
2 62
2 63
3 7
3 4
3 61
3 62
3 63
4 8
4 61
4 62
4 63
5 6
5 63
6 10
6 61
6 62
6 63
7 8
7 61
7 62
7 63
8 12
8 63
9 10
9 63
10 14
10 11
10 61
10 62
10 63
11 15
11 61
11 62
11 63
12 61
12 62
12 63
15 19
15 16
18 19
20 24
21 25
22 26
22 23
23 27
24 28
26 27
29 33
29 30
30 31
33 34
33 35
34 35
35 63
37 38
38 42
39 43
63 49
63 50
63 51
63 53
63 54
63 55
63 56
63 57
63 58
63 60
63 65
63 64
40 44
41 42
45 49
46 50
46 47
47 51
47 48
49 61
49 62
50 51
50 61
50 62
51 52
51 62
52 56
52 61
52 62
53 54
53 61
53 62
54 58
54 61
54 62
55 59
55 56
55 61
55 62
56 60
57 58
57 61
57 62
58 65
58 59
58 61
58 62
59 65
59 60
59 61
60 65
60 61
60 62
65 61
65 62
