0
100
0 1
0 99
1 2
1 75
2 87
3 4
3 57
4 5
4 70
4 74
4 98
5 80
6 11
7 8
9 21
10 89
11 12
11 81
12 13
13 14
14 71
15 16
16 69
17 18
17 49
17 96
18 59
20 89
20 75
21 22
23 24
23 67
23 87
24 25
24 91
25 40
26 27
26 84
26 76
29 95
29 97
29 52
30 31
31 93
31 35
31 68
32 33
32 80
33 75
33 38
34 35
35 58
37 38
37 64
41 42
41 91
41 97
43 44
43 76
45 46
46 90
48 49
48 61
48 93
48 67
49 62
51 52
51 91
51 84
51 75
52 53
52 81
53 54
54 55
55 80
56 57
57 58
57 60
57 86
59 80
59 87
61 91
64 91
65 66
67 86
69 80
69 71
71 72
71 96
72 78
74 75
81 82
82 84
83 84
87 88
88 89
90 91
93 94
96 97
97 98
