5
4
39
48
52
94
100
0 1
0 4
0 8
0 27
0 34
0 39
0 43
0 44
0 48
0 52
0 57
0 58
0 59
0 61
0 63
0 64
0 68
0 70
0 73
0 78
0 92
1 67
1 92
8 66
27 67
27 92
34 66
39 67
43 92
44 67
48 67
57 66
57 67
61 99
64 66
64 92
67 6
67 22
67 29
67 37
67 45
67 60
67 71
67 73
67 75
67 77
67 85
67 91
67 96
67 97
67 99
68 66
92 6
92 13
92 16
92 20
92 22
92 31
92 37
92 41
92 42
92 53
92 54
92 76
92 81
92 85
92 88
92 89
92 96
40 66
49 66
75 66
88 66
2 99
35 28
35 99
41 66
41 99
54 99
99 5
99 18
99 19
99 28
99 37
99 98
30 66
71 66
86 66
93 15
79 66
80 66
96 66
98 19
87 66
16 66
72 66
10 66
66 13
66 22
66 74
