2
9
28
206
0 1
0 26
0 6
0 19
0 69
0 98
0 84
0 38
0 37
0 58
0 47
0 63
0 92
0 57
0 99
0 88
0 5
0 18
0 2
0 4
0 7
0 9
0 12
0 14
0 15
0 20
0 22
0 23
0 25
0 30
0 31
0 33
0 34
0 39
0 44
0 61
0 62
0 67
0 71
0 72
0 75
0 93
0 94
0 95
1 28
26 9
26 27
6 99
6 28
19 9
27 7
27 9
27 11
27 13
27 14
27 16
27 18
27 21
27 23
27 28
27 34
27 38
27 82
27 48
27 89
27 81
27 33
27 61
27 98
27 72
27 37
27 84
27 97
27 92
27 80
27 29
27 36
27 39
27 42
27 45
27 52
27 55
27 62
27 63
27 65
27 69
27 70
27 78
27 88
69 9
98 9
98 28
84 28
37 9
58 9
58 28
58 99
47 28
63 9
63 28
92 9
92 28
99 20
99 23
99 48
99 49
99 60
99 76
99 77
99 78
99 79
99 87
99 90
88 28
5 9
18 28
2 28
2 9
4 28
7 28
7 9
9 3
9 8
9 10
9 21
9 24
9 75
9 20
9 56
9 78
9 51
9 34
9 71
9 39
9 93
9 40
9 95
9 9
9 45
9 59
9 46
9 12
9 64
9 22
9 30
9 36
9 41
9 42
9 44
9 52
9 54
9 60
9 61
9 68
9 76
9 77
9 79
9 86
9 90
9 97
22 28
30 28
33 28
39 28
61 28
61 78
72 28
75 28
93 65
94 28
95 28
91 28
10 28
28 3
28 8
28 17
28 21
28 24
28 29
28 89
28 70
28 32
28 90
28 55
28 49
28 43
28 76
28 65
28 46
28 51
28 40
28 59
28 85
28 50
28 35
28 54
28 41
28 45
28 60
28 66
28 73
28 77
28 78
28 80
80 36
80 90
