5
10
30
87
1
47
232
27 99
27 10
37 30
37 87
37 5
18 0
18 87
18 30
21 5
21 90
3 10
3 47
3 90
91 47
91 83
15 47
15 90
15 30
15 0
73 87
19 10
19 90
19 87
98 1
98 87
74 30
74 0
76 47
95 0
34 90
34 87
8 5
8 0
54 10
54 83
54 0
54 30
99 48
99 62
99 67
99 33
99 11
99 47
99 1
99 87
99 28
99 49
49 47
49 43
49 90
49 0
49 87
59 1
59 30
10 31
10 20
10 24
10 42
10 68
10 1
10 65
10 25
10 75
10 53
10 38
10 97
10 46
10 30
10 2
10 9
9 1
9 42
9 90
9 0
88 30
88 0
72 83
72 0
36 90
28 83
28 90
7 47
7 30
66 47
66 87
35 90
2 83
2 90
2 30
52 87
71 1
71 87
71 30
57 47
57 87
26 83
30 48
30 47
30 40
30 5
30 25
30 1
30 17
30 60
30 23
30 90
30 67
30 58
30 20
30 93
30 94
30 13
30 61
30 96
30 82
89 83
89 67
87 31
87 44
87 47
87 53
87 97
87 32
87 5
87 14
87 43
87 86
87 25
87 17
87 42
87 67
87 92
87 79
87 6
87 93
87 96
87 13
87 61
87 75
22 0
62 5
62 90
48 5
40 1
40 90
40 0
5 47
5 55
5 4
5 97
5 83
5 17
5 16
5 33
5 67
5 0
5 81
16 1
16 90
69 1
69 47
42 1
1 55
1 12
1 86
1 25
1 24
1 67
1 79
1 64
1 51
1 23
1 70
1 85
1 58
1 78
51 83
51 0
24 47
24 83
41 47
32 0
32 90
47 44
47 38
47 67
47 85
47 64
47 93
47 46
47 6
47 83
47 43
47 11
47 60
47 75
47 63
47 25
47 55
47 17
31 90
96 83
20 81
75 83
33 97
33 90
67 83
13 90
13 0
11 0
70 83
64 90
78 90
43 83
43 90
0 97
0 23
0 94
0 29
46 83
97 83
68 83
93 90
90 14
90 85
23 83
25 83
14 83
58 83
85 83
6 83
83 29
