5
79
31
47
44
19
100
54 34
68 99
68 34
82 70
43 34
43 99
43 0
34 70
34 36
34 25
34 11
34 20
34 42
34 5
34 97
34 13
34 58
34 38
34 78
34 96
34 21
34 29
34 9
34 0
34 69
34 65
34 12
34 85
34 59
34 56
34 24
34 53
34 6
34 66
34 55
34 14
34 92
16 0
16 99
20 99
28 99
72 99
79 50
79 99
93 99
24 99
36 99
36 10
59 99
73 99
64 99
71 0
85 99
13 99
6 97
6 99
51 95
95 0
2 99
40 0
40 99
0 70
0 41
0 98
0 61
0 47
0 53
0 18
52 99
41 99
39 99
76 99
90 99
7 99
45 99
67 99
30 99
15 99
91 99
14 99
83 99
94 99
35 99
97 99
18 99
27 99
66 70
5 99
99 4
99 75
99 10
99 81
99 49
99 96
99 21
99 80
99 56
99 19
99 53
99 92
