0
100
0 2
0 3
1 2
1 3
2 5
3 4
3 6
4 5
4 6
5 6
5 7
6 7
7 8
7 9
7 10
8 9
8 10
8 11
9 11
9 12
10 11
10 13
11 14
12 13
12 14
12 15
13 15
13 16
14 16
14 17
15 17
15 18
16 19
17 19
17 20
18 19
18 21
19 22
20 21
20 22
20 23
21 23
21 24
22 24
22 25
23 25
23 26
24 26
25 26
25 28
26 29
27 28
27 29
27 30
28 30
28 31
29 31
29 32
30 32
30 33
31 32
31 34
32 33
33 35
33 36
34 35
34 36
34 37
35 36
35 38
36 38
37 38
37 39
37 40
38 39
39 41
39 42
40 41
40 42
40 43
41 43
41 44
42 44
42 45
43 44
43 45
44 46
45 47
45 48
46 47
46 48
46 49
47 49
47 50
48 49
48 51
49 50
50 52
50 53
51 52
