5
2
19
73
8
71
100
0 1
0 2
0 4
0 5
0 7
0 9
0 12
0 16
0 18
0 19
0 24
0 25
0 26
0 30
0 31
0 35
0 41
0 42
0 46
0 51
0 56
0 58
0 59
0 66
0 68
0 70
2 48
4 48
4 50
5 48
5 79
9 50
12 50
16 43
24 30
24 43
24 48
24 79
26 48
26 79
30 48
30 50
31 43
31 48
31 50
31 79
35 43
35 48
41 3
41 48
41 79
42 48
46 39
46 50
50 6
50 13
50 15
50 22
50 27
50 40
50 45
50 47
50 51
50 53
50 57
50 67
50 68
50 69
50 74
50 75
50 76
50 77
50 78
56 48
58 48
59 48
70 45
70 48
21 48
29 43
29 79
32 71
60 48
79 43
79 49
33 43
43 11
43 20
48 15
48 17
48 27
48 28
48 34
48 39
48 54
48 65
48 67
48 71
48 75
48 76
