5
64
86
87
88
91
100
10 12
17 25
19 25
30 38
37 44
44 51
45 54
51 54
52 53
52 57
53 60
56 64
59 64
60 69
62 70
63 66
63 67
63 72
68 75
75 83
78 84
80 89
81 89
81 90
82 89
82 90
83 87
83 89
83 90
83 92
84 89
84 90
84 92
84 93
85 89
85 90
85 92
85 93
86 89
86 90
86 92
86 93
86 95
87 89
87 90
87 92
87 93
87 95
87 96
88 89
88 90
88 92
88 93
88 95
88 96
88 97
89 90
89 91
89 93
89 94
89 95
89 96
89 97
90 91
90 92
90 93
90 94
90 96
90 97
90 99
91 92
91 93
91 95
91 96
91 97
91 98
91 99
92 93
92 95
92 96
92 97
92 98
92 99
93 94
93 95
93 98
93 99
94 95
94 96
94 97
94 98
94 99
95 97
95 98
95 99
96 97
96 98
96 99
97 98
98 99
