5
51
13
61
53
41
100
0 86
0 67
0 37
0 54
0 56
0 25
0 26
0 80
0 17
0 61
0 57
0 4
0 1
0 65
0 94
0 10
0 42
0 9
0 16
0 66
0 47
0 97
0 98
0 41
0 59
0 52
0 89
0 72
0 71
0 81
0 84
0 14
91 17
91 50
31 23
86 4
76 4
51 14
51 75
67 4
67 15
37 77
37 98
54 3
54 56
54 98
88 17
25 98
21 98
23 98
6 17
13 17
13 63
17 3
17 5
17 9
17 14
17 19
17 49
17 43
17 44
17 75
17 92
17 81
17 77
17 48
17 22
17 35
17 93
17 38
17 79
61 98
57 98
4 2
4 64
4 63
4 35
4 93
4 65
4 48
4 43
36 2
36 98
10 3
10 9
10 50
42 98
9 98
16 14
66 98
60 98
24 73
24 98
5 98
98 3
98 22
98 41
98 50
98 62
22 79
