5
11
26
63
72
80
583
0 1
0 2
0 3
0 4
0 5
0 6
0 9
0 10
0 11
0 13
0 14
0 16
0 17
0 18
0 21
0 22
0 24
0 25
0 26
0 27
0 28
0 29
0 30
0 34
0 35
0 37
0 39
0 40
0 41
0 43
0 44
0 45
0 46
0 47
0 49
0 52
0 53
0 54
0 55
0 57
0 58
0 60
0 61
0 62
0 63
0 64
0 65
0 66
0 68
0 69
0 71
0 72
0 73
0 74
0 75
0 76
0 77
0 78
0 79
0 80
0 81
0 82
0 85
0 86
0 88
0 90
0 91
0 92
0 94
0 95
0 96
0 97
0 98
1 11
1 26
1 63
1 72
1 80
2 11
2 26
2 63
2 72
2 80
2 98
3 11
3 26
3 63
3 72
3 80
4 11
4 26
4 63
4 72
4 80
5 11
5 26
5 63
5 72
5 80
5 98
6 11
6 26
6 63
6 72
6 80
6 98
7 11
7 26
7 63
7 72
7 80
7 92
7 98
8 11
8 26
8 63
8 72
8 80
9 11
9 26
9 63
9 72
9 80
10 11
10 26
10 63
10 72
10 80
11 11
11 12
11 13
11 14
11 15
11 16
11 17
11 18
11 19
11 20
11 21
11 22
11 23
11 24
11 25
11 26
11 27
11 28
11 29
11 30
11 31
11 32
11 33
11 34
11 35
11 36
11 37
11 38
11 39
11 40
11 41
11 42
11 43
11 44
11 45
11 46
11 47
11 48
11 49
11 50
11 51
11 52
11 53
11 54
11 55
11 56
11 57
11 58
11 59
11 60
11 61
11 62
11 63
11 64
11 65
11 66
11 67
11 68
11 69
11 70
11 71
11 72
11 73
11 74
11 75
11 76
11 77
11 78
11 79
11 80
11 81
11 82
11 83
11 84
11 85
11 86
11 87
11 88
11 89
11 90
11 91
11 92
11 93
11 94
11 95
11 96
11 97
11 98
12 26
12 63
12 72
12 80
13 26
13 30
13 49
13 63
13 72
13 80
13 98
14 20
14 26
14 58
14 63
14 72
14 80
14 98
15 26
15 63
15 72
15 80
16 26
16 29
16 63
16 72
16 80
17 26
17 63
17 72
17 80
18 26
18 63
18 72
18 80
18 98
19 26
19 63
19 72
19 80
20 26
20 63
20 72
20 80
21 26
21 63
21 72
21 80
22 26
22 63
22 72
22 80
23 26
23 63
23 72
23 80
24 26
24 63
24 72
24 80
25 26
25 63
25 72
25 80
26 26
26 27
26 28
26 29
26 30
26 31
26 32
26 33
26 34
26 35
26 36
26 37
26 38
26 39
26 40
26 41
26 42
26 43
26 44
26 45
26 46
26 47
26 48
26 49
26 50
26 51
26 52
26 53
26 54
26 55
26 56
26 57
26 58
26 59
26 60
26 61
26 62
26 63
26 64
26 65
26 66
26 67
26 68
26 69
26 70
26 71
26 72
26 73
26 74
26 75
26 76
26 77
26 78
26 79
26 80
26 81
26 82
26 83
26 84
26 85
26 86
26 87
26 88
26 89
26 90
26 91
26 92
26 93
26 94
26 95
26 96
26 97
26 98
27 63
27 72
27 80
28 63
28 72
28 80
29 63
29 72
29 80
29 81
29 98
30 63
30 72
30 80
31 63
31 72
31 80
32 63
32 72
32 80
33 63
33 72
33 80
33 98
34 63
34 72
34 80
35 63
35 72
35 73
35 80
35 98
36 63
36 72
36 80
37 63
37 72
37 80
38 63
38 72
38 80
39 63
39 72
39 80
39 82
40 63
40 72
40 80
41 63
41 72
41 80
42 63
42 72
42 80
43 63
43 72
43 80
44 63
44 72
44 80
45 63
45 72
45 80
46 63
46 72
46 80
46 98
47 63
47 72
47 80
48 63
48 72
48 80
49 63
49 72
49 80
50 63
50 72
50 80
51 63
51 72
51 80
52 63
52 72
52 80
53 63
53 72
53 80
54 63
54 72
54 80
55 63
55 72
55 80
56 63
56 72
56 80
57 63
57 72
57 80
58 63
58 72
58 80
59 63
59 72
59 80
59 98
60 63
60 72
60 80
61 63
61 72
61 80
61 98
62 63
62 72
62 80
63 63
63 64
63 65
63 66
63 67
63 68
63 69
63 70
63 71
63 72
63 73
63 74
63 75
63 76
63 77
63 78
63 79
63 80
63 81
63 82
63 83
63 84
63 85
63 86
63 87
63 88
63 89
63 90
63 91
63 92
63 93
63 94
63 95
63 96
63 97
63 98
64 72
64 80
64 98
65 72
65 80
66 72
66 80
67 72
67 80
68 72
68 80
69 72
69 80
69 98
70 72
70 80
71 72
71 80
72 72
72 73
72 74
72 75
72 76
72 77
72 78
72 79
72 80
72 81
72 82
72 83
72 84
72 85
72 86
72 87
72 88
72 89
72 90
72 91
72 92
72 93
72 94
72 95
72 96
72 97
72 98
73 80
74 80
75 80
76 80
76 98
77 80
78 80
79 80
79 98
80 80
80 81
80 82
80 83
80 84
80 85
80 86
80 87
80 88
80 89
80 90
80 91
80 92
80 93
80 94
80 95
80 96
80 97
80 98
83 98
92 98
93 98
95 98
