0
100
0 5
0 6
0 7
0 8
0 9
0 12
0 17
0 18
0 20
0 24
0 25
0 26
0 27
0 29
0 32
0 34
0 35
0 36
0 40
0 43
0 44
0 47
0 48
0 53
0 59
0 67
0 70
0 71
0 72
0 73
0 74
0 75
0 77
0 78
0 81
0 84
0 86
0 88
0 89
0 91
0 93
0 95
0 97
7 65
24 65
26 65
26 99
27 13
27 99
29 65
29 99
32 65
34 99
35 65
36 39
36 65
40 99
48 65
53 65
59 99
65 4
65 11
65 16
65 21
65 22
65 28
65 30
65 41
65 45
65 46
65 49
65 54
65 57
65 58
65 61
65 62
65 63
65 69
65 70
65 75
65 79
65 80
65 88
65 89
65 90
65 93
65 97
65 98
95 99
10 99
39 99
41 99
62 99
99 16
99 19
99 52
99 63
99 76
99 90
99 96
