5
4
16
66
14
59
100
0 78
0 20
0 48
0 42
0 37
0 69
0 8
0 35
0 70
0 34
0 44
0 32
0 66
0 73
0 31
0 21
0 74
0 15
0 24
0 53
0 3
0 17
0 71
0 29
0 33
0 49
0 58
0 64
0 46
0 16
0 28
0 19
0 25
0 14
0 77
0 30
0 18
0 60
0 26
0 2
0 79
78 72
78 79
60 72
60 3
60 2
9 52
9 1
4 70
2 33
2 30
2 1
2 19
2 70
2 73
2 5
2 61
2 3
1 61
1 38
1 36
1 28
1 77
1 72
1 22
1 79
12 3
31 52
3 63
3 13
3 51
3 43
3 28
3 5
3 8
3 36
3 65
3 20
3 77
3 72
3 21
3 44
3 33
3 29
3 15
64 72
68 7
20 5
77 79
42 5
37 32
69 70
67 70
70 15
24 7
72 50
50 52
52 55
52 59
32 26
