5
7
14
28
37
44
100
0 1
0 3
0 6
0 8
0 10
0 11
0 12
0 16
0 17
0 20
0 22
0 24
0 25
0 26
0 27
0 29
0 30
0 32
0 33
0 34
0 35
0 36
0 38
0 39
0 40
0 41
0 42
0 44
0 45
0 46
0 48
0 49
0 50
0 51
0 52
0 53
0 54
0 55
0 57
0 59
0 60
0 62
0 63
0 65
0 67
0 68
0 69
0 70
0 71
0 73
0 75
0 76
0 77
0 79
0 80
0 82
0 83
0 84
0 85
0 87
0 88
0 89
0 92
0 93
0 94
0 95
0 96
0 97
0 98
0 99
1 84
1 99
3 99
7 74
10 99
11 99
18 63
24 36
25 28
28 29
28 69
30 99
35 86
35 88
35 99
38 99
41 99
42 99
49 55
49 99
58 99
63 99
70 99
74 99
78 99
79 98
88 99
89 98
93 99
96 99
