2
34
24
274
0 27
0 32
0 77
0 87
0 60
0 83
0 15
0 45
0 36
0 80
0 50
0 67
0 30
0 25
0 72
0 2
0 26
0 39
0 94
0 8
0 64
0 18
0 35
0 41
0 65
0 86
0 4
0 49
0 33
0 40
0 69
0 52
0 22
0 37
0 21
0 16
0 34
0 84
0 23
0 93
0 31
0 3
0 7
0 11
0 12
0 14
0 17
0 19
0 20
0 24
0 38
0 46
0 47
0 54
0 55
0 57
0 58
0 59
0 61
0 68
0 70
0 71
0 74
0 79
0 81
0 88
0 89
0 90
0 91
0 92
0 97
0 98
0 99
27 24
27 34
32 24
32 34
77 34
87 34
60 24
60 34
83 24
83 34
15 24
15 34
45 24
45 34
45 99
36 24
36 34
80 24
80 34
80 99
50 24
50 34
67 24
67 34
30 34
25 24
25 34
72 34
2 34
2 24
26 24
26 34
39 24
39 34
39 99
94 24
94 34
8 34
64 34
64 99
18 99
18 34
35 24
35 34
35 99
41 24
41 34
65 34
86 24
86 34
4 24
4 34
49 24
49 34
33 24
33 99
33 34
33 73
40 24
40 34
40 99
69 24
69 34
52 24
52 34
22 34
22 24
37 24
37 34
21 34
21 24
21 99
16 13
16 24
16 34
34 1
34 3
34 5
34 6
34 7
34 9
34 10
34 11
34 12
34 13
34 14
34 17
34 19
34 20
34 23
34 24
34 28
34 29
34 31
34 81
34 68
34 46
34 48
34 58
34 90
34 44
34 73
34 61
34 76
34 97
34 59
34 43
34 75
34 42
34 95
34 62
34 57
34 55
34 78
34 93
34 70
34 53
34 66
34 74
34 84
34 56
34 79
34 99
34 71
34 47
34 85
34 96
34 91
34 63
34 54
34 92
34 38
34 89
34 51
34 82
34 88
34 98
23 24
31 24
31 99
7 24
7 99
11 24
13 97
13 38
14 24
17 24
20 24
20 99
24 1
24 5
24 9
24 88
24 73
24 78
24 46
24 61
24 81
24 98
24 71
24 68
24 56
24 74
24 90
24 51
24 29
24 92
24 28
24 75
24 76
24 85
24 59
24 55
24 47
24 38
24 43
24 44
24 48
24 53
24 57
24 58
24 63
24 70
24 79
24 82
24 89
24 91
24 95
24 97
24 99
38 99
54 99
68 73
90 99
92 99
97 99
99 42
99 73
99 75
99 78
28 42
