5
53
57
94
2
55
358
0 3
0 4
0 9
0 10
0 11
0 12
0 13
0 15
0 17
0 18
0 19
0 20
0 23
0 27
0 28
0 31
0 32
0 34
0 35
0 36
0 37
0 39
0 40
0 41
0 44
0 46
0 47
0 50
0 51
0 53
0 54
0 57
0 58
0 59
0 60
0 61
0 63
0 64
0 66
0 67
0 68
0 69
0 70
0 72
0 74
0 75
0 76
0 78
0 79
0 84
0 85
0 87
0 90
0 91
0 92
0 93
0 94
0 95
3 55
3 57
3 94
3 96
4 53
4 94
9 2
9 55
9 57
9 94
10 2
10 53
10 55
10 57
10 94
11 21
11 55
11 96
12 2
12 57
12 94
13 2
13 53
13 55
13 57
13 94
15 2
15 53
15 55
15 57
17 94
17 96
18 57
18 96
19 2
19 55
19 96
20 2
20 57
20 94
21 2
21 5
21 25
21 30
21 53
21 57
21 70
21 74
21 75
21 87
21 94
21 96
23 2
23 55
23 57
27 57
27 85
27 94
28 2
28 55
28 94
28 96
31 2
31 57
31 84
31 94
31 96
32 2
32 57
32 94
34 2
34 94
35 2
35 55
35 96
36 2
36 94
37 2
37 53
37 94
39 2
40 53
40 57
41 53
41 55
44 2
44 53
46 2
46 96
47 2
47 53
47 57
47 94
47 96
50 53
50 55
50 57
50 96
53 2
53 7
53 8
53 14
53 22
53 25
53 30
53 38
53 54
53 55
53 61
53 62
53 63
53 64
53 66
53 67
53 68
53 69
53 70
53 73
53 75
53 76
53 77
53 78
53 79
53 80
53 82
53 83
53 84
53 86
53 87
53 90
53 91
53 92
53 95
54 2
54 55
54 57
54 65
54 94
54 96
57 1
57 2
57 5
57 8
57 14
57 16
57 22
57 24
57 25
57 29
57 33
57 38
57 45
57 48
57 52
57 56
57 59
57 60
57 61
57 62
57 63
57 64
57 65
57 69
57 71
57 72
57 74
57 77
57 80
57 86
57 88
57 89
57 90
57 91
57 92
57 93
57 95
57 96
58 2
58 6
58 96
59 2
60 2
61 2
61 94
63 2
63 55
63 94
64 55
64 94
66 55
66 94
66 96
67 2
67 55
68 2
69 2
69 55
69 94
69 96
70 2
70 55
70 94
72 94
72 96
74 55
74 94
75 94
76 2
76 55
78 49
78 55
79 94
84 2
84 55
84 91
84 94
84 96
85 2
85 55
85 96
87 2
87 96
90 2
90 94
91 2
92 2
92 55
93 2
94 1
94 7
94 8
94 16
94 22
94 24
94 25
94 26
94 29
94 30
94 38
94 45
94 55
94 65
94 71
94 77
94 81
94 82
94 88
94 89
94 95
94 96
95 2
95 55
1 2
2 6
2 8
2 16
2 22
2 24
2 33
2 42
2 43
2 45
2 52
2 56
2 65
2 77
2 81
2 89
2 96
7 55
14 55
29 55
30 55
42 55
43 65
49 96
56 55
62 55
65 55
65 96
71 55
82 55
83 55
86 55
96 6
96 8
96 16
96 24
96 38
96 55
6 55
8 55
16 55
24 55
52 55
89 55
38 55
55 25
55 80
55 88
