5
14
7
71
78
5
100
0 1
0 14
0 15
0 16
0 17
0 21
0 32
0 40
0 54
0 59
0 61
0 70
0 76
14 21
15 2
15 52
15 55
15 79
17 4
21 42
21 55
32 64
40 13
40 59
54 43
59 2
59 8
59 19
59 20
59 25
59 29
59 50
59 60
59 72
59 74
61 55
64 2
64 11
64 20
64 25
64 28
64 44
64 70
64 73
64 75
64 79
70 52
76 73
2 74
2 79
8 79
20 42
33 66
34 48
34 74
49 66
50 52
50 74
56 52
7 42
10 42
10 79
35 55
35 66
36 74
43 55
45 66
74 63
74 66
52 37
52 57
52 55
52 68
52 58
55 5
55 37
55 65
55 19
55 26
79 5
79 13
79 67
79 28
79 44
79 48
79 58
4 42
6 42
28 66
58 66
18 66
23 66
67 42
37 44
42 9
42 65
42 75
57 66
44 66
9 66
