3
3
7
10
127
0 1
0 3
0 5
0 7
0 8
0 9
0 11
0 16
0 20
0 23
0 25
0 26
0 28
0 29
0 30
0 32
0 33
0 36
0 37
0 38
0 40
0 42
0 44
0 46
1 3
1 7
1 10
3 2
3 7
3 8
3 9
3 10
3 12
3 13
3 14
3 15
3 17
3 18
3 24
3 26
3 30
3 31
3 32
3 37
3 38
3 39
3 40
3 41
3 42
3 43
3 44
3 46
5 7
7 2
7 4
7 6
7 10
7 11
7 13
7 18
7 19
7 20
7 24
7 26
7 27
7 28
7 29
7 32
7 34
7 35
7 41
7 42
7 43
7 45
7 46
9 10
9 46
11 10
16 10
16 19
16 46
19 4
19 10
19 12
19 17
19 22
19 26
19 34
19 42
19 46
20 10
20 46
25 10
26 10
28 10
28 46
29 10
29 46
30 10
30 46
33 10
36 10
37 46
38 46
40 10
42 46
44 46
46 4
46 10
46 13
46 17
46 34
46 43
46 45
6 10
10 2
10 4
10 13
10 14
10 15
10 17
10 18
10 21
10 22
10 31
10 34
10 35
