3
24
34
22
127
0 3
0 6
0 8
0 11
0 12
0 13
0 14
0 18
0 24
0 27
0 29
0 34
0 36
0 37
0 39
0 42
0 43
0 46
3 22
3 34
3 46
6 17
6 46
6 22
6 24
6 34
8 22
8 34
11 24
11 17
11 22
11 34
12 34
12 17
13 17
13 34
13 46
14 17
14 24
17 7
17 18
17 27
17 29
17 31
17 32
17 36
17 38
17 39
17 40
17 42
17 45
17 46
18 5
18 22
18 24
18 34
18 46
24 1
24 2
24 4
24 5
24 9
24 10
24 15
24 21
24 22
24 37
24 27
24 26
24 30
24 31
24 32
24 36
24 38
24 39
24 41
24 42
24 43
24 45
24 46
27 22
27 34
29 34
34 5
34 9
34 10
34 15
34 19
34 20
34 21
34 26
34 30
34 31
34 36
34 37
34 38
34 40
34 44
36 22
43 22
46 2
46 10
46 16
46 20
46 22
46 28
46 30
1 22
7 22
4 15
5 22
5 23
5 41
10 22
22 16
22 20
22 21
22 23
22 25
22 26
22 30
22 31
22 32
22 33
22 40
22 44
22 45
