3
18
38
19
95
0 2
0 3
0 4
1 28
1 37
1 44
1 47
2 18
2 38
3 19
3 48
4 35
34 32
34 48
34 21
34 42
34 8
34 43
34 41
34 23
34 14
34 13
34 15
34 17
34 29
34 27
34 30
34 39
37 38
37 19
44 48
44 35
44 18
44 38
44 19
44 20
47 35
47 18
47 38
47 19
47 49
5 19
5 38
32 35
18 41
18 14
18 36
18 35
18 20
18 39
18 40
25 19
36 20
38 48
38 21
38 42
38 43
38 41
38 26
38 9
38 14
38 13
38 19
38 20
38 33
38 16
38 45
38 46
46 35
46 19
46 49
7 35
15 19
16 20
19 48
19 21
19 6
19 42
19 24
19 13
19 11
19 35
19 39
19 31
42 35
12 35
35 6
35 8
35 13
35 39
35 30
35 33
45 49
26 20
24 20
