3
2
19
29
113
2 0
2 1
2 3
2 4
2 5
2 6
2 7
2 9
2 10
2 11
2 13
2 14
2 16
2 17
2 20
2 22
2 24
2 26
2 27
2 31
2 32
2 34
2 35
2 36
2 39
2 43
2 44
2 47
0 7
0 8
0 14
0 15
0 17
0 19
0 23
0 29
0 31
0 34
0 36
0 41
0 47
0 49
1 19
4 29
4 41
4 49
5 19
5 49
6 19
6 49
7 49
8 19
8 29
9 37
10 29
11 41
11 43
11 49
12 19
13 19
14 29
16 29
16 49
17 19
18 43
19 23
19 26
19 30
19 31
19 34
19 35
19 36
19 38
19 41
19 44
19 47
19 49
21 41
22 37
22 41
22 49
24 49
25 37
26 37
27 29
27 49
28 29
28 49
29 31
29 32
29 34
29 35
29 36
29 41
29 43
29 44
29 45
29 47
31 41
32 49
33 41
33 49
34 37
37 38
37 44
37 45
37 46
37 47
38 49
41 49
43 49
46 49
47 49
