1
29
93
0 1
0 2
0 3
0 4
0 6
0 7
0 8
0 10
0 11
0 12
0 13
0 14
0 15
0 16
0 17
0 18
0 19
0 20
0 21
0 22
0 24
0 25
0 26
0 27
0 28
0 29
0 30
0 31
0 32
0 33
0 34
0 36
0 39
0 41
0 42
0 43
0 44
1 29
1 44
2 29
3 29
4 29
5 29
6 29
7 29
8 29
9 29
10 29
11 29
12 29
13 29
13 44
14 29
14 44
15 29
15 44
16 29
17 29
18 29
18 44
19 29
20 29
21 28
21 29
21 44
22 29
23 29
24 29
25 29
25 44
26 29
27 29
28 29
28 44
29 30
29 31
29 32
29 33
29 34
29 35
29 36
29 37
29 38
29 39
29 40
29 41
29 42
29 43
29 44
33 44
34 44
37 44
39 44
