3
4
5
7
191
0 1
0 4
0 5
0 7
0 8
0 9
0 12
0 16
0 20
0 22
0 25
0 26
0 28
0 30
0 37
0 38
0 39
0 40
0 42
0 45
0 47
0 48
0 49
1 4
1 5
1 7
1 24
1 37
1 41
2 4
2 5
2 7
2 49
3 4
3 5
3 7
4 5
4 6
4 7
4 8
4 9
4 10
4 11
4 12
4 13
4 14
4 15
4 16
4 17
4 18
4 19
4 20
4 21
4 22
4 23
4 24
4 25
4 26
4 27
4 28
4 29
4 30
4 31
4 32
4 33
4 34
4 35
4 36
4 37
4 38
4 39
4 40
4 41
4 42
4 43
4 44
4 45
4 46
4 47
4 48
4 49
5 6
5 7
5 8
5 9
5 10
5 11
5 12
5 13
5 14
5 15
5 16
5 17
5 18
5 19
5 20
5 21
5 22
5 23
5 24
5 25
5 26
5 27
5 28
5 29
5 30
5 31
5 32
5 33
5 34
5 35
5 36
5 37
5 38
5 39
5 40
5 41
5 42
5 43
5 44
5 45
5 46
5 47
5 48
5 49
6 7
6 49
7 8
7 9
7 10
7 11
7 12
7 13
7 14
7 15
7 16
7 17
7 18
7 19
7 20
7 21
7 22
7 23
7 24
7 25
7 26
7 27
7 28
7 29
7 30
7 31
7 32
7 33
7 34
7 35
7 36
7 37
7 38
7 39
7 40
7 41
7 42
7 43
7 44
7 45
7 46
7 47
7 48
7 49
8 49
9 49
10 49
12 49
14 49
15 33
15 49
16 49
17 49
19 49
20 49
23 40
24 49
26 28
26 49
28 49
30 49
32 49
35 49
40 49
41 49
42 49
