3
9
22
24
186
0 1
0 2
0 3
0 4
0 5
0 6
0 7
0 8
0 9
0 10
0 11
0 12
0 13
0 14
0 15
0 16
0 17
0 18
0 19
0 21
0 22
0 23
0 24
0 25
0 26
0 27
0 28
0 29
0 31
0 33
0 34
0 36
0 37
0 38
0 39
0 41
0 42
0 43
0 44
0 45
0 46
0 47
1 9
1 22
1 24
1 47
2 9
2 22
2 24
2 47
3 9
3 22
3 24
4 9
4 22
4 24
4 26
5 9
5 22
5 24
6 9
6 22
6 24
7 9
7 22
7 24
7 47
8 9
8 22
8 24
9 10
9 11
9 12
9 13
9 14
9 15
9 16
9 17
9 18
9 19
9 20
9 21
9 22
9 23
9 24
9 25
9 26
9 27
9 28
9 29
9 30
9 31
9 32
9 33
9 34
9 35
9 36
9 37
9 38
9 39
9 40
9 41
9 42
9 43
9 44
9 45
9 46
9 47
10 22
10 24
11 22
11 24
12 22
12 24
13 22
13 24
13 47
14 22
14 24
15 22
15 24
16 22
16 24
16 47
17 22
17 24
18 22
18 24
19 22
19 24
20 22
20 24
21 22
21 24
22 23
22 24
22 25
22 26
22 27
22 28
22 29
22 30
22 31
22 32
22 33
22 34
22 35
22 36
22 37
22 38
22 39
22 40
22 41
22 42
22 43
22 44
22 45
22 46
22 47
23 24
24 25
24 26
24 27
24 28
24 29
24 30
24 31
24 32
24 33
24 34
24 35
24 36
24 37
24 38
24 39
24 40
24 41
24 42
24 43
24 44
24 45
24 46
24 47
26 47
28 47
36 47
