2
7
43
146
0 9
0 35
0 2
0 11
0 7
0 27
0 49
0 24
0 5
0 43
0 32
0 19
0 23
0 25
0 22
0 1
0 47
0 29
0 10
0 16
0 38
0 41
0 36
0 4
0 31
0 12
0 34
0 15
0 21
0 42
0 14
0 33
0 28
0 45
0 3
17 7
17 43
9 7
9 43
35 7
35 43
35 49
2 49
2 43
2 7
11 7
11 43
7 1
7 3
7 4
7 5
7 6
7 8
7 15
7 20
7 40
7 43
7 44
7 29
7 34
7 18
7 16
7 39
7 25
7 14
7 37
7 45
7 23
7 47
7 38
7 28
7 36
7 22
7 48
7 13
7 21
7 24
7 30
7 32
7 27
7 12
7 33
7 10
7 41
7 42
7 26
7 46
7 49
7 19
7 31
20 43
27 43
27 49
49 6
49 12
49 13
49 19
49 21
49 24
49 26
49 28
49 32
49 37
49 39
49 42
49 43
24 43
48 43
5 43
43 1
43 3
43 4
43 6
43 8
43 10
43 12
43 13
43 14
43 15
43 16
43 18
43 19
43 21
43 22
43 23
43 25
43 26
43 28
43 29
43 30
43 31
43 32
43 33
43 34
43 36
43 37
43 38
43 39
43 40
43 41
43 42
43 44
43 47
43 46
43 45
32 46
