1
20
97
0 3
0 4
0 5
0 6
0 8
0 9
0 10
0 12
0 14
0 16
0 17
0 18
0 20
0 21
0 22
0 23
0 25
0 26
0 27
0 28
0 29
0 30
0 31
0 32
0 33
0 34
0 35
0 36
0 38
0 39
0 40
0 41
0 42
0 43
0 45
0 46
0 48
1 20
1 48
2 20
3 20
4 20
5 20
6 20
7 20
8 20
9 20
10 20
11 20
12 20
13 20
13 48
14 20
15 20
15 48
16 20
17 20
18 20
19 20
20 21
20 22
20 23
20 24
20 25
20 26
20 27
20 28
20 29
20 30
20 31
20 32
20 33
20 34
20 35
20 36
20 37
20 38
20 39
20 40
20 41
20 42
20 43
20 44
20 45
20 46
20 47
20 48
22 48
23 28
24 48
25 48
34 48
35 48
39 48
41 48
43 48
46 48
