3
11
23
29
108
0 11
0 18
0 14
0 6
0 4
0 21
0 22
0 24
0 26
0 30
0 32
0 34
0 35
0 37
19 2
19 3
19 9
19 18
19 30
19 20
19 22
19 26
19 24
19 27
19 32
19 34
19 35
19 37
19 40
11 9
11 28
11 25
11 17
11 2
11 40
11 35
11 15
11 4
11 29
11 34
11 32
11 13
11 18
11 20
11 22
11 24
11 36
11 38
11 39
18 28
14 29
6 25
6 29
10 29
26 23
26 29
32 23
24 29
12 23
12 8
33 23
2 23
2 28
22 4
22 25
22 29
23 7
23 15
23 13
23 35
23 31
23 37
23 20
23 9
23 16
23 34
23 40
23 17
23 25
23 28
23 29
40 29
40 31
40 34
15 29
35 29
35 25
38 25
38 28
20 29
39 25
39 29
4 25
25 17
25 5
25 29
25 31
34 29
36 29
8 29
21 29
37 28
37 29
17 29
29 28
29 16
29 7
29 31
