3
9
11
34
101
0 8
0 9
0 10
0 11
0 13
0 17
0 25
0 41
0 43
0 49
8 7
8 9
8 32
8 34
8 37
9 1
9 2
9 3
9 4
9 6
9 7
9 10
9 11
9 12
9 13
9 14
9 15
9 16
9 17
9 18
9 20
9 21
9 22
9 23
9 26
9 28
9 29
9 30
9 35
9 40
9 48
9 49
10 11
10 44
11 4
11 6
11 12
11 16
11 17
11 18
11 20
11 23
11 27
11 31
11 32
11 33
11 39
11 41
11 45
13 32
13 49
17 32
17 34
25 41
41 34
42 12
42 18
42 22
42 28
42 30
42 34
42 40
43 47
49 1
49 14
49 37
49 44
1 34
12 7
12 34
15 34
22 7
22 34
29 32
29 34
29 37
30 32
33 47
34 5
34 35
34 37
34 44
34 46
34 47
3 32
3 47
23 7
32 21
36 7
36 47
47 18
