3
10
44
39
129
0 2
0 4
0 9
0 10
0 12
0 13
0 16
0 17
0 18
0 21
0 22
0 23
0 24
0 28
0 29
0 30
0 31
0 32
0 33
0 36
0 37
0 38
0 42
0 43
0 44
0 45
0 47
0 48
2 41
4 10
4 39
9 10
9 12
9 39
9 44
9 48
10 1
10 7
10 8
10 11
10 12
10 13
10 14
10 15
10 21
10 22
10 23
10 24
10 26
10 27
10 29
10 31
10 35
10 36
10 38
10 39
10 42
10 43
10 44
10 45
10 46
10 48
12 39
12 44
16 39
16 44
16 48
17 39
17 44
21 39
21 41
22 39
22 48
24 44
28 39
28 44
29 39
31 39
32 44
33 5
33 39
33 48
38 39
38 44
38 48
41 8
41 11
41 14
41 19
41 39
41 44
41 47
41 48
42 39
42 44
43 39
44 1
44 3
44 5
44 6
44 7
44 8
44 11
44 14
44 15
44 19
44 26
44 27
44 35
44 39
44 45
44 46
45 39
47 39
47 48
48 5
48 8
48 39
48 46
3 39
5 39
20 39
35 46
46 39
19 39
27 39
6 7
6 39
39 7
