3
10
28
35
171
0 2
0 4
0 5
0 6
0 7
0 8
0 9
0 10
0 12
0 13
0 15
0 17
0 20
0 21
0 22
0 23
0 24
0 25
0 26
0 27
0 28
0 29
0 30
0 32
0 33
0 34
0 35
0 36
0 38
0 39
0 40
0 41
0 43
0 45
0 46
0 47
0 48
0 49
2 10
2 28
3 10
3 28
3 35
4 10
4 28
4 35
5 10
5 28
5 35
6 10
6 28
6 35
6 49
7 10
7 28
7 35
8 10
9 10
9 28
9 35
10 11
10 12
10 13
10 14
10 15
10 16
10 17
10 19
10 21
10 22
10 23
10 24
10 25
10 26
10 27
10 29
10 31
10 32
10 33
10 34
10 35
10 36
10 37
10 38
10 39
10 40
10 41
10 43
10 44
10 45
10 46
10 47
10 48
10 49
12 28
12 35
13 28
13 35
15 28
15 35
16 28
17 28
17 35
18 28
18 35
20 28
20 35
20 49
21 28
21 35
21 49
22 14
22 28
22 35
22 49
23 28
23 35
24 28
24 35
24 49
25 28
25 35
26 28
27 49
28 1
28 11
28 29
28 30
28 31
28 32
28 33
28 35
28 36
28 38
28 39
28 41
28 42
28 43
28 44
28 45
28 46
28 49
29 35
30 35
31 49
32 35
32 38
33 35
34 35
34 49
35 1
35 11
35 14
35 36
35 37
35 38
35 39
35 40
35 41
35 42
35 43
35 44
35 45
35 46
35 47
35 48
35 49
38 1
41 49
46 49
49 42
