3
3
13
17
188
0 1
0 3
0 4
0 5
0 6
0 7
0 8
0 9
0 11
0 13
0 15
0 16
0 17
0 18
0 21
0 26
0 27
0 28
0 29
0 30
0 31
0 32
0 33
0 35
0 36
0 37
0 38
0 40
0 41
0 42
0 43
0 44
0 47
1 3
1 13
1 17
1 47
2 3
2 13
2 17
3 4
3 5
3 6
3 7
3 8
3 9
3 10
3 11
3 12
3 13
3 14
3 15
3 16
3 17
3 18
3 19
3 20
3 21
3 22
3 23
3 24
3 25
3 26
3 27
3 28
3 29
3 30
3 31
3 32
3 33
3 34
3 35
3 36
3 37
3 38
3 39
3 40
3 41
3 42
3 43
3 44
3 45
3 46
3 47
4 13
4 17
5 13
5 17
5 47
6 13
6 17
7 13
7 17
8 13
8 17
9 13
9 17
9 47
10 13
10 17
10 47
11 13
11 17
11 47
12 13
12 17
13 14
13 15
13 16
13 17
13 18
13 19
13 20
13 21
13 22
13 23
13 24
13 25
13 26
13 27
13 28
13 29
13 30
13 31
13 32
13 33
13 34
13 35
13 36
13 37
13 38
13 39
13 40
13 41
13 42
13 43
13 44
13 45
13 46
13 47
14 17
15 17
16 17
16 47
17 18
17 19
17 20
17 21
17 22
17 23
17 24
17 25
17 26
17 27
17 28
17 29
17 30
17 31
17 32
17 33
17 34
17 35
17 36
17 37
17 38
17 39
17 40
17 41
17 42
17 43
17 44
17 45
17 46
17 47
18 47
23 47
26 47
27 47
29 47
30 47
31 35
31 40
36 47
41 47
42 47
44 47
45 47
46 47
