3
3
5
13
127
0 1
0 2
0 3
0 4
0 5
0 6
0 11
0 12
0 13
0 14
0 15
0 17
0 19
0 20
0 22
0 23
0 24
0 25
0 26
0 27
0 28
0 29
0 30
0 31
0 32
0 33
1 3
1 5
1 13
2 3
2 5
2 13
2 16
2 33
3 4
3 7
3 9
3 12
3 13
3 14
3 15
3 16
3 17
3 18
3 19
3 20
3 21
3 22
3 23
3 24
3 25
3 26
3 27
3 28
3 29
3 30
3 31
3 33
4 16
4 33
5 6
5 7
5 8
5 12
5 13
5 14
5 15
5 16
5 17
5 18
5 19
5 20
5 21
5 22
5 23
5 25
5 26
5 27
5 28
5 29
5 30
5 31
5 32
5 33
6 13
11 13
11 33
12 13
12 16
13 7
13 8
13 9
13 10
13 14
13 15
13 16
13 17
13 19
13 20
13 21
13 22
13 23
13 25
13 27
13 28
13 30
13 31
13 32
13 33
14 33
15 23
16 7
16 9
16 10
16 17
16 18
16 19
16 20
16 29
16 32
16 33
22 33
25 33
26 33
28 33
31 33
33 9
