1
26
93
0 2
0 4
0 5
0 6
0 7
0 8
0 10
0 11
0 12
0 13
0 14
0 15
0 16
0 17
0 18
0 19
0 20
0 22
0 24
0 25
0 26
0 28
0 29
0 30
0 31
0 32
0 33
0 34
0 36
0 37
0 38
0 39
0 41
0 42
0 44
0 45
0 46
1 26
2 26
2 31
4 26
5 26
5 46
6 26
7 26
8 26
10 16
10 26
10 32
11 26
12 26
13 26
13 46
14 26
15 20
15 26
16 26
17 26
18 26
20 26
22 26
23 26
24 26
25 26
26 3
26 9
26 21
26 27
26 28
26 29
26 30
26 31
26 32
26 33
26 34
26 35
26 36
26 37
26 38
26 39
26 40
26 41
26 42
26 45
26 46
31 46
32 46
36 46
37 46
38 46
39 46
45 46
46 21
