3
39
46
23
97
0 3
0 33
0 39
0 34
0 20
0 17
0 16
0 4
0 30
0 21
0 38
0 48
0 24
0 29
0 18
0 31
0 42
0 49
0 47
0 25
0 44
0 43
0 46
0 19
0 9
0 15
0 12
0 6
0 2
0 36
0 5
0 14
0 37
0 23
0 8
3 46
39 8
39 45
39 43
39 46
39 24
39 27
39 18
39 44
39 28
39 23
39 29
39 40
39 1
39 37
39 36
39 47
39 21
39 10
39 32
39 31
34 49
34 46
20 23
17 23
16 23
21 49
48 23
29 11
42 46
42 11
42 23
49 8
49 15
49 23
49 46
49 11
49 40
25 46
25 28
43 46
46 45
46 6
46 12
46 35
46 32
46 7
46 36
46 10
46 14
6 11
2 23
11 8
11 41
11 26
11 23
23 8
23 41
23 1
23 27
23 28
28 40
