3
11
24
20
119
0 4
0 6
0 8
0 11
0 14
0 16
0 17
0 18
0 24
0 29
0 33
0 35
0 44
0 45
0 46
0 47
0 48
0 49
0 20
0 30
0 31
0 40
0 41
4 11
4 24
4 20
4 27
6 11
8 20
11 1
11 2
11 3
11 10
11 12
11 13
11 15
11 18
11 22
11 24
11 29
11 30
11 31
11 34
11 36
11 42
11 43
11 44
11 45
11 46
11 48
11 49
11 20
11 27
11 40
11 41
14 24
17 13
17 27
17 28
17 20
18 20
24 12
24 15
24 20
24 30
24 35
24 43
24 44
24 49
29 27
33 20
33 27
35 27
35 20
35 32
46 20
46 27
47 20
48 20
48 27
49 20
20 1
20 9
20 12
20 15
20 19
20 28
20 37
20 39
20 40
20 41
20 10
20 30
20 31
20 42
20 43
20 5
20 23
20 25
20 26
20 32
20 27
27 1
27 12
27 15
27 19
27 21
27 38
27 39
27 40
27 41
27 22
27 31
27 42
27 43
27 7
27 23
27 26
27 32
