3
12
40
19
147
0 4
0 30
0 39
0 6
0 31
0 2
0 35
0 14
0 12
0 45
0 25
0 20
0 44
0 33
0 26
0 13
0 3
0 46
0 28
0 24
0 49
0 27
0 34
0 5
0 36
0 29
0 40
0 19
0 18
0 7
4 12
4 9
4 19
4 40
30 12
30 19
30 40
39 12
6 19
6 12
6 40
31 9
31 19
31 49
2 19
2 12
2 49
35 19
35 40
14 12
14 19
12 1
12 5
12 7
12 9
12 11
12 26
12 46
12 45
12 21
12 44
12 18
12 37
12 22
12 13
12 24
12 16
12 43
12 47
12 49
12 20
12 48
12 17
12 23
12 25
12 19
12 38
12 28
45 19
25 19
25 49
25 40
20 19
44 40
33 8
33 19
26 19
26 49
13 19
13 40
9 3
9 34
9 40
9 19
3 19
46 19
28 19
28 49
24 19
24 40
49 11
49 17
49 19
49 21
49 27
49 29
49 32
49 40
49 41
49 43
49 48
27 19
27 40
34 19
34 40
5 40
36 40
29 19
40 1
40 8
40 10
40 16
40 17
40 18
40 19
40 21
40 22
40 38
40 48
40 47
40 42
40 40
40 41
19 1
19 7
19 8
19 10
19 15
19 16
19 42
19 48
19 41
19 37
19 38
19 43
19 22
19 21
