3
35
11
43
113
0 5
0 7
0 17
0 18
0 20
0 22
0 23
0 27
0 28
0 29
0 32
0 35
0 36
0 38
0 41
0 42
0 44
5 10
5 35
7 10
7 11
7 35
10 2
10 3
10 4
10 9
10 11
10 14
10 15
10 16
10 19
10 23
10 24
10 28
10 29
10 31
10 35
10 40
10 42
10 43
10 44
10 45
17 11
17 35
18 11
18 35
22 11
22 49
23 11
23 35
27 11
28 11
28 43
29 11
29 43
32 11
35 1
35 2
35 4
35 9
35 12
35 13
35 14
35 19
35 21
35 24
35 30
35 33
35 34
35 42
35 43
35 44
35 47
35 49
36 11
36 43
38 11
38 43
38 49
41 11
41 43
42 11
44 4
44 16
1 11
3 11
11 8
11 24
11 25
11 31
11 33
11 37
11 40
11 47
11 49
15 43
16 43
16 49
30 9
30 43
40 43
46 49
49 14
49 39
49 43
2 43
14 43
21 43
37 43
39 43
43 33
43 45
43 47
