3
26
30
38
155
0 31
0 17
0 12
31 26
31 30
31 33
31 38
17 20
17 26
17 30
17 33
17 38
33 1
33 2
33 3
33 4
33 5
33 6
33 7
33 8
33 9
33 10
33 11
33 12
33 13
33 14
33 15
33 16
33 18
33 19
33 21
33 22
33 23
33 24
33 25
33 26
33 27
33 28
33 29
33 30
33 32
33 34
33 35
33 36
33 37
33 38
12 26
12 30
12 38
1 26
1 30
1 38
1 39
2 26
2 30
2 38
3 26
3 30
3 38
4 20
4 26
4 30
4 38
5 26
5 30
5 38
6 26
6 30
6 38
7 26
7 30
7 38
8 26
8 30
8 38
9 26
9 30
9 38
10 26
10 30
10 38
11 26
11 30
11 38
13 26
13 30
13 38
14 26
14 30
14 38
15 20
15 26
15 30
15 38
16 20
16 26
16 30
16 38
18 26
18 30
18 38
19 26
19 30
19 38
20 21
20 26
20 28
20 30
20 32
20 34
20 38
21 26
21 30
21 38
22 26
22 30
22 38
23 26
23 30
23 38
24 26
24 30
24 38
25 26
25 30
25 38
25 39
26 27
26 28
26 29
26 30
26 32
26 34
26 35
26 36
26 37
26 38
26 39
27 30
27 38
28 30
28 38
29 30
29 38
30 32
30 34
30 35
30 36
30 37
30 38
32 38
34 38
35 38
36 38
37 38
