3
4
6
7
191
0 1
0 2
0 3
0 4
0 5
0 6
0 7
0 8
0 9
0 11
0 12
0 13
0 14
0 15
0 16
0 17
0 18
0 19
0 20
0 21
0 22
0 23
0 24
0 25
0 27
0 28
0 29
0 30
0 32
0 33
0 34
0 35
0 36
0 38
0 39
0 40
0 41
0 43
0 44
0 45
0 46
0 48
0 49
0 37
0 47
1 4
1 6
1 7
1 49
2 4
2 6
2 7
2 19
3 4
3 6
3 7
3 8
4 5
4 6
4 7
4 8
4 10
4 12
4 13
4 14
4 15
4 16
4 17
4 18
4 19
4 20
4 21
4 22
4 23
4 24
4 25
4 26
4 27
4 28
4 29
4 30
4 31
4 32
4 33
4 34
4 35
4 36
4 37
4 39
4 40
4 42
4 43
4 44
4 45
4 46
4 48
4 49
4 9
4 11
4 38
4 41
4 47
5 7
5 6
6 8
6 9
6 10
6 11
6 12
6 14
6 15
6 16
6 17
6 18
6 19
6 20
6 21
6 22
6 23
6 25
6 26
6 27
6 28
6 29
6 30
6 32
6 33
6 34
6 35
6 36
6 38
6 39
6 40
6 41
6 42
6 43
6 44
6 45
6 46
6 47
6 48
6 49
6 7
6 13
6 24
6 31
7 8
7 9
7 10
7 11
7 12
7 13
7 14
7 15
7 17
7 18
7 19
7 20
7 21
7 22
7 23
7 24
7 25
7 26
7 27
7 28
7 29
7 30
7 31
7 32
7 33
7 35
7 36
7 37
7 38
7 39
7 41
7 42
7 43
7 45
7 46
7 47
7 48
7 49
7 16
7 34
7 40
7 44
8 49
26 36
48 49
