3
25
41
9
95
0 1
0 25
0 15
0 46
0 23
0 6
0 2
0 32
0 45
0 41
1 41
1 44
1 9
25 19
25 22
25 7
25 46
25 26
25 12
25 10
25 5
25 14
25 32
25 35
25 2
25 48
25 49
25 28
27 41
27 9
41 2
41 7
41 32
41 36
41 16
41 12
41 40
41 42
41 34
41 3
41 14
41 31
41 49
41 15
2 44
20 16
20 33
3 49
26 49
26 7
4 38
4 44
4 49
5 9
45 46
45 38
43 7
30 9
30 44
7 40
7 21
7 14
7 33
7 23
7 36
7 22
7 24
40 38
38 18
38 37
38 28
38 44
38 46
38 9
9 17
9 49
9 34
9 24
9 23
9 35
9 21
9 15
9 47
9 11
9 31
9 39
17 44
23 49
13 44
39 44
47 46
42 44
18 44
48 44
33 44
