3
40
18
35
130
0 3
0 11
0 10
0 40
0 17
0 18
0 2
0 27
0 21
0 13
0 7
0 49
0 30
0 1
0 5
0 6
0 8
0 14
0 15
0 20
0 22
0 23
0 25
0 26
0 32
0 36
0 41
0 42
0 46
11 40
11 35
10 18
10 35
40 8
40 12
40 17
40 22
40 23
40 30
40 32
40 34
40 35
40 38
40 39
40 9
40 16
40 24
40 19
40 5
40 25
40 36
40 20
40 1
40 2
40 42
40 44
40 46
17 35
17 18
17 49
18 1
18 7
18 8
18 13
18 15
18 16
18 46
18 38
18 26
18 49
18 29
18 37
18 43
18 34
18 20
18 27
18 22
18 21
18 30
18 32
18 33
18 36
2 24
2 35
27 35
21 35
13 24
13 35
24 7
24 8
24 12
24 16
24 19
24 47
24 35
24 1
24 31
24 32
24 41
24 46
49 26
49 30
49 35
49 37
49 39
49 41
49 43
49 33
30 35
9 35
25 35
4 35
44 35
41 35
12 35
19 35
23 35
15 35
36 35
38 35
48 35
8 35
34 35
14 35
33 35
32 35
20 35
29 35
35 42
35 37
