3
2
12
39
181
0 1
0 2
0 3
0 4
0 5
0 7
0 8
0 10
0 11
0 13
0 14
0 15
0 16
0 17
0 18
0 19
0 20
0 21
0 22
0 24
0 25
0 26
0 28
0 29
0 30
0 31
0 32
0 35
0 36
0 37
0 38
0 40
0 41
0 42
0 43
0 44
0 45
0 46
0 47
0 49
1 2
1 12
1 39
2 3
2 4
2 5
2 6
2 7
2 8
2 9
2 10
2 11
2 12
2 13
2 14
2 15
2 16
2 18
2 19
2 20
2 21
2 23
2 25
2 27
2 28
2 29
2 30
2 31
2 32
2 33
2 34
2 35
2 36
2 37
2 38
2 39
2 40
2 41
2 42
2 44
2 45
2 46
2 47
2 48
2 49
3 12
3 39
4 12
4 39
5 12
5 39
7 12
7 39
8 12
8 13
8 39
10 12
10 39
11 12
11 39
13 12
13 39
14 12
14 39
15 12
15 39
16 12
16 39
17 12
17 39
18 12
18 39
19 12
19 39
20 12
20 39
21 12
21 39
22 12
22 39
24 12
24 39
25 12
25 30
25 39
26 12
26 33
26 39
28 6
28 12
28 39
28 49
29 12
29 39
29 49
30 12
30 39
31 12
31 39
32 12
32 39
34 12
34 39
35 12
35 39
36 12
36 39
37 12
37 39
38 12
38 39
40 12
40 39
41 12
41 39
42 12
42 39
43 12
44 27
44 39
45 12
46 39
47 12
47 39
49 12
49 27
49 39
49 48
6 12
6 39
12 9
12 23
12 27
12 33
12 39
12 48
23 39
27 39
33 39
39 9
39 48
