3
26
28
45
194
0 3
0 4
0 5
0 6
0 7
0 9
0 10
0 12
0 13
0 14
0 15
0 16
0 17
0 18
0 19
0 20
0 21
0 22
0 23
0 24
0 25
0 26
0 28
0 30
0 31
0 32
0 33
0 35
0 36
0 38
0 39
0 41
0 44
0 45
0 47
0 48
0 49
1 26
1 28
1 45
2 26
2 28
2 45
3 26
3 28
3 45
4 26
4 28
4 45
5 26
5 28
5 45
5 49
6 26
6 28
6 45
6 49
7 26
7 28
7 45
8 26
8 28
8 45
9 26
9 28
9 45
10 26
10 28
10 45
11 26
11 28
11 45
11 49
12 26
12 28
12 45
13 26
13 28
13 45
14 26
14 28
14 45
14 49
15 26
15 28
15 45
16 26
16 28
16 45
16 49
17 26
17 28
17 45
18 26
18 28
18 45
19 26
19 28
19 45
20 26
20 28
20 45
21 26
21 28
21 45
21 49
22 26
22 28
22 45
23 26
23 28
23 45
24 26
24 28
24 45
25 26
25 28
25 45
26 27
26 28
26 29
26 30
26 31
26 32
26 33
26 34
26 35
26 36
26 37
26 38
26 39
26 40
26 41
26 42
26 43
26 44
26 45
26 46
26 47
26 48
26 49
27 28
27 45
27 49
28 29
28 30
28 31
28 32
28 33
28 34
28 35
28 36
28 37
28 38
28 39
28 40
28 41
28 42
28 43
28 44
28 45
28 46
28 47
28 48
28 49
29 45
30 45
30 49
31 45
31 49
32 45
33 45
34 45
35 45
36 45
36 49
37 45
38 45
38 49
39 45
39 49
40 45
41 45
42 45
43 45
44 45
44 49
45 46
45 47
45 48
45 49
46 49
47 49
48 49
