3
14
38
42
119
0 1
0 2
0 3
0 4
0 5
0 6
0 7
0 8
0 9
0 10
0 11
0 12
0 13
0 14
0 15
0 16
0 17
0 18
0 20
0 21
0 22
0 23
1 38
1 42
2 38
2 39
2 42
3 38
3 42
4 38
4 42
5 38
5 42
6 38
6 42
7 38
7 42
8 38
8 42
9 38
9 42
10 38
10 42
11 38
11 42
12 38
12 42
13 38
13 42
14 24
14 25
14 26
14 27
14 28
14 29
14 30
14 31
14 32
14 33
14 34
14 35
14 36
14 37
14 38
14 39
14 40
14 41
14 42
14 43
14 44
14 45
14 46
15 38
15 42
16 38
16 42
17 38
17 42
18 32
18 38
18 39
18 42
19 28
19 33
19 35
19 38
19 39
19 40
19 42
19 45
20 38
20 42
21 30
21 38
21 42
22 38
22 42
23 30
23 38
23 42
24 47
25 47
26 47
29 47
30 47
31 47
32 47
33 47
34 47
35 47
36 47
37 47
38 47
39 47
40 47
41 47
42 47
43 47
44 47
