3
10
20
46
99
0 10
0 27
0 31
0 38
0 41
0 45
0 47
0 48
0 3
0 5
0 7
0 13
0 21
0 23
0 26
0 36
0 39
10 3
10 5
10 2
10 13
10 21
10 24
10 25
10 35
10 38
10 39
10 41
10 42
10 43
10 49
10 11
10 15
10 20
10 28
10 31
10 45
10 47
31 11
31 46
38 46
41 46
41 49
45 8
45 17
45 33
45 20
48 20
48 49
3 11
3 46
5 20
5 46
7 11
7 49
11 8
11 2
11 14
11 21
11 26
11 28
11 35
11 40
11 46
13 20
13 46
21 46
23 28
23 22
26 49
36 20
36 49
2 20
24 20
24 46
24 17
24 19
25 49
42 20
42 46
43 20
43 17
49 46
49 44
49 30
49 28
20 12
20 6
20 16
20 29
20 32
20 28
20 34
20 37
6 17
44 46
12 46
9 46
46 17
