3
30
47
36
149
0 3
0 39
0 22
0 27
0 10
0 26
0 7
0 40
0 9
0 8
0 44
0 34
0 48
0 24
0 16
0 15
0 12
0 28
0 30
0 32
0 33
0 11
0 47
0 36
0 42
0 1
0 49
0 17
0 18
0 20
0 23
0 25
0 29
0 37
0 38
0 41
0 45
0 46
3 47
3 30
3 36
39 26
39 30
39 36
22 49
22 47
22 36
22 42
27 47
27 30
27 36
10 47
10 30
10 36
26 49
26 30
26 47
7 36
7 47
40 30
40 36
9 47
9 30
9 36
8 30
8 36
44 30
44 36
34 30
34 36
34 47
48 30
48 36
24 30
24 36
24 47
16 47
16 30
15 47
15 30
15 36
28 30
28 47
30 1
30 2
30 4
30 5
30 6
30 11
30 14
30 17
30 18
30 20
30 21
30 23
30 25
30 29
30 42
30 43
30 31
30 49
30 41
30 33
30 38
30 36
30 37
30 47
30 45
30 32
30 35
30 46
32 36
33 49
33 47
35 47
11 36
11 47
47 1
47 5
47 6
47 17
47 19
47 20
47 23
47 25
47 36
47 37
47 45
47 46
47 49
36 1
36 5
36 6
36 14
36 23
36 25
36 29
36 31
36 45
36 38
36 37
36 43
36 41
36 42
36 46
36 49
1 5
49 23
49 29
