3
20
28
39
193
0 1
0 2
0 3
0 4
0 5
0 6
0 8
0 9
0 11
0 12
0 13
0 14
0 15
0 16
0 17
0 18
0 19
0 20
0 21
0 22
0 23
0 24
0 27
0 28
0 29
0 30
0 31
0 32
0 33
0 34
0 35
0 36
0 37
0 38
0 39
0 40
0 41
0 42
0 43
0 44
0 46
0 48
0 49
1 20
1 28
1 39
2 20
2 28
2 39
3 20
3 28
3 39
4 20
4 28
4 39
5 20
5 28
5 39
6 20
6 28
6 39
7 20
7 28
7 39
8 20
8 28
8 39
9 20
9 28
9 39
10 20
10 28
10 39
11 20
11 28
11 39
12 20
12 28
12 39
13 20
13 28
13 39
14 20
14 28
14 39
14 46
15 20
15 28
15 39
16 20
16 28
16 39
17 20
17 28
17 39
17 49
18 20
18 28
18 39
19 20
19 28
19 39
20 21
20 22
20 23
20 24
20 25
20 26
20 27
20 28
20 29
20 30
20 31
20 32
20 33
20 34
20 35
20 36
20 37
20 38
20 39
20 40
20 41
20 42
20 43
20 44
20 45
20 46
20 47
20 48
20 49
21 28
21 39
21 49
22 28
22 39
23 28
23 39
24 28
24 39
24 49
25 28
25 39
26 28
26 39
26 49
27 28
27 39
28 29
28 30
28 31
28 32
28 33
28 34
28 35
28 36
28 37
28 38
28 39
28 40
28 41
28 42
28 43
28 44
28 45
28 46
28 47
28 48
28 49
29 39
30 39
31 39
31 49
32 39
33 39
34 39
35 39
36 39
37 39
37 49
38 39
38 49
39 40
39 41
39 42
39 43
39 44
39 45
39 46
39 47
39 48
39 49
43 49
