2
1
20
140
0 1
0 2
0 3
0 4
0 5
0 6
0 7
0 9
0 10
0 11
0 13
0 14
0 15
0 16
0 17
0 18
0 20
0 21
0 22
0 23
0 25
0 26
0 27
0 28
0 29
0 30
0 31
0 32
0 33
0 34
0 35
0 36
0 37
0 38
0 39
0 41
0 42
0 43
0 44
0 45
0 46
1 2
1 3
1 4
1 5
1 6
1 7
1 8
1 9
1 10
1 11
1 12
1 13
1 14
1 15
1 16
1 17
1 18
1 19
1 20
1 21
1 22
1 23
1 24
1 25
1 26
1 27
1 28
1 29
1 30
1 31
1 32
1 33
1 34
1 35
1 36
1 37
1 38
1 39
1 40
1 41
1 42
1 43
1 44
1 45
1 46
2 20
3 20
4 20
5 20
5 35
6 20
6 38
7 20
8 20
9 20
10 20
11 20
12 20
13 15
13 20
14 20
15 20
16 20
17 20
17 46
18 20
19 20
19 46
20 21
20 22
20 23
20 24
20 25
20 26
20 27
20 28
20 29
20 30
20 31
20 32
20 33
20 34
20 35
20 36
20 37
20 38
20 39
20 40
20 41
20 42
20 43
20 44
20 45
20 46
26 38
27 37
28 46
40 46
45 46
