3
16
29
32
185
0 2
0 4
0 5
0 7
0 8
0 9
0 10
0 13
0 14
0 16
0 17
0 24
0 28
0 29
0 30
0 31
0 32
0 33
0 37
0 40
0 41
0 43
0 45
0 46
0 47
0 49
0 3
0 18
0 19
0 21
0 23
0 25
0 27
0 34
0 42
0 48
1 16
1 29
1 32
2 16
2 29
2 32
2 49
4 16
4 29
4 32
5 16
5 32
5 29
6 16
6 32
6 49
6 29
7 49
7 16
7 32
7 40
8 16
8 29
8 32
9 29
9 32
9 16
10 16
10 29
10 49
10 32
13 29
13 32
13 16
14 16
14 29
14 32
16 11
16 15
16 3
16 12
16 17
16 18
16 19
16 20
16 21
16 23
16 24
16 27
16 29
16 31
16 33
16 34
16 35
16 36
16 37
16 38
16 39
16 40
16 45
16 46
16 48
16 49
16 22
16 25
16 28
16 30
16 32
16 42
16 43
16 47
17 29
20 29
20 32
22 32
22 29
24 29
24 32
26 29
26 32
26 49
28 29
28 32
28 49
29 3
29 11
29 12
29 15
29 19
29 21
29 23
29 25
29 27
29 18
29 30
29 31
29 34
29 35
29 36
29 37
29 40
29 41
29 42
29 43
29 44
29 45
29 46
29 47
29 48
29 32
29 33
29 38
29 39
29 49
30 32
31 32
32 3
32 12
32 15
32 19
32 23
32 25
32 27
32 11
32 21
32 33
32 34
32 35
32 36
32 38
32 39
32 44
32 45
32 46
32 47
32 48
32 49
32 37
32 40
32 41
32 42
32 43
35 43
38 25
38 49
40 49
43 49
49 15
49 34
