3
5
20
4
107
0 1
0 2
0 5
0 7
0 8
0 9
0 10
0 11
0 12
0 13
0 14
0 15
0 17
0 18
0 19
0 20
0 21
0 24
1 3
1 4
1 5
2 4
2 5
2 6
2 9
2 11
2 12
2 13
2 14
2 16
2 19
3 4
3 5
3 6
3 7
3 8
3 9
3 10
3 11
3 14
3 15
3 16
3 17
3 18
5 6
5 7
5 9
5 10
5 11
5 12
5 13
5 14
5 15
5 17
5 20
5 21
5 23
7 4
8 4
8 20
9 4
9 20
10 4
10 20
11 4
11 20
12 4
13 4
14 4
14 20
15 4
15 20
17 4
17 20
18 20
19 20
20 4
20 16
20 21
20 22
20 23
20 24
20 25
20 26
20 27
20 28
20 29
20 30
20 31
20 32
20 35
20 42
24 4
24 40
4 6
4 22
4 27
4 28
27 49
28 49
26 49
31 49
33 49
34 49
37 49
35 49
40 49
