3
15
18
27
191
0 1
0 2
0 3
0 4
0 5
0 6
0 7
0 8
0 10
0 11
0 12
0 13
0 14
0 15
0 16
0 18
0 20
0 21
0 22
0 23
0 24
0 25
0 27
0 28
0 29
0 32
0 33
0 34
0 35
0 36
0 37
0 38
0 39
0 40
0 41
0 42
0 45
0 46
0 48
0 49
1 15
1 18
1 27
2 15
2 18
2 27
2 49
3 15
3 18
3 27
4 15
4 18
4 27
5 15
5 18
5 27
6 15
6 18
6 27
7 15
7 18
7 27
7 49
8 15
8 18
8 27
9 15
9 18
9 27
10 15
10 18
10 27
11 15
11 18
11 27
12 15
12 18
12 27
13 15
13 18
13 27
14 15
14 18
14 27
15 16
15 17
15 18
15 19
15 20
15 21
15 22
15 23
15 24
15 25
15 26
15 27
15 28
15 29
15 30
15 31
15 32
15 33
15 34
15 35
15 36
15 37
15 38
15 39
15 40
15 41
15 42
15 43
15 44
15 45
15 46
15 47
15 48
15 49
16 18
16 27
17 18
17 27
18 19
18 20
18 21
18 22
18 23
18 24
18 25
18 26
18 27
18 28
18 29
18 30
18 31
18 32
18 33
18 34
18 35
18 36
18 37
18 38
18 39
18 40
18 41
18 42
18 43
18 44
18 45
18 46
18 47
18 48
18 49
19 27
20 27
20 45
20 49
21 27
22 27
23 27
24 27
25 27
26 27
27 28
27 29
27 30
27 31
27 32
27 33
27 34
27 35
27 36
27 37
27 38
27 39
27 40
27 41
27 42
27 43
27 44
27 45
27 46
27 47
27 48
27 49
28 39
30 49
34 49
35 49
42 49
45 49
