3
18
25
34
192
0 1
0 2
0 3
0 4
0 5
0 6
0 7
0 8
0 9
0 11
0 12
0 14
0 15
0 16
0 17
0 18
0 20
0 22
0 23
0 25
0 26
0 28
0 32
0 33
0 34
0 35
0 37
0 38
0 40
0 41
0 42
0 44
0 47
0 49
1 18
1 25
1 34
2 18
2 25
2 34
3 18
3 25
3 34
4 18
4 25
4 34
5 18
5 25
5 34
6 18
6 21
6 25
6 34
7 18
7 25
7 34
8 18
8 25
8 34
8 49
9 18
9 25
9 34
10 18
10 25
10 34
10 49
11 18
11 25
11 34
11 49
12 18
12 25
12 34
13 18
13 25
13 34
14 18
14 25
14 34
15 18
15 25
15 34
16 18
16 25
16 34
17 18
17 25
17 34
17 49
18 19
18 20
18 21
18 22
18 23
18 24
18 25
18 26
18 27
18 28
18 29
18 30
18 31
18 32
18 33
18 34
18 35
18 36
18 37
18 38
18 39
18 40
18 41
18 42
18 43
18 44
18 45
18 46
18 47
18 48
18 49
19 25
19 34
20 25
20 34
21 25
21 34
21 45
22 25
22 34
23 25
23 34
24 25
24 34
25 26
25 27
25 28
25 29
25 30
25 31
25 32
25 33
25 34
25 35
25 36
25 37
25 38
25 39
25 40
25 41
25 42
25 43
25 44
25 45
25 46
25 47
25 48
25 49
26 34
27 34
28 34
29 34
30 34
30 49
31 34
32 34
33 34
34 35
34 36
34 37
34 38
34 39
34 40
34 41
34 42
34 43
34 44
34 45
34 46
34 47
34 48
34 49
36 49
37 49
38 48
38 49
39 49
40 45
43 49
44 49
45 49
47 49
