3
1
15
23
193
0 1
0 2
0 5
0 6
0 8
0 9
0 10
0 11
0 13
0 14
0 15
0 16
0 17
0 18
0 19
0 20
0 21
0 22
0 23
0 24
0 25
0 26
0 28
0 29
0 30
0 32
0 33
0 37
0 39
0 42
0 43
0 44
0 46
0 47
0 48
0 49
1 2
1 3
1 4
1 5
1 6
1 7
1 8
1 9
1 10
1 11
1 12
1 13
1 14
1 15
1 16
1 17
1 18
1 19
1 20
1 21
1 22
1 23
1 24
1 25
1 26
1 27
1 28
1 29
1 30
1 31
1 32
1 33
1 34
1 35
1 36
1 37
1 38
1 39
1 40
1 41
1 42
1 43
1 44
1 45
1 46
1 47
1 48
1 49
2 15
2 23
3 15
3 18
3 23
4 15
4 23
5 15
5 23
6 15
6 23
6 27
7 15
7 23
7 49
8 15
8 23
8 49
9 15
9 23
9 49
10 15
10 23
11 15
11 23
12 15
12 23
12 49
13 15
13 23
14 15
14 23
14 49
15 16
15 17
15 18
15 19
15 20
15 21
15 22
15 23
15 24
15 25
15 26
15 27
15 28
15 29
15 30
15 31
15 32
15 33
15 34
15 35
15 36
15 37
15 38
15 39
15 40
15 41
15 42
15 43
15 44
15 45
15 46
15 47
15 48
15 49
16 23
17 23
18 23
19 23
19 49
20 23
21 23
22 23
23 24
23 25
23 26
23 27
23 28
23 29
23 30
23 31
23 32
23 33
23 34
23 35
23 36
23 37
23 38
23 39
23 40
23 41
23 42
23 43
23 44
23 45
23 46
23 47
23 48
23 49
25 49
26 49
27 49
33 49
40 49
41 49
43 49
48 49
