3
20
25
13
167
0 1
0 2
0 3
0 4
0 5
0 6
0 7
0 9
0 10
0 12
0 14
0 15
0 16
0 17
0 19
0 20
0 21
0 22
0 23
0 24
0 25
0 26
0 28
0 29
0 31
0 33
0 35
0 38
0 39
0 40
0 42
0 43
0 45
0 46
0 47
0 48
0 49
1 13
1 25
2 13
2 20
2 25
3 13
3 25
4 13
4 20
4 25
5 13
5 25
5 44
6 20
6 25
7 13
7 20
7 25
7 49
9 20
9 25
10 13
10 20
10 25
10 44
12 13
12 20
12 25
14 13
14 20
14 25
15 20
15 25
15 44
16 13
16 20
16 25
17 13
17 20
17 25
19 20
19 25
20 8
20 11
20 18
20 21
20 22
20 23
20 24
20 25
20 26
20 27
20 28
20 29
20 30
20 31
20 32
20 33
20 34
20 35
20 36
20 37
20 41
20 42
20 43
20 44
20 45
20 46
20 47
20 49
21 25
22 13
22 25
23 13
23 25
23 44
24 13
24 25
25 8
25 11
25 13
25 26
25 27
25 28
25 29
25 30
25 32
25 34
25 35
25 37
25 38
25 39
25 40
25 41
25 42
25 43
25 45
25 47
25 49
26 13
28 13
29 13
31 13
33 13
35 13
35 44
38 13
39 13
42 13
43 13
44 8
44 13
44 46
44 48
44 49
45 13
46 13
47 13
48 13
49 13
8 13
13 11
13 18
13 27
13 30
13 32
13 34
13 36
13 37
13 41
