3
2
17
23
193
0 1
0 2
0 3
0 4
0 6
0 8
0 10
0 11
0 12
0 14
0 16
0 17
0 18
0 19
0 20
0 23
0 24
0 25
0 26
0 27
0 30
0 31
0 36
0 37
0 41
0 43
0 44
0 45
0 47
0 48
0 49
1 2
1 17
1 23
1 49
2 3
2 4
2 5
2 6
2 7
2 8
2 9
2 10
2 11
2 12
2 13
2 14
2 15
2 16
2 17
2 18
2 19
2 20
2 21
2 22
2 23
2 24
2 25
2 26
2 27
2 28
2 29
2 30
2 31
2 32
2 33
2 34
2 35
2 36
2 37
2 38
2 39
2 40
2 41
2 42
2 43
2 44
2 45
2 46
2 47
2 48
2 49
3 17
3 23
4 17
4 23
5 17
5 23
6 17
6 23
7 17
7 23
7 49
8 17
8 20
8 23
9 13
9 17
9 23
9 49
10 17
10 23
11 17
11 23
12 17
12 23
13 17
13 23
13 49
14 17
14 23
14 49
15 17
15 23
16 17
16 23
17 18
17 19
17 20
17 21
17 22
17 23
17 24
17 25
17 26
17 27
17 28
17 29
17 30
17 31
17 32
17 33
17 34
17 35
17 36
17 37
17 38
17 39
17 40
17 41
17 42
17 43
17 44
17 45
17 46
17 47
17 48
17 49
18 23
19 23
20 23
20 49
21 23
22 23
23 24
23 25
23 26
23 27
23 28
23 29
23 30
23 31
23 32
23 33
23 34
23 35
23 36
23 37
23 38
23 39
23 40
23 41
23 42
23 43
23 44
23 45
23 46
23 47
23 48
23 49
25 49
26 49
28 43
29 49
30 49
33 34
34 49
36 49
37 49
39 49
41 49
43 49
48 49
