3
4
18
46
192
0 1
0 3
0 4
0 6
0 7
0 9
0 10
0 11
0 12
0 16
0 18
0 19
0 20
0 22
0 23
0 25
0 27
0 28
0 29
0 30
0 31
0 33
0 36
0 37
0 38
0 41
0 42
0 43
0 44
0 45
0 46
0 47
0 48
0 49
1 4
1 18
1 46
1 49
2 4
2 18
2 46
3 4
3 18
3 46
3 49
4 5
4 6
4 7
4 8
4 9
4 10
4 11
4 12
4 13
4 14
4 15
4 16
4 17
4 18
4 19
4 20
4 21
4 22
4 23
4 24
4 25
4 26
4 27
4 28
4 29
4 30
4 31
4 32
4 33
4 34
4 35
4 36
4 37
4 38
4 39
4 40
4 41
4 42
4 43
4 44
4 45
4 46
4 47
4 48
4 49
5 18
5 46
6 18
6 46
7 18
7 46
7 47
8 18
8 46
9 18
9 46
10 18
10 46
10 49
11 18
11 46
12 18
12 46
12 49
13 18
13 46
14 18
14 46
15 18
15 46
15 49
16 18
16 46
16 49
17 18
17 46
18 19
18 20
18 21
18 22
18 23
18 24
18 25
18 26
18 27
18 28
18 29
18 30
18 31
18 32
18 33
18 34
18 35
18 36
18 37
18 38
18 39
18 40
18 41
18 42
18 43
18 44
18 45
18 46
18 47
18 48
18 49
19 46
20 46
21 46
22 46
23 46
24 46
24 49
25 46
25 49
26 46
27 46
28 46
29 46
30 33
30 46
30 49
31 46
32 46
33 37
33 46
33 49
34 46
35 46
35 49
36 46
37 46
38 46
39 46
40 46
41 46
41 49
42 46
43 46
43 49
44 46
45 46
45 49
46 47
46 48
46 49
