1
10
93
0 1
0 2
0 4
0 5
0 6
0 7
0 8
0 10
0 12
0 13
0 14
0 16
0 17
0 18
0 19
0 20
0 21
0 22
0 23
0 24
0 25
0 26
0 27
0 29
0 31
0 32
0 33
0 34
0 35
0 36
0 37
0 39
0 40
0 41
0 42
0 44
1 10
2 10
2 44
3 10
4 10
5 10
6 10
7 10
8 10
9 10
10 11
10 12
10 13
10 14
10 15
10 16
10 17
10 18
10 19
10 20
10 21
10 22
10 23
10 24
10 25
10 26
10 27
10 28
10 29
10 30
10 31
10 32
10 33
10 34
10 35
10 36
10 37
10 38
10 39
10 40
10 41
10 42
10 43
10 44
13 31
13 39
13 44
15 44
16 44
20 44
24 44
27 44
30 43
30 44
33 44
37 44
41 44
