3
12
22
30
140
0 1
0 39
0 12
0 3
0 7
0 28
0 20
0 8
0 32
0 24
0 14
0 9
0 46
0 49
0 19
0 25
0 6
0 16
0 21
0 35
0 17
0 27
0 13
0 4
0 22
0 37
0 30
0 29
0 11
0 42
0 38
0 33
0 15
0 43
1 12
1 30
1 22
39 22
39 30
12 3
12 5
12 7
12 8
12 11
12 34
12 33
12 26
12 19
12 28
12 29
12 43
12 14
12 45
12 31
12 40
12 47
12 21
12 22
12 20
12 37
12 49
12 15
12 30
12 24
3 22
3 30
7 22
7 30
28 24
28 49
28 30
20 22
8 30
24 22
24 30
24 49
40 22
14 30
14 43
14 49
9 30
9 22
9 44
46 22
46 30
46 49
49 6
49 11
49 15
49 17
49 19
49 25
49 27
49 36
49 45
49 48
19 22
19 30
25 22
25 43
25 30
6 30
16 30
21 30
21 22
35 22
35 30
34 22
47 22
47 30
36 22
36 30
27 22
18 30
13 30
13 22
4 30
22 10
22 11
22 15
22 26
22 43
22 29
22 38
22 33
22 23
22 45
22 30
22 37
37 30
2 30
30 11
30 26
30 29
30 45
30 42
30 33
30 43
30 30
30 38
