3
29
45
48
191
0 2
0 3
0 4
0 5
0 7
0 9
0 11
0 13
0 16
0 19
0 20
0 22
0 23
0 24
0 25
0 28
0 29
0 34
0 35
0 39
0 41
0 42
0 44
0 45
0 47
0 48
0 49
1 29
1 45
1 48
2 29
2 33
2 45
2 48
3 29
3 45
3 48
4 29
4 45
4 48
4 49
5 29
5 45
5 48
5 49
6 29
6 45
6 48
6 49
7 29
7 45
7 48
8 29
8 45
8 48
8 49
9 29
9 45
9 48
10 29
10 45
10 48
10 49
11 29
11 45
11 48
12 29
12 45
12 48
13 29
13 45
13 48
14 29
14 45
14 48
14 49
15 29
15 45
15 48
15 49
16 29
16 45
16 48
16 49
17 29
17 45
17 48
18 29
18 45
18 48
18 49
19 29
19 33
19 45
19 48
19 49
20 29
20 45
20 48
21 29
21 45
21 48
21 49
22 29
22 45
22 48
23 29
23 45
23 48
24 29
24 45
24 48
24 49
25 29
25 45
25 48
25 49
26 29
26 45
26 48
27 29
27 45
27 48
28 29
28 45
28 48
29 30
29 31
29 32
29 33
29 34
29 35
29 36
29 37
29 38
29 39
29 40
29 41
29 42
29 43
29 44
29 45
29 46
29 47
29 48
29 49
30 45
30 48
31 45
31 48
31 49
32 45
32 48
33 45
33 48
33 49
34 45
34 48
35 45
35 48
35 49
36 45
36 48
36 49
37 45
37 48
37 49
38 45
38 48
38 49
39 45
39 48
39 49
40 45
40 48
41 45
41 48
41 49
42 45
42 48
43 45
43 48
44 45
44 48
45 46
45 47
45 48
45 49
46 48
47 48
48 49
