3
33
48
26
128
0 1
0 3
0 38
0 19
0 33
0 6
0 48
0 34
0 27
0 36
0 49
0 26
0 20
0 25
0 40
0 17
0 7
0 8
0 10
0 14
0 21
0 24
0 29
0 31
0 42
0 43
0 44
0 45
1 33
3 26
38 33
38 48
9 10
9 41
9 33
9 16
9 27
9 26
9 29
19 48
19 26
33 5
33 8
33 13
33 16
33 17
33 18
33 22
33 25
33 26
33 27
33 28
33 29
33 32
33 34
33 41
33 48
33 33
33 49
33 47
33 37
33 36
33 44
33 45
6 26
6 48
48 5
48 7
48 11
48 12
48 15
48 16
48 17
48 20
48 21
48 22
48 23
48 24
48 26
48 28
48 30
48 31
48 35
48 36
48 37
48 40
48 42
48 43
48 47
48 49
34 26
27 26
27 31
49 5
49 8
49 10
49 11
49 12
49 15
49 16
49 23
49 25
49 26
49 31
49 35
49 39
49 42
49 44
26 2
26 4
26 12
26 13
26 15
26 17
26 18
26 20
26 21
26 22
26 25
26 44
26 29
26 45
26 46
26 32
26 28
26 35
26 40
39 35
