3
3
5
41
190
0 1
0 2
0 3
0 5
0 7
0 12
0 14
0 19
0 21
0 23
0 25
0 26
0 27
0 29
0 30
0 32
0 33
0 34
0 37
0 41
0 42
0 43
0 45
0 47
0 48
0 49
1 3
1 5
1 41
1 49
2 3
2 5
2 41
2 49
3 4
3 5
3 6
3 7
3 8
3 9
3 10
3 11
3 12
3 13
3 14
3 15
3 16
3 17
3 18
3 19
3 20
3 21
3 22
3 23
3 24
3 25
3 26
3 27
3 28
3 29
3 30
3 31
3 32
3 33
3 34
3 35
3 36
3 37
3 38
3 39
3 40
3 41
3 42
3 43
3 44
3 45
3 46
3 47
3 48
3 49
4 5
4 41
5 6
5 7
5 8
5 9
5 10
5 11
5 12
5 13
5 14
5 15
5 16
5 17
5 18
5 19
5 20
5 21
5 22
5 23
5 24
5 25
5 26
5 27
5 28
5 29
5 30
5 31
5 32
5 33
5 34
5 35
5 36
5 37
5 38
5 39
5 40
5 41
5 42
5 43
5 44
5 45
5 46
5 47
5 48
5 49
6 41
7 41
8 41
8 49
9 41
10 41
11 41
11 49
12 41
13 41
14 41
14 49
15 41
15 49
16 41
17 41
18 41
18 49
19 41
19 49
20 41
21 41
22 41
22 49
23 41
24 41
25 41
25 49
26 41
27 41
27 49
28 41
28 49
29 41
30 41
31 41
31 49
32 41
33 41
33 49
34 41
35 41
36 41
36 49
37 41
37 49
38 41
38 49
39 41
39 49
40 41
40 49
41 42
41 43
41 44
41 45
41 46
41 47
41 48
41 49
42 49
43 49
44 49
45 49
