3
34
32
15
121
40 0
7 34
7 5
7 0
28 32
28 34
28 5
47 0
47 49
16 32
16 15
16 0
39 5
18 32
18 15
18 34
37 15
37 0
37 34
23 32
23 34
23 49
10 32
10 5
10 0
10 15
9 32
9 0
9 34
29 15
29 0
44 0
44 34
21 32
21 0
21 5
21 34
13 15
13 0
8 49
8 15
22 32
22 15
22 0
22 34
22 5
6 32
6 15
6 0
6 34
0 11
0 36
0 26
0 20
0 27
0 46
0 3
0 4
0 33
0 34
0 45
46 32
46 11
46 15
46 49
46 5
30 32
30 15
30 34
34 41
34 35
34 11
34 25
34 24
34 31
34 14
34 3
34 1
34 45
34 38
34 5
34 17
2 15
2 5
3 32
3 15
3 49
3 5
3 45
38 49
11 49
11 15
33 15
5 32
5 36
5 49
5 14
5 4
5 17
42 32
42 15
1 32
49 26
49 43
49 15
12 32
41 32
48 15
48 32
32 35
32 25
32 32
32 4
32 15
32 20
43 15
15 35
15 25
15 19
15 45
15 27
