3
5
20
27
154
0 1
0 2
0 3
0 4
0 6
0 8
0 9
0 10
0 14
0 15
0 17
0 18
0 19
0 21
0 23
0 25
0 27
0 28
0 29
0 30
0 31
0 32
0 34
0 36
0 37
0 38
0 46
0 49
1 5
1 20
1 27
2 5
2 20
2 27
3 5
3 20
3 27
4 5
4 27
4 49
5 6
5 8
5 10
5 11
5 13
5 14
5 15
5 16
5 18
5 19
5 21
5 22
5 23
5 24
5 25
5 26
5 27
5 29
5 30
5 31
5 33
5 34
5 36
5 38
5 40
5 42
5 43
5 46
5 47
6 20
6 27
6 49
8 20
8 27
8 49
9 13
9 27
10 20
10 27
11 13
11 27
12 20
12 27
13 17
13 20
13 24
13 26
13 38
13 49
14 20
14 27
15 27
17 20
18 27
19 20
19 27
20 21
20 22
20 23
20 24
20 25
20 26
20 27
20 28
20 29
20 31
20 32
20 33
20 34
20 36
20 37
20 38
20 39
20 40
20 41
20 42
20 43
20 44
20 45
20 46
20 47
20 48
21 49
23 27
23 49
24 27
24 49
25 49
26 27
27 28
27 30
27 31
27 32
27 33
27 34
27 35
27 36
27 37
27 38
27 39
27 40
27 41
27 43
27 44
27 46
27 48
27 49
28 49
31 49
33 49
34 49
38 49
43 48
48 49
