3
5
6
28
190
0 1
0 2
0 3
0 5
0 6
0 8
0 9
0 10
0 11
0 12
0 13
0 14
0 15
0 16
0 17
0 20
0 22
0 24
0 25
0 26
0 27
0 28
0 30
0 31
0 33
0 34
0 35
0 36
0 37
0 38
0 40
0 41
0 42
0 43
0 45
0 48
0 49
1 5
1 6
1 28
2 5
2 6
2 28
3 5
3 6
3 28
3 49
4 5
4 6
4 28
5 6
5 7
5 8
5 9
5 10
5 11
5 12
5 13
5 14
5 15
5 16
5 17
5 18
5 19
5 20
5 21
5 22
5 23
5 24
5 25
5 26
5 27
5 28
5 29
5 30
5 31
5 32
5 33
5 34
5 35
5 36
5 37
5 38
5 39
5 40
5 41
5 42
5 43
5 44
5 45
5 46
5 47
5 48
5 49
6 7
6 8
6 9
6 10
6 11
6 12
6 13
6 14
6 15
6 16
6 17
6 18
6 19
6 20
6 21
6 22
6 23
6 24
6 25
6 26
6 27
6 28
6 29
6 30
6 31
6 32
6 33
6 34
6 35
6 36
6 37
6 38
6 39
6 40
6 41
6 42
6 43
6 44
6 45
6 46
6 47
6 48
6 49
7 28
8 28
8 49
9 28
10 28
11 20
11 28
12 28
12 49
13 28
14 28
15 28
16 28
16 49
17 28
18 28
19 28
20 28
20 49
21 28
22 28
22 42
23 28
24 28
24 49
25 28
26 28
27 28
28 29
28 30
28 31
28 32
28 33
28 34
28 35
28 36
28 37
28 38
28 39
28 40
28 41
28 42
28 43
28 44
28 45
28 46
28 47
28 48
28 49
29 37
30 49
31 49
35 49
