3
4
25
38
193
0 1
0 2
0 3
0 4
0 6
0 7
0 9
0 11
0 12
0 13
0 15
0 16
0 17
0 18
0 19
0 20
0 21
0 22
0 23
0 25
0 26
0 27
0 28
0 29
0 30
0 31
0 33
0 34
0 35
0 36
0 37
0 38
0 39
0 40
0 41
0 42
0 43
0 46
0 47
0 48
0 49
1 4
1 25
1 38
2 4
2 25
2 38
3 4
3 25
3 38
4 5
4 6
4 7
4 8
4 9
4 10
4 11
4 12
4 13
4 14
4 15
4 16
4 17
4 18
4 19
4 20
4 21
4 22
4 23
4 24
4 25
4 26
4 27
4 28
4 29
4 30
4 31
4 32
4 33
4 34
4 35
4 36
4 37
4 38
4 39
4 40
4 41
4 42
4 43
4 44
4 45
4 46
4 47
4 48
4 49
5 25
5 38
5 49
6 25
6 38
6 49
7 25
7 38
7 41
8 25
8 38
9 25
9 38
10 25
10 38
11 25
11 38
12 25
12 38
13 25
13 38
13 49
14 25
14 38
15 25
15 38
16 25
16 38
17 25
17 38
18 25
18 38
19 25
19 38
20 25
20 38
21 25
21 38
22 25
22 38
23 25
23 38
24 25
24 38
24 49
25 26
25 27
25 28
25 29
25 30
25 31
25 32
25 33
25 34
25 35
25 36
25 37
25 38
25 39
25 40
25 41
25 42
25 43
25 44
25 45
25 46
25 47
25 48
25 49
26 38
27 38
28 38
29 38
29 49
30 38
31 38
32 38
33 38
33 49
34 38
34 45
35 38
36 38
37 38
38 39
38 40
38 41
38 42
38 43
38 44
38 45
38 46
38 47
38 48
38 49
42 44
46 49
48 49
