3
26
1
3
114
0 5
0 6
0 7
0 8
0 9
0 10
0 11
0 12
0 13
0 14
0 15
0 16
0 17
0 26
0 27
0 28
0 29
0 30
0 31
0 32
5 1
5 3
5 25
5 26
6 1
6 3
6 25
6 26
6 32
7 1
7 3
7 26
7 32
8 1
8 3
8 15
9 3
9 25
10 3
10 25
10 26
11 3
12 3
12 32
13 3
13 25
13 26
14 3
14 25
14 26
15 1
15 3
15 25
15 26
16 1
16 3
16 25
16 26
17 1
17 3
17 25
17 26
25 1
25 3
25 18
25 19
25 21
25 22
25 23
25 24
25 26
25 28
25 29
25 30
25 31
25 32
26 1
26 2
26 3
26 18
26 19
26 21
26 22
26 23
26 27
26 28
26 29
26 30
26 31
26 32
27 1
27 3
27 32
28 1
28 3
29 1
32 20
1 2
1 3
1 4
1 18
1 19
1 20
1 21
1 22
1 23
1 24
3 18
3 19
3 20
3 21
3 22
3 23
3 24
