3
8
18
35
193
0 1
0 2
0 3
0 5
0 6
0 8
0 9
0 10
0 11
0 12
0 13
0 14
0 15
0 16
0 17
0 18
0 20
0 21
0 22
0 23
0 24
0 25
0 26
0 27
0 28
0 29
0 30
0 31
0 32
0 33
0 34
0 35
0 36
0 37
0 38
0 39
0 40
0 41
0 42
0 43
0 44
0 45
0 46
0 47
0 48
0 49
1 8
1 18
1 35
2 8
2 18
2 35
3 8
3 18
3 35
4 8
4 18
4 35
5 8
5 18
5 35
6 8
6 18
6 35
7 8
7 18
7 35
8 9
8 10
8 11
8 12
8 13
8 14
8 15
8 16
8 17
8 18
8 19
8 20
8 21
8 22
8 23
8 24
8 25
8 26
8 27
8 28
8 29
8 30
8 31
8 32
8 33
8 34
8 35
8 36
8 37
8 38
8 39
8 40
8 41
8 42
8 43
8 44
8 45
8 46
8 47
8 48
8 49
9 18
9 35
10 18
10 35
11 18
11 35
12 18
12 35
13 18
13 35
14 17
14 18
14 35
15 18
15 23
15 35
15 43
16 18
16 35
17 18
17 35
18 19
18 20
18 21
18 22
18 23
18 24
18 25
18 26
18 27
18 28
18 29
18 30
18 31
18 32
18 33
18 34
18 35
18 36
18 37
18 38
18 39
18 40
18 41
18 42
18 43
18 44
18 45
18 46
18 47
18 48
18 49
19 35
20 35
21 35
22 35
22 49
23 35
24 35
24 39
25 35
26 35
27 35
28 35
29 35
30 35
31 35
31 49
32 35
33 35
34 35
35 36
35 37
35 38
35 39
35 40
35 41
35 42
35 43
35 44
35 45
35 46
35 47
35 48
35 49
