3
27
42
32
99
0 1
0 2
0 5
0 6
0 8
0 11
0 13
0 15
0 16
0 18
0 19
0 27
0 34
0 35
0 37
0 42
0 43
0 44
0 46
0 47
0 49
1 42
2 16
2 27
2 49
3 4
3 25
3 26
3 28
3 32
3 42
5 27
5 32
6 27
6 49
8 37
8 49
11 10
11 16
11 27
11 32
11 49
13 42
15 32
15 42
15 49
16 32
16 49
18 19
18 24
18 27
18 32
19 27
19 32
19 42
27 10
27 12
27 17
27 23
27 34
27 38
27 41
27 43
27 48
34 42
35 32
35 49
42 4
42 12
42 14
42 17
42 22
42 29
42 30
42 36
42 40
42 43
42 44
42 45
42 48
42 49
43 32
46 49
47 23
47 32
49 10
49 12
49 17
49 32
49 39
17 48
23 10
23 32
20 32
21 32
25 32
26 32
32 31
32 41
