3
2
8
25
192
0 2
0 6
0 7
0 8
0 9
0 10
0 12
0 13
0 14
0 15
0 16
0 17
0 18
0 19
0 20
0 22
0 23
0 24
0 25
0 27
0 29
0 30
0 32
0 34
0 35
0 37
0 38
0 39
0 41
0 42
0 43
0 46
0 47
0 49
1 2
1 8
1 25
1 49
2 3
2 4
2 5
2 6
2 7
2 8
2 9
2 10
2 11
2 12
2 13
2 14
2 15
2 16
2 17
2 18
2 19
2 20
2 21
2 22
2 23
2 24
2 25
2 26
2 27
2 28
2 29
2 30
2 31
2 32
2 33
2 34
2 35
2 36
2 37
2 38
2 39
2 40
2 41
2 42
2 43
2 44
2 45
2 46
2 47
2 48
2 49
3 8
3 25
3 49
4 8
4 25
5 8
5 25
6 8
6 25
6 49
7 8
7 19
7 25
8 9
8 10
8 11
8 12
8 13
8 14
8 15
8 16
8 17
8 18
8 19
8 20
8 21
8 22
8 23
8 24
8 25
8 26
8 27
8 28
8 29
8 30
8 31
8 32
8 33
8 34
8 35
8 36
8 37
8 38
8 39
8 40
8 41
8 42
8 43
8 44
8 45
8 46
8 47
8 48
8 49
9 25
10 25
11 25
12 25
12 49
13 25
13 49
14 25
15 25
15 49
16 25
17 25
18 25
19 25
20 25
20 34
20 49
21 25
22 25
23 25
24 25
24 49
25 26
25 27
25 28
25 29
25 30
25 31
25 32
25 33
25 34
25 35
25 36
25 37
25 38
25 39
25 40
25 41
25 42
25 43
25 44
25 45
25 46
25 47
25 48
25 49
27 49
32 49
34 49
35 49
37 49
40 49
41 49
