3
7
24
18
99
0 8
0 10
0 12
0 15
0 20
0 23
0 26
0 32
0 34
0 35
0 39
0 40
0 41
0 43
0 44
0 47
3 2
3 10
3 14
3 20
3 21
3 26
3 30
3 36
3 42
3 43
8 7
8 24
8 48
10 7
10 24
12 7
12 24
20 24
23 7
23 48
26 33
34 48
35 7
35 18
35 46
39 7
39 18
39 24
39 48
40 18
41 18
43 24
1 7
1 24
1 48
2 7
7 19
7 21
7 25
7 27
7 30
7 45
7 48
13 24
14 18
14 24
24 4
24 5
24 6
24 11
24 17
24 19
24 21
24 28
24 29
24 30
24 36
24 37
24 38
30 18
37 48
46 29
46 48
48 11
48 16
48 27
48 31
48 33
48 38
29 16
29 21
29 25
29 28
21 17
21 18
36 18
42 18
4 18
11 18
18 5
18 17
18 33
17 31
