3
17
30
33
190
0 1
0 2
0 3
0 4
0 6
0 7
0 11
0 12
0 13
0 14
0 15
0 16
0 17
0 18
0 19
0 20
0 21
0 22
0 23
0 24
0 25
0 26
0 27
0 28
0 29
0 30
0 31
0 33
0 34
0 36
0 37
0 38
0 39
0 40
0 41
0 43
0 44
0 45
0 46
0 47
0 48
0 49
1 17
1 30
1 33
2 17
2 30
2 33
3 17
3 30
3 33
4 17
4 30
4 33
5 17
5 30
5 33
6 17
6 30
6 33
7 17
7 30
7 33
7 49
8 17
8 30
8 33
9 17
9 30
9 33
10 17
10 30
10 33
11 17
11 30
11 33
12 17
12 30
12 33
13 17
13 30
13 33
14 17
14 30
14 33
15 17
15 30
15 33
15 49
16 17
16 30
16 33
17 18
17 19
17 20
17 21
17 22
17 23
17 24
17 25
17 26
17 27
17 28
17 29
17 30
17 31
17 32
17 33
17 34
17 35
17 36
17 37
17 38
17 39
17 40
17 41
17 42
17 43
17 44
17 45
17 46
17 47
17 48
17 49
18 30
18 33
19 30
19 33
20 30
20 33
21 30
21 33
22 30
22 33
23 30
23 33
24 30
24 33
25 30
25 33
26 30
26 33
27 30
27 33
28 30
28 33
29 30
29 33
30 31
30 32
30 33
30 34
30 35
30 36
30 37
30 38
30 39
30 40
30 41
30 42
30 43
30 44
30 45
30 46
30 47
30 48
30 49
31 33
31 49
32 33
33 34
33 35
33 36
33 37
33 38
33 39
33 40
33 41
33 42
33 43
33 44
33 45
33 46
33 47
33 48
33 49
34 49
38 49
42 49
44 49
