3
3
25
27
176
0 1
0 3
0 4
0 5
0 6
0 7
0 8
0 9
0 10
0 11
0 12
0 13
0 14
0 15
0 16
0 17
0 18
0 19
0 20
0 21
0 22
0 23
0 24
0 25
0 26
0 27
0 28
0 29
0 30
0 31
0 32
0 33
0 34
0 35
0 36
0 37
0 38
0 39
0 40
0 41
0 42
0 43
0 44
1 3
1 25
1 27
2 3
2 25
2 27
3 4
3 5
3 6
3 7
3 8
3 9
3 10
3 11
3 12
3 13
3 14
3 15
3 16
3 17
3 18
3 19
3 20
3 21
3 22
3 23
3 24
3 25
3 26
3 27
3 28
3 29
3 30
3 31
3 32
3 33
3 34
3 35
3 36
3 37
3 38
3 39
3 40
3 41
3 42
3 43
3 44
4 25
4 27
5 25
5 27
6 25
6 27
7 25
7 27
8 15
8 25
8 27
9 25
9 27
10 24
10 25
10 27
11 25
11 27
12 25
12 27
13 25
13 27
14 25
14 27
15 25
15 27
16 25
16 27
17 25
17 27
18 25
18 27
19 25
19 27
20 25
20 27
21 25
21 27
22 25
22 27
22 44
23 25
23 26
23 27
24 25
24 27
25 26
25 27
25 28
25 29
25 30
25 31
25 32
25 33
25 34
25 35
25 36
25 37
25 38
25 39
25 40
25 41
25 42
25 43
25 44
26 27
26 30
26 44
27 28
27 29
27 30
27 31
27 32
27 33
27 34
27 35
27 36
27 37
27 38
27 39
27 40
27 41
27 42
27 43
27 44
42 44
