3
6
10
38
111
0 1
0 13
0 14
0 16
0 20
0 22
0 24
0 26
0 27
0 28
0 30
0 33
0 36
0 41
0 43
0 44
0 45
0 46
1 6
1 10
1 25
1 38
14 38
16 6
16 10
16 49
20 38
22 10
22 25
22 38
24 10
24 25
24 38
24 49
25 3
25 4
25 5
25 7
25 9
25 10
25 17
25 21
25 23
25 26
25 30
25 35
25 38
25 41
25 44
25 45
25 46
25 47
25 49
27 38
27 49
28 38
30 10
33 38
33 49
41 6
43 6
43 38
44 6
44 10
45 38
46 6
46 38
2 10
6 5
6 7
6 11
6 15
6 19
6 21
6 32
6 34
6 35
6 38
6 39
6 49
10 7
10 9
10 11
10 12
10 15
10 17
10 31
10 34
10 37
10 38
10 39
10 40
10 42
10 47
10 48
10 49
12 38
18 38
23 38
34 35
34 38
35 38
38 4
38 5
38 7
38 8
38 39
40 49
4 49
17 49
49 15
