1
15
100
0 10
0 33
0 39
0 9
0 43
0 23
0 48
0 15
0 4
0 31
0 18
0 19
0 1
0 12
0 34
0 38
0 36
0 26
0 37
0 35
0 20
0 3
0 7
0 8
0 28
0 45
0 24
0 21
0 13
0 32
0 29
0 25
0 22
0 47
0 16
0 2
0 44
0 30
0 42
0 5
0 41
0 49
0 27
0 46
0 11
0 40
0 17
0 14
10 15
33 15
39 15
9 15
43 15
23 15
23 49
48 15
15 1
15 2
15 3
15 4
15 5
15 6
15 7
15 8
15 11
15 12
15 13
15 14
15 31
15 42
15 46
15 40
15 24
15 34
15 19
15 45
15 22
15 28
15 49
15 26
15 35
15 18
15 32
15 37
15 41
15 44
15 21
15 30
15 15
15 16
15 27
15 17
15 25
15 20
15 47
15 38
15 36
15 29
21 49
49 17
