3
17
19
24
155
0 1
0 3
0 6
0 7
0 8
0 10
0 13
0 16
0 17
0 19
0 21
0 22
0 23
0 24
0 26
0 29
0 30
0 31
0 32
0 35
0 38
0 39
0 40
0 41
0 42
0 43
0 44
0 45
0 46
0 48
0 49
1 17
1 49
2 19
2 24
2 49
3 24
6 17
6 49
7 24
8 17
8 24
8 49
10 17
10 19
13 17
13 19
13 24
13 49
15 24
16 17
16 19
16 24
17 4
17 9
17 11
17 12
17 18
17 19
17 20
17 21
17 22
17 23
17 24
17 25
17 30
17 31
17 32
17 33
17 34
17 35
17 37
17 39
17 40
17 41
17 43
17 45
17 46
17 47
17 48
17 49
19 4
19 5
19 9
19 11
19 12
19 14
19 18
19 20
19 21
19 23
19 24
19 26
19 29
19 30
19 31
19 32
19 34
19 35
19 36
19 37
19 39
19 40
19 42
19 43
19 44
19 45
19 46
19 47
19 48
19 49
21 24
21 49
22 24
23 24
23 49
24 4
24 9
24 11
24 12
24 14
24 18
24 25
24 26
24 27
24 29
24 30
24 31
24 32
24 35
24 36
24 37
24 38
24 39
24 40
24 41
24 42
24 44
24 45
24 46
24 47
24 48
24 49
26 49
28 49
29 49
30 49
31 49
39 49
46 49
49 9
49 12
49 14
49 18
49 47
