3
21
26
32
191
0 1
0 3
0 4
0 6
0 7
0 8
0 10
0 11
0 13
0 14
0 15
0 17
0 18
0 19
0 20
0 21
0 23
0 25
0 26
0 27
0 29
0 30
0 32
0 34
0 36
0 37
0 38
0 39
0 40
0 41
0 42
0 43
0 44
0 45
0 46
0 48
0 49
1 21
1 26
1 32
2 21
2 26
2 32
3 21
3 24
3 26
3 32
4 21
4 26
4 32
5 21
5 26
5 32
6 21
6 26
6 32
7 21
7 26
7 32
8 21
8 26
8 32
9 21
9 26
9 32
10 21
10 26
10 32
10 49
11 21
11 26
11 32
12 21
12 26
12 32
12 49
13 21
13 26
13 32
14 21
14 26
14 32
15 21
15 26
15 32
16 21
16 26
16 32
16 49
17 21
17 26
17 32
17 49
18 21
18 26
18 32
18 49
19 21
19 26
19 32
19 49
20 21
20 26
20 32
21 22
21 23
21 24
21 25
21 26
21 27
21 28
21 29
21 30
21 31
21 32
21 33
21 34
21 35
21 36
21 37
21 38
21 39
21 40
21 41
21 42
21 43
21 44
21 45
21 46
21 47
21 48
21 49
22 26
22 32
23 26
23 32
24 26
24 32
25 26
25 32
25 49
26 27
26 28
26 29
26 30
26 31
26 32
26 33
26 34
26 35
26 36
26 37
26 38
26 39
26 40
26 41
26 42
26 43
26 44
26 45
26 46
26 47
26 48
26 49
27 32
28 32
29 32
29 44
30 32
30 49
31 32
32 33
32 34
32 35
32 36
32 37
32 38
32 39
32 40
32 41
32 42
32 43
32 44
32 45
32 46
32 47
32 48
32 49
42 48
46 49
48 49
