3
10
21
23
175
0 1
0 2
0 3
0 4
0 5
0 6
0 7
0 8
0 9
0 10
0 11
0 12
0 13
0 14
0 15
0 16
0 17
0 18
0 19
0 20
0 21
0 22
0 23
0 24
0 25
0 27
0 28
0 29
0 30
0 31
0 32
0 33
0 34
0 35
0 36
0 37
0 38
0 39
0 40
0 41
0 42
0 43
0 44
1 10
1 21
1 23
1 26
2 10
2 21
2 23
3 10
3 21
3 23
4 10
4 21
4 23
5 10
5 21
5 23
6 10
6 21
6 23
7 10
7 21
7 23
8 10
8 21
8 23
9 10
9 21
9 23
10 11
10 12
10 13
10 14
10 15
10 16
10 17
10 18
10 19
10 20
10 21
10 22
10 23
10 24
10 25
10 26
10 27
10 28
10 29
10 30
10 31
10 32
10 33
10 34
10 35
10 36
10 37
10 38
10 39
10 40
10 41
10 42
10 43
10 44
11 21
11 23
11 26
12 21
12 23
13 21
13 23
14 21
14 23
15 21
15 23
16 21
16 23
17 21
17 23
18 21
18 23
19 21
19 23
20 21
20 23
21 22
21 23
21 24
21 25
21 26
21 27
21 28
21 29
21 30
21 31
21 32
21 33
21 34
21 35
21 36
21 37
21 38
21 39
21 40
21 41
21 42
21 43
21 44
22 23
23 24
23 25
23 26
23 27
23 28
23 29
23 30
23 31
23 32
23 33
23 34
23 35
23 36
23 37
23 38
23 39
23 40
23 41
23 42
23 43
23 44
24 26
26 40
26 44
31 42
