3
21
40
32
142
0 1
0 14
0 21
0 18
0 24
0 8
0 42
0 23
0 19
0 10
0 48
0 40
0 2
0 5
0 9
0 26
0 28
0 29
0 32
0 34
0 36
0 39
0 46
1 40
1 48
14 21
14 32
14 37
14 48
21 5
21 6
21 8
21 11
21 12
21 13
21 16
21 19
21 20
21 44
21 33
21 46
21 29
21 48
21 40
21 39
21 38
21 27
21 28
21 32
21 34
21 37
21 41
21 42
21 47
18 32
24 32
37 2
37 4
37 5
37 6
37 9
37 10
37 12
37 13
37 15
37 22
37 29
37 32
37 33
37 34
37 38
37 46
37 40
37 45
37 47
37 42
37 39
37 48
8 32
42 32
42 40
23 32
23 40
19 32
10 32
48 32
48 38
48 40
48 45
40 2
40 3
40 4
40 6
40 9
40 11
40 12
40 15
40 17
40 20
40 22
40 25
40 26
40 28
40 31
40 32
40 33
40 35
40 36
40 39
40 44
40 45
40 46
40 41
40 47
2 32
5 32
9 32
9 45
29 32
32 3
32 4
32 6
32 7
32 12
32 13
32 15
32 17
32 20
32 22
32 25
32 27
32 30
32 31
32 39
32 43
32 46
32 33
32 34
32 36
32 44
32 47
20 47
