3
13
18
8
94
0 1
0 9
0 10
0 13
0 16
0 17
0 18
0 21
0 22
0 31
0 33
0 36
0 38
0 40
1 11
1 13
1 48
9 8
9 11
9 26
10 8
10 18
10 39
10 47
10 48
11 2
11 6
11 7
11 13
11 16
11 21
11 25
11 27
11 28
11 29
11 31
11 34
11 35
11 43
11 45
11 46
13 3
13 15
13 16
13 23
13 27
13 44
13 46
13 47
13 48
16 8
16 26
17 18
18 2
18 4
18 5
18 6
18 14
18 19
18 20
18 22
18 27
18 28
18 29
18 30
18 41
18 42
18 43
18 44
18 48
33 8
33 48
40 26
24 26
29 8
30 46
43 8
43 26
48 3
48 46
48 47
2 26
15 8
20 26
26 14
26 45
32 8
47 8
3 8
8 4
8 7
8 12
8 37
8 42
