3
27
25
4
106
0 1
0 7
0 8
0 14
0 15
0 16
0 27
0 28
0 29
0 30
0 35
0 36
0 39
0 43
0 49
1 25
7 3
7 4
7 9
7 10
7 11
7 12
7 13
7 16
7 19
7 25
7 26
7 27
7 28
7 29
7 32
7 40
7 42
7 44
8 21
14 4
14 21
15 4
15 27
16 4
16 25
16 27
21 4
21 9
21 10
21 13
21 20
21 22
21 23
21 25
21 28
21 29
21 30
21 32
21 39
21 43
21 45
21 48
21 49
27 3
27 5
27 9
27 17
27 18
27 19
27 20
27 23
27 24
27 25
27 26
27 36
27 39
27 40
27 41
27 45
27 47
27 48
29 4
30 4
36 25
43 4
49 25
6 4
11 4
11 25
20 4
25 9
25 17
25 23
25 26
25 33
25 34
25 40
25 41
25 42
26 4
42 4
2 4
4 9
4 10
4 23
4 24
4 32
4 33
4 37
4 40
