3
26
30
31
182
0 1
0 2
0 4
0 5
0 6
0 7
0 8
0 9
0 10
0 11
0 12
0 13
0 14
0 15
0 16
0 17
0 18
0 19
0 20
0 21
0 22
0 23
0 24
0 26
0 27
0 28
0 29
0 30
0 31
0 32
0 33
0 34
0 35
0 36
0 37
0 38
0 39
0 40
0 41
0 42
0 43
0 44
0 45
1 26
1 30
1 31
2 26
2 30
2 31
3 26
3 30
3 31
4 26
4 30
4 31
5 26
5 30
5 31
6 26
6 30
6 31
7 10
7 26
7 30
7 31
8 26
8 30
8 31
9 26
9 30
9 31
10 20
10 26
10 30
10 31
10 45
11 26
11 30
11 31
12 26
12 30
12 31
13 26
13 30
13 31
14 26
14 30
14 31
15 26
15 30
15 31
16 26
16 30
16 31
17 26
17 30
17 31
18 26
18 30
18 31
19 26
19 30
19 31
20 26
20 30
20 31
21 26
21 27
21 30
21 31
21 45
22 26
22 30
22 31
22 45
23 26
23 30
23 31
24 26
24 30
24 31
24 45
25 26
25 30
25 31
26 27
26 28
26 29
26 30
26 31
26 32
26 33
26 34
26 35
26 36
26 37
26 38
26 39
26 40
26 41
26 42
26 43
26 44
26 45
27 30
27 31
27 45
28 30
28 31
29 30
29 31
30 31
30 32
30 33
30 34
30 35
30 36
30 37
30 38
30 39
30 40
30 41
30 42
30 43
30 44
30 45
31 32
31 33
31 34
31 35
31 36
31 37
31 38
31 39
31 40
31 41
31 42
31 43
31 44
31 45
41 44
43 45
