3
31
19
35
148
0 49
0 16
0 38
0 24
0 40
0 33
0 11
0 9
0 23
0 48
0 39
0 36
0 15
0 1
0 31
0 8
0 19
0 7
0 46
0 14
0 41
0 28
0 13
0 29
0 4
0 2
0 10
0 21
0 25
0 30
0 34
0 35
0 37
0 43
0 44
0 45
0 47
49 5
49 11
49 17
49 25
49 30
49 35
49 48
49 21
49 31
49 4
49 19
16 19
16 35
38 35
24 35
24 19
40 19
40 35
33 31
33 35
11 35
9 35
23 31
23 35
48 35
48 31
39 7
39 19
39 35
39 31
36 35
15 35
15 19
15 31
1 19
1 35
31 6
31 7
31 8
31 13
31 17
31 18
31 21
31 29
31 30
31 25
31 28
31 4
31 10
31 34
31 35
31 37
31 42
31 43
31 44
31 45
31 47
8 19
8 35
19 6
19 7
19 12
19 13
19 14
19 17
19 18
19 32
19 4
19 44
19 3
19 29
19 21
19 22
19 34
19 35
19 37
19 41
19 45
19 47
7 17
7 35
46 35
14 35
17 4
17 21
17 35
41 35
28 35
13 35
29 35
4 35
37 35
25 35
43 35
27 35
42 35
12 35
6 35
26 35
3 35
2 35
35 20
35 21
35 34
35 45
35 5
35 30
35 32
35 18
35 44
35 47
