3
12
22
33
192
0 1
0 2
0 3
0 4
0 5
0 6
0 7
0 8
0 9
0 10
0 11
0 12
0 13
0 14
0 17
0 18
0 19
0 20
0 22
0 23
0 25
0 26
0 28
0 31
0 32
0 33
0 34
0 35
0 36
0 37
0 41
0 44
0 45
0 46
0 47
0 48
0 49
1 12
1 22
1 33
2 12
2 22
2 33
3 12
3 22
3 33
3 49
4 12
4 22
4 33
5 12
5 22
5 33
6 12
6 22
6 33
7 12
7 22
7 33
8 12
8 22
8 33
9 12
9 22
9 33
10 12
10 22
10 33
10 48
10 49
11 12
11 22
11 33
12 13
12 14
12 15
12 16
12 17
12 18
12 19
12 20
12 21
12 22
12 23
12 24
12 25
12 26
12 27
12 28
12 29
12 30
12 31
12 32
12 33
12 34
12 35
12 36
12 37
12 38
12 39
12 40
12 41
12 42
12 43
12 44
12 45
12 46
12 47
12 48
12 49
13 22
13 33
14 22
14 33
15 22
15 33
15 49
16 22
16 33
17 22
17 33
18 22
18 33
18 49
19 22
19 33
19 49
20 22
20 33
20 49
21 22
21 33
22 23
22 24
22 25
22 26
22 27
22 28
22 29
22 30
22 31
22 32
22 33
22 34
22 35
22 36
22 37
22 38
22 39
22 40
22 41
22 42
22 43
22 44
22 45
22 46
22 47
22 48
22 49
23 33
24 33
25 33
25 49
26 33
27 33
27 49
28 33
29 33
30 33
31 33
31 49
32 33
32 49
33 34
33 35
33 36
33 37
33 38
33 39
33 40
33 41
33 42
33 43
33 44
33 45
33 46
33 47
33 48
33 49
36 49
37 49
41 49
