2
15
1
113
0 2
0 3
0 5
0 6
0 7
0 10
0 11
0 12
0 13
0 14
0 15
0 16
0 17
0 33
0 34
0 35
0 36
0 37
0 38
0 39
0 40
0 41
0 42
0 43
0 44
0 45
0 46
0 47
0 48
2 15
2 49
3 1
3 15
3 49
4 1
4 15
4 49
5 1
5 15
5 49
6 1
6 15
7 1
7 15
8 1
8 15
9 1
9 15
9 49
10 1
10 15
10 49
11 1
11 15
12 1
12 15
13 1
13 15
14 1
14 49
15 1
15 17
15 18
15 19
15 20
15 21
15 22
15 23
15 24
15 25
15 26
15 27
15 28
15 29
15 30
15 31
15 32
15 48
15 49
16 1
16 49
17 1
1 18
1 34
1 35
1 36
1 37
1 38
1 39
1 40
1 41
1 42
1 43
1 44
1 45
1 46
1 47
1 48
1 49
32 49
34 38
34 49
35 49
37 49
38 49
39 49
41 49
42 44
43 49
44 49
45 49
46 49
47 49
