3
3
13
38
191
0 2
0 3
0 4
0 5
0 7
0 9
0 10
0 11
0 12
0 13
0 14
0 15
0 16
0 18
0 19
0 20
0 21
0 22
0 24
0 25
0 28
0 29
0 30
0 32
0 34
0 35
0 36
0 37
0 38
0 42
0 45
0 46
0 47
0 49
1 3
1 13
1 38
2 3
2 13
2 38
3 4
3 5
3 6
3 7
3 8
3 9
3 10
3 11
3 12
3 13
3 14
3 15
3 16
3 17
3 18
3 19
3 20
3 21
3 22
3 23
3 24
3 25
3 26
3 27
3 28
3 29
3 30
3 31
3 32
3 33
3 34
3 35
3 36
3 37
3 38
3 39
3 40
3 41
3 42
3 43
3 44
3 45
3 46
3 47
3 48
3 49
4 13
4 38
5 13
5 38
6 13
6 38
7 13
7 38
8 13
8 38
8 49
9 13
9 38
9 40
10 13
10 38
11 13
11 24
11 38
12 13
12 38
12 49
13 14
13 15
13 16
13 17
13 18
13 19
13 20
13 21
13 22
13 23
13 24
13 25
13 26
13 27
13 28
13 29
13 30
13 31
13 32
13 33
13 34
13 35
13 36
13 37
13 38
13 39
13 40
13 41
13 42
13 43
13 44
13 45
13 46
13 47
13 48
13 49
14 38
15 38
15 49
16 38
17 38
17 49
18 38
18 40
19 38
20 38
21 38
21 49
22 38
23 38
23 43
24 38
24 49
25 38
26 38
27 38
28 38
29 38
29 43
29 49
30 38
31 38
32 38
33 38
33 44
34 38
34 49
35 38
36 38
37 38
38 39
38 40
38 41
38 42
38 43
38 44
38 45
38 46
38 47
38 48
38 49
41 49
42 49
