3
13
18
30
192
0 1
0 2
0 3
0 5
0 6
0 7
0 8
0 10
0 11
0 12
0 13
0 15
0 16
0 17
0 18
0 19
0 20
0 21
0 22
0 23
0 24
0 26
0 27
0 29
0 30
0 32
0 33
0 34
0 35
0 37
0 38
0 39
0 42
0 44
0 45
0 47
0 49
1 13
1 18
1 30
2 13
2 18
2 30
3 13
3 18
3 30
4 13
4 18
4 30
5 13
5 18
5 30
6 13
6 18
6 30
7 13
7 18
7 30
8 13
8 18
8 30
9 13
9 18
9 30
10 13
10 18
10 30
11 13
11 18
11 30
11 49
12 13
12 18
12 30
13 14
13 15
13 16
13 17
13 18
13 19
13 20
13 21
13 22
13 23
13 24
13 25
13 26
13 27
13 28
13 29
13 30
13 31
13 32
13 33
13 34
13 35
13 36
13 37
13 38
13 39
13 40
13 41
13 42
13 43
13 44
13 45
13 46
13 47
13 48
13 49
14 18
14 30
15 18
15 30
16 18
16 30
17 18
17 25
17 30
17 49
18 19
18 20
18 21
18 22
18 23
18 24
18 25
18 26
18 27
18 28
18 29
18 30
18 31
18 32
18 33
18 34
18 35
18 36
18 37
18 38
18 39
18 40
18 41
18 42
18 43
18 44
18 45
18 46
18 47
18 48
18 49
19 30
19 39
20 30
21 30
21 49
22 30
22 49
23 30
24 30
25 27
25 30
26 30
27 30
28 30
28 49
29 30
30 31
30 32
30 33
30 34
30 35
30 36
30 37
30 38
30 39
30 40
30 41
30 42
30 43
30 44
30 45
30 46
30 47
30 48
30 49
33 36
36 49
39 49
43 49
44 49
46 49
