3
22
28
37
194
0 1
0 2
0 3
0 4
0 5
0 6
0 7
0 8
0 9
0 11
0 12
0 13
0 14
0 15
0 16
0 17
0 18
0 19
0 20
0 21
0 22
0 23
0 24
0 25
0 26
0 27
0 28
0 29
0 30
0 31
0 32
0 34
0 36
0 37
0 38
0 39
0 40
0 41
0 42
0 44
0 45
0 46
0 47
0 48
1 22
1 28
1 37
2 22
2 28
2 37
2 39
3 22
3 28
3 37
4 22
4 28
4 35
4 37
4 49
5 22
5 28
5 37
6 22
6 28
6 37
7 22
7 28
7 37
8 22
8 28
8 37
8 49
9 22
9 28
9 37
10 22
10 28
10 37
11 22
11 28
11 37
12 22
12 28
12 37
13 22
13 28
13 37
14 22
14 28
14 37
15 22
15 28
15 37
16 22
16 28
16 37
17 22
17 28
17 37
18 22
18 28
18 37
18 40
19 22
19 28
19 37
20 22
20 28
20 37
21 22
21 28
21 37
22 23
22 24
22 25
22 26
22 27
22 28
22 29
22 30
22 31
22 32
22 33
22 34
22 35
22 36
22 37
22 38
22 39
22 40
22 41
22 42
22 43
22 44
22 45
22 46
22 47
22 48
22 49
23 28
23 37
23 49
24 28
24 37
25 28
25 37
25 49
26 28
26 37
27 28
27 37
28 29
28 30
28 31
28 32
28 33
28 34
28 35
28 36
28 37
28 38
28 39
28 40
28 41
28 42
28 43
28 44
28 45
28 46
28 47
28 48
28 49
29 37
30 37
31 37
32 37
33 37
34 37
35 37
36 37
37 38
37 39
37 40
37 41
37 42
37 43
37 44
37 45
37 46
37 47
37 48
37 49
38 49
46 49
