3
40
41
42
185
0 1
0 2
0 3
0 4
0 5
0 6
0 7
0 8
0 9
0 10
0 11
0 12
0 13
0 14
0 15
0 16
0 17
0 18
0 19
0 20
0 21
0 22
0 23
0 24
0 25
0 26
0 27
0 28
0 29
0 30
0 31
0 32
0 33
0 34
0 35
0 36
0 37
0 38
0 39
0 40
0 41
0 42
0 43
0 44
0 45
0 47
1 40
1 41
1 42
2 40
2 41
2 42
3 40
3 41
3 42
4 40
4 41
4 42
5 40
5 41
5 42
6 40
6 41
6 42
7 40
7 41
7 42
8 40
8 41
8 42
9 40
9 41
9 42
10 40
10 41
10 42
11 40
11 41
11 42
12 40
12 41
12 42
13 40
13 41
13 42
14 40
14 41
14 42
15 40
15 41
15 42
16 40
16 41
16 42
17 40
17 41
17 42
18 40
18 41
18 42
19 40
19 41
19 42
20 40
20 41
20 42
21 42
21 41
21 40
22 42
22 41
22 40
23 42
23 41
23 40
24 42
24 41
24 40
25 42
25 41
25 40
26 42
26 41
26 40
27 40
27 42
27 41
28 42
28 41
28 40
29 42
29 41
29 40
30 40
30 42
30 41
31 41
31 40
31 42
32 40
32 42
32 41
33 41
33 40
33 42
34 42
34 40
34 41
35 40
35 42
35 41
36 40
36 42
36 41
37 40
37 41
37 42
38 40
38 41
38 42
39 40
39 42
39 41
40 41
40 42
40 44
40 45
40 43
40 46
40 47
41 42
41 43
41 45
41 46
41 44
41 47
42 43
42 44
42 45
42 46
42 47
43 46
44 46
45 46
46 47
