3
8
19
38
188
0 4
0 8
0 9
0 10
0 11
0 12
0 13
0 15
0 16
0 18
0 19
0 20
0 21
0 22
0 23
0 24
0 26
0 27
0 28
0 29
0 32
0 34
0 35
0 36
0 37
0 38
0 39
0 41
0 43
0 45
0 46
0 47
1 8
1 19
1 38
2 8
2 19
2 38
2 47
3 8
3 19
3 26
3 38
3 47
4 8
4 19
4 38
5 8
5 19
5 38
6 8
6 19
6 38
6 47
7 8
7 19
7 38
7 47
8 9
8 10
8 11
8 12
8 13
8 14
8 15
8 16
8 17
8 18
8 19
8 20
8 21
8 22
8 23
8 24
8 25
8 26
8 27
8 28
8 29
8 30
8 31
8 32
8 33
8 34
8 35
8 36
8 37
8 38
8 39
8 40
8 41
8 42
8 43
8 44
8 45
8 46
8 47
9 19
9 38
10 19
10 38
11 19
11 38
11 47
12 19
12 38
12 47
13 19
13 38
14 19
14 38
15 19
15 38
15 47
16 19
16 38
16 47
17 19
17 38
18 19
18 38
19 20
19 21
19 22
19 23
19 24
19 25
19 26
19 27
19 28
19 29
19 30
19 31
19 32
19 33
19 34
19 35
19 36
19 37
19 38
19 39
19 40
19 41
19 42
19 43
19 44
19 45
19 46
19 47
20 38
21 38
21 47
22 38
23 38
24 38
25 38
25 46
25 47
26 38
27 38
28 38
28 47
29 32
29 38
29 47
30 38
30 47
31 38
31 47
32 38
33 38
33 47
34 38
35 38
36 38
36 47
37 38
38 39
38 40
38 41
38 42
38 43
38 44
38 45
38 46
38 47
45 47
46 47
