3
41
47
21
111
46 34
46 38
46 0
46 47
30 41
30 47
30 0
30 38
41 35
41 36
41 34
41 43
41 14
41 19
41 20
41 17
41 18
41 39
41 47
41 49
41 25
41 26
41 1
41 23
41 38
41 0
41 22
41 15
41 48
29 21
44 21
44 38
44 0
35 21
35 38
18 47
19 38
19 47
16 47
47 2
47 20
47 49
47 39
47 37
47 14
47 4
47 23
47 21
47 11
47 25
47 34
47 1
47 9
47 5
47 36
47 3
47 40
26 38
34 10
34 21
34 0
45 0
45 38
38 40
38 2
38 14
38 4
38 33
38 48
38 43
38 21
38 13
38 9
38 11
38 36
38 7
38 3
40 0
39 0
22 21
22 0
0 17
0 36
0 28
0 9
0 42
0 2
0 4
0 37
0 10
0 31
0 12
14 21
43 21
15 21
5 3
6 21
21 37
21 31
21 24
21 7
21 42
21 49
21 36
21 12
21 25
42 49
10 49
3 49
49 13
49 33
