3
16
20
26
117
0 1
0 2
0 3
0 4
0 8
0 9
0 12
0 13
0 14
0 15
0 16
0 18
0 20
0 22
0 24
0 26
0 27
0 34
0 35
0 36
0 37
0 44
0 45
0 46
0 47
0 48
0 49
1 49
2 12
2 20
2 26
2 49
3 11
3 20
8 16
8 26
8 49
9 16
9 26
11 18
11 19
11 20
11 26
11 38
11 48
11 49
12 20
12 49
13 20
13 26
13 49
14 16
15 16
15 49
16 6
16 10
16 17
16 18
16 19
16 21
16 22
16 24
16 25
16 27
16 30
16 32
16 34
16 35
16 39
16 42
16 43
16 46
18 26
20 5
20 7
20 17
20 19
20 21
20 24
20 26
20 27
20 30
20 31
20 33
20 35
20 36
20 37
20 42
20 46
24 26
26 5
26 10
26 19
26 21
26 23
26 25
26 27
26 28
26 30
26 31
26 32
26 38
26 40
26 43
26 44
26 45
26 46
26 49
37 49
46 39
47 30
47 49
49 10
49 17
49 32
49 33
49 42
