3
5
24
30
195
0 1
0 2
0 5
0 6
0 7
0 8
0 9
0 10
0 11
0 12
0 13
0 14
0 16
0 17
0 19
0 21
0 23
0 24
0 25
0 26
0 27
0 28
0 30
0 31
0 32
0 33
0 35
0 36
0 44
0 45
0 46
0 47
0 49
1 5
1 16
1 24
1 30
2 5
2 24
2 30
3 5
3 24
3 30
4 5
4 24
4 30
5 5
5 6
5 7
5 8
5 9
5 10
5 11
5 12
5 13
5 14
5 15
5 16
5 17
5 18
5 19
5 20
5 21
5 22
5 23
5 24
5 25
5 26
5 27
5 28
5 29
5 30
5 31
5 32
5 33
5 34
5 35
5 36
5 37
5 38
5 39
5 40
5 41
5 42
5 43
5 44
5 45
5 46
5 47
5 48
5 49
6 24
6 30
6 49
7 24
7 30
8 24
8 30
9 24
9 30
10 24
10 30
10 49
11 24
11 30
11 49
12 24
12 30
12 49
13 24
13 30
14 24
14 30
14 48
14 49
15 24
15 30
16 24
16 30
16 49
17 24
17 30
17 49
18 24
18 30
19 24
19 30
20 24
20 30
21 24
21 30
22 24
22 30
23 24
23 30
24 24
24 25
24 26
24 27
24 28
24 29
24 30
24 31
24 32
24 33
24 34
24 35
24 36
24 37
24 38
24 39
24 40
24 41
24 42
24 43
24 44
24 45
24 46
24 47
24 48
24 49
25 30
25 49
26 30
27 30
28 30
29 30
30 30
30 31
30 32
30 33
30 34
30 35
30 36
30 37
30 38
30 39
30 40
30 41
30 42
30 43
30 44
30 45
30 46
30 47
30 48
30 49
36 49
37 49
39 49
41 45
41 49
44 49
45 49
47 49
