3
5
9
35
191
0 1
0 2
0 4
0 5
0 6
0 8
0 9
0 10
0 13
0 14
0 15
0 16
0 17
0 18
0 19
0 20
0 21
0 22
0 23
0 24
0 25
0 26
0 27
0 31
0 32
0 33
0 34
0 35
0 36
0 37
0 39
0 40
0 44
0 45
0 46
0 49
1 5
1 9
1 35
2 5
2 9
2 35
2 49
3 5
3 9
3 35
4 5
4 9
4 35
5 6
5 7
5 8
5 9
5 10
5 11
5 12
5 13
5 14
5 15
5 16
5 17
5 18
5 19
5 20
5 21
5 22
5 23
5 24
5 25
5 26
5 27
5 28
5 29
5 30
5 31
5 32
5 33
5 34
5 35
5 36
5 37
5 38
5 39
5 40
5 41
5 42
5 43
5 44
5 45
5 46
5 47
5 48
5 49
6 9
6 35
7 9
7 35
8 9
8 35
8 49
9 10
9 11
9 12
9 13
9 14
9 15
9 16
9 17
9 18
9 19
9 20
9 21
9 22
9 23
9 24
9 25
9 26
9 27
9 28
9 29
9 30
9 31
9 32
9 33
9 34
9 35
9 36
9 37
9 38
9 39
9 40
9 41
9 42
9 43
9 44
9 45
9 46
9 47
9 48
9 49
10 35
10 49
11 35
12 35
13 35
14 35
15 35
16 25
16 35
16 49
17 35
18 35
18 49
19 35
20 35
20 49
21 35
22 35
22 49
23 35
24 35
25 35
26 35
26 49
27 35
28 35
29 35
30 35
31 35
31 46
32 35
33 35
34 35
35 36
35 37
35 38
35 39
35 40
35 41
35 42
35 43
35 44
35 45
35 46
35 47
35 48
35 49
37 42
40 49
42 49
46 49
