3
34
29
28
102
0 24
25 32
25 44
25 37
25 48
25 27
25 34
25 42
25 45
25 30
25 46
25 40
25 39
25 29
25 36
25 28
25 33
25 31
25 35
25 38
25 49
25 43
25 41
32 47
32 34
44 29
44 28
44 34
44 47
37 29
37 28
37 34
37 47
37 49
48 28
48 47
48 49
48 34
27 47
27 29
27 28
34 29
34 30
34 31
34 33
34 49
34 35
34 26
34 43
34 36
34 38
34 39
34 40
34 41
34 46
34 47
42 28
42 47
45 28
45 47
30 28
30 29
30 47
46 28
46 29
40 28
40 29
40 49
40 47
47 29
47 31
47 33
47 35
47 38
47 41
47 49
47 28
47 39
39 28
29 28
29 31
29 33
29 35
29 49
29 36
29 38
29 41
36 28
36 49
28 49
28 26
28 35
28 28
28 38
28 43
28 31
28 33
28 41
33 49
35 49
38 49
49 26
