3
7
17
39
181
0 1
0 3
0 4
0 5
0 6
0 7
0 8
0 9
0 10
0 11
0 13
0 16
0 17
0 18
0 19
0 20
0 21
0 22
0 23
0 24
0 26
0 27
0 28
0 29
0 30
0 31
0 32
0 33
0 34
0 35
0 36
0 37
0 39
0 40
0 42
0 44
1 7
1 17
1 39
2 7
2 17
2 39
3 7
3 17
3 39
4 7
4 17
4 39
5 7
5 17
5 39
5 44
6 7
6 17
6 39
7 7
7 8
7 9
7 10
7 11
7 12
7 13
7 14
7 15
7 16
7 17
7 18
7 19
7 20
7 21
7 22
7 23
7 24
7 25
7 26
7 27
7 28
7 29
7 30
7 31
7 32
7 33
7 34
7 35
7 36
7 37
7 38
7 39
7 40
7 41
7 42
7 43
7 44
8 17
8 39
9 17
9 39
10 17
10 39
11 17
11 39
12 17
12 39
13 17
13 39
14 17
14 25
14 39
14 44
15 17
15 39
16 17
16 39
17 17
17 18
17 19
17 20
17 21
17 22
17 23
17 24
17 25
17 26
17 27
17 28
17 29
17 30
17 31
17 32
17 33
17 34
17 35
17 36
17 37
17 38
17 39
17 40
17 41
17 42
17 43
17 44
18 39
19 39
20 39
20 44
21 39
22 39
22 44
23 39
24 39
25 39
26 39
26 44
27 39
27 44
28 39
28 44
29 39
30 38
30 39
30 44
31 39
32 39
32 44
33 39
33 44
34 39
34 44
35 39
35 44
36 39
36 44
37 39
38 39
39 39
39 40
39 41
39 42
39 43
39 44
41 44
