2
45
20
117
0 33
0 21
0 1
0 6
0 11
0 35
0 17
0 47
0 8
0 46
0 4
0 12
0 14
0 45
0 38
0 43
0 20
0 5
0 36
0 10
0 40
0 16
0 48
0 31
0 27
0 18
0 37
0 2
0 25
0 28
0 24
0 49
0 39
0 44
0 32
0 13
0 23
0 9
0 15
0 22
0 29
0 30
0 42
33 20
21 20
21 45
1 20
1 45
6 49
6 45
11 20
35 45
17 20
17 45
47 20
8 45
4 20
4 41
4 45
12 20
12 45
45 3
45 5
45 7
45 9
45 10
45 15
45 19
45 20
45 22
45 23
45 24
45 25
45 26
45 27
45 28
45 29
45 30
45 31
45 32
45 34
45 36
45 37
45 39
45 40
45 41
45 43
45 44
45 49
45 48
38 20
43 20
20 2
20 3
20 9
20 10
20 18
20 19
20 41
20 25
20 36
20 39
20 29
20 22
20 24
20 27
20 31
20 32
20 34
20 44
20 48
20 49
36 49
2 41
49 19
39 41
41 23
