3
2
25
36
188
0 2
0 5
0 6
0 7
0 8
0 10
0 12
0 13
0 14
0 15
0 16
0 18
0 19
0 20
0 21
0 22
0 23
0 24
0 25
0 26
0 27
0 28
0 29
0 30
0 35
0 36
0 37
0 38
0 39
0 44
0 45
0 46
0 47
0 48
0 49
1 2
1 25
1 36
2 3
2 4
2 5
2 6
2 7
2 8
2 9
2 10
2 11
2 12
2 13
2 14
2 15
2 16
2 17
2 18
2 19
2 20
2 21
2 22
2 23
2 24
2 25
2 26
2 27
2 28
2 29
2 30
2 31
2 32
2 33
2 34
2 35
2 36
2 37
2 38
2 39
2 40
2 41
2 42
2 43
2 44
2 45
2 46
2 47
2 48
2 49
3 25
3 36
4 25
4 36
4 49
5 25
5 36
6 25
6 36
7 8
7 25
7 36
8 25
8 36
9 25
9 36
10 25
10 36
11 25
11 36
12 25
12 36
13 25
13 36
14 25
14 36
15 25
15 36
16 25
16 36
17 25
17 36
18 25
18 27
18 36
18 49
19 25
19 36
20 25
20 36
21 25
21 36
22 25
22 36
22 48
23 25
23 36
24 25
24 35
24 36
25 26
25 27
25 28
25 29
25 30
25 31
25 32
25 33
25 34
25 35
25 36
25 37
25 38
25 39
25 40
25 41
25 42
25 43
25 44
25 45
25 46
25 47
25 48
25 49
26 36
27 36
28 36
29 36
30 36
31 36
32 36
33 36
34 36
35 36
35 49
36 37
36 38
36 39
36 40
36 41
36 42
36 43
36 44
36 45
36 46
36 47
36 48
36 49
37 49
38 48
39 49
40 49
41 49
