3
9
24
27
157
0 3
0 4
0 6
0 8
0 9
0 10
0 11
0 12
0 13
0 15
0 16
0 17
0 18
0 19
0 20
0 21
0 22
0 23
0 24
0 26
0 27
0 28
0 29
0 32
0 33
0 34
0 35
0 38
0 39
0 41
0 44
0 48
1 9
1 24
1 27
3 9
3 24
3 27
3 49
4 9
4 24
5 9
5 49
6 9
6 24
6 27
8 9
8 24
8 27
8 42
8 49
9 2
9 7
9 10
9 11
9 13
9 15
9 16
9 17
9 18
9 19
9 20
9 23
9 25
9 27
9 29
9 30
9 32
9 33
9 34
9 35
9 36
9 38
9 39
9 40
9 41
9 42
9 43
9 44
9 46
9 47
9 48
9 49
10 24
10 27
11 24
12 24
12 27
13 24
13 27
15 24
15 27
15 49
16 49
17 24
17 27
18 24
18 27
19 24
19 49
20 24
20 27
20 32
20 49
21 24
21 27
22 24
22 27
23 24
23 27
23 49
24 2
24 25
24 28
24 29
24 30
24 31
24 32
24 34
24 36
24 37
24 40
24 41
24 42
24 44
24 45
24 46
24 47
24 48
24 49
26 27
27 7
27 25
27 28
27 29
27 30
27 31
27 34
27 35
27 36
27 38
27 39
27 42
27 43
27 44
27 46
27 47
27 48
27 49
32 33
33 43
33 49
34 43
35 49
39 49
42 49
43 49
