3
17
18
25
93
0 2
0 7
0 11
0 13
0 14
0 15
0 16
0 17
0 18
0 24
0 25
0 26
0 34
0 37
0 42
0 45
0 47
2 18
2 49
11 17
13 18
13 25
13 49
14 17
14 18
14 49
15 18
15 49
16 4
16 18
16 23
16 30
16 38
16 40
16 47
16 48
17 3
17 4
17 5
17 6
17 10
17 21
17 22
17 33
17 34
17 35
17 37
17 41
17 43
18 1
18 3
18 12
18 21
18 22
18 23
18 25
18 35
18 37
18 38
18 42
18 44
25 1
25 21
25 27
25 29
25 32
25 34
25 35
25 37
25 43
25 46
25 48
25 49
34 35
34 49
35 22
35 37
35 39
35 42
35 47
35 49
47 44
28 49
30 49
3 49
10 49
19 49
46 49
49 4
49 27
49 29
49 44
43 27
