3
2
34
38
142
0 1
0 2
0 6
0 7
0 10
0 11
0 13
0 14
0 16
0 17
0 18
0 19
0 20
0 21
0 22
0 23
0 25
0 26
0 27
0 31
0 34
0 35
0 38
0 39
0 41
0 42
0 43
0 47
0 48
0 49
1 2
1 38
1 49
2 3
2 4
2 5
2 7
2 8
2 10
2 12
2 13
2 14
2 15
2 19
2 20
2 21
2 23
2 27
2 28
2 30
2 31
2 32
2 33
2 35
2 37
2 38
2 39
2 40
2 41
2 42
2 43
2 44
2 47
2 49
6 34
7 34
7 38
7 49
10 38
11 34
11 38
11 42
11 49
12 34
13 34
13 38
14 34
14 49
16 34
16 38
16 49
17 34
17 38
18 34
18 38
19 34
19 38
19 49
20 34
21 34
21 49
22 38
22 49
23 34
25 34
26 34
26 38
27 34
27 49
28 38
31 34
31 38
34 4
34 5
34 8
34 15
34 24
34 30
34 33
34 35
34 36
34 37
34 41
34 43
34 45
34 46
34 47
34 48
34 49
35 38
38 5
38 9
38 29
38 30
38 33
38 36
38 37
38 39
38 40
38 46
38 47
38 48
38 49
39 30
39 49
42 49
47 49
49 9
49 24
49 29
49 37
49 46
