3
7
11
33
192
0 1
0 4
0 7
0 10
0 11
0 12
0 13
0 17
0 22
0 23
0 26
0 27
0 28
0 31
0 33
0 34
0 36
0 42
0 46
0 49
1 7
1 11
1 33
1 49
2 7
2 11
2 33
2 49
3 7
3 11
3 33
3 49
4 7
4 11
4 33
4 49
5 7
5 11
5 33
5 49
6 7
6 11
6 33
6 49
7 8
7 9
7 10
7 11
7 12
7 13
7 14
7 15
7 16
7 17
7 18
7 19
7 20
7 21
7 22
7 23
7 24
7 25
7 26
7 27
7 28
7 29
7 30
7 31
7 32
7 33
7 34
7 35
7 36
7 37
7 38
7 39
7 40
7 41
7 42
7 43
7 44
7 45
7 46
7 47
7 48
7 49
8 11
8 33
9 11
9 33
9 49
10 11
10 33
11 12
11 13
11 14
11 15
11 16
11 17
11 18
11 19
11 20
11 21
11 22
11 23
11 24
11 25
11 26
11 27
11 28
11 29
11 30
11 31
11 32
11 33
11 34
11 35
11 36
11 37
11 38
11 39
11 40
11 41
11 42
11 43
11 44
11 45
11 46
11 47
11 48
11 49
12 33
12 49
13 33
14 33
15 33
15 49
16 33
17 33
17 49
18 33
19 33
19 49
20 33
20 49
21 33
21 49
22 33
22 49
23 30
23 33
23 49
24 33
24 49
25 33
26 33
26 49
27 33
27 49
28 33
29 33
30 33
31 33
32 33
32 49
33 34
33 35
33 36
33 37
33 38
33 39
33 40
33 41
33 42
33 43
33 44
33 45
33 46
33 47
33 48
33 49
35 49
36 49
38 49
39 49
40 49
41 49
42 49
43 49
44 49
46 49
47 49
