3
11
12
22
104
0 1
0 2
0 6
0 9
0 11
0 12
0 13
0 16
0 19
0 20
0 23
0 26
0 29
0 30
0 33
0 34
0 35
0 36
0 38
0 39
0 41
0 44
0 47
1 47
2 26
6 11
6 22
9 12
9 39
9 47
11 3
11 8
11 10
11 16
11 17
11 18
11 19
11 20
11 21
11 23
11 25
11 30
11 32
11 33
11 35
11 38
11 39
11 40
12 5
12 7
12 13
12 17
12 18
12 21
12 22
12 31
12 32
12 37
12 38
12 40
12 41
12 42
12 45
16 22
16 47
19 26
19 47
23 22
23 25
25 22
25 33
25 43
26 29
26 31
26 33
26 38
26 41
29 47
30 14
30 22
30 47
33 22
34 22
34 47
36 47
41 22
41 47
47 7
47 17
47 22
47 24
47 27
47 28
5 22
7 22
14 22
24 22
40 22
8 22
42 22
43 22
15 22
17 22
27 22
