3
19
27
37
192
0 1
0 2
0 3
0 5
0 6
0 7
0 8
0 11
0 12
0 15
0 17
0 18
0 19
0 20
0 21
0 24
0 27
0 28
0 29
0 31
0 32
0 34
0 35
0 37
0 38
0 40
0 41
0 42
0 43
0 45
0 47
0 48
0 49
1 19
1 27
1 37
1 49
2 19
2 27
2 37
3 19
3 27
3 37
4 19
4 27
4 37
4 49
5 19
5 27
5 37
6 19
6 27
6 37
7 19
7 27
7 37
8 19
8 27
8 37
9 19
9 27
9 37
10 19
10 27
10 37
10 49
11 19
11 27
11 37
11 49
12 19
12 27
12 37
13 19
13 27
13 37
13 49
14 19
14 27
14 37
14 49
15 19
15 27
15 37
16 19
16 27
16 37
17 19
17 27
17 37
18 19
18 27
18 37
19 20
19 21
19 22
19 23
19 24
19 25
19 26
19 27
19 28
19 29
19 30
19 31
19 32
19 33
19 34
19 35
19 36
19 37
19 38
19 39
19 40
19 41
19 42
19 43
19 44
19 45
19 46
19 47
19 48
19 49
20 27
20 37
21 27
21 37
22 27
22 37
22 49
23 27
23 37
23 49
24 27
24 34
24 37
24 49
25 27
25 37
26 27
26 37
27 28
27 29
27 30
27 31
27 32
27 33
27 34
27 35
27 36
27 37
27 38
27 39
27 40
27 41
27 42
27 43
27 44
27 45
27 46
27 47
27 48
27 49
28 37
28 49
29 37
30 37
30 49
31 37
32 37
32 49
33 37
34 37
35 37
36 37
36 49
37 38
37 39
37 40
37 41
37 42
37 43
37 44
37 45
37 46
37 47
37 48
37 49
40 49
41 49
42 49
44 49
