3
8
34
35
191
0 3
0 4
0 7
0 8
0 10
0 11
0 13
0 14
0 15
0 16
0 18
0 21
0 22
0 23
0 24
0 25
0 26
0 27
0 29
0 30
0 31
0 32
0 34
0 35
0 36
0 37
0 39
0 40
0 41
0 42
0 43
0 44
0 45
0 46
0 48
0 49
1 8
1 34
1 35
1 48
1 49
2 8
2 31
2 34
2 35
3 8
3 34
3 35
4 8
4 34
4 35
5 8
5 34
5 35
6 8
6 34
6 35
7 8
7 34
7 35
7 49
8 9
8 10
8 11
8 12
8 13
8 14
8 15
8 16
8 17
8 18
8 19
8 20
8 21
8 22
8 23
8 24
8 25
8 26
8 27
8 28
8 29
8 30
8 31
8 32
8 33
8 34
8 35
8 36
8 37
8 38
8 39
8 40
8 41
8 42
8 43
8 44
8 45
8 46
8 47
8 48
8 49
9 34
9 35
10 34
10 35
10 46
10 49
11 34
11 35
12 34
12 35
13 34
13 35
14 34
14 35
14 49
15 34
15 35
16 34
16 35
17 34
17 35
18 34
18 35
19 34
19 35
20 34
20 35
21 34
21 35
21 36
22 34
22 35
23 34
23 35
23 49
24 34
24 35
25 34
25 35
25 49
26 34
26 35
27 34
27 35
28 34
28 35
29 34
29 35
30 34
30 35
31 34
31 35
32 34
32 35
33 34
33 35
34 35
34 36
34 37
34 38
34 39
34 40
34 41
34 42
34 43
34 44
34 45
34 46
34 47
34 48
34 49
35 36
35 37
35 38
35 39
35 40
35 41
35 42
35 43
35 44
35 45
35 46
35 47
35 48
35 49
36 49
40 49
43 49
46 49
