3
20
5
17
100
0 1
0 31
0 35
0 32
0 21
0 8
0 4
0 6
0 13
0 16
0 23
0 36
1 36
1 5
31 4
31 36
31 34
31 17
35 4
35 17
35 34
35 36
32 34
34 6
34 17
34 27
34 33
34 24
34 36
21 17
21 20
21 36
8 4
8 20
2 3
2 36
13 5
13 20
13 17
33 20
33 5
10 4
10 20
16 4
16 14
16 17
16 5
12 4
12 5
12 20
12 36
36 9
36 14
36 17
36 18
36 25
36 22
3 4
3 20
3 17
7 4
24 17
24 5
30 17
30 22
18 17
4 5
4 20
4 26
4 28
4 19
4 9
4 29
4 14
4 17
23 17
28 20
20 6
20 14
20 19
20 17
20 15
20 27
20 29
14 17
19 6
19 17
9 5
9 17
5 6
5 29
5 22
5 17
5 25
26 17
29 17
6 17
17 17
17 25
17 27
