3
11
12
13
95
0 1
0 2
0 3
0 4
0 5
0 6
0 7
0 8
1 2
1 3
1 4
1 6
1 7
1 8
1 10
2 5
2 9
2 11
3 5
3 9
3 11
3 12
4 5
4 9
4 11
4 12
4 13
5 7
5 8
5 9
5 10
5 11
5 12
5 13
5 14
6 9
6 11
6 12
6 13
7 9
7 11
7 12
7 13
8 9
8 11
8 12
8 13
9 10
9 11
9 12
9 13
9 14
9 15
9 16
9 17
9 18
10 11
10 12
10 13
11 12
11 13
11 14
11 15
11 16
11 17
11 18
11 19
11 20
12 13
12 14
12 15
12 16
12 17
12 18
12 19
12 20
12 21
13 14
13 15
13 16
13 17
13 18
13 19
13 20
13 21
13 22
19 25
24 32
30 38
33 42
37 44
45 49
46 49
47 49
48 49
