3
32
8
41
157
0 4
0 36
0 13
0 28
0 12
0 45
0 1
0 47
0 26
0 35
0 32
0 14
0 38
0 43
0 40
0 8
0 23
0 20
0 42
0 22
0 6
0 24
0 46
0 44
0 15
0 9
0 33
0 29
0 25
0 41
0 10
0 16
0 49
0 18
0 30
4 8
4 32
36 8
36 32
13 32
28 41
28 32
12 8
12 32
37 8
37 32
37 41
37 49
2 32
2 8
45 8
45 32
45 49
45 41
1 38
1 8
1 32
1 49
1 41
47 41
47 49
5 41
26 41
26 32
26 8
35 32
35 49
32 3
32 6
32 7
32 9
32 10
32 14
32 16
32 18
32 19
32 21
32 22
32 25
32 30
32 31
32 48
32 33
32 24
32 49
32 29
32 23
32 34
32 38
32 41
32 27
32 15
32 17
32 46
32 39
32 44
32 20
32 42
32 40
32 43
32 11
14 8
38 33
38 41
43 41
40 8
39 41
39 8
8 3
8 6
8 46
8 25
8 31
8 30
8 16
8 49
8 7
8 48
8 22
8 19
8 17
8 9
8 11
8 15
8 18
8 21
8 24
8 34
8 41
8 42
8 44
23 41
23 49
20 41
22 41
22 49
48 41
44 41
44 49
29 41
25 49
25 41
34 41
34 49
11 49
11 41
41 10
41 16
41 18
41 19
41 21
41 30
41 49
10 49
19 49
49 21
49 30
