3
34
48
15
166
0 29
0 26
0 34
0 44
0 40
0 48
0 23
0 36
0 37
0 19
0 15
0 43
0 12
0 21
0 3
0 4
0 7
0 17
0 18
0 33
0 49
29 49
29 2
29 15
29 28
29 48
29 34
42 49
42 15
42 34
42 48
1 49
1 15
1 48
24 49
24 34
24 15
24 48
26 15
26 34
20 49
20 48
34 49
34 2
34 3
34 4
34 6
34 7
34 9
34 10
34 13
34 14
34 15
34 17
34 18
34 19
34 21
34 23
34 25
34 27
34 28
34 30
34 32
34 8
34 47
34 5
34 46
34 33
34 11
34 31
34 36
34 48
34 40
34 44
34 37
34 38
34 43
34 45
44 49
44 13
44 15
44 17
44 48
45 48
40 49
40 15
40 48
48 4
48 7
48 9
48 11
48 18
48 19
48 21
48 23
48 28
48 30
48 32
48 35
48 38
48 41
48 43
48 46
48 39
48 8
48 33
48 47
48 22
48 17
48 12
48 36
48 31
48 3
48 2
2 49
2 15
23 15
36 49
36 15
37 49
37 15
19 15
15 49
15 8
15 11
15 13
15 27
15 3
15 12
15 32
15 28
15 25
15 41
15 18
15 43
15 10
15 7
15 22
15 4
15 5
15 33
15 16
15 17
15 30
15 31
15 35
15 38
15 39
15 46
43 49
12 49
27 49
21 49
8 49
3 49
4 49
5 49
7 49
13 49
18 49
46 49
49 9
49 11
49 28
49 38
49 41
