3
6
7
30
193
0 2
0 4
0 6
0 7
0 8
0 9
0 11
0 13
0 17
0 19
0 20
0 21
0 22
0 23
0 24
0 25
0 27
0 28
0 30
0 31
0 33
0 37
0 38
0 39
0 40
0 41
0 42
0 43
0 44
0 47
0 48
1 6
1 7
1 30
2 6
2 7
2 30
3 6
3 7
3 30
4 6
4 7
4 30
5 6
5 7
5 30
6 7
6 8
6 9
6 10
6 11
6 12
6 13
6 14
6 15
6 16
6 17
6 18
6 19
6 20
6 21
6 22
6 23
6 24
6 25
6 26
6 27
6 28
6 29
6 30
6 31
6 32
6 33
6 34
6 35
6 36
6 37
6 38
6 39
6 40
6 41
6 42
6 43
6 44
6 45
6 46
6 47
6 48
6 49
7 8
7 9
7 10
7 11
7 12
7 13
7 14
7 15
7 16
7 17
7 18
7 19
7 20
7 21
7 22
7 23
7 24
7 25
7 26
7 27
7 28
7 29
7 30
7 31
7 32
7 33
7 34
7 35
7 36
7 37
7 38
7 39
7 40
7 41
7 42
7 43
7 44
7 45
7 46
7 47
7 48
7 49
8 29
8 30
8 49
9 11
9 30
10 30
11 30
11 49
12 30
12 49
13 30
14 30
15 30
15 49
16 30
17 30
17 49
18 30
19 30
20 30
20 49
21 30
22 30
23 30
24 30
24 49
25 30
26 30
27 30
27 37
27 41
27 49
28 30
28 49
29 30
29 49
30 31
30 32
30 33
30 34
30 35
30 36
30 37
30 38
30 39
30 40
30 41
30 42
30 43
30 44
30 45
30 46
30 47
30 48
30 49
31 49
33 49
36 49
41 48
41 49
42 49
48 49
