3
28
43
9
114
0 1
0 3
0 4
0 6
0 8
0 11
0 12
0 13
0 17
0 28
0 30
0 31
0 32
0 33
0 40
0 41
0 43
0 44
0 45
1 9
1 28
1 49
3 9
3 28
4 28
6 28
6 43
6 49
11 9
11 43
12 9
12 43
12 49
13 28
13 43
13 49
17 9
17 29
28 5
28 9
28 14
28 15
28 16
28 23
28 26
28 27
28 29
28 33
28 36
28 38
28 39
28 41
28 43
28 44
28 45
28 47
29 2
29 5
29 9
29 10
29 16
29 25
29 27
29 33
29 34
29 41
29 43
29 45
29 48
29 49
30 43
31 9
32 43
33 43
40 9
40 43
43 7
43 10
43 14
43 18
43 23
43 24
43 26
43 27
43 34
43 35
43 36
43 38
43 46
43 47
43 49
5 9
9 2
9 10
9 15
9 18
9 20
9 24
9 34
9 37
9 38
9 39
9 49
10 49
14 19
15 36
15 49
16 49
19 49
23 49
42 49
49 2
49 39
49 46
