3
3
14
24
192
0 1
0 3
0 5
0 6
0 7
0 9
0 10
0 11
0 12
0 13
0 14
0 15
0 16
0 19
0 20
0 23
0 24
0 25
0 27
0 28
0 29
0 30
0 33
0 34
0 37
0 38
0 40
0 41
0 42
0 43
0 44
0 46
0 47
0 49
1 3
1 14
1 24
2 3
2 14
2 24
2 49
3 4
3 5
3 6
3 7
3 8
3 9
3 10
3 11
3 12
3 13
3 14
3 15
3 16
3 17
3 18
3 19
3 20
3 21
3 22
3 23
3 24
3 25
3 26
3 27
3 28
3 29
3 30
3 31
3 32
3 33
3 34
3 35
3 36
3 37
3 38
3 39
3 40
3 41
3 42
3 43
3 44
3 45
3 46
3 47
3 48
3 49
4 14
4 24
5 14
5 24
6 14
6 24
7 14
7 24
7 49
8 14
8 24
8 49
9 14
9 24
10 14
10 24
11 14
11 24
12 14
12 24
13 14
13 24
14 15
14 16
14 17
14 18
14 19
14 20
14 21
14 22
14 23
14 24
14 25
14 26
14 27
14 28
14 29
14 30
14 31
14 32
14 33
14 34
14 35
14 36
14 37
14 38
14 39
14 40
14 41
14 42
14 43
14 44
14 45
14 46
14 47
14 48
14 49
15 24
15 49
16 24
17 24
17 31
17 32
17 39
18 24
19 24
20 24
20 35
21 24
22 24
23 24
24 25
24 26
24 27
24 28
24 29
24 30
24 31
24 32
24 33
24 34
24 35
24 36
24 37
24 38
24 39
24 40
24 41
24 42
24 43
24 44
24 45
24 46
24 47
24 48
24 49
26 49
27 49
28 49
32 49
36 49
39 49
42 49
45 49
47 49
